[0.368s] Invoking command in '/home/prts/RBOT250/src/learning_tf2_py': PYTHONPATH=/home/prts/RBOT250/src/install/learning_tf2_py/lib/python3.8/site-packages:${PYTHONPATH} /usr/bin/python3 setup.py egg_info --egg-base ../build/learning_tf2_py build --build-base /home/prts/RBOT250/src/build/learning_tf2_py/build install --prefix /home/prts/RBOT250/src/install/learning_tf2_py --record /home/prts/RBOT250/src/build/learning_tf2_py/install.log --single-version-externally-managed
[0.646s] running egg_info
[0.646s] creating ../build/learning_tf2_py/learning_tf2_py.egg-info
[0.646s] writing ../build/learning_tf2_py/learning_tf2_py.egg-info/PKG-INFO
[0.647s] writing dependency_links to ../build/learning_tf2_py/learning_tf2_py.egg-info/dependency_links.txt
[0.647s] writing entry points to ../build/learning_tf2_py/learning_tf2_py.egg-info/entry_points.txt
[0.647s] writing requirements to ../build/learning_tf2_py/learning_tf2_py.egg-info/requires.txt
[0.647s] writing top-level names to ../build/learning_tf2_py/learning_tf2_py.egg-info/top_level.txt
[0.648s] writing manifest file '../build/learning_tf2_py/learning_tf2_py.egg-info/SOURCES.txt'
[0.650s] reading manifest file '../build/learning_tf2_py/learning_tf2_py.egg-info/SOURCES.txt'
[0.651s] writing manifest file '../build/learning_tf2_py/learning_tf2_py.egg-info/SOURCES.txt'
[0.651s] running build
[0.651s] running build_py
[0.652s] creating /home/prts/RBOT250/src/build/learning_tf2_py/build
[0.652s] creating /home/prts/RBOT250/src/build/learning_tf2_py/build/lib
[0.652s] creating /home/prts/RBOT250/src/build/learning_tf2_py/build/lib/learning_tf2_py
[0.652s] copying learning_tf2_py/__init__.py -> /home/prts/RBOT250/src/build/learning_tf2_py/build/lib/learning_tf2_py
[0.652s] copying learning_tf2_py/turtle_tf2_listener.py -> /home/prts/RBOT250/src/build/learning_tf2_py/build/lib/learning_tf2_py
[0.652s] running install
[0.653s] /home/prts/.local/lib/python3.8/site-packages/setuptools/command/install.py:34: SetuptoolsDeprecationWarning: setup.py install is deprecated. Use build and pip and other standards-based tools.
[0.653s]   warnings.warn(
[0.653s] running install_lib
[0.654s] creating /home/prts/RBOT250/src/install/learning_tf2_py/lib/python3.8/site-packages/learning_tf2_py
[0.654s] copying /home/prts/RBOT250/src/build/learning_tf2_py/build/lib/learning_tf2_py/__init__.py -> /home/prts/RBOT250/src/install/learning_tf2_py/lib/python3.8/site-packages/learning_tf2_py
[0.655s] copying /home/prts/RBOT250/src/build/learning_tf2_py/build/lib/learning_tf2_py/turtle_tf2_listener.py -> /home/prts/RBOT250/src/install/learning_tf2_py/lib/python3.8/site-packages/learning_tf2_py
[0.655s] byte-compiling /home/prts/RBOT250/src/install/learning_tf2_py/lib/python3.8/site-packages/learning_tf2_py/__init__.py to __init__.cpython-38.pyc
[0.655s] byte-compiling /home/prts/RBOT250/src/install/learning_tf2_py/lib/python3.8/site-packages/learning_tf2_py/turtle_tf2_listener.py to turtle_tf2_listener.cpython-38.pyc
[0.656s] running install_data
[0.657s] creating /home/prts/RBOT250/src/install/learning_tf2_py/share/ament_index
[0.657s] creating /home/prts/RBOT250/src/install/learning_tf2_py/share/ament_index/resource_index
[0.657s] creating /home/prts/RBOT250/src/install/learning_tf2_py/share/ament_index/resource_index/packages
[0.657s] copying resource/learning_tf2_py -> /home/prts/RBOT250/src/install/learning_tf2_py/share/ament_index/resource_index/packages
[0.657s] copying package.xml -> /home/prts/RBOT250/src/install/learning_tf2_py/share/learning_tf2_py
[0.657s] running install_egg_info
[0.659s] Copying ../build/learning_tf2_py/learning_tf2_py.egg-info to /home/prts/RBOT250/src/install/learning_tf2_py/lib/python3.8/site-packages/learning_tf2_py-0.0.0-py3.8.egg-info
[0.660s] running install_scripts
[0.681s] writing list of installed files to '/home/prts/RBOT250/src/build/learning_tf2_py/install.log'
[0.715s] Invoked command in '/home/prts/RBOT250/src/learning_tf2_py' returned '0': PYTHONPATH=/home/prts/RBOT250/src/install/learning_tf2_py/lib/python3.8/site-packages:${PYTHONPATH} /usr/bin/python3 setup.py egg_info --egg-base ../build/learning_tf2_py build --build-base /home/prts/RBOT250/src/build/learning_tf2_py/build install --prefix /home/prts/RBOT250/src/install/learning_tf2_py --record /home/prts/RBOT250/src/build/learning_tf2_py/install.log --single-version-externally-managed
