[0.327s] DEBUG:colcon:Command line arguments: ['/usr/bin/colcon', 'build']
[0.327s] DEBUG:colcon:Parsed command line arguments: Namespace(ament_cmake_args=None, base_paths=['.'], build_base='build', catkin_cmake_args=None, catkin_skip_building_tests=False, cmake_args=None, cmake_clean_cache=False, cmake_clean_first=False, cmake_force_configure=False, cmake_target=None, cmake_target_skip_unavailable=False, continue_on_error=False, event_handlers=None, executor='parallel', ignore_user_meta=False, install_base='install', log_base=None, log_level=None, main=<bound method BuildVerb.main of <colcon_core.verb.build.BuildVerb object at 0x7fe8a43843d0>>, merge_install=False, metas=['./colcon.meta'], packages_above=None, packages_above_and_dependencies=None, packages_above_depth=None, packages_end=None, packages_ignore=None, packages_ignore_regex=None, packages_select=None, packages_select_build_failed=False, packages_select_by_dep=None, packages_select_regex=None, packages_select_test_failures=False, packages_skip=None, packages_skip_build_finished=False, packages_skip_by_dep=None, packages_skip_regex=None, packages_skip_test_passed=False, packages_skip_up_to=None, packages_start=None, packages_up_to=None, packages_up_to_regex=None, parallel_workers=4, paths=None, symlink_install=False, test_result_base=None, verb_extension=<colcon_core.verb.build.BuildVerb object at 0x7fe8a43843d0>, verb_name='build', verb_parser=<colcon_defaults.argument_parser.defaults.DefaultArgumentsDecorator object at 0x7fe8a4384910>)
[0.333s] Level 1:colcon.colcon_core.package_discovery:discover_packages(colcon_meta) check parameters
[0.333s] Level 1:colcon.colcon_core.package_discovery:discover_packages(recursive) check parameters
[0.333s] Level 1:colcon.colcon_core.package_discovery:discover_packages(ignore) check parameters
[0.333s] Level 1:colcon.colcon_core.package_discovery:discover_packages(path) check parameters
[0.333s] Level 1:colcon.colcon_core.package_discovery:discover_packages(colcon_meta) discover
[0.333s] Level 1:colcon.colcon_core.package_discovery:discover_packages(recursive) discover
[0.333s] INFO:colcon.colcon_core.package_discovery:Crawling recursively for packages in '/home/prts/RBOT250/src'
[0.333s] Level 1:colcon.colcon_core.package_identification:_identify(.) by extensions ['ignore', 'ignore_ament_install']
[0.334s] Level 1:colcon.colcon_core.package_identification:_identify(.) by extension 'ignore'
[0.334s] Level 1:colcon.colcon_core.package_identification:_identify(.) by extension 'ignore_ament_install'
[0.334s] Level 1:colcon.colcon_core.package_identification:_identify(.) by extensions ['colcon_pkg']
[0.334s] Level 1:colcon.colcon_core.package_identification:_identify(.) by extension 'colcon_pkg'
[0.334s] Level 1:colcon.colcon_core.package_identification:_identify(.) by extensions ['colcon_meta']
[0.334s] Level 1:colcon.colcon_core.package_identification:_identify(.) by extension 'colcon_meta'
[0.334s] Level 1:colcon.colcon_core.package_identification:_identify(.) by extensions ['ros']
[0.334s] Level 1:colcon.colcon_core.package_identification:_identify(.) by extension 'ros'
[0.346s] Level 1:colcon.colcon_core.package_identification:_identify(.) by extensions ['cmake', 'python']
[0.346s] Level 1:colcon.colcon_core.package_identification:_identify(.) by extension 'cmake'
[0.346s] Level 1:colcon.colcon_core.package_identification:_identify(.) by extension 'python'
[0.346s] Level 1:colcon.colcon_core.package_identification:_identify(.) by extensions ['python_setup_py']
[0.346s] Level 1:colcon.colcon_core.package_identification:_identify(.) by extension 'python_setup_py'
[0.346s] Level 1:colcon.colcon_core.package_identification:_identify(build) by extensions ['ignore', 'ignore_ament_install']
[0.346s] Level 1:colcon.colcon_core.package_identification:_identify(build) by extension 'ignore'
[0.347s] Level 1:colcon.colcon_core.package_identification:_identify(build) ignored
[0.347s] Level 1:colcon.colcon_core.package_identification:_identify(cpp_pubsub) by extensions ['ignore', 'ignore_ament_install']
[0.347s] Level 1:colcon.colcon_core.package_identification:_identify(cpp_pubsub) by extension 'ignore'
[0.347s] Level 1:colcon.colcon_core.package_identification:_identify(cpp_pubsub) by extension 'ignore_ament_install'
[0.347s] Level 1:colcon.colcon_core.package_identification:_identify(cpp_pubsub) by extensions ['colcon_pkg']
[0.347s] Level 1:colcon.colcon_core.package_identification:_identify(cpp_pubsub) by extension 'colcon_pkg'
[0.347s] Level 1:colcon.colcon_core.package_identification:_identify(cpp_pubsub) by extensions ['colcon_meta']
[0.347s] Level 1:colcon.colcon_core.package_identification:_identify(cpp_pubsub) by extension 'colcon_meta'
[0.347s] Level 1:colcon.colcon_core.package_identification:_identify(cpp_pubsub) by extensions ['ros']
[0.347s] Level 1:colcon.colcon_core.package_identification:_identify(cpp_pubsub) by extension 'ros'
[0.350s] DEBUG:colcon.colcon_core.package_identification:Package 'cpp_pubsub' with type 'ros.ament_cmake' and name 'cpp_pubsub'
[0.350s] Level 1:colcon.colcon_core.package_identification:_identify(install) by extensions ['ignore', 'ignore_ament_install']
[0.350s] Level 1:colcon.colcon_core.package_identification:_identify(install) by extension 'ignore'
[0.350s] Level 1:colcon.colcon_core.package_identification:_identify(install) ignored
[0.350s] Level 1:colcon.colcon_core.package_identification:_identify(learning_tf2_cpp) by extensions ['ignore', 'ignore_ament_install']
[0.350s] Level 1:colcon.colcon_core.package_identification:_identify(learning_tf2_cpp) by extension 'ignore'
[0.350s] Level 1:colcon.colcon_core.package_identification:_identify(learning_tf2_cpp) by extension 'ignore_ament_install'
[0.350s] Level 1:colcon.colcon_core.package_identification:_identify(learning_tf2_cpp) by extensions ['colcon_pkg']
[0.350s] Level 1:colcon.colcon_core.package_identification:_identify(learning_tf2_cpp) by extension 'colcon_pkg'
[0.350s] Level 1:colcon.colcon_core.package_identification:_identify(learning_tf2_cpp) by extensions ['colcon_meta']
[0.350s] Level 1:colcon.colcon_core.package_identification:_identify(learning_tf2_cpp) by extension 'colcon_meta'
[0.350s] Level 1:colcon.colcon_core.package_identification:_identify(learning_tf2_cpp) by extensions ['ros']
[0.350s] Level 1:colcon.colcon_core.package_identification:_identify(learning_tf2_cpp) by extension 'ros'
[0.351s] DEBUG:colcon.colcon_core.package_identification:Package 'learning_tf2_cpp' with type 'ros.ament_cmake' and name 'learning_tf2_cpp'
[0.351s] Level 1:colcon.colcon_core.package_identification:_identify(log) by extensions ['ignore', 'ignore_ament_install']
[0.352s] Level 1:colcon.colcon_core.package_identification:_identify(log) by extension 'ignore'
[0.352s] Level 1:colcon.colcon_core.package_identification:_identify(log) ignored
[0.352s] Level 1:colcon.colcon_core.package_discovery:discover_packages(recursive) using defaults
[0.352s] Level 1:colcon.colcon_core.package_discovery:discover_packages(ignore) discover
[0.352s] Level 1:colcon.colcon_core.package_discovery:discover_packages(ignore) using defaults
[0.352s] Level 1:colcon.colcon_core.package_discovery:discover_packages(path) discover
[0.352s] Level 1:colcon.colcon_core.package_discovery:discover_packages(path) using defaults
[0.376s] Level 5:colcon.colcon_core.verb:set package 'cpp_pubsub' build argument 'cmake_args' from command line to 'None'
[0.376s] Level 5:colcon.colcon_core.verb:set package 'cpp_pubsub' build argument 'cmake_target' from command line to 'None'
[0.376s] Level 5:colcon.colcon_core.verb:set package 'cpp_pubsub' build argument 'cmake_target_skip_unavailable' from command line to 'False'
[0.376s] Level 5:colcon.colcon_core.verb:set package 'cpp_pubsub' build argument 'cmake_clean_cache' from command line to 'False'
[0.376s] Level 5:colcon.colcon_core.verb:set package 'cpp_pubsub' build argument 'cmake_clean_first' from command line to 'False'
[0.376s] Level 5:colcon.colcon_core.verb:set package 'cpp_pubsub' build argument 'cmake_force_configure' from command line to 'False'
[0.376s] Level 5:colcon.colcon_core.verb:set package 'cpp_pubsub' build argument 'ament_cmake_args' from command line to 'None'
[0.376s] Level 5:colcon.colcon_core.verb:set package 'cpp_pubsub' build argument 'catkin_cmake_args' from command line to 'None'
[0.376s] Level 5:colcon.colcon_core.verb:set package 'cpp_pubsub' build argument 'catkin_skip_building_tests' from command line to 'False'
[0.376s] DEBUG:colcon.colcon_core.verb:Building package 'cpp_pubsub' with the following arguments: {'ament_cmake_args': None, 'build_base': '/home/prts/RBOT250/src/build/cpp_pubsub', 'catkin_cmake_args': None, 'catkin_skip_building_tests': False, 'cmake_args': None, 'cmake_clean_cache': False, 'cmake_clean_first': False, 'cmake_force_configure': False, 'cmake_target': None, 'cmake_target_skip_unavailable': False, 'install_base': '/home/prts/RBOT250/src/install/cpp_pubsub', 'merge_install': False, 'path': '/home/prts/RBOT250/src/cpp_pubsub', 'symlink_install': False, 'test_result_base': None}
[0.379s] Level 5:colcon.colcon_core.verb:set package 'learning_tf2_cpp' build argument 'cmake_args' from command line to 'None'
[0.379s] Level 5:colcon.colcon_core.verb:set package 'learning_tf2_cpp' build argument 'cmake_target' from command line to 'None'
[0.380s] Level 5:colcon.colcon_core.verb:set package 'learning_tf2_cpp' build argument 'cmake_target_skip_unavailable' from command line to 'False'
[0.380s] Level 5:colcon.colcon_core.verb:set package 'learning_tf2_cpp' build argument 'cmake_clean_cache' from command line to 'False'
[0.380s] Level 5:colcon.colcon_core.verb:set package 'learning_tf2_cpp' build argument 'cmake_clean_first' from command line to 'False'
[0.380s] Level 5:colcon.colcon_core.verb:set package 'learning_tf2_cpp' build argument 'cmake_force_configure' from command line to 'False'
[0.380s] Level 5:colcon.colcon_core.verb:set package 'learning_tf2_cpp' build argument 'ament_cmake_args' from command line to 'None'
[0.380s] Level 5:colcon.colcon_core.verb:set package 'learning_tf2_cpp' build argument 'catkin_cmake_args' from command line to 'None'
[0.380s] Level 5:colcon.colcon_core.verb:set package 'learning_tf2_cpp' build argument 'catkin_skip_building_tests' from command line to 'False'
[0.380s] DEBUG:colcon.colcon_core.verb:Building package 'learning_tf2_cpp' with the following arguments: {'ament_cmake_args': None, 'build_base': '/home/prts/RBOT250/src/build/learning_tf2_cpp', 'catkin_cmake_args': None, 'catkin_skip_building_tests': False, 'cmake_args': None, 'cmake_clean_cache': False, 'cmake_clean_first': False, 'cmake_force_configure': False, 'cmake_target': None, 'cmake_target_skip_unavailable': False, 'install_base': '/home/prts/RBOT250/src/install/learning_tf2_cpp', 'merge_install': False, 'path': '/home/prts/RBOT250/src/learning_tf2_cpp', 'symlink_install': False, 'test_result_base': None}
[0.380s] INFO:colcon.colcon_core.executor:Executing jobs using 'parallel' executor
[0.382s] DEBUG:colcon.colcon_parallel_executor.executor.parallel:run_until_complete
[0.383s] INFO:colcon.colcon_ros.task.ament_cmake.build:Building ROS package in '/home/prts/RBOT250/src/cpp_pubsub' with build type 'ament_cmake'
[0.383s] INFO:colcon.colcon_cmake.task.cmake.build:Building CMake package in '/home/prts/RBOT250/src/cpp_pubsub'
[0.388s] INFO:colcon.colcon_core.plugin_system:Skipping extension 'colcon_core.shell.bat': Not used on non-Windows systems
[0.388s] INFO:colcon.colcon_core.shell:Skip shell extension 'powershell' for command environment: Not usable outside of PowerShell
[0.388s] DEBUG:colcon.colcon_core.shell:Skip shell extension 'dsv' for command environment
[0.397s] INFO:colcon.colcon_ros.task.ament_cmake.build:Building ROS package in '/home/prts/RBOT250/src/learning_tf2_cpp' with build type 'ament_cmake'
[0.398s] INFO:colcon.colcon_cmake.task.cmake.build:Building CMake package in '/home/prts/RBOT250/src/learning_tf2_cpp'
[0.398s] INFO:colcon.colcon_core.shell:Skip shell extension 'powershell' for command environment: Not usable outside of PowerShell
[0.399s] DEBUG:colcon.colcon_core.shell:Skip shell extension 'dsv' for command environment
[0.416s] DEBUG:colcon.colcon_core.event_handler.log_command:Invoking command in '/home/prts/RBOT250/src/build/cpp_pubsub': /usr/bin/cmake /home/prts/RBOT250/src/cpp_pubsub -DCMAKE_INSTALL_PREFIX=/home/prts/RBOT250/src/install/cpp_pubsub
[0.425s] DEBUG:colcon.colcon_core.event_handler.log_command:Invoking command in '/home/prts/RBOT250/src/build/learning_tf2_cpp': /usr/bin/cmake /home/prts/RBOT250/src/learning_tf2_cpp -DCMAKE_INSTALL_PREFIX=/home/prts/RBOT250/src/install/learning_tf2_cpp
[2.087s] DEBUG:colcon.colcon_core.event_handler.log_command:Invoked command in '/home/prts/RBOT250/src/build/cpp_pubsub' returned '0': /usr/bin/cmake /home/prts/RBOT250/src/cpp_pubsub -DCMAKE_INSTALL_PREFIX=/home/prts/RBOT250/src/install/cpp_pubsub
[2.091s] DEBUG:colcon.colcon_core.event_handler.log_command:Invoking command in '/home/prts/RBOT250/src/build/cpp_pubsub': /usr/bin/cmake --build /home/prts/RBOT250/src/build/cpp_pubsub -- -j4 -l4
[2.671s] DEBUG:colcon.colcon_core.event_handler.log_command:Invoked command in '/home/prts/RBOT250/src/build/learning_tf2_cpp' returned '0': /usr/bin/cmake /home/prts/RBOT250/src/learning_tf2_cpp -DCMAKE_INSTALL_PREFIX=/home/prts/RBOT250/src/install/learning_tf2_cpp
[2.674s] DEBUG:colcon.colcon_core.event_handler.log_command:Invoking command in '/home/prts/RBOT250/src/build/learning_tf2_cpp': /usr/bin/cmake --build /home/prts/RBOT250/src/build/learning_tf2_cpp -- -j4 -l4
[8.083s] DEBUG:colcon.colcon_core.event_handler.log_command:Invoked command in '/home/prts/RBOT250/src/build/learning_tf2_cpp' returned '0': /usr/bin/cmake --build /home/prts/RBOT250/src/build/learning_tf2_cpp -- -j4 -l4
[8.133s] DEBUG:colcon.colcon_core.event_handler.log_command:Invoking command in '/home/prts/RBOT250/src/build/learning_tf2_cpp': /usr/bin/cmake --install /home/prts/RBOT250/src/build/learning_tf2_cpp
[8.154s] Level 1:colcon.colcon_core.environment:create_environment_scripts_only(learning_tf2_cpp)
[8.156s] DEBUG:colcon.colcon_core.event_handler.log_command:Invoked command in '/home/prts/RBOT250/src/build/learning_tf2_cpp' returned '0': /usr/bin/cmake --install /home/prts/RBOT250/src/build/learning_tf2_cpp
[8.163s] Level 1:colcon.colcon_core.environment:checking '/home/prts/RBOT250/src/install/learning_tf2_cpp' for CMake module files
[8.164s] Level 1:colcon.colcon_core.environment:checking '/home/prts/RBOT250/src/install/learning_tf2_cpp' for CMake config files
[8.165s] Level 1:colcon.colcon_core.shell:create_environment_hook('learning_tf2_cpp', 'cmake_prefix_path')
[8.167s] INFO:colcon.colcon_core.shell:Creating environment hook '/home/prts/RBOT250/src/install/learning_tf2_cpp/share/learning_tf2_cpp/hook/cmake_prefix_path.ps1'
[8.168s] INFO:colcon.colcon_core.shell:Creating environment descriptor '/home/prts/RBOT250/src/install/learning_tf2_cpp/share/learning_tf2_cpp/hook/cmake_prefix_path.dsv'
[8.169s] INFO:colcon.colcon_core.shell:Creating environment hook '/home/prts/RBOT250/src/install/learning_tf2_cpp/share/learning_tf2_cpp/hook/cmake_prefix_path.sh'
[8.171s] Level 1:colcon.colcon_core.environment:checking '/home/prts/RBOT250/src/install/learning_tf2_cpp/lib'
[8.171s] Level 1:colcon.colcon_core.environment:checking '/home/prts/RBOT250/src/install/learning_tf2_cpp/bin'
[8.171s] Level 1:colcon.colcon_core.environment:checking '/home/prts/RBOT250/src/install/learning_tf2_cpp/lib/pkgconfig/learning_tf2_cpp.pc'
[8.171s] Level 1:colcon.colcon_core.environment:checking '/home/prts/RBOT250/src/install/learning_tf2_cpp/lib/python3.8/site-packages'
[8.172s] INFO:colcon.colcon_core.shell:Creating package script '/home/prts/RBOT250/src/install/learning_tf2_cpp/share/learning_tf2_cpp/package.ps1'
[8.173s] INFO:colcon.colcon_core.shell:Creating package descriptor '/home/prts/RBOT250/src/install/learning_tf2_cpp/share/learning_tf2_cpp/package.dsv'
[8.174s] INFO:colcon.colcon_core.shell:Creating package script '/home/prts/RBOT250/src/install/learning_tf2_cpp/share/learning_tf2_cpp/package.sh'
[8.174s] INFO:colcon.colcon_core.shell:Creating package script '/home/prts/RBOT250/src/install/learning_tf2_cpp/share/learning_tf2_cpp/package.bash'
[8.175s] INFO:colcon.colcon_core.shell:Creating package script '/home/prts/RBOT250/src/install/learning_tf2_cpp/share/learning_tf2_cpp/package.zsh'
[8.176s] Level 1:colcon.colcon_core.environment:create_file_with_runtime_dependencies(/home/prts/RBOT250/src/install/learning_tf2_cpp/share/colcon-core/packages/learning_tf2_cpp)
[8.212s] Level 1:colcon.colcon_core.environment:create_environment_scripts_only(learning_tf2_cpp)
[8.213s] Level 1:colcon.colcon_core.environment:checking '/home/prts/RBOT250/src/install/learning_tf2_cpp' for CMake module files
[8.214s] Level 1:colcon.colcon_core.environment:checking '/home/prts/RBOT250/src/install/learning_tf2_cpp' for CMake config files
[8.214s] Level 1:colcon.colcon_core.shell:create_environment_hook('learning_tf2_cpp', 'cmake_prefix_path')
[8.215s] INFO:colcon.colcon_core.shell:Creating environment hook '/home/prts/RBOT250/src/install/learning_tf2_cpp/share/learning_tf2_cpp/hook/cmake_prefix_path.ps1'
[8.216s] INFO:colcon.colcon_core.shell:Creating environment descriptor '/home/prts/RBOT250/src/install/learning_tf2_cpp/share/learning_tf2_cpp/hook/cmake_prefix_path.dsv'
[8.216s] INFO:colcon.colcon_core.shell:Creating environment hook '/home/prts/RBOT250/src/install/learning_tf2_cpp/share/learning_tf2_cpp/hook/cmake_prefix_path.sh'
[8.217s] Level 1:colcon.colcon_core.environment:checking '/home/prts/RBOT250/src/install/learning_tf2_cpp/lib'
[8.217s] Level 1:colcon.colcon_core.environment:checking '/home/prts/RBOT250/src/install/learning_tf2_cpp/bin'
[8.217s] Level 1:colcon.colcon_core.environment:checking '/home/prts/RBOT250/src/install/learning_tf2_cpp/lib/pkgconfig/learning_tf2_cpp.pc'
[8.217s] Level 1:colcon.colcon_core.environment:checking '/home/prts/RBOT250/src/install/learning_tf2_cpp/lib/python3.8/site-packages'
[8.219s] INFO:colcon.colcon_core.shell:Creating package script '/home/prts/RBOT250/src/install/learning_tf2_cpp/share/learning_tf2_cpp/package.ps1'
[8.220s] INFO:colcon.colcon_core.shell:Creating package descriptor '/home/prts/RBOT250/src/install/learning_tf2_cpp/share/learning_tf2_cpp/package.dsv'
[8.221s] INFO:colcon.colcon_core.shell:Creating package script '/home/prts/RBOT250/src/install/learning_tf2_cpp/share/learning_tf2_cpp/package.sh'
[8.223s] INFO:colcon.colcon_core.shell:Creating package script '/home/prts/RBOT250/src/install/learning_tf2_cpp/share/learning_tf2_cpp/package.bash'
[8.224s] INFO:colcon.colcon_core.shell:Creating package script '/home/prts/RBOT250/src/install/learning_tf2_cpp/share/learning_tf2_cpp/package.zsh'
[8.224s] Level 1:colcon.colcon_core.environment:create_file_with_runtime_dependencies(/home/prts/RBOT250/src/install/learning_tf2_cpp/share/colcon-core/packages/learning_tf2_cpp)
[10.730s] DEBUG:colcon.colcon_core.event_handler.log_command:Invoked command in '/home/prts/RBOT250/src/build/cpp_pubsub' returned '0': /usr/bin/cmake --build /home/prts/RBOT250/src/build/cpp_pubsub -- -j4 -l4
[10.771s] DEBUG:colcon.colcon_core.event_handler.log_command:Invoking command in '/home/prts/RBOT250/src/build/cpp_pubsub': /usr/bin/cmake --install /home/prts/RBOT250/src/build/cpp_pubsub
[10.791s] Level 1:colcon.colcon_core.environment:create_environment_scripts_only(cpp_pubsub)
[10.792s] Level 1:colcon.colcon_core.environment:checking '/home/prts/RBOT250/src/install/cpp_pubsub' for CMake module files
[10.793s] DEBUG:colcon.colcon_core.event_handler.log_command:Invoked command in '/home/prts/RBOT250/src/build/cpp_pubsub' returned '0': /usr/bin/cmake --install /home/prts/RBOT250/src/build/cpp_pubsub
[10.794s] Level 1:colcon.colcon_core.environment:checking '/home/prts/RBOT250/src/install/cpp_pubsub' for CMake config files
[10.794s] Level 1:colcon.colcon_core.shell:create_environment_hook('cpp_pubsub', 'cmake_prefix_path')
[10.795s] INFO:colcon.colcon_core.shell:Creating environment hook '/home/prts/RBOT250/src/install/cpp_pubsub/share/cpp_pubsub/hook/cmake_prefix_path.ps1'
[10.795s] INFO:colcon.colcon_core.shell:Creating environment descriptor '/home/prts/RBOT250/src/install/cpp_pubsub/share/cpp_pubsub/hook/cmake_prefix_path.dsv'
[10.795s] INFO:colcon.colcon_core.shell:Creating environment hook '/home/prts/RBOT250/src/install/cpp_pubsub/share/cpp_pubsub/hook/cmake_prefix_path.sh'
[10.796s] Level 1:colcon.colcon_core.environment:checking '/home/prts/RBOT250/src/install/cpp_pubsub/lib'
[10.796s] Level 1:colcon.colcon_core.environment:checking '/home/prts/RBOT250/src/install/cpp_pubsub/bin'
[10.796s] Level 1:colcon.colcon_core.environment:checking '/home/prts/RBOT250/src/install/cpp_pubsub/lib/pkgconfig/cpp_pubsub.pc'
[10.796s] Level 1:colcon.colcon_core.environment:checking '/home/prts/RBOT250/src/install/cpp_pubsub/lib/python3.8/site-packages'
[10.797s] INFO:colcon.colcon_core.shell:Creating package script '/home/prts/RBOT250/src/install/cpp_pubsub/share/cpp_pubsub/package.ps1'
[10.797s] INFO:colcon.colcon_core.shell:Creating package descriptor '/home/prts/RBOT250/src/install/cpp_pubsub/share/cpp_pubsub/package.dsv'
[10.798s] INFO:colcon.colcon_core.shell:Creating package script '/home/prts/RBOT250/src/install/cpp_pubsub/share/cpp_pubsub/package.sh'
[10.798s] INFO:colcon.colcon_core.shell:Creating package script '/home/prts/RBOT250/src/install/cpp_pubsub/share/cpp_pubsub/package.bash'
[10.798s] INFO:colcon.colcon_core.shell:Creating package script '/home/prts/RBOT250/src/install/cpp_pubsub/share/cpp_pubsub/package.zsh'
[10.798s] Level 1:colcon.colcon_core.environment:create_file_with_runtime_dependencies(/home/prts/RBOT250/src/install/cpp_pubsub/share/colcon-core/packages/cpp_pubsub)
[10.837s] Level 1:colcon.colcon_core.environment:create_environment_scripts_only(cpp_pubsub)
[10.839s] Level 1:colcon.colcon_core.environment:checking '/home/prts/RBOT250/src/install/cpp_pubsub' for CMake module files
[10.841s] Level 1:colcon.colcon_core.environment:checking '/home/prts/RBOT250/src/install/cpp_pubsub' for CMake config files
[10.841s] Level 1:colcon.colcon_core.shell:create_environment_hook('cpp_pubsub', 'cmake_prefix_path')
[10.842s] INFO:colcon.colcon_core.shell:Creating environment hook '/home/prts/RBOT250/src/install/cpp_pubsub/share/cpp_pubsub/hook/cmake_prefix_path.ps1'
[10.843s] INFO:colcon.colcon_core.shell:Creating environment descriptor '/home/prts/RBOT250/src/install/cpp_pubsub/share/cpp_pubsub/hook/cmake_prefix_path.dsv'
[10.844s] INFO:colcon.colcon_core.shell:Creating environment hook '/home/prts/RBOT250/src/install/cpp_pubsub/share/cpp_pubsub/hook/cmake_prefix_path.sh'
[10.845s] Level 1:colcon.colcon_core.environment:checking '/home/prts/RBOT250/src/install/cpp_pubsub/lib'
[10.845s] Level 1:colcon.colcon_core.environment:checking '/home/prts/RBOT250/src/install/cpp_pubsub/bin'
[10.845s] Level 1:colcon.colcon_core.environment:checking '/home/prts/RBOT250/src/install/cpp_pubsub/lib/pkgconfig/cpp_pubsub.pc'
[10.846s] Level 1:colcon.colcon_core.environment:checking '/home/prts/RBOT250/src/install/cpp_pubsub/lib/python3.8/site-packages'
[10.847s] INFO:colcon.colcon_core.shell:Creating package script '/home/prts/RBOT250/src/install/cpp_pubsub/share/cpp_pubsub/package.ps1'
[10.848s] INFO:colcon.colcon_core.shell:Creating package descriptor '/home/prts/RBOT250/src/install/cpp_pubsub/share/cpp_pubsub/package.dsv'
[10.848s] INFO:colcon.colcon_core.shell:Creating package script '/home/prts/RBOT250/src/install/cpp_pubsub/share/cpp_pubsub/package.sh'
[10.849s] INFO:colcon.colcon_core.shell:Creating package script '/home/prts/RBOT250/src/install/cpp_pubsub/share/cpp_pubsub/package.bash'
[10.849s] INFO:colcon.colcon_core.shell:Creating package script '/home/prts/RBOT250/src/install/cpp_pubsub/share/cpp_pubsub/package.zsh'
[10.850s] Level 1:colcon.colcon_core.environment:create_file_with_runtime_dependencies(/home/prts/RBOT250/src/install/cpp_pubsub/share/colcon-core/packages/cpp_pubsub)
[10.850s] DEBUG:colcon.colcon_parallel_executor.executor.parallel:closing loop
[10.850s] DEBUG:colcon.colcon_parallel_executor.executor.parallel:loop closed
[10.850s] DEBUG:colcon.colcon_parallel_executor.executor.parallel:run_until_complete finished with '0'
[10.851s] DEBUG:colcon.colcon_core.event_reactor:joining thread
[10.864s] INFO:colcon.colcon_core.plugin_system:Skipping extension 'colcon_notification.desktop_notification.terminal_notifier': Not used on non-Darwin systems
[10.864s] INFO:colcon.colcon_core.plugin_system:Skipping extension 'colcon_notification.desktop_notification.win32': Not used on non-Windows systems
[10.864s] INFO:colcon.colcon_notification.desktop_notification:Sending desktop notification using 'notify2'
[10.892s] DEBUG:colcon.colcon_core.event_reactor:joined thread
[10.894s] INFO:colcon.colcon_core.shell:Creating prefix script '/home/prts/RBOT250/src/install/local_setup.ps1'
[10.896s] INFO:colcon.colcon_core.shell:Creating prefix util module '/home/prts/RBOT250/src/install/_local_setup_util_ps1.py'
[10.900s] INFO:colcon.colcon_core.shell:Creating prefix chain script '/home/prts/RBOT250/src/install/setup.ps1'
[10.904s] INFO:colcon.colcon_core.shell:Creating prefix script '/home/prts/RBOT250/src/install/local_setup.sh'
[10.904s] INFO:colcon.colcon_core.shell:Creating prefix util module '/home/prts/RBOT250/src/install/_local_setup_util_sh.py'
[10.905s] INFO:colcon.colcon_core.shell:Creating prefix chain script '/home/prts/RBOT250/src/install/setup.sh'
[10.907s] INFO:colcon.colcon_core.shell:Creating prefix script '/home/prts/RBOT250/src/install/local_setup.bash'
[10.908s] INFO:colcon.colcon_core.shell:Creating prefix chain script '/home/prts/RBOT250/src/install/setup.bash'
[10.910s] INFO:colcon.colcon_core.shell:Creating prefix script '/home/prts/RBOT250/src/install/local_setup.zsh'
[10.910s] INFO:colcon.colcon_core.shell:Creating prefix chain script '/home/prts/RBOT250/src/install/setup.zsh'
