[0.319s] Invoking command in '/home/prts/RBOT250/src/build/cpp_pubsub': /usr/bin/cmake --build /home/prts/RBOT250/src/build/cpp_pubsub -- -j4 -l4
[0.397s] [ 50%] Built target listener
[0.404s] [100%] Built target talker
[0.421s] Invoked command in '/home/prts/RBOT250/src/build/cpp_pubsub' returned '0': /usr/bin/cmake --build /home/prts/RBOT250/src/build/cpp_pubsub -- -j4 -l4
[0.480s] Invoking command in '/home/prts/RBOT250/src/build/cpp_pubsub': /usr/bin/cmake --install /home/prts/RBOT250/src/build/cpp_pubsub
[0.496s] -- Install configuration: ""
[0.496s] -- Up-to-date: /home/prts/RBOT250/src/install/cpp_pubsub/lib/cpp_pubsub/talker
[0.497s] -- Up-to-date: /home/prts/RBOT250/src/install/cpp_pubsub/lib/cpp_pubsub/listener
[0.497s] -- Up-to-date: /home/prts/RBOT250/src/install/cpp_pubsub/share/ament_index/resource_index/package_run_dependencies/cpp_pubsub
[0.497s] -- Up-to-date: /home/prts/RBOT250/src/install/cpp_pubsub/share/ament_index/resource_index/parent_prefix_path/cpp_pubsub
[0.497s] -- Up-to-date: /home/prts/RBOT250/src/install/cpp_pubsub/share/cpp_pubsub/environment/ament_prefix_path.sh
[0.498s] -- Up-to-date: /home/prts/RBOT250/src/install/cpp_pubsub/share/cpp_pubsub/environment/ament_prefix_path.dsv
[0.498s] -- Up-to-date: /home/prts/RBOT250/src/install/cpp_pubsub/share/cpp_pubsub/environment/path.sh
[0.498s] -- Up-to-date: /home/prts/RBOT250/src/install/cpp_pubsub/share/cpp_pubsub/environment/path.dsv
[0.498s] -- Up-to-date: /home/prts/RBOT250/src/install/cpp_pubsub/share/cpp_pubsub/local_setup.bash
[0.498s] -- Up-to-date: /home/prts/RBOT250/src/install/cpp_pubsub/share/cpp_pubsub/local_setup.sh
[0.499s] -- Up-to-date: /home/prts/RBOT250/src/install/cpp_pubsub/share/cpp_pubsub/local_setup.zsh
[0.499s] -- Up-to-date: /home/prts/RBOT250/src/install/cpp_pubsub/share/cpp_pubsub/local_setup.dsv
[0.499s] -- Installing: /home/prts/RBOT250/src/install/cpp_pubsub/share/cpp_pubsub/package.dsv
[0.499s] -- Up-to-date: /home/prts/RBOT250/src/install/cpp_pubsub/share/ament_index/resource_index/packages/cpp_pubsub
[0.499s] -- Up-to-date: /home/prts/RBOT250/src/install/cpp_pubsub/share/cpp_pubsub/cmake/cpp_pubsubConfig.cmake
[0.499s] -- Up-to-date: /home/prts/RBOT250/src/install/cpp_pubsub/share/cpp_pubsub/cmake/cpp_pubsubConfig-version.cmake
[0.500s] -- Up-to-date: /home/prts/RBOT250/src/install/cpp_pubsub/share/cpp_pubsub/package.xml
[0.502s] Invoked command in '/home/prts/RBOT250/src/build/cpp_pubsub' returned '0': /usr/bin/cmake --install /home/prts/RBOT250/src/build/cpp_pubsub
