[0.029s] Invoking command in '/home/prts/RBTO250 Github/RBOT_250_Assignment_3/RBOT250/build/cpp_srvcli': /usr/bin/cmake /home/prts/RBTO250 Github/RBOT_250_Assignment_3/RBOT250/src/cpp_srvcli -DCMAKE_INSTALL_PREFIX=/home/prts/RBTO250 Github/RBOT_250_Assignment_3/RBOT250/install/cpp_srvcli
[0.270s] -- The C compiler identification is GNU 9.3.0
[0.417s] -- The CXX compiler identification is GNU 9.3.0
[0.423s] -- Check for working C compiler: /usr/bin/cc
[0.524s] -- Check for working C compiler: /usr/bin/cc -- works
[0.527s] -- Detecting C compiler ABI info
[0.625s] -- Detecting C compiler ABI info - done
[0.641s] -- Detecting C compile features
[0.642s] -- Detecting C compile features - done
[0.648s] -- Check for working CXX compiler: /usr/bin/c++
[0.765s] -- Check for working CXX compiler: /usr/bin/c++ -- works
[0.766s] -- Detecting CXX compiler ABI info
[0.876s] -- Detecting CXX compiler ABI info - done
[0.899s] -- Detecting CXX compile features
[0.899s] -- Detecting CXX compile features - done
[0.908s] CMake Error at CMakeLists.txt:4 (find_package):
[0.909s]   By not providing "Findament_cmake.cmake" in CMAKE_MODULE_PATH this project
[0.909s]   has asked CMake to find a package configuration file provided by
[0.909s]   "ament_cmake", but CMake did not find one.
[0.909s] 
[0.910s]   Could not find a package configuration file provided by "ament_cmake" with
[0.910s]   any of the following names:
[0.910s] 
[0.910s]     ament_cmakeConfig.cmake
[0.910s]     ament_cmake-config.cmake
[0.910s] 
[0.911s]   Add the installation prefix of "ament_cmake" to CMAKE_PREFIX_PATH or set
[0.911s]   "ament_cmake_DIR" to a directory containing one of the above files.  If
[0.911s]   "ament_cmake" provides a separate development package or SDK, be sure it
[0.912s]   has been installed.
[0.913s] 
[0.913s] 
[0.914s] -- Configuring incomplete, errors occurred!
[0.916s] See also "/home/prts/RBTO250 Github/RBOT_250_Assignment_3/RBOT250/build/cpp_srvcli/CMakeFiles/CMakeOutput.log".
[0.916s] Invoked command in '/home/prts/RBTO250 Github/RBOT_250_Assignment_3/RBOT250/build/cpp_srvcli' returned '1': /usr/bin/cmake /home/prts/RBTO250 Github/RBOT_250_Assignment_3/RBOT250/src/cpp_srvcli -DCMAKE_INSTALL_PREFIX=/home/prts/RBTO250 Github/RBOT_250_Assignment_3/RBOT250/install/cpp_srvcli
