[0.020s] Invoking command in '/home/prts/RBOT250/build/cpp_pubsub': /usr/bin/cmake /home/prts/RBOT250/src/cpp_pubsub -DCMAKE_INSTALL_PREFIX=/home/prts/RBOT250/install/cpp_pubsub
[0.038s] -- Found ament_cmake: 1.1.4 (/home/prts/ros2_galactic/ros2-linux/share/ament_cmake/cmake)
[0.071s] -- Using PYTHON_EXECUTABLE: /usr/bin/python3
[0.148s] -- Found rclcpp: 9.1.0 (/home/prts/ros2_galactic/ros2-linux/share/rclcpp/cmake)
[0.180s] -- Using all available rosidl_typesupport_c: rosidl_typesupport_fastrtps_c;rosidl_typesupport_introspection_c
[0.184s] -- Found rosidl_adapter: 2.2.1 (/home/prts/ros2_galactic/ros2-linux/share/rosidl_adapter/cmake)
[0.270s] -- Found OpenSSL: /usr/lib/x86_64-linux-gnu/libcrypto.so (found version "1.1.1f")  
[0.295s] -- Found FastRTPS: /home/prts/ros2_galactic/ros2-linux/include  
[0.377s] -- Using all available rosidl_typesupport_cpp: rosidl_typesupport_fastrtps_cpp;rosidl_typesupport_introspection_cpp
[0.452s] -- Found rmw_implementation_cmake: 3.3.1 (/home/prts/ros2_galactic/ros2-linux/share/rmw_implementation_cmake/cmake)
[0.455s] -- Found rmw_cyclonedds_cpp: 0.22.3 (/home/prts/ros2_galactic/ros2-linux/share/rmw_cyclonedds_cpp/cmake)
[0.480s] -- Using RMW implementation 'rmw_cyclonedds_cpp' as default
[0.481s] -- Looking for pthread.h
[0.598s] -- Looking for pthread.h - found
[0.598s] -- Performing Test CMAKE_HAVE_LIBC_PTHREAD
[0.710s] -- Performing Test CMAKE_HAVE_LIBC_PTHREAD - Failed
[0.711s] -- Looking for pthread_create in pthreads
[0.806s] -- Looking for pthread_create in pthreads - not found
[0.806s] -- Looking for pthread_create in pthread
[0.915s] -- Looking for pthread_create in pthread - found
[0.917s] -- Found Threads: TRUE  
[1.062s] -- Found std_msgs: 2.2.3 (/home/prts/ros2_galactic/ros2-linux/share/std_msgs/cmake)
[1.086s] -- Found ament_lint_auto: 0.10.6 (/home/prts/ros2_galactic/ros2-linux/share/ament_lint_auto/cmake)
[1.178s] -- Added test 'copyright' to check source files copyright and LICENSE
[1.179s] -- Added test 'cppcheck' to perform static code analysis on C / C++ code
[1.179s] -- Configured cppcheck include dirs: 
[1.179s] -- Configured cppcheck exclude dirs and/or files: 
[1.180s] -- Added test 'cpplint' to check C / C++ code against the Google style
[1.180s] -- Configured cpplint exclude dirs and/or files: 
[1.182s] -- Added test 'lint_cmake' to check CMake code style
[1.183s] -- Added test 'uncrustify' to check C / C++ code style
[1.183s] -- Configured uncrustify additional arguments: 
[1.183s] -- Added test 'xmllint' to check XML markup files
[1.189s] -- Configuring done
[1.202s] -- Generating done
[1.204s] -- Build files have been written to: /home/prts/RBOT250/build/cpp_pubsub
[1.210s] Invoked command in '/home/prts/RBOT250/build/cpp_pubsub' returned '0': /usr/bin/cmake /home/prts/RBOT250/src/cpp_pubsub -DCMAKE_INSTALL_PREFIX=/home/prts/RBOT250/install/cpp_pubsub
[1.216s] Invoking command in '/home/prts/RBOT250/build/cpp_pubsub': /usr/bin/cmake --build /home/prts/RBOT250/build/cpp_pubsub -- -j4 -l4
[1.282s] [35m[1mScanning dependencies of target listener[0m
[1.283s] [35m[1mScanning dependencies of target talker[0m
[1.379s] [ 50%] [32mBuilding CXX object CMakeFiles/talker.dir/src/publisher_member_function.cpp.o[0m
[1.379s] [ 50%] [32mBuilding CXX object CMakeFiles/listener.dir/src/subscriber_member_function.cpp.o[0m
[5.984s] [ 75%] [32m[1mLinking CXX executable talker[0m
[6.299s] [ 75%] Built target talker
[9.134s] [100%] [32m[1mLinking CXX executable listener[0m
[9.466s] [100%] Built target listener
[9.482s] Invoked command in '/home/prts/RBOT250/build/cpp_pubsub' returned '0': /usr/bin/cmake --build /home/prts/RBOT250/build/cpp_pubsub -- -j4 -l4
[9.539s] Invoking command in '/home/prts/RBOT250/build/cpp_pubsub': /usr/bin/cmake --install /home/prts/RBOT250/build/cpp_pubsub
[9.549s] -- Install configuration: ""
[9.550s] -- Installing: /home/prts/RBOT250/install/cpp_pubsub/lib/cpp_pubsub/talker
[9.551s] -- Set runtime path of "/home/prts/RBOT250/install/cpp_pubsub/lib/cpp_pubsub/talker" to ""
[9.552s] -- Installing: /home/prts/RBOT250/install/cpp_pubsub/lib/cpp_pubsub/listener
[9.555s] -- Set runtime path of "/home/prts/RBOT250/install/cpp_pubsub/lib/cpp_pubsub/listener" to ""
[9.556s] -- Installing: /home/prts/RBOT250/install/cpp_pubsub/share/ament_index/resource_index/package_run_dependencies/cpp_pubsub
[9.556s] -- Installing: /home/prts/RBOT250/install/cpp_pubsub/share/ament_index/resource_index/parent_prefix_path/cpp_pubsub
[9.556s] -- Installing: /home/prts/RBOT250/install/cpp_pubsub/share/cpp_pubsub/environment/ament_prefix_path.sh
[9.556s] -- Installing: /home/prts/RBOT250/install/cpp_pubsub/share/cpp_pubsub/environment/ament_prefix_path.dsv
[9.557s] -- Installing: /home/prts/RBOT250/install/cpp_pubsub/share/cpp_pubsub/environment/path.sh
[9.557s] -- Installing: /home/prts/RBOT250/install/cpp_pubsub/share/cpp_pubsub/environment/path.dsv
[9.557s] -- Installing: /home/prts/RBOT250/install/cpp_pubsub/share/cpp_pubsub/local_setup.bash
[9.557s] -- Installing: /home/prts/RBOT250/install/cpp_pubsub/share/cpp_pubsub/local_setup.sh
[9.557s] -- Installing: /home/prts/RBOT250/install/cpp_pubsub/share/cpp_pubsub/local_setup.zsh
[9.557s] -- Installing: /home/prts/RBOT250/install/cpp_pubsub/share/cpp_pubsub/local_setup.dsv
[9.558s] -- Installing: /home/prts/RBOT250/install/cpp_pubsub/share/cpp_pubsub/package.dsv
[9.558s] -- Installing: /home/prts/RBOT250/install/cpp_pubsub/share/ament_index/resource_index/packages/cpp_pubsub
[9.558s] -- Installing: /home/prts/RBOT250/install/cpp_pubsub/share/cpp_pubsub/cmake/cpp_pubsubConfig.cmake
[9.558s] -- Installing: /home/prts/RBOT250/install/cpp_pubsub/share/cpp_pubsub/cmake/cpp_pubsubConfig-version.cmake
[9.559s] -- Installing: /home/prts/RBOT250/install/cpp_pubsub/share/cpp_pubsub/package.xml
[9.561s] Invoked command in '/home/prts/RBOT250/build/cpp_pubsub' returned '0': /usr/bin/cmake --install /home/prts/RBOT250/build/cpp_pubsub
