[0.396s] Invoking command in '/home/prts/RBOT250/src/learning_tf2_py': PYTHONPATH=/home/prts/RBOT250/install/learning_tf2_py/lib/python3.8/site-packages:${PYTHONPATH} /usr/bin/python3 setup.py egg_info --egg-base ../../build/learning_tf2_py build --build-base /home/prts/RBOT250/build/learning_tf2_py/build install --prefix /home/prts/RBOT250/install/learning_tf2_py --record /home/prts/RBOT250/build/learning_tf2_py/install.log --single-version-externally-managed
[0.703s] running egg_info
[0.703s] writing ../../build/learning_tf2_py/learning_tf2_py.egg-info/PKG-INFO
[0.704s] writing dependency_links to ../../build/learning_tf2_py/learning_tf2_py.egg-info/dependency_links.txt
[0.704s] writing entry points to ../../build/learning_tf2_py/learning_tf2_py.egg-info/entry_points.txt
[0.704s] writing requirements to ../../build/learning_tf2_py/learning_tf2_py.egg-info/requires.txt
[0.705s] writing top-level names to ../../build/learning_tf2_py/learning_tf2_py.egg-info/top_level.txt
[0.708s] reading manifest file '../../build/learning_tf2_py/learning_tf2_py.egg-info/SOURCES.txt'
[0.708s] writing manifest file '../../build/learning_tf2_py/learning_tf2_py.egg-info/SOURCES.txt'
[0.709s] running build
[0.709s] running build_py
[0.709s] /home/prts/.local/lib/python3.8/site-packages/setuptools/command/install.py:34: SetuptoolsDeprecationWarning: setup.py install is deprecated. Use build and pip and other standards-based tools.
[0.710s]   warnings.warn(
[0.710s] running install
[0.710s] running install_lib
[0.712s] running install_data
[0.712s] running install_egg_info
[0.714s] removing '/home/prts/RBOT250/install/learning_tf2_py/lib/python3.8/site-packages/learning_tf2_py-0.0.0-py3.8.egg-info' (and everything under it)
[0.715s] Copying ../../build/learning_tf2_py/learning_tf2_py.egg-info to /home/prts/RBOT250/install/learning_tf2_py/lib/python3.8/site-packages/learning_tf2_py-0.0.0-py3.8.egg-info
[0.715s] running install_scripts
[0.736s] writing list of installed files to '/home/prts/RBOT250/build/learning_tf2_py/install.log'
[0.774s] Invoked command in '/home/prts/RBOT250/src/learning_tf2_py' returned '0': PYTHONPATH=/home/prts/RBOT250/install/learning_tf2_py/lib/python3.8/site-packages:${PYTHONPATH} /usr/bin/python3 setup.py egg_info --egg-base ../../build/learning_tf2_py build --build-base /home/prts/RBOT250/build/learning_tf2_py/build install --prefix /home/prts/RBOT250/install/learning_tf2_py --record /home/prts/RBOT250/build/learning_tf2_py/install.log --single-version-externally-managed
