[0.052s] Invoking command in '/home/prts/RBOT250/src/build/learning_tf2_cpp': /usr/bin/cmake --build /home/prts/RBOT250/src/build/learning_tf2_cpp -- -j4 -l4
[0.384s] -- Found ament_cmake: 1.1.4 (/home/prts/ros2_galactic/ros2-linux/share/ament_cmake/cmake)
[0.385s] -- Using PYTHON_EXECUTABLE: /usr/bin/python3
[0.385s] -- Found geometry_msgs: 2.2.3 (/home/prts/ros2_galactic/ros2-linux/share/geometry_msgs/cmake)
[0.385s] -- Using all available rosidl_typesupport_c: rosidl_typesupport_fastrtps_c;rosidl_typesupport_introspection_c
[0.385s] -- Found rosidl_adapter: 2.2.1 (/home/prts/ros2_galactic/ros2-linux/share/rosidl_adapter/cmake)
[0.385s] -- Using all available rosidl_typesupport_cpp: rosidl_typesupport_fastrtps_cpp;rosidl_typesupport_introspection_cpp
[0.423s] -- Found rclcpp: 9.1.0 (/home/prts/ros2_galactic/ros2-linux/share/rclcpp/cmake)
[0.469s] -- Found rmw_implementation_cmake: 3.3.1 (/home/prts/ros2_galactic/ros2-linux/share/rmw_implementation_cmake/cmake)
[0.472s] -- Found rmw_cyclonedds_cpp: 0.22.3 (/home/prts/ros2_galactic/ros2-linux/share/rmw_cyclonedds_cpp/cmake)
[0.498s] -- Using RMW implementation 'rmw_cyclonedds_cpp' as default
[0.609s] -- Found rclpy: 1.9.0 (/home/prts/ros2_galactic/ros2-linux/share/rclpy/cmake)
[0.609s] -- Found tf2: 0.17.2 (/home/prts/ros2_galactic/ros2-linux/share/tf2/cmake)
[0.622s] -- Found tf2_ros: 0.17.2 (/home/prts/ros2_galactic/ros2-linux/share/tf2_ros/cmake)
[1.008s] -- Found turtlesim: 1.3.3 (/home/prts/ros2_galactic/ros2-linux/share/turtlesim/cmake)
[1.070s] -- Found sensor_msgs: 2.2.3 (/home/prts/ros2_galactic/ros2-linux/share/sensor_msgs/cmake)
[1.153s] -- Found trajectory_msgs: 2.2.3 (/home/prts/ros2_galactic/ros2-linux/share/trajectory_msgs/cmake)
[1.309s] -- Found ament_lint_auto: 0.10.6 (/home/prts/ros2_galactic/ros2-linux/share/ament_lint_auto/cmake)
[1.399s] -- Added test 'copyright' to check source files copyright and LICENSE
[1.400s] -- Added test 'cppcheck' to perform static code analysis on C / C++ code
[1.400s] -- Configured cppcheck include dirs: 
[1.401s] -- Configured cppcheck exclude dirs and/or files: 
[1.401s] -- Added test 'cpplint' to check C / C++ code against the Google style
[1.401s] -- Configured cpplint exclude dirs and/or files: 
[1.402s] -- Added test 'flake8' to check Python code syntax and style conventions
[1.402s] -- Added test 'lint_cmake' to check CMake code style
[1.402s] -- Added test 'pep257' to check Python code against some of the style conventions in PEP 257
[1.403s] -- Added test 'uncrustify' to check C / C++ code style
[1.403s] -- Configured uncrustify additional arguments: 
[1.404s] -- Added test 'xmllint' to check XML markup files
[1.406s] -- Configuring done
[1.422s] -- Generating done
[1.424s] -- Build files have been written to: /home/prts/RBOT250/src/build/learning_tf2_cpp
[1.475s] [  0%] Built target ament_cmake_python_symlink_learning_tf2_cpp
[1.483s] [100%] Built target turtle_tf2_broadcaster
[1.746s] running egg_info
[1.746s] writing learning_tf2_cpp.egg-info/PKG-INFO
[1.747s] writing dependency_links to learning_tf2_cpp.egg-info/dependency_links.txt
[1.747s] writing top-level names to learning_tf2_cpp.egg-info/top_level.txt
[1.751s] reading manifest file 'learning_tf2_cpp.egg-info/SOURCES.txt'
[1.751s] writing manifest file 'learning_tf2_cpp.egg-info/SOURCES.txt'
[1.789s] [100%] Built target ament_cmake_python_build_learning_tf2_cpp_egg
[1.801s] Invoked command in '/home/prts/RBOT250/src/build/learning_tf2_cpp' returned '0': /usr/bin/cmake --build /home/prts/RBOT250/src/build/learning_tf2_cpp -- -j4 -l4
[1.836s] Invoking command in '/home/prts/RBOT250/src/build/learning_tf2_cpp': /usr/bin/cmake --install /home/prts/RBOT250/src/build/learning_tf2_cpp
[1.850s] -- Install configuration: ""
[1.850s] -- Up-to-date: /home/prts/RBOT250/src/install/learning_tf2_cpp/lib/learning_tf2_cpp/turtle_tf2_broadcaster
[1.851s] -- Up-to-date: /home/prts/RBOT250/src/install/learning_tf2_cpp/share/learning_tf2_cpp/launch
[1.851s] -- Up-to-date: /home/prts/RBOT250/src/install/learning_tf2_cpp/share/learning_tf2_cpp/launch/turtle_tf2_demo.launch.py
[1.851s] -- Up-to-date: /home/prts/RBOT250/src/install/learning_tf2_cpp/share/learning_tf2_cpp/environment/pythonpath.sh
[1.851s] -- Installing: /home/prts/RBOT250/src/install/learning_tf2_cpp/share/learning_tf2_cpp/environment/pythonpath.dsv
[1.852s] -- Up-to-date: /home/prts/RBOT250/src/install/learning_tf2_cpp/lib/python3.8/site-packages//learning_tf2_cpp.egg-info
[1.852s] -- Installing: /home/prts/RBOT250/src/install/learning_tf2_cpp/lib/python3.8/site-packages//learning_tf2_cpp.egg-info/PKG-INFO
[1.852s] -- Installing: /home/prts/RBOT250/src/install/learning_tf2_cpp/lib/python3.8/site-packages//learning_tf2_cpp.egg-info/dependency_links.txt
[1.852s] -- Installing: /home/prts/RBOT250/src/install/learning_tf2_cpp/lib/python3.8/site-packages//learning_tf2_cpp.egg-info/SOURCES.txt
[1.852s] -- Installing: /home/prts/RBOT250/src/install/learning_tf2_cpp/lib/python3.8/site-packages//learning_tf2_cpp.egg-info/top_level.txt
[1.853s] -- Up-to-date: /home/prts/RBOT250/src/install/learning_tf2_cpp/lib/python3.8/site-packages/learning_tf2_cpp
[1.853s] -- Up-to-date: /home/prts/RBOT250/src/install/learning_tf2_cpp/lib/python3.8/site-packages/learning_tf2_cpp/__init__.py
[1.886s] Listing '/home/prts/RBOT250/src/install/learning_tf2_cpp/lib/python3.8/site-packages/learning_tf2_cpp'...
[1.891s] -- Up-to-date: /home/prts/RBOT250/src/install/learning_tf2_cpp/lib/learning_tf2_cpp/hello.py
[1.891s] -- Up-to-date: /home/prts/RBOT250/src/install/learning_tf2_cpp/share/ament_index/resource_index/package_run_dependencies/learning_tf2_cpp
[1.891s] -- Up-to-date: /home/prts/RBOT250/src/install/learning_tf2_cpp/share/ament_index/resource_index/parent_prefix_path/learning_tf2_cpp
[1.892s] -- Up-to-date: /home/prts/RBOT250/src/install/learning_tf2_cpp/share/learning_tf2_cpp/environment/ament_prefix_path.sh
[1.892s] -- Installing: /home/prts/RBOT250/src/install/learning_tf2_cpp/share/learning_tf2_cpp/environment/ament_prefix_path.dsv
[1.892s] -- Up-to-date: /home/prts/RBOT250/src/install/learning_tf2_cpp/share/learning_tf2_cpp/environment/path.sh
[1.892s] -- Installing: /home/prts/RBOT250/src/install/learning_tf2_cpp/share/learning_tf2_cpp/environment/path.dsv
[1.892s] -- Up-to-date: /home/prts/RBOT250/src/install/learning_tf2_cpp/share/learning_tf2_cpp/local_setup.bash
[1.893s] -- Up-to-date: /home/prts/RBOT250/src/install/learning_tf2_cpp/share/learning_tf2_cpp/local_setup.sh
[1.893s] -- Up-to-date: /home/prts/RBOT250/src/install/learning_tf2_cpp/share/learning_tf2_cpp/local_setup.zsh
[1.893s] -- Installing: /home/prts/RBOT250/src/install/learning_tf2_cpp/share/learning_tf2_cpp/local_setup.dsv
[1.893s] -- Installing: /home/prts/RBOT250/src/install/learning_tf2_cpp/share/learning_tf2_cpp/package.dsv
[1.893s] -- Up-to-date: /home/prts/RBOT250/src/install/learning_tf2_cpp/share/ament_index/resource_index/packages/learning_tf2_cpp
[1.894s] -- Up-to-date: /home/prts/RBOT250/src/install/learning_tf2_cpp/share/learning_tf2_cpp/cmake/learning_tf2_cppConfig.cmake
[1.894s] -- Up-to-date: /home/prts/RBOT250/src/install/learning_tf2_cpp/share/learning_tf2_cpp/cmake/learning_tf2_cppConfig-version.cmake
[1.894s] -- Up-to-date: /home/prts/RBOT250/src/install/learning_tf2_cpp/share/learning_tf2_cpp/package.xml
[1.900s] Invoked command in '/home/prts/RBOT250/src/build/learning_tf2_cpp' returned '0': /usr/bin/cmake --install /home/prts/RBOT250/src/build/learning_tf2_cpp
