[0.330s] DEBUG:colcon:Command line arguments: ['/usr/bin/colcon', 'build']
[0.330s] DEBUG:colcon:Parsed command line arguments: Namespace(ament_cmake_args=None, base_paths=['.'], build_base='build', catkin_cmake_args=None, catkin_skip_building_tests=False, cmake_args=None, cmake_clean_cache=False, cmake_clean_first=False, cmake_force_configure=False, cmake_target=None, cmake_target_skip_unavailable=False, continue_on_error=False, event_handlers=None, executor='parallel', ignore_user_meta=False, install_base='install', log_base=None, log_level=None, main=<bound method BuildVerb.main of <colcon_core.verb.build.BuildVerb object at 0x7f29c6ded370>>, merge_install=False, metas=['./colcon.meta'], packages_above=None, packages_above_and_dependencies=None, packages_above_depth=None, packages_end=None, packages_ignore=None, packages_ignore_regex=None, packages_select=None, packages_select_build_failed=False, packages_select_by_dep=None, packages_select_regex=None, packages_select_test_failures=False, packages_skip=None, packages_skip_build_finished=False, packages_skip_by_dep=None, packages_skip_regex=None, packages_skip_test_passed=False, packages_skip_up_to=None, packages_start=None, packages_up_to=None, packages_up_to_regex=None, parallel_workers=4, paths=None, symlink_install=False, test_result_base=None, verb_extension=<colcon_core.verb.build.BuildVerb object at 0x7f29c6ded370>, verb_name='build', verb_parser=<colcon_defaults.argument_parser.defaults.DefaultArgumentsDecorator object at 0x7f29c6ded8b0>)
[0.336s] Level 1:colcon.colcon_core.package_discovery:discover_packages(colcon_meta) check parameters
[0.336s] Level 1:colcon.colcon_core.package_discovery:discover_packages(recursive) check parameters
[0.336s] Level 1:colcon.colcon_core.package_discovery:discover_packages(ignore) check parameters
[0.336s] Level 1:colcon.colcon_core.package_discovery:discover_packages(path) check parameters
[0.336s] Level 1:colcon.colcon_core.package_discovery:discover_packages(colcon_meta) discover
[0.336s] Level 1:colcon.colcon_core.package_discovery:discover_packages(recursive) discover
[0.336s] INFO:colcon.colcon_core.package_discovery:Crawling recursively for packages in '/home/prts/RBOT250/src'
[0.336s] Level 1:colcon.colcon_core.package_identification:_identify(.) by extensions ['ignore', 'ignore_ament_install']
[0.336s] Level 1:colcon.colcon_core.package_identification:_identify(.) by extension 'ignore'
[0.336s] Level 1:colcon.colcon_core.package_identification:_identify(.) by extension 'ignore_ament_install'
[0.336s] Level 1:colcon.colcon_core.package_identification:_identify(.) by extensions ['colcon_pkg']
[0.336s] Level 1:colcon.colcon_core.package_identification:_identify(.) by extension 'colcon_pkg'
[0.336s] Level 1:colcon.colcon_core.package_identification:_identify(.) by extensions ['colcon_meta']
[0.336s] Level 1:colcon.colcon_core.package_identification:_identify(.) by extension 'colcon_meta'
[0.336s] Level 1:colcon.colcon_core.package_identification:_identify(.) by extensions ['ros']
[0.337s] Level 1:colcon.colcon_core.package_identification:_identify(.) by extension 'ros'
[0.349s] Level 1:colcon.colcon_core.package_identification:_identify(.) by extensions ['cmake', 'python']
[0.349s] Level 1:colcon.colcon_core.package_identification:_identify(.) by extension 'cmake'
[0.349s] Level 1:colcon.colcon_core.package_identification:_identify(.) by extension 'python'
[0.349s] Level 1:colcon.colcon_core.package_identification:_identify(.) by extensions ['python_setup_py']
[0.349s] Level 1:colcon.colcon_core.package_identification:_identify(.) by extension 'python_setup_py'
[0.349s] Level 1:colcon.colcon_core.package_identification:_identify(build) by extensions ['ignore', 'ignore_ament_install']
[0.349s] Level 1:colcon.colcon_core.package_identification:_identify(build) by extension 'ignore'
[0.349s] Level 1:colcon.colcon_core.package_identification:_identify(build) ignored
[0.349s] Level 1:colcon.colcon_core.package_identification:_identify(cpp_pubsub) by extensions ['ignore', 'ignore_ament_install']
[0.349s] Level 1:colcon.colcon_core.package_identification:_identify(cpp_pubsub) by extension 'ignore'
[0.349s] Level 1:colcon.colcon_core.package_identification:_identify(cpp_pubsub) by extension 'ignore_ament_install'
[0.349s] Level 1:colcon.colcon_core.package_identification:_identify(cpp_pubsub) by extensions ['colcon_pkg']
[0.350s] Level 1:colcon.colcon_core.package_identification:_identify(cpp_pubsub) by extension 'colcon_pkg'
[0.350s] Level 1:colcon.colcon_core.package_identification:_identify(cpp_pubsub) by extensions ['colcon_meta']
[0.350s] Level 1:colcon.colcon_core.package_identification:_identify(cpp_pubsub) by extension 'colcon_meta'
[0.350s] Level 1:colcon.colcon_core.package_identification:_identify(cpp_pubsub) by extensions ['ros']
[0.350s] Level 1:colcon.colcon_core.package_identification:_identify(cpp_pubsub) by extension 'ros'
[0.352s] DEBUG:colcon.colcon_core.package_identification:Package 'cpp_pubsub' with type 'ros.ament_cmake' and name 'cpp_pubsub'
[0.352s] Level 1:colcon.colcon_core.package_identification:_identify(install) by extensions ['ignore', 'ignore_ament_install']
[0.352s] Level 1:colcon.colcon_core.package_identification:_identify(install) by extension 'ignore'
[0.352s] Level 1:colcon.colcon_core.package_identification:_identify(install) ignored
[0.353s] Level 1:colcon.colcon_core.package_identification:_identify(learning_tf2_cpp) by extensions ['ignore', 'ignore_ament_install']
[0.353s] Level 1:colcon.colcon_core.package_identification:_identify(learning_tf2_cpp) by extension 'ignore'
[0.353s] Level 1:colcon.colcon_core.package_identification:_identify(learning_tf2_cpp) by extension 'ignore_ament_install'
[0.353s] Level 1:colcon.colcon_core.package_identification:_identify(learning_tf2_cpp) by extensions ['colcon_pkg']
[0.353s] Level 1:colcon.colcon_core.package_identification:_identify(learning_tf2_cpp) by extension 'colcon_pkg'
[0.353s] Level 1:colcon.colcon_core.package_identification:_identify(learning_tf2_cpp) by extensions ['colcon_meta']
[0.353s] Level 1:colcon.colcon_core.package_identification:_identify(learning_tf2_cpp) by extension 'colcon_meta'
[0.353s] Level 1:colcon.colcon_core.package_identification:_identify(learning_tf2_cpp) by extensions ['ros']
[0.353s] Level 1:colcon.colcon_core.package_identification:_identify(learning_tf2_cpp) by extension 'ros'
[0.354s] DEBUG:colcon.colcon_core.package_identification:Package 'learning_tf2_cpp' with type 'ros.ament_cmake' and name 'learning_tf2_cpp'
[0.355s] Level 1:colcon.colcon_core.package_identification:_identify(learning_tf2_py) by extensions ['ignore', 'ignore_ament_install']
[0.355s] Level 1:colcon.colcon_core.package_identification:_identify(learning_tf2_py) by extension 'ignore'
[0.355s] Level 1:colcon.colcon_core.package_identification:_identify(learning_tf2_py) by extension 'ignore_ament_install'
[0.355s] Level 1:colcon.colcon_core.package_identification:_identify(learning_tf2_py) by extensions ['colcon_pkg']
[0.355s] Level 1:colcon.colcon_core.package_identification:_identify(learning_tf2_py) by extension 'colcon_pkg'
[0.355s] Level 1:colcon.colcon_core.package_identification:_identify(learning_tf2_py) by extensions ['colcon_meta']
[0.355s] Level 1:colcon.colcon_core.package_identification:_identify(learning_tf2_py) by extension 'colcon_meta'
[0.355s] Level 1:colcon.colcon_core.package_identification:_identify(learning_tf2_py) by extensions ['ros']
[0.355s] Level 1:colcon.colcon_core.package_identification:_identify(learning_tf2_py) by extension 'ros'
[0.355s] DEBUG:colcon.colcon_core.package_identification:Package 'learning_tf2_py' with type 'ros.ament_python' and name 'learning_tf2_py'
[0.356s] Level 1:colcon.colcon_core.package_identification:_identify(log) by extensions ['ignore', 'ignore_ament_install']
[0.356s] Level 1:colcon.colcon_core.package_identification:_identify(log) by extension 'ignore'
[0.356s] Level 1:colcon.colcon_core.package_identification:_identify(log) ignored
[0.356s] Level 1:colcon.colcon_core.package_discovery:discover_packages(recursive) using defaults
[0.356s] Level 1:colcon.colcon_core.package_discovery:discover_packages(ignore) discover
[0.356s] Level 1:colcon.colcon_core.package_discovery:discover_packages(ignore) using defaults
[0.356s] Level 1:colcon.colcon_core.package_discovery:discover_packages(path) discover
[0.356s] Level 1:colcon.colcon_core.package_discovery:discover_packages(path) using defaults
[0.380s] Level 5:colcon.colcon_core.verb:set package 'cpp_pubsub' build argument 'cmake_args' from command line to 'None'
[0.380s] Level 5:colcon.colcon_core.verb:set package 'cpp_pubsub' build argument 'cmake_target' from command line to 'None'
[0.380s] Level 5:colcon.colcon_core.verb:set package 'cpp_pubsub' build argument 'cmake_target_skip_unavailable' from command line to 'False'
[0.380s] Level 5:colcon.colcon_core.verb:set package 'cpp_pubsub' build argument 'cmake_clean_cache' from command line to 'False'
[0.380s] Level 5:colcon.colcon_core.verb:set package 'cpp_pubsub' build argument 'cmake_clean_first' from command line to 'False'
[0.380s] Level 5:colcon.colcon_core.verb:set package 'cpp_pubsub' build argument 'cmake_force_configure' from command line to 'False'
[0.380s] Level 5:colcon.colcon_core.verb:set package 'cpp_pubsub' build argument 'ament_cmake_args' from command line to 'None'
[0.380s] Level 5:colcon.colcon_core.verb:set package 'cpp_pubsub' build argument 'catkin_cmake_args' from command line to 'None'
[0.380s] Level 5:colcon.colcon_core.verb:set package 'cpp_pubsub' build argument 'catkin_skip_building_tests' from command line to 'False'
[0.381s] DEBUG:colcon.colcon_core.verb:Building package 'cpp_pubsub' with the following arguments: {'ament_cmake_args': None, 'build_base': '/home/prts/RBOT250/src/build/cpp_pubsub', 'catkin_cmake_args': None, 'catkin_skip_building_tests': False, 'cmake_args': None, 'cmake_clean_cache': False, 'cmake_clean_first': False, 'cmake_force_configure': False, 'cmake_target': None, 'cmake_target_skip_unavailable': False, 'install_base': '/home/prts/RBOT250/src/install/cpp_pubsub', 'merge_install': False, 'path': '/home/prts/RBOT250/src/cpp_pubsub', 'symlink_install': False, 'test_result_base': None}
[0.384s] Level 5:colcon.colcon_core.verb:set package 'learning_tf2_cpp' build argument 'cmake_args' from command line to 'None'
[0.384s] Level 5:colcon.colcon_core.verb:set package 'learning_tf2_cpp' build argument 'cmake_target' from command line to 'None'
[0.384s] Level 5:colcon.colcon_core.verb:set package 'learning_tf2_cpp' build argument 'cmake_target_skip_unavailable' from command line to 'False'
[0.384s] Level 5:colcon.colcon_core.verb:set package 'learning_tf2_cpp' build argument 'cmake_clean_cache' from command line to 'False'
[0.384s] Level 5:colcon.colcon_core.verb:set package 'learning_tf2_cpp' build argument 'cmake_clean_first' from command line to 'False'
[0.384s] Level 5:colcon.colcon_core.verb:set package 'learning_tf2_cpp' build argument 'cmake_force_configure' from command line to 'False'
[0.384s] Level 5:colcon.colcon_core.verb:set package 'learning_tf2_cpp' build argument 'ament_cmake_args' from command line to 'None'
[0.384s] Level 5:colcon.colcon_core.verb:set package 'learning_tf2_cpp' build argument 'catkin_cmake_args' from command line to 'None'
[0.384s] Level 5:colcon.colcon_core.verb:set package 'learning_tf2_cpp' build argument 'catkin_skip_building_tests' from command line to 'False'
[0.384s] DEBUG:colcon.colcon_core.verb:Building package 'learning_tf2_cpp' with the following arguments: {'ament_cmake_args': None, 'build_base': '/home/prts/RBOT250/src/build/learning_tf2_cpp', 'catkin_cmake_args': None, 'catkin_skip_building_tests': False, 'cmake_args': None, 'cmake_clean_cache': False, 'cmake_clean_first': False, 'cmake_force_configure': False, 'cmake_target': None, 'cmake_target_skip_unavailable': False, 'install_base': '/home/prts/RBOT250/src/install/learning_tf2_cpp', 'merge_install': False, 'path': '/home/prts/RBOT250/src/learning_tf2_cpp', 'symlink_install': False, 'test_result_base': None}
[0.387s] Level 5:colcon.colcon_core.verb:set package 'learning_tf2_py' build argument 'cmake_args' from command line to 'None'
[0.387s] Level 5:colcon.colcon_core.verb:set package 'learning_tf2_py' build argument 'cmake_target' from command line to 'None'
[0.387s] Level 5:colcon.colcon_core.verb:set package 'learning_tf2_py' build argument 'cmake_target_skip_unavailable' from command line to 'False'
[0.387s] Level 5:colcon.colcon_core.verb:set package 'learning_tf2_py' build argument 'cmake_clean_cache' from command line to 'False'
[0.387s] Level 5:colcon.colcon_core.verb:set package 'learning_tf2_py' build argument 'cmake_clean_first' from command line to 'False'
[0.387s] Level 5:colcon.colcon_core.verb:set package 'learning_tf2_py' build argument 'cmake_force_configure' from command line to 'False'
[0.387s] Level 5:colcon.colcon_core.verb:set package 'learning_tf2_py' build argument 'ament_cmake_args' from command line to 'None'
[0.387s] Level 5:colcon.colcon_core.verb:set package 'learning_tf2_py' build argument 'catkin_cmake_args' from command line to 'None'
[0.387s] Level 5:colcon.colcon_core.verb:set package 'learning_tf2_py' build argument 'catkin_skip_building_tests' from command line to 'False'
[0.387s] DEBUG:colcon.colcon_core.verb:Building package 'learning_tf2_py' with the following arguments: {'ament_cmake_args': None, 'build_base': '/home/prts/RBOT250/src/build/learning_tf2_py', 'catkin_cmake_args': None, 'catkin_skip_building_tests': False, 'cmake_args': None, 'cmake_clean_cache': False, 'cmake_clean_first': False, 'cmake_force_configure': False, 'cmake_target': None, 'cmake_target_skip_unavailable': False, 'install_base': '/home/prts/RBOT250/src/install/learning_tf2_py', 'merge_install': False, 'path': '/home/prts/RBOT250/src/learning_tf2_py', 'symlink_install': False, 'test_result_base': None}
[0.388s] INFO:colcon.colcon_core.executor:Executing jobs using 'parallel' executor
[0.390s] DEBUG:colcon.colcon_parallel_executor.executor.parallel:run_until_complete
[0.390s] INFO:colcon.colcon_ros.task.ament_cmake.build:Building ROS package in '/home/prts/RBOT250/src/cpp_pubsub' with build type 'ament_cmake'
[0.391s] INFO:colcon.colcon_cmake.task.cmake.build:Building CMake package in '/home/prts/RBOT250/src/cpp_pubsub'
[0.396s] INFO:colcon.colcon_core.plugin_system:Skipping extension 'colcon_core.shell.bat': Not used on non-Windows systems
[0.396s] INFO:colcon.colcon_core.shell:Skip shell extension 'powershell' for command environment: Not usable outside of PowerShell
[0.396s] DEBUG:colcon.colcon_core.shell:Skip shell extension 'dsv' for command environment
[0.405s] INFO:colcon.colcon_ros.task.ament_cmake.build:Building ROS package in '/home/prts/RBOT250/src/learning_tf2_cpp' with build type 'ament_cmake'
[0.406s] INFO:colcon.colcon_cmake.task.cmake.build:Building CMake package in '/home/prts/RBOT250/src/learning_tf2_cpp'
[0.407s] INFO:colcon.colcon_core.shell:Skip shell extension 'powershell' for command environment: Not usable outside of PowerShell
[0.407s] DEBUG:colcon.colcon_core.shell:Skip shell extension 'dsv' for command environment
[0.415s] INFO:colcon.colcon_ros.task.ament_python.build:Building ROS package in '/home/prts/RBOT250/src/learning_tf2_py' with build type 'ament_python'
[0.415s] Level 1:colcon.colcon_core.shell:create_environment_hook('learning_tf2_py', 'ament_prefix_path')
[0.417s] INFO:colcon.colcon_core.shell:Creating environment hook '/home/prts/RBOT250/src/install/learning_tf2_py/share/learning_tf2_py/hook/ament_prefix_path.ps1'
[0.418s] INFO:colcon.colcon_core.shell:Creating environment descriptor '/home/prts/RBOT250/src/install/learning_tf2_py/share/learning_tf2_py/hook/ament_prefix_path.dsv'
[0.418s] INFO:colcon.colcon_core.shell:Creating environment hook '/home/prts/RBOT250/src/install/learning_tf2_py/share/learning_tf2_py/hook/ament_prefix_path.sh'
[0.419s] INFO:colcon.colcon_core.shell:Skip shell extension 'powershell' for command environment: Not usable outside of PowerShell
[0.420s] DEBUG:colcon.colcon_core.shell:Skip shell extension 'dsv' for command environment
[0.437s] DEBUG:colcon.colcon_core.event_handler.log_command:Invoking command in '/home/prts/RBOT250/src/build/cpp_pubsub': /usr/bin/cmake --build /home/prts/RBOT250/src/build/cpp_pubsub -- -j4 -l4
[0.443s] DEBUG:colcon.colcon_core.event_handler.log_command:Invoking command in '/home/prts/RBOT250/src/build/learning_tf2_cpp': /usr/bin/cmake --build /home/prts/RBOT250/src/build/learning_tf2_cpp -- -j4 -l4
[0.751s] INFO:colcon.colcon_core.task.python.build:Building Python package in '/home/prts/RBOT250/src/learning_tf2_py'
[0.753s] INFO:colcon.colcon_core.shell:Skip shell extension 'powershell' for command environment: Not usable outside of PowerShell
[0.753s] DEBUG:colcon.colcon_core.shell:Skip shell extension 'dsv' for command environment
[0.768s] DEBUG:colcon.colcon_core.event_handler.log_command:Invoked command in '/home/prts/RBOT250/src/build/cpp_pubsub' returned '0': /usr/bin/cmake --build /home/prts/RBOT250/src/build/cpp_pubsub -- -j4 -l4
[0.780s] DEBUG:colcon.colcon_core.event_handler.log_command:Invoking command in '/home/prts/RBOT250/src/learning_tf2_py': PYTHONPATH=/home/prts/RBOT250/src/install/learning_tf2_py/lib/python3.8/site-packages:${PYTHONPATH} /usr/bin/python3 setup.py egg_info --egg-base ../build/learning_tf2_py build --build-base /home/prts/RBOT250/src/build/learning_tf2_py/build install --prefix /home/prts/RBOT250/src/install/learning_tf2_py --record /home/prts/RBOT250/src/build/learning_tf2_py/install.log --single-version-externally-managed
[0.826s] DEBUG:colcon.colcon_core.event_handler.log_command:Invoking command in '/home/prts/RBOT250/src/build/cpp_pubsub': /usr/bin/cmake --install /home/prts/RBOT250/src/build/cpp_pubsub
[0.843s] Level 1:colcon.colcon_core.environment:create_environment_scripts_only(cpp_pubsub)
[0.847s] DEBUG:colcon.colcon_core.event_handler.log_command:Invoked command in '/home/prts/RBOT250/src/build/cpp_pubsub' returned '0': /usr/bin/cmake --install /home/prts/RBOT250/src/build/cpp_pubsub
[0.853s] Level 1:colcon.colcon_core.environment:checking '/home/prts/RBOT250/src/install/cpp_pubsub' for CMake module files
[0.854s] Level 1:colcon.colcon_core.environment:checking '/home/prts/RBOT250/src/install/cpp_pubsub' for CMake config files
[0.855s] Level 1:colcon.colcon_core.shell:create_environment_hook('cpp_pubsub', 'cmake_prefix_path')
[0.857s] INFO:colcon.colcon_core.shell:Creating environment hook '/home/prts/RBOT250/src/install/cpp_pubsub/share/cpp_pubsub/hook/cmake_prefix_path.ps1'
[0.858s] INFO:colcon.colcon_core.shell:Creating environment descriptor '/home/prts/RBOT250/src/install/cpp_pubsub/share/cpp_pubsub/hook/cmake_prefix_path.dsv'
[0.859s] INFO:colcon.colcon_core.shell:Creating environment hook '/home/prts/RBOT250/src/install/cpp_pubsub/share/cpp_pubsub/hook/cmake_prefix_path.sh'
[0.859s] Level 1:colcon.colcon_core.environment:checking '/home/prts/RBOT250/src/install/cpp_pubsub/lib'
[0.860s] Level 1:colcon.colcon_core.environment:checking '/home/prts/RBOT250/src/install/cpp_pubsub/bin'
[0.860s] Level 1:colcon.colcon_core.environment:checking '/home/prts/RBOT250/src/install/cpp_pubsub/lib/pkgconfig/cpp_pubsub.pc'
[0.860s] Level 1:colcon.colcon_core.environment:checking '/home/prts/RBOT250/src/install/cpp_pubsub/lib/python3.8/site-packages'
[0.861s] INFO:colcon.colcon_core.shell:Creating package script '/home/prts/RBOT250/src/install/cpp_pubsub/share/cpp_pubsub/package.ps1'
[0.862s] INFO:colcon.colcon_core.shell:Creating package descriptor '/home/prts/RBOT250/src/install/cpp_pubsub/share/cpp_pubsub/package.dsv'
[0.863s] INFO:colcon.colcon_core.shell:Creating package script '/home/prts/RBOT250/src/install/cpp_pubsub/share/cpp_pubsub/package.sh'
[0.864s] INFO:colcon.colcon_core.shell:Creating package script '/home/prts/RBOT250/src/install/cpp_pubsub/share/cpp_pubsub/package.bash'
[0.865s] INFO:colcon.colcon_core.shell:Creating package script '/home/prts/RBOT250/src/install/cpp_pubsub/share/cpp_pubsub/package.zsh'
[0.865s] Level 1:colcon.colcon_core.environment:create_file_with_runtime_dependencies(/home/prts/RBOT250/src/install/cpp_pubsub/share/colcon-core/packages/cpp_pubsub)
[0.885s] DEBUG:colcon.colcon_core.event_handler.log_command:Invoked command in '/home/prts/RBOT250/src/build/learning_tf2_cpp' returned '0': /usr/bin/cmake --build /home/prts/RBOT250/src/build/learning_tf2_cpp -- -j4 -l4
[0.904s] Level 1:colcon.colcon_core.environment:create_environment_scripts_only(cpp_pubsub)
[0.905s] Level 1:colcon.colcon_core.environment:checking '/home/prts/RBOT250/src/install/cpp_pubsub' for CMake module files
[0.905s] Level 1:colcon.colcon_core.environment:checking '/home/prts/RBOT250/src/install/cpp_pubsub' for CMake config files
[0.906s] Level 1:colcon.colcon_core.shell:create_environment_hook('cpp_pubsub', 'cmake_prefix_path')
[0.907s] INFO:colcon.colcon_core.shell:Creating environment hook '/home/prts/RBOT250/src/install/cpp_pubsub/share/cpp_pubsub/hook/cmake_prefix_path.ps1'
[0.907s] INFO:colcon.colcon_core.shell:Creating environment descriptor '/home/prts/RBOT250/src/install/cpp_pubsub/share/cpp_pubsub/hook/cmake_prefix_path.dsv'
[0.908s] INFO:colcon.colcon_core.shell:Creating environment hook '/home/prts/RBOT250/src/install/cpp_pubsub/share/cpp_pubsub/hook/cmake_prefix_path.sh'
[0.908s] Level 1:colcon.colcon_core.environment:checking '/home/prts/RBOT250/src/install/cpp_pubsub/lib'
[0.908s] Level 1:colcon.colcon_core.environment:checking '/home/prts/RBOT250/src/install/cpp_pubsub/bin'
[0.908s] Level 1:colcon.colcon_core.environment:checking '/home/prts/RBOT250/src/install/cpp_pubsub/lib/pkgconfig/cpp_pubsub.pc'
[0.909s] Level 1:colcon.colcon_core.environment:checking '/home/prts/RBOT250/src/install/cpp_pubsub/lib/python3.8/site-packages'
[0.909s] INFO:colcon.colcon_core.shell:Creating package script '/home/prts/RBOT250/src/install/cpp_pubsub/share/cpp_pubsub/package.ps1'
[0.910s] INFO:colcon.colcon_core.shell:Creating package descriptor '/home/prts/RBOT250/src/install/cpp_pubsub/share/cpp_pubsub/package.dsv'
[0.911s] INFO:colcon.colcon_core.shell:Creating package script '/home/prts/RBOT250/src/install/cpp_pubsub/share/cpp_pubsub/package.sh'
[0.911s] INFO:colcon.colcon_core.shell:Creating package script '/home/prts/RBOT250/src/install/cpp_pubsub/share/cpp_pubsub/package.bash'
[0.911s] INFO:colcon.colcon_core.shell:Creating package script '/home/prts/RBOT250/src/install/cpp_pubsub/share/cpp_pubsub/package.zsh'
[0.912s] Level 1:colcon.colcon_core.environment:create_file_with_runtime_dependencies(/home/prts/RBOT250/src/install/cpp_pubsub/share/colcon-core/packages/cpp_pubsub)
[0.916s] DEBUG:colcon.colcon_core.event_handler.log_command:Invoking command in '/home/prts/RBOT250/src/build/learning_tf2_cpp': /usr/bin/cmake --install /home/prts/RBOT250/src/build/learning_tf2_cpp
[0.971s] Level 1:colcon.colcon_core.environment:create_environment_scripts_only(learning_tf2_cpp)
[0.973s] Level 1:colcon.colcon_core.environment:checking '/home/prts/RBOT250/src/install/learning_tf2_cpp' for CMake module files
[0.974s] DEBUG:colcon.colcon_core.event_handler.log_command:Invoked command in '/home/prts/RBOT250/src/build/learning_tf2_cpp' returned '0': /usr/bin/cmake --install /home/prts/RBOT250/src/build/learning_tf2_cpp
[0.974s] Level 1:colcon.colcon_core.environment:checking '/home/prts/RBOT250/src/install/learning_tf2_cpp' for CMake config files
[0.974s] Level 1:colcon.colcon_core.shell:create_environment_hook('learning_tf2_cpp', 'cmake_prefix_path')
[0.975s] INFO:colcon.colcon_core.shell:Creating environment hook '/home/prts/RBOT250/src/install/learning_tf2_cpp/share/learning_tf2_cpp/hook/cmake_prefix_path.ps1'
[0.976s] INFO:colcon.colcon_core.shell:Creating environment descriptor '/home/prts/RBOT250/src/install/learning_tf2_cpp/share/learning_tf2_cpp/hook/cmake_prefix_path.dsv'
[0.976s] INFO:colcon.colcon_core.shell:Creating environment hook '/home/prts/RBOT250/src/install/learning_tf2_cpp/share/learning_tf2_cpp/hook/cmake_prefix_path.sh'
[0.976s] Level 1:colcon.colcon_core.environment:checking '/home/prts/RBOT250/src/install/learning_tf2_cpp/lib'
[0.976s] Level 1:colcon.colcon_core.environment:checking '/home/prts/RBOT250/src/install/learning_tf2_cpp/bin'
[0.977s] Level 1:colcon.colcon_core.environment:checking '/home/prts/RBOT250/src/install/learning_tf2_cpp/lib/pkgconfig/learning_tf2_cpp.pc'
[0.977s] Level 1:colcon.colcon_core.environment:checking '/home/prts/RBOT250/src/install/learning_tf2_cpp/lib/python3.8/site-packages'
[0.977s] Level 1:colcon.colcon_core.shell:create_environment_hook('learning_tf2_cpp', 'pythonpath')
[0.978s] INFO:colcon.colcon_core.shell:Creating environment hook '/home/prts/RBOT250/src/install/learning_tf2_cpp/share/learning_tf2_cpp/hook/pythonpath.ps1'
[0.978s] INFO:colcon.colcon_core.shell:Creating environment descriptor '/home/prts/RBOT250/src/install/learning_tf2_cpp/share/learning_tf2_cpp/hook/pythonpath.dsv'
[0.979s] INFO:colcon.colcon_core.shell:Creating environment hook '/home/prts/RBOT250/src/install/learning_tf2_cpp/share/learning_tf2_cpp/hook/pythonpath.sh'
[0.981s] INFO:colcon.colcon_core.shell:Creating package script '/home/prts/RBOT250/src/install/learning_tf2_cpp/share/learning_tf2_cpp/package.ps1'
[0.982s] INFO:colcon.colcon_core.shell:Creating package descriptor '/home/prts/RBOT250/src/install/learning_tf2_cpp/share/learning_tf2_cpp/package.dsv'
[0.983s] INFO:colcon.colcon_core.shell:Creating package script '/home/prts/RBOT250/src/install/learning_tf2_cpp/share/learning_tf2_cpp/package.sh'
[0.984s] INFO:colcon.colcon_core.shell:Creating package script '/home/prts/RBOT250/src/install/learning_tf2_cpp/share/learning_tf2_cpp/package.bash'
[0.985s] INFO:colcon.colcon_core.shell:Creating package script '/home/prts/RBOT250/src/install/learning_tf2_cpp/share/learning_tf2_cpp/package.zsh'
[0.986s] Level 1:colcon.colcon_core.environment:create_file_with_runtime_dependencies(/home/prts/RBOT250/src/install/learning_tf2_cpp/share/colcon-core/packages/learning_tf2_cpp)
[1.022s] Level 1:colcon.colcon_core.environment:create_environment_scripts_only(learning_tf2_cpp)
[1.024s] Level 1:colcon.colcon_core.environment:checking '/home/prts/RBOT250/src/install/learning_tf2_cpp' for CMake module files
[1.025s] Level 1:colcon.colcon_core.environment:checking '/home/prts/RBOT250/src/install/learning_tf2_cpp' for CMake config files
[1.026s] Level 1:colcon.colcon_core.shell:create_environment_hook('learning_tf2_cpp', 'cmake_prefix_path')
[1.028s] INFO:colcon.colcon_core.shell:Creating environment hook '/home/prts/RBOT250/src/install/learning_tf2_cpp/share/learning_tf2_cpp/hook/cmake_prefix_path.ps1'
[1.029s] INFO:colcon.colcon_core.shell:Creating environment descriptor '/home/prts/RBOT250/src/install/learning_tf2_cpp/share/learning_tf2_cpp/hook/cmake_prefix_path.dsv'
[1.029s] INFO:colcon.colcon_core.shell:Creating environment hook '/home/prts/RBOT250/src/install/learning_tf2_cpp/share/learning_tf2_cpp/hook/cmake_prefix_path.sh'
[1.031s] Level 1:colcon.colcon_core.environment:checking '/home/prts/RBOT250/src/install/learning_tf2_cpp/lib'
[1.031s] Level 1:colcon.colcon_core.environment:checking '/home/prts/RBOT250/src/install/learning_tf2_cpp/bin'
[1.031s] Level 1:colcon.colcon_core.environment:checking '/home/prts/RBOT250/src/install/learning_tf2_cpp/lib/pkgconfig/learning_tf2_cpp.pc'
[1.031s] Level 1:colcon.colcon_core.environment:checking '/home/prts/RBOT250/src/install/learning_tf2_cpp/lib/python3.8/site-packages'
[1.031s] Level 1:colcon.colcon_core.shell:create_environment_hook('learning_tf2_cpp', 'pythonpath')
[1.032s] INFO:colcon.colcon_core.shell:Creating environment hook '/home/prts/RBOT250/src/install/learning_tf2_cpp/share/learning_tf2_cpp/hook/pythonpath.ps1'
[1.032s] INFO:colcon.colcon_core.shell:Creating environment descriptor '/home/prts/RBOT250/src/install/learning_tf2_cpp/share/learning_tf2_cpp/hook/pythonpath.dsv'
[1.032s] INFO:colcon.colcon_core.shell:Creating environment hook '/home/prts/RBOT250/src/install/learning_tf2_cpp/share/learning_tf2_cpp/hook/pythonpath.sh'
[1.033s] INFO:colcon.colcon_core.shell:Creating package script '/home/prts/RBOT250/src/install/learning_tf2_cpp/share/learning_tf2_cpp/package.ps1'
[1.034s] INFO:colcon.colcon_core.shell:Creating package descriptor '/home/prts/RBOT250/src/install/learning_tf2_cpp/share/learning_tf2_cpp/package.dsv'
[1.035s] INFO:colcon.colcon_core.shell:Creating package script '/home/prts/RBOT250/src/install/learning_tf2_cpp/share/learning_tf2_cpp/package.sh'
[1.035s] INFO:colcon.colcon_core.shell:Creating package script '/home/prts/RBOT250/src/install/learning_tf2_cpp/share/learning_tf2_cpp/package.bash'
[1.035s] INFO:colcon.colcon_core.shell:Creating package script '/home/prts/RBOT250/src/install/learning_tf2_cpp/share/learning_tf2_cpp/package.zsh'
[1.036s] Level 1:colcon.colcon_core.environment:create_file_with_runtime_dependencies(/home/prts/RBOT250/src/install/learning_tf2_cpp/share/colcon-core/packages/learning_tf2_cpp)
[1.135s] Level 1:colcon.colcon_core.environment:checking '/home/prts/RBOT250/src/install/learning_tf2_py' for CMake module files
[1.136s] DEBUG:colcon.colcon_core.event_handler.log_command:Invoked command in '/home/prts/RBOT250/src/learning_tf2_py' returned '0': PYTHONPATH=/home/prts/RBOT250/src/install/learning_tf2_py/lib/python3.8/site-packages:${PYTHONPATH} /usr/bin/python3 setup.py egg_info --egg-base ../build/learning_tf2_py build --build-base /home/prts/RBOT250/src/build/learning_tf2_py/build install --prefix /home/prts/RBOT250/src/install/learning_tf2_py --record /home/prts/RBOT250/src/build/learning_tf2_py/install.log --single-version-externally-managed
[1.137s] Level 1:colcon.colcon_core.environment:checking '/home/prts/RBOT250/src/install/learning_tf2_py' for CMake config files
[1.138s] Level 1:colcon.colcon_core.environment:checking '/home/prts/RBOT250/src/install/learning_tf2_py/lib'
[1.138s] Level 1:colcon.colcon_core.environment:checking '/home/prts/RBOT250/src/install/learning_tf2_py/bin'
[1.138s] Level 1:colcon.colcon_core.environment:checking '/home/prts/RBOT250/src/install/learning_tf2_py/lib/pkgconfig/learning_tf2_py.pc'
[1.138s] Level 1:colcon.colcon_core.environment:checking '/home/prts/RBOT250/src/install/learning_tf2_py/lib/python3.8/site-packages'
[1.138s] Level 1:colcon.colcon_core.shell:create_environment_hook('learning_tf2_py', 'pythonpath')
[1.140s] INFO:colcon.colcon_core.shell:Creating environment hook '/home/prts/RBOT250/src/install/learning_tf2_py/share/learning_tf2_py/hook/pythonpath.ps1'
[1.141s] INFO:colcon.colcon_core.shell:Creating environment descriptor '/home/prts/RBOT250/src/install/learning_tf2_py/share/learning_tf2_py/hook/pythonpath.dsv'
[1.141s] INFO:colcon.colcon_core.shell:Creating environment hook '/home/prts/RBOT250/src/install/learning_tf2_py/share/learning_tf2_py/hook/pythonpath.sh'
[1.142s] Level 1:colcon.colcon_core.environment:create_environment_scripts_only(learning_tf2_py)
[1.143s] INFO:colcon.colcon_core.shell:Creating package script '/home/prts/RBOT250/src/install/learning_tf2_py/share/learning_tf2_py/package.ps1'
[1.143s] INFO:colcon.colcon_core.shell:Creating package descriptor '/home/prts/RBOT250/src/install/learning_tf2_py/share/learning_tf2_py/package.dsv'
[1.144s] INFO:colcon.colcon_core.shell:Creating package script '/home/prts/RBOT250/src/install/learning_tf2_py/share/learning_tf2_py/package.sh'
[1.144s] INFO:colcon.colcon_core.shell:Creating package script '/home/prts/RBOT250/src/install/learning_tf2_py/share/learning_tf2_py/package.bash'
[1.145s] INFO:colcon.colcon_core.shell:Creating package script '/home/prts/RBOT250/src/install/learning_tf2_py/share/learning_tf2_py/package.zsh'
[1.145s] Level 1:colcon.colcon_core.environment:create_file_with_runtime_dependencies(/home/prts/RBOT250/src/install/learning_tf2_py/share/colcon-core/packages/learning_tf2_py)
[1.145s] DEBUG:colcon.colcon_parallel_executor.executor.parallel:closing loop
[1.146s] DEBUG:colcon.colcon_parallel_executor.executor.parallel:loop closed
[1.146s] DEBUG:colcon.colcon_parallel_executor.executor.parallel:run_until_complete finished with '0'
[1.146s] DEBUG:colcon.colcon_core.event_reactor:joining thread
[1.158s] INFO:colcon.colcon_core.plugin_system:Skipping extension 'colcon_notification.desktop_notification.terminal_notifier': Not used on non-Darwin systems
[1.159s] INFO:colcon.colcon_core.plugin_system:Skipping extension 'colcon_notification.desktop_notification.win32': Not used on non-Windows systems
[1.159s] INFO:colcon.colcon_notification.desktop_notification:Sending desktop notification using 'notify2'
[1.186s] DEBUG:colcon.colcon_core.event_reactor:joined thread
[1.187s] INFO:colcon.colcon_core.shell:Creating prefix script '/home/prts/RBOT250/src/install/local_setup.ps1'
[1.189s] INFO:colcon.colcon_core.shell:Creating prefix util module '/home/prts/RBOT250/src/install/_local_setup_util_ps1.py'
[1.190s] INFO:colcon.colcon_core.shell:Creating prefix chain script '/home/prts/RBOT250/src/install/setup.ps1'
[1.194s] INFO:colcon.colcon_core.shell:Creating prefix script '/home/prts/RBOT250/src/install/local_setup.sh'
[1.195s] INFO:colcon.colcon_core.shell:Creating prefix util module '/home/prts/RBOT250/src/install/_local_setup_util_sh.py'
[1.195s] INFO:colcon.colcon_core.shell:Creating prefix chain script '/home/prts/RBOT250/src/install/setup.sh'
[1.199s] INFO:colcon.colcon_core.shell:Creating prefix script '/home/prts/RBOT250/src/install/local_setup.bash'
[1.199s] INFO:colcon.colcon_core.shell:Creating prefix chain script '/home/prts/RBOT250/src/install/setup.bash'
[1.203s] INFO:colcon.colcon_core.shell:Creating prefix script '/home/prts/RBOT250/src/install/local_setup.zsh'
[1.203s] INFO:colcon.colcon_core.shell:Creating prefix chain script '/home/prts/RBOT250/src/install/setup.zsh'
