[0.336s] DEBUG:colcon:Command line arguments: ['/usr/bin/colcon', 'build']
[0.336s] DEBUG:colcon:Parsed command line arguments: Namespace(ament_cmake_args=None, base_paths=['.'], build_base='build', catkin_cmake_args=None, catkin_skip_building_tests=False, cmake_args=None, cmake_clean_cache=False, cmake_clean_first=False, cmake_force_configure=False, cmake_target=None, cmake_target_skip_unavailable=False, continue_on_error=False, event_handlers=None, executor='parallel', ignore_user_meta=False, install_base='install', log_base=None, log_level=None, main=<bound method BuildVerb.main of <colcon_core.verb.build.BuildVerb object at 0x7feae9a8beb0>>, merge_install=False, metas=['./colcon.meta'], packages_above=None, packages_above_and_dependencies=None, packages_above_depth=None, packages_end=None, packages_ignore=None, packages_ignore_regex=None, packages_select=None, packages_select_build_failed=False, packages_select_by_dep=None, packages_select_regex=None, packages_select_test_failures=False, packages_skip=None, packages_skip_build_finished=False, packages_skip_by_dep=None, packages_skip_regex=None, packages_skip_test_passed=False, packages_skip_up_to=None, packages_start=None, packages_up_to=None, packages_up_to_regex=None, parallel_workers=4, paths=None, symlink_install=False, test_result_base=None, verb_extension=<colcon_core.verb.build.BuildVerb object at 0x7feae9a8beb0>, verb_name='build', verb_parser=<colcon_defaults.argument_parser.defaults.DefaultArgumentsDecorator object at 0x7feae9a1e460>)
[0.342s] Level 1:colcon.colcon_core.package_discovery:discover_packages(colcon_meta) check parameters
[0.342s] Level 1:colcon.colcon_core.package_discovery:discover_packages(recursive) check parameters
[0.342s] Level 1:colcon.colcon_core.package_discovery:discover_packages(ignore) check parameters
[0.342s] Level 1:colcon.colcon_core.package_discovery:discover_packages(path) check parameters
[0.343s] Level 1:colcon.colcon_core.package_discovery:discover_packages(colcon_meta) discover
[0.343s] Level 1:colcon.colcon_core.package_discovery:discover_packages(recursive) discover
[0.343s] INFO:colcon.colcon_core.package_discovery:Crawling recursively for packages in '/home/prts/RBOT250'
[0.343s] Level 1:colcon.colcon_core.package_identification:_identify(.) by extensions ['ignore', 'ignore_ament_install']
[0.343s] Level 1:colcon.colcon_core.package_identification:_identify(.) by extension 'ignore'
[0.343s] Level 1:colcon.colcon_core.package_identification:_identify(.) by extension 'ignore_ament_install'
[0.343s] Level 1:colcon.colcon_core.package_identification:_identify(.) by extensions ['colcon_pkg']
[0.343s] Level 1:colcon.colcon_core.package_identification:_identify(.) by extension 'colcon_pkg'
[0.343s] Level 1:colcon.colcon_core.package_identification:_identify(.) by extensions ['colcon_meta']
[0.343s] Level 1:colcon.colcon_core.package_identification:_identify(.) by extension 'colcon_meta'
[0.343s] Level 1:colcon.colcon_core.package_identification:_identify(.) by extensions ['ros']
[0.343s] Level 1:colcon.colcon_core.package_identification:_identify(.) by extension 'ros'
[0.355s] Level 1:colcon.colcon_core.package_identification:_identify(.) by extensions ['cmake', 'python']
[0.355s] Level 1:colcon.colcon_core.package_identification:_identify(.) by extension 'cmake'
[0.355s] Level 1:colcon.colcon_core.package_identification:_identify(.) by extension 'python'
[0.355s] Level 1:colcon.colcon_core.package_identification:_identify(.) by extensions ['python_setup_py']
[0.355s] Level 1:colcon.colcon_core.package_identification:_identify(.) by extension 'python_setup_py'
[0.356s] Level 1:colcon.colcon_core.package_identification:_identify(build) by extensions ['ignore', 'ignore_ament_install']
[0.356s] Level 1:colcon.colcon_core.package_identification:_identify(build) by extension 'ignore'
[0.356s] Level 1:colcon.colcon_core.package_identification:_identify(build) ignored
[0.356s] Level 1:colcon.colcon_core.package_identification:_identify(install) by extensions ['ignore', 'ignore_ament_install']
[0.356s] Level 1:colcon.colcon_core.package_identification:_identify(install) by extension 'ignore'
[0.356s] Level 1:colcon.colcon_core.package_identification:_identify(install) ignored
[0.356s] Level 1:colcon.colcon_core.package_identification:_identify(log) by extensions ['ignore', 'ignore_ament_install']
[0.356s] Level 1:colcon.colcon_core.package_identification:_identify(log) by extension 'ignore'
[0.356s] Level 1:colcon.colcon_core.package_identification:_identify(log) ignored
[0.356s] Level 1:colcon.colcon_core.package_identification:_identify(src) by extensions ['ignore', 'ignore_ament_install']
[0.356s] Level 1:colcon.colcon_core.package_identification:_identify(src) by extension 'ignore'
[0.357s] Level 1:colcon.colcon_core.package_identification:_identify(src) by extension 'ignore_ament_install'
[0.357s] Level 1:colcon.colcon_core.package_identification:_identify(src) by extensions ['colcon_pkg']
[0.357s] Level 1:colcon.colcon_core.package_identification:_identify(src) by extension 'colcon_pkg'
[0.357s] Level 1:colcon.colcon_core.package_identification:_identify(src) by extensions ['colcon_meta']
[0.357s] Level 1:colcon.colcon_core.package_identification:_identify(src) by extension 'colcon_meta'
[0.357s] Level 1:colcon.colcon_core.package_identification:_identify(src) by extensions ['ros']
[0.357s] Level 1:colcon.colcon_core.package_identification:_identify(src) by extension 'ros'
[0.357s] Level 1:colcon.colcon_core.package_identification:_identify(src) by extensions ['cmake', 'python']
[0.357s] Level 1:colcon.colcon_core.package_identification:_identify(src) by extension 'cmake'
[0.357s] Level 1:colcon.colcon_core.package_identification:_identify(src) by extension 'python'
[0.357s] Level 1:colcon.colcon_core.package_identification:_identify(src) by extensions ['python_setup_py']
[0.357s] Level 1:colcon.colcon_core.package_identification:_identify(src) by extension 'python_setup_py'
[0.357s] Level 1:colcon.colcon_core.package_identification:_identify(src/build) by extensions ['ignore', 'ignore_ament_install']
[0.357s] Level 1:colcon.colcon_core.package_identification:_identify(src/build) by extension 'ignore'
[0.357s] Level 1:colcon.colcon_core.package_identification:_identify(src/build) ignored
[0.357s] Level 1:colcon.colcon_core.package_identification:_identify(src/cpp_pubsub) by extensions ['ignore', 'ignore_ament_install']
[0.357s] Level 1:colcon.colcon_core.package_identification:_identify(src/cpp_pubsub) by extension 'ignore'
[0.357s] Level 1:colcon.colcon_core.package_identification:_identify(src/cpp_pubsub) by extension 'ignore_ament_install'
[0.358s] Level 1:colcon.colcon_core.package_identification:_identify(src/cpp_pubsub) by extensions ['colcon_pkg']
[0.358s] Level 1:colcon.colcon_core.package_identification:_identify(src/cpp_pubsub) by extension 'colcon_pkg'
[0.358s] Level 1:colcon.colcon_core.package_identification:_identify(src/cpp_pubsub) by extensions ['colcon_meta']
[0.358s] Level 1:colcon.colcon_core.package_identification:_identify(src/cpp_pubsub) by extension 'colcon_meta'
[0.358s] Level 1:colcon.colcon_core.package_identification:_identify(src/cpp_pubsub) by extensions ['ros']
[0.358s] Level 1:colcon.colcon_core.package_identification:_identify(src/cpp_pubsub) by extension 'ros'
[0.360s] DEBUG:colcon.colcon_core.package_identification:Package 'src/cpp_pubsub' with type 'ros.ament_cmake' and name 'cpp_pubsub'
[0.361s] Level 1:colcon.colcon_core.package_identification:_identify(src/install) by extensions ['ignore', 'ignore_ament_install']
[0.361s] Level 1:colcon.colcon_core.package_identification:_identify(src/install) by extension 'ignore'
[0.361s] Level 1:colcon.colcon_core.package_identification:_identify(src/install) ignored
[0.361s] Level 1:colcon.colcon_core.package_identification:_identify(src/learning_tf2_cpp) by extensions ['ignore', 'ignore_ament_install']
[0.361s] Level 1:colcon.colcon_core.package_identification:_identify(src/learning_tf2_cpp) by extension 'ignore'
[0.361s] Level 1:colcon.colcon_core.package_identification:_identify(src/learning_tf2_cpp) by extension 'ignore_ament_install'
[0.361s] Level 1:colcon.colcon_core.package_identification:_identify(src/learning_tf2_cpp) by extensions ['colcon_pkg']
[0.361s] Level 1:colcon.colcon_core.package_identification:_identify(src/learning_tf2_cpp) by extension 'colcon_pkg'
[0.361s] Level 1:colcon.colcon_core.package_identification:_identify(src/learning_tf2_cpp) by extensions ['colcon_meta']
[0.361s] Level 1:colcon.colcon_core.package_identification:_identify(src/learning_tf2_cpp) by extension 'colcon_meta'
[0.361s] Level 1:colcon.colcon_core.package_identification:_identify(src/learning_tf2_cpp) by extensions ['ros']
[0.361s] Level 1:colcon.colcon_core.package_identification:_identify(src/learning_tf2_cpp) by extension 'ros'
[0.363s] DEBUG:colcon.colcon_core.package_identification:Package 'src/learning_tf2_cpp' with type 'ros.ament_cmake' and name 'learning_tf2_cpp'
[0.363s] Level 1:colcon.colcon_core.package_identification:_identify(src/learning_tf2_py) by extensions ['ignore', 'ignore_ament_install']
[0.363s] Level 1:colcon.colcon_core.package_identification:_identify(src/learning_tf2_py) by extension 'ignore'
[0.363s] Level 1:colcon.colcon_core.package_identification:_identify(src/learning_tf2_py) by extension 'ignore_ament_install'
[0.363s] Level 1:colcon.colcon_core.package_identification:_identify(src/learning_tf2_py) by extensions ['colcon_pkg']
[0.363s] Level 1:colcon.colcon_core.package_identification:_identify(src/learning_tf2_py) by extension 'colcon_pkg'
[0.363s] Level 1:colcon.colcon_core.package_identification:_identify(src/learning_tf2_py) by extensions ['colcon_meta']
[0.363s] Level 1:colcon.colcon_core.package_identification:_identify(src/learning_tf2_py) by extension 'colcon_meta'
[0.363s] Level 1:colcon.colcon_core.package_identification:_identify(src/learning_tf2_py) by extensions ['ros']
[0.363s] Level 1:colcon.colcon_core.package_identification:_identify(src/learning_tf2_py) by extension 'ros'
[0.364s] DEBUG:colcon.colcon_core.package_identification:Package 'src/learning_tf2_py' with type 'ros.ament_python' and name 'learning_tf2_py'
[0.364s] Level 1:colcon.colcon_core.package_identification:_identify(src/log) by extensions ['ignore', 'ignore_ament_install']
[0.364s] Level 1:colcon.colcon_core.package_identification:_identify(src/log) by extension 'ignore'
[0.364s] Level 1:colcon.colcon_core.package_identification:_identify(src/log) ignored
[0.364s] Level 1:colcon.colcon_core.package_identification:_identify(src/my_cpp_py_pkg) by extensions ['ignore', 'ignore_ament_install']
[0.364s] Level 1:colcon.colcon_core.package_identification:_identify(src/my_cpp_py_pkg) by extension 'ignore'
[0.364s] Level 1:colcon.colcon_core.package_identification:_identify(src/my_cpp_py_pkg) by extension 'ignore_ament_install'
[0.364s] Level 1:colcon.colcon_core.package_identification:_identify(src/my_cpp_py_pkg) by extensions ['colcon_pkg']
[0.364s] Level 1:colcon.colcon_core.package_identification:_identify(src/my_cpp_py_pkg) by extension 'colcon_pkg'
[0.364s] Level 1:colcon.colcon_core.package_identification:_identify(src/my_cpp_py_pkg) by extensions ['colcon_meta']
[0.364s] Level 1:colcon.colcon_core.package_identification:_identify(src/my_cpp_py_pkg) by extension 'colcon_meta'
[0.364s] Level 1:colcon.colcon_core.package_identification:_identify(src/my_cpp_py_pkg) by extensions ['ros']
[0.364s] Level 1:colcon.colcon_core.package_identification:_identify(src/my_cpp_py_pkg) by extension 'ros'
[0.366s] DEBUG:colcon.colcon_core.package_identification:Package 'src/my_cpp_py_pkg' with type 'ros.ament_cmake' and name 'my_cpp_py_pkg'
[0.366s] Level 1:colcon.colcon_core.package_discovery:discover_packages(recursive) using defaults
[0.366s] Level 1:colcon.colcon_core.package_discovery:discover_packages(ignore) discover
[0.366s] Level 1:colcon.colcon_core.package_discovery:discover_packages(ignore) using defaults
[0.366s] Level 1:colcon.colcon_core.package_discovery:discover_packages(path) discover
[0.366s] Level 1:colcon.colcon_core.package_discovery:discover_packages(path) using defaults
[0.391s] Level 5:colcon.colcon_core.verb:set package 'cpp_pubsub' build argument 'cmake_args' from command line to 'None'
[0.391s] Level 5:colcon.colcon_core.verb:set package 'cpp_pubsub' build argument 'cmake_target' from command line to 'None'
[0.391s] Level 5:colcon.colcon_core.verb:set package 'cpp_pubsub' build argument 'cmake_target_skip_unavailable' from command line to 'False'
[0.391s] Level 5:colcon.colcon_core.verb:set package 'cpp_pubsub' build argument 'cmake_clean_cache' from command line to 'False'
[0.391s] Level 5:colcon.colcon_core.verb:set package 'cpp_pubsub' build argument 'cmake_clean_first' from command line to 'False'
[0.391s] Level 5:colcon.colcon_core.verb:set package 'cpp_pubsub' build argument 'cmake_force_configure' from command line to 'False'
[0.391s] Level 5:colcon.colcon_core.verb:set package 'cpp_pubsub' build argument 'ament_cmake_args' from command line to 'None'
[0.391s] Level 5:colcon.colcon_core.verb:set package 'cpp_pubsub' build argument 'catkin_cmake_args' from command line to 'None'
[0.391s] Level 5:colcon.colcon_core.verb:set package 'cpp_pubsub' build argument 'catkin_skip_building_tests' from command line to 'False'
[0.391s] DEBUG:colcon.colcon_core.verb:Building package 'cpp_pubsub' with the following arguments: {'ament_cmake_args': None, 'build_base': '/home/prts/RBOT250/build/cpp_pubsub', 'catkin_cmake_args': None, 'catkin_skip_building_tests': False, 'cmake_args': None, 'cmake_clean_cache': False, 'cmake_clean_first': False, 'cmake_force_configure': False, 'cmake_target': None, 'cmake_target_skip_unavailable': False, 'install_base': '/home/prts/RBOT250/install/cpp_pubsub', 'merge_install': False, 'path': '/home/prts/RBOT250/src/cpp_pubsub', 'symlink_install': False, 'test_result_base': None}
[0.394s] Level 5:colcon.colcon_core.verb:set package 'learning_tf2_cpp' build argument 'cmake_args' from command line to 'None'
[0.394s] Level 5:colcon.colcon_core.verb:set package 'learning_tf2_cpp' build argument 'cmake_target' from command line to 'None'
[0.394s] Level 5:colcon.colcon_core.verb:set package 'learning_tf2_cpp' build argument 'cmake_target_skip_unavailable' from command line to 'False'
[0.394s] Level 5:colcon.colcon_core.verb:set package 'learning_tf2_cpp' build argument 'cmake_clean_cache' from command line to 'False'
[0.395s] Level 5:colcon.colcon_core.verb:set package 'learning_tf2_cpp' build argument 'cmake_clean_first' from command line to 'False'
[0.395s] Level 5:colcon.colcon_core.verb:set package 'learning_tf2_cpp' build argument 'cmake_force_configure' from command line to 'False'
[0.395s] Level 5:colcon.colcon_core.verb:set package 'learning_tf2_cpp' build argument 'ament_cmake_args' from command line to 'None'
[0.395s] Level 5:colcon.colcon_core.verb:set package 'learning_tf2_cpp' build argument 'catkin_cmake_args' from command line to 'None'
[0.395s] Level 5:colcon.colcon_core.verb:set package 'learning_tf2_cpp' build argument 'catkin_skip_building_tests' from command line to 'False'
[0.395s] DEBUG:colcon.colcon_core.verb:Building package 'learning_tf2_cpp' with the following arguments: {'ament_cmake_args': None, 'build_base': '/home/prts/RBOT250/build/learning_tf2_cpp', 'catkin_cmake_args': None, 'catkin_skip_building_tests': False, 'cmake_args': None, 'cmake_clean_cache': False, 'cmake_clean_first': False, 'cmake_force_configure': False, 'cmake_target': None, 'cmake_target_skip_unavailable': False, 'install_base': '/home/prts/RBOT250/install/learning_tf2_cpp', 'merge_install': False, 'path': '/home/prts/RBOT250/src/learning_tf2_cpp', 'symlink_install': False, 'test_result_base': None}
[0.399s] Level 5:colcon.colcon_core.verb:set package 'learning_tf2_py' build argument 'cmake_args' from command line to 'None'
[0.399s] Level 5:colcon.colcon_core.verb:set package 'learning_tf2_py' build argument 'cmake_target' from command line to 'None'
[0.399s] Level 5:colcon.colcon_core.verb:set package 'learning_tf2_py' build argument 'cmake_target_skip_unavailable' from command line to 'False'
[0.399s] Level 5:colcon.colcon_core.verb:set package 'learning_tf2_py' build argument 'cmake_clean_cache' from command line to 'False'
[0.399s] Level 5:colcon.colcon_core.verb:set package 'learning_tf2_py' build argument 'cmake_clean_first' from command line to 'False'
[0.399s] Level 5:colcon.colcon_core.verb:set package 'learning_tf2_py' build argument 'cmake_force_configure' from command line to 'False'
[0.399s] Level 5:colcon.colcon_core.verb:set package 'learning_tf2_py' build argument 'ament_cmake_args' from command line to 'None'
[0.399s] Level 5:colcon.colcon_core.verb:set package 'learning_tf2_py' build argument 'catkin_cmake_args' from command line to 'None'
[0.399s] Level 5:colcon.colcon_core.verb:set package 'learning_tf2_py' build argument 'catkin_skip_building_tests' from command line to 'False'
[0.399s] DEBUG:colcon.colcon_core.verb:Building package 'learning_tf2_py' with the following arguments: {'ament_cmake_args': None, 'build_base': '/home/prts/RBOT250/build/learning_tf2_py', 'catkin_cmake_args': None, 'catkin_skip_building_tests': False, 'cmake_args': None, 'cmake_clean_cache': False, 'cmake_clean_first': False, 'cmake_force_configure': False, 'cmake_target': None, 'cmake_target_skip_unavailable': False, 'install_base': '/home/prts/RBOT250/install/learning_tf2_py', 'merge_install': False, 'path': '/home/prts/RBOT250/src/learning_tf2_py', 'symlink_install': False, 'test_result_base': None}
[0.403s] Level 5:colcon.colcon_core.verb:set package 'my_cpp_py_pkg' build argument 'cmake_args' from command line to 'None'
[0.403s] Level 5:colcon.colcon_core.verb:set package 'my_cpp_py_pkg' build argument 'cmake_target' from command line to 'None'
[0.403s] Level 5:colcon.colcon_core.verb:set package 'my_cpp_py_pkg' build argument 'cmake_target_skip_unavailable' from command line to 'False'
[0.403s] Level 5:colcon.colcon_core.verb:set package 'my_cpp_py_pkg' build argument 'cmake_clean_cache' from command line to 'False'
[0.403s] Level 5:colcon.colcon_core.verb:set package 'my_cpp_py_pkg' build argument 'cmake_clean_first' from command line to 'False'
[0.403s] Level 5:colcon.colcon_core.verb:set package 'my_cpp_py_pkg' build argument 'cmake_force_configure' from command line to 'False'
[0.403s] Level 5:colcon.colcon_core.verb:set package 'my_cpp_py_pkg' build argument 'ament_cmake_args' from command line to 'None'
[0.403s] Level 5:colcon.colcon_core.verb:set package 'my_cpp_py_pkg' build argument 'catkin_cmake_args' from command line to 'None'
[0.403s] Level 5:colcon.colcon_core.verb:set package 'my_cpp_py_pkg' build argument 'catkin_skip_building_tests' from command line to 'False'
[0.403s] DEBUG:colcon.colcon_core.verb:Building package 'my_cpp_py_pkg' with the following arguments: {'ament_cmake_args': None, 'build_base': '/home/prts/RBOT250/build/my_cpp_py_pkg', 'catkin_cmake_args': None, 'catkin_skip_building_tests': False, 'cmake_args': None, 'cmake_clean_cache': False, 'cmake_clean_first': False, 'cmake_force_configure': False, 'cmake_target': None, 'cmake_target_skip_unavailable': False, 'install_base': '/home/prts/RBOT250/install/my_cpp_py_pkg', 'merge_install': False, 'path': '/home/prts/RBOT250/src/my_cpp_py_pkg', 'symlink_install': False, 'test_result_base': None}
[0.403s] INFO:colcon.colcon_core.executor:Executing jobs using 'parallel' executor
[0.406s] DEBUG:colcon.colcon_parallel_executor.executor.parallel:run_until_complete
[0.406s] INFO:colcon.colcon_ros.task.ament_cmake.build:Building ROS package in '/home/prts/RBOT250/src/cpp_pubsub' with build type 'ament_cmake'
[0.406s] INFO:colcon.colcon_cmake.task.cmake.build:Building CMake package in '/home/prts/RBOT250/src/cpp_pubsub'
[0.415s] INFO:colcon.colcon_core.plugin_system:Skipping extension 'colcon_core.shell.bat': Not used on non-Windows systems
[0.415s] INFO:colcon.colcon_core.shell:Skip shell extension 'powershell' for command environment: Not usable outside of PowerShell
[0.415s] DEBUG:colcon.colcon_core.shell:Skip shell extension 'dsv' for command environment
[0.428s] INFO:colcon.colcon_ros.task.ament_cmake.build:Building ROS package in '/home/prts/RBOT250/src/learning_tf2_cpp' with build type 'ament_cmake'
[0.428s] INFO:colcon.colcon_cmake.task.cmake.build:Building CMake package in '/home/prts/RBOT250/src/learning_tf2_cpp'
[0.430s] INFO:colcon.colcon_core.shell:Skip shell extension 'powershell' for command environment: Not usable outside of PowerShell
[0.430s] DEBUG:colcon.colcon_core.shell:Skip shell extension 'dsv' for command environment
[0.439s] INFO:colcon.colcon_ros.task.ament_python.build:Building ROS package in '/home/prts/RBOT250/src/learning_tf2_py' with build type 'ament_python'
[0.440s] Level 1:colcon.colcon_core.shell:create_environment_hook('learning_tf2_py', 'ament_prefix_path')
[0.442s] INFO:colcon.colcon_core.shell:Creating environment hook '/home/prts/RBOT250/install/learning_tf2_py/share/learning_tf2_py/hook/ament_prefix_path.ps1'
[0.444s] INFO:colcon.colcon_core.shell:Creating environment descriptor '/home/prts/RBOT250/install/learning_tf2_py/share/learning_tf2_py/hook/ament_prefix_path.dsv'
[0.445s] INFO:colcon.colcon_core.shell:Creating environment hook '/home/prts/RBOT250/install/learning_tf2_py/share/learning_tf2_py/hook/ament_prefix_path.sh'
[0.448s] INFO:colcon.colcon_core.shell:Skip shell extension 'powershell' for command environment: Not usable outside of PowerShell
[0.448s] DEBUG:colcon.colcon_core.shell:Skip shell extension 'dsv' for command environment
[0.461s] INFO:colcon.colcon_ros.task.ament_cmake.build:Building ROS package in '/home/prts/RBOT250/src/my_cpp_py_pkg' with build type 'ament_cmake'
[0.461s] INFO:colcon.colcon_cmake.task.cmake.build:Building CMake package in '/home/prts/RBOT250/src/my_cpp_py_pkg'
[0.462s] INFO:colcon.colcon_core.shell:Skip shell extension 'powershell' for command environment: Not usable outside of PowerShell
[0.462s] DEBUG:colcon.colcon_core.shell:Skip shell extension 'dsv' for command environment
[0.485s] DEBUG:colcon.colcon_core.event_handler.log_command:Invoking command in '/home/prts/RBOT250/build/cpp_pubsub': CMAKE_PREFIX_PATH=${CMAKE_PREFIX_PATH}:/home/prts/RBOT250/src/install/learning_tf2_py /usr/bin/cmake --build /home/prts/RBOT250/build/cpp_pubsub -- -j4 -l4
[0.490s] DEBUG:colcon.colcon_core.event_handler.log_command:Invoking command in '/home/prts/RBOT250/build/learning_tf2_cpp': CMAKE_PREFIX_PATH=${CMAKE_PREFIX_PATH}:/home/prts/RBOT250/src/install/learning_tf2_py /usr/bin/cmake --build /home/prts/RBOT250/build/learning_tf2_cpp -- -j4 -l4
[0.798s] INFO:colcon.colcon_core.task.python.build:Building Python package in '/home/prts/RBOT250/src/learning_tf2_py'
[0.800s] INFO:colcon.colcon_core.shell:Skip shell extension 'powershell' for command environment: Not usable outside of PowerShell
[0.800s] DEBUG:colcon.colcon_core.shell:Skip shell extension 'dsv' for command environment
[0.823s] DEBUG:colcon.colcon_core.event_handler.log_command:Invoked command in '/home/prts/RBOT250/build/cpp_pubsub' returned '0': CMAKE_PREFIX_PATH=${CMAKE_PREFIX_PATH}:/home/prts/RBOT250/src/install/learning_tf2_py /usr/bin/cmake --build /home/prts/RBOT250/build/cpp_pubsub -- -j4 -l4
[0.829s] DEBUG:colcon.colcon_core.event_handler.log_command:Invoking command in '/home/prts/RBOT250/build/my_cpp_py_pkg': CMAKE_PREFIX_PATH=${CMAKE_PREFIX_PATH}:/home/prts/RBOT250/src/install/learning_tf2_py /usr/bin/cmake --build /home/prts/RBOT250/build/my_cpp_py_pkg -- -j4 -l4
[0.838s] DEBUG:colcon.colcon_core.event_handler.log_command:Invoking command in '/home/prts/RBOT250/src/learning_tf2_py': PYTHONPATH=/home/prts/RBOT250/install/learning_tf2_py/lib/python3.8/site-packages:${PYTHONPATH} /usr/bin/python3 setup.py egg_info --egg-base ../../build/learning_tf2_py build --build-base /home/prts/RBOT250/build/learning_tf2_py/build install --prefix /home/prts/RBOT250/install/learning_tf2_py --record /home/prts/RBOT250/build/learning_tf2_py/install.log --single-version-externally-managed
[0.891s] DEBUG:colcon.colcon_core.event_handler.log_command:Invoking command in '/home/prts/RBOT250/build/cpp_pubsub': CMAKE_PREFIX_PATH=${CMAKE_PREFIX_PATH}:/home/prts/RBOT250/src/install/learning_tf2_py /usr/bin/cmake --install /home/prts/RBOT250/build/cpp_pubsub
[0.909s] Level 1:colcon.colcon_core.environment:create_environment_scripts_only(cpp_pubsub)
[0.914s] Level 1:colcon.colcon_core.environment:checking '/home/prts/RBOT250/install/cpp_pubsub' for CMake module files
[0.914s] Level 1:colcon.colcon_core.environment:checking '/home/prts/RBOT250/install/cpp_pubsub' for CMake config files
[0.915s] Level 1:colcon.colcon_core.shell:create_environment_hook('cpp_pubsub', 'cmake_prefix_path')
[0.916s] INFO:colcon.colcon_core.shell:Creating environment hook '/home/prts/RBOT250/install/cpp_pubsub/share/cpp_pubsub/hook/cmake_prefix_path.ps1'
[0.917s] DEBUG:colcon.colcon_core.event_handler.log_command:Invoked command in '/home/prts/RBOT250/build/cpp_pubsub' returned '0': CMAKE_PREFIX_PATH=${CMAKE_PREFIX_PATH}:/home/prts/RBOT250/src/install/learning_tf2_py /usr/bin/cmake --install /home/prts/RBOT250/build/cpp_pubsub
[0.918s] INFO:colcon.colcon_core.shell:Creating environment descriptor '/home/prts/RBOT250/install/cpp_pubsub/share/cpp_pubsub/hook/cmake_prefix_path.dsv'
[0.918s] INFO:colcon.colcon_core.shell:Creating environment hook '/home/prts/RBOT250/install/cpp_pubsub/share/cpp_pubsub/hook/cmake_prefix_path.sh'
[0.919s] Level 1:colcon.colcon_core.environment:checking '/home/prts/RBOT250/install/cpp_pubsub/lib'
[0.919s] Level 1:colcon.colcon_core.environment:checking '/home/prts/RBOT250/install/cpp_pubsub/bin'
[0.919s] Level 1:colcon.colcon_core.environment:checking '/home/prts/RBOT250/install/cpp_pubsub/lib/pkgconfig/cpp_pubsub.pc'
[0.920s] Level 1:colcon.colcon_core.environment:checking '/home/prts/RBOT250/install/cpp_pubsub/lib/python3.8/site-packages'
[0.921s] INFO:colcon.colcon_core.shell:Creating package script '/home/prts/RBOT250/install/cpp_pubsub/share/cpp_pubsub/package.ps1'
[0.922s] INFO:colcon.colcon_core.shell:Creating package descriptor '/home/prts/RBOT250/install/cpp_pubsub/share/cpp_pubsub/package.dsv'
[0.922s] INFO:colcon.colcon_core.shell:Creating package script '/home/prts/RBOT250/install/cpp_pubsub/share/cpp_pubsub/package.sh'
[0.923s] INFO:colcon.colcon_core.shell:Creating package script '/home/prts/RBOT250/install/cpp_pubsub/share/cpp_pubsub/package.bash'
[0.924s] INFO:colcon.colcon_core.shell:Creating package script '/home/prts/RBOT250/install/cpp_pubsub/share/cpp_pubsub/package.zsh'
[0.925s] Level 1:colcon.colcon_core.environment:create_file_with_runtime_dependencies(/home/prts/RBOT250/install/cpp_pubsub/share/colcon-core/packages/cpp_pubsub)
[0.968s] Level 1:colcon.colcon_core.environment:create_environment_scripts_only(cpp_pubsub)
[0.969s] Level 1:colcon.colcon_core.environment:checking '/home/prts/RBOT250/install/cpp_pubsub' for CMake module files
[0.970s] Level 1:colcon.colcon_core.environment:checking '/home/prts/RBOT250/install/cpp_pubsub' for CMake config files
[0.970s] Level 1:colcon.colcon_core.shell:create_environment_hook('cpp_pubsub', 'cmake_prefix_path')
[0.971s] INFO:colcon.colcon_core.shell:Creating environment hook '/home/prts/RBOT250/install/cpp_pubsub/share/cpp_pubsub/hook/cmake_prefix_path.ps1'
[0.972s] INFO:colcon.colcon_core.shell:Creating environment descriptor '/home/prts/RBOT250/install/cpp_pubsub/share/cpp_pubsub/hook/cmake_prefix_path.dsv'
[0.972s] INFO:colcon.colcon_core.shell:Creating environment hook '/home/prts/RBOT250/install/cpp_pubsub/share/cpp_pubsub/hook/cmake_prefix_path.sh'
[0.973s] Level 1:colcon.colcon_core.environment:checking '/home/prts/RBOT250/install/cpp_pubsub/lib'
[0.973s] Level 1:colcon.colcon_core.environment:checking '/home/prts/RBOT250/install/cpp_pubsub/bin'
[0.973s] Level 1:colcon.colcon_core.environment:checking '/home/prts/RBOT250/install/cpp_pubsub/lib/pkgconfig/cpp_pubsub.pc'
[0.973s] Level 1:colcon.colcon_core.environment:checking '/home/prts/RBOT250/install/cpp_pubsub/lib/python3.8/site-packages'
[0.974s] INFO:colcon.colcon_core.shell:Creating package script '/home/prts/RBOT250/install/cpp_pubsub/share/cpp_pubsub/package.ps1'
[0.975s] INFO:colcon.colcon_core.shell:Creating package descriptor '/home/prts/RBOT250/install/cpp_pubsub/share/cpp_pubsub/package.dsv'
[0.976s] INFO:colcon.colcon_core.shell:Creating package script '/home/prts/RBOT250/install/cpp_pubsub/share/cpp_pubsub/package.sh'
[0.976s] INFO:colcon.colcon_core.shell:Creating package script '/home/prts/RBOT250/install/cpp_pubsub/share/cpp_pubsub/package.bash'
[0.977s] INFO:colcon.colcon_core.shell:Creating package script '/home/prts/RBOT250/install/cpp_pubsub/share/cpp_pubsub/package.zsh'
[0.977s] Level 1:colcon.colcon_core.environment:create_file_with_runtime_dependencies(/home/prts/RBOT250/install/cpp_pubsub/share/colcon-core/packages/cpp_pubsub)
[1.209s] Level 1:colcon.colcon_core.environment:checking '/home/prts/RBOT250/install/learning_tf2_py' for CMake module files
[1.210s] Level 1:colcon.colcon_core.environment:checking '/home/prts/RBOT250/install/learning_tf2_py' for CMake config files
[1.211s] Level 1:colcon.colcon_core.environment:checking '/home/prts/RBOT250/install/learning_tf2_py/lib'
[1.211s] Level 1:colcon.colcon_core.environment:checking '/home/prts/RBOT250/install/learning_tf2_py/bin'
[1.211s] Level 1:colcon.colcon_core.environment:checking '/home/prts/RBOT250/install/learning_tf2_py/lib/pkgconfig/learning_tf2_py.pc'
[1.211s] Level 1:colcon.colcon_core.environment:checking '/home/prts/RBOT250/install/learning_tf2_py/lib/python3.8/site-packages'
[1.211s] Level 1:colcon.colcon_core.shell:create_environment_hook('learning_tf2_py', 'pythonpath')
[1.212s] INFO:colcon.colcon_core.shell:Creating environment hook '/home/prts/RBOT250/install/learning_tf2_py/share/learning_tf2_py/hook/pythonpath.ps1'
[1.212s] INFO:colcon.colcon_core.shell:Creating environment descriptor '/home/prts/RBOT250/install/learning_tf2_py/share/learning_tf2_py/hook/pythonpath.dsv'
[1.213s] INFO:colcon.colcon_core.shell:Creating environment hook '/home/prts/RBOT250/install/learning_tf2_py/share/learning_tf2_py/hook/pythonpath.sh'
[1.213s] Level 1:colcon.colcon_core.environment:create_environment_scripts_only(learning_tf2_py)
[1.214s] INFO:colcon.colcon_core.shell:Creating package script '/home/prts/RBOT250/install/learning_tf2_py/share/learning_tf2_py/package.ps1'
[1.214s] INFO:colcon.colcon_core.shell:Creating package descriptor '/home/prts/RBOT250/install/learning_tf2_py/share/learning_tf2_py/package.dsv'
[1.215s] INFO:colcon.colcon_core.shell:Creating package script '/home/prts/RBOT250/install/learning_tf2_py/share/learning_tf2_py/package.sh'
[1.215s] INFO:colcon.colcon_core.shell:Creating package script '/home/prts/RBOT250/install/learning_tf2_py/share/learning_tf2_py/package.bash'
[1.215s] INFO:colcon.colcon_core.shell:Creating package script '/home/prts/RBOT250/install/learning_tf2_py/share/learning_tf2_py/package.zsh'
[1.216s] Level 1:colcon.colcon_core.environment:create_file_with_runtime_dependencies(/home/prts/RBOT250/install/learning_tf2_py/share/colcon-core/packages/learning_tf2_py)
[1.216s] DEBUG:colcon.colcon_core.event_handler.log_command:Invoked command in '/home/prts/RBOT250/src/learning_tf2_py' returned '0': PYTHONPATH=/home/prts/RBOT250/install/learning_tf2_py/lib/python3.8/site-packages:${PYTHONPATH} /usr/bin/python3 setup.py egg_info --egg-base ../../build/learning_tf2_py build --build-base /home/prts/RBOT250/build/learning_tf2_py/build install --prefix /home/prts/RBOT250/install/learning_tf2_py --record /home/prts/RBOT250/build/learning_tf2_py/install.log --single-version-externally-managed
[2.272s] DEBUG:colcon.colcon_core.event_handler.log_command:Invoked command in '/home/prts/RBOT250/build/learning_tf2_cpp' returned '0': CMAKE_PREFIX_PATH=${CMAKE_PREFIX_PATH}:/home/prts/RBOT250/src/install/learning_tf2_py /usr/bin/cmake --build /home/prts/RBOT250/build/learning_tf2_cpp -- -j4 -l4
[2.312s] DEBUG:colcon.colcon_core.event_handler.log_command:Invoking command in '/home/prts/RBOT250/build/learning_tf2_cpp': CMAKE_PREFIX_PATH=${CMAKE_PREFIX_PATH}:/home/prts/RBOT250/src/install/learning_tf2_py /usr/bin/cmake --install /home/prts/RBOT250/build/learning_tf2_cpp
[2.382s] Level 1:colcon.colcon_core.environment:create_environment_scripts_only(learning_tf2_cpp)
[2.383s] Level 1:colcon.colcon_core.environment:checking '/home/prts/RBOT250/install/learning_tf2_cpp' for CMake module files
[2.385s] DEBUG:colcon.colcon_core.event_handler.log_command:Invoked command in '/home/prts/RBOT250/build/learning_tf2_cpp' returned '0': CMAKE_PREFIX_PATH=${CMAKE_PREFIX_PATH}:/home/prts/RBOT250/src/install/learning_tf2_py /usr/bin/cmake --install /home/prts/RBOT250/build/learning_tf2_cpp
[2.385s] Level 1:colcon.colcon_core.environment:checking '/home/prts/RBOT250/install/learning_tf2_cpp' for CMake config files
[2.386s] Level 1:colcon.colcon_core.shell:create_environment_hook('learning_tf2_cpp', 'cmake_prefix_path')
[2.387s] INFO:colcon.colcon_core.shell:Creating environment hook '/home/prts/RBOT250/install/learning_tf2_cpp/share/learning_tf2_cpp/hook/cmake_prefix_path.ps1'
[2.387s] INFO:colcon.colcon_core.shell:Creating environment descriptor '/home/prts/RBOT250/install/learning_tf2_cpp/share/learning_tf2_cpp/hook/cmake_prefix_path.dsv'
[2.388s] INFO:colcon.colcon_core.shell:Creating environment hook '/home/prts/RBOT250/install/learning_tf2_cpp/share/learning_tf2_cpp/hook/cmake_prefix_path.sh'
[2.389s] Level 1:colcon.colcon_core.environment:checking '/home/prts/RBOT250/install/learning_tf2_cpp/lib'
[2.389s] Level 1:colcon.colcon_core.environment:checking '/home/prts/RBOT250/install/learning_tf2_cpp/bin'
[2.389s] Level 1:colcon.colcon_core.environment:checking '/home/prts/RBOT250/install/learning_tf2_cpp/lib/pkgconfig/learning_tf2_cpp.pc'
[2.389s] Level 1:colcon.colcon_core.environment:checking '/home/prts/RBOT250/install/learning_tf2_cpp/lib/python3.8/site-packages'
[2.389s] Level 1:colcon.colcon_core.shell:create_environment_hook('learning_tf2_cpp', 'pythonpath')
[2.390s] INFO:colcon.colcon_core.shell:Creating environment hook '/home/prts/RBOT250/install/learning_tf2_cpp/share/learning_tf2_cpp/hook/pythonpath.ps1'
[2.391s] INFO:colcon.colcon_core.shell:Creating environment descriptor '/home/prts/RBOT250/install/learning_tf2_cpp/share/learning_tf2_cpp/hook/pythonpath.dsv'
[2.391s] INFO:colcon.colcon_core.shell:Creating environment hook '/home/prts/RBOT250/install/learning_tf2_cpp/share/learning_tf2_cpp/hook/pythonpath.sh'
[2.392s] INFO:colcon.colcon_core.shell:Creating package script '/home/prts/RBOT250/install/learning_tf2_cpp/share/learning_tf2_cpp/package.ps1'
[2.393s] INFO:colcon.colcon_core.shell:Creating package descriptor '/home/prts/RBOT250/install/learning_tf2_cpp/share/learning_tf2_cpp/package.dsv'
[2.394s] INFO:colcon.colcon_core.shell:Creating package script '/home/prts/RBOT250/install/learning_tf2_cpp/share/learning_tf2_cpp/package.sh'
[2.394s] INFO:colcon.colcon_core.shell:Creating package script '/home/prts/RBOT250/install/learning_tf2_cpp/share/learning_tf2_cpp/package.bash'
[2.395s] INFO:colcon.colcon_core.shell:Creating package script '/home/prts/RBOT250/install/learning_tf2_cpp/share/learning_tf2_cpp/package.zsh'
[2.395s] Level 1:colcon.colcon_core.environment:create_file_with_runtime_dependencies(/home/prts/RBOT250/install/learning_tf2_cpp/share/colcon-core/packages/learning_tf2_cpp)
[2.429s] Level 1:colcon.colcon_core.environment:create_environment_scripts_only(learning_tf2_cpp)
[2.430s] Level 1:colcon.colcon_core.environment:checking '/home/prts/RBOT250/install/learning_tf2_cpp' for CMake module files
[2.431s] Level 1:colcon.colcon_core.environment:checking '/home/prts/RBOT250/install/learning_tf2_cpp' for CMake config files
[2.431s] Level 1:colcon.colcon_core.shell:create_environment_hook('learning_tf2_cpp', 'cmake_prefix_path')
[2.432s] INFO:colcon.colcon_core.shell:Creating environment hook '/home/prts/RBOT250/install/learning_tf2_cpp/share/learning_tf2_cpp/hook/cmake_prefix_path.ps1'
[2.432s] INFO:colcon.colcon_core.shell:Creating environment descriptor '/home/prts/RBOT250/install/learning_tf2_cpp/share/learning_tf2_cpp/hook/cmake_prefix_path.dsv'
[2.433s] INFO:colcon.colcon_core.shell:Creating environment hook '/home/prts/RBOT250/install/learning_tf2_cpp/share/learning_tf2_cpp/hook/cmake_prefix_path.sh'
[2.433s] Level 1:colcon.colcon_core.environment:checking '/home/prts/RBOT250/install/learning_tf2_cpp/lib'
[2.433s] Level 1:colcon.colcon_core.environment:checking '/home/prts/RBOT250/install/learning_tf2_cpp/bin'
[2.433s] Level 1:colcon.colcon_core.environment:checking '/home/prts/RBOT250/install/learning_tf2_cpp/lib/pkgconfig/learning_tf2_cpp.pc'
[2.434s] Level 1:colcon.colcon_core.environment:checking '/home/prts/RBOT250/install/learning_tf2_cpp/lib/python3.8/site-packages'
[2.434s] Level 1:colcon.colcon_core.shell:create_environment_hook('learning_tf2_cpp', 'pythonpath')
[2.434s] INFO:colcon.colcon_core.shell:Creating environment hook '/home/prts/RBOT250/install/learning_tf2_cpp/share/learning_tf2_cpp/hook/pythonpath.ps1'
[2.435s] INFO:colcon.colcon_core.shell:Creating environment descriptor '/home/prts/RBOT250/install/learning_tf2_cpp/share/learning_tf2_cpp/hook/pythonpath.dsv'
[2.435s] INFO:colcon.colcon_core.shell:Creating environment hook '/home/prts/RBOT250/install/learning_tf2_cpp/share/learning_tf2_cpp/hook/pythonpath.sh'
[2.436s] INFO:colcon.colcon_core.shell:Creating package script '/home/prts/RBOT250/install/learning_tf2_cpp/share/learning_tf2_cpp/package.ps1'
[2.437s] INFO:colcon.colcon_core.shell:Creating package descriptor '/home/prts/RBOT250/install/learning_tf2_cpp/share/learning_tf2_cpp/package.dsv'
[2.437s] INFO:colcon.colcon_core.shell:Creating package script '/home/prts/RBOT250/install/learning_tf2_cpp/share/learning_tf2_cpp/package.sh'
[2.438s] INFO:colcon.colcon_core.shell:Creating package script '/home/prts/RBOT250/install/learning_tf2_cpp/share/learning_tf2_cpp/package.bash'
[2.438s] INFO:colcon.colcon_core.shell:Creating package script '/home/prts/RBOT250/install/learning_tf2_cpp/share/learning_tf2_cpp/package.zsh'
[2.438s] Level 1:colcon.colcon_core.environment:create_file_with_runtime_dependencies(/home/prts/RBOT250/install/learning_tf2_cpp/share/colcon-core/packages/learning_tf2_cpp)
[2.596s] DEBUG:colcon.colcon_core.event_handler.log_command:Invoked command in '/home/prts/RBOT250/build/my_cpp_py_pkg' returned '0': CMAKE_PREFIX_PATH=${CMAKE_PREFIX_PATH}:/home/prts/RBOT250/src/install/learning_tf2_py /usr/bin/cmake --build /home/prts/RBOT250/build/my_cpp_py_pkg -- -j4 -l4
[2.638s] DEBUG:colcon.colcon_core.event_handler.log_command:Invoking command in '/home/prts/RBOT250/build/my_cpp_py_pkg': CMAKE_PREFIX_PATH=${CMAKE_PREFIX_PATH}:/home/prts/RBOT250/src/install/learning_tf2_py /usr/bin/cmake --install /home/prts/RBOT250/build/my_cpp_py_pkg
[2.698s] Level 1:colcon.colcon_core.environment:create_environment_scripts_only(my_cpp_py_pkg)
[2.699s] Level 1:colcon.colcon_core.environment:checking '/home/prts/RBOT250/install/my_cpp_py_pkg' for CMake module files
[2.700s] DEBUG:colcon.colcon_core.event_handler.log_command:Invoked command in '/home/prts/RBOT250/build/my_cpp_py_pkg' returned '0': CMAKE_PREFIX_PATH=${CMAKE_PREFIX_PATH}:/home/prts/RBOT250/src/install/learning_tf2_py /usr/bin/cmake --install /home/prts/RBOT250/build/my_cpp_py_pkg
[2.701s] Level 1:colcon.colcon_core.environment:checking '/home/prts/RBOT250/install/my_cpp_py_pkg' for CMake config files
[2.701s] Level 1:colcon.colcon_core.shell:create_environment_hook('my_cpp_py_pkg', 'cmake_prefix_path')
[2.702s] INFO:colcon.colcon_core.shell:Creating environment hook '/home/prts/RBOT250/install/my_cpp_py_pkg/share/my_cpp_py_pkg/hook/cmake_prefix_path.ps1'
[2.703s] INFO:colcon.colcon_core.shell:Creating environment descriptor '/home/prts/RBOT250/install/my_cpp_py_pkg/share/my_cpp_py_pkg/hook/cmake_prefix_path.dsv'
[2.704s] INFO:colcon.colcon_core.shell:Creating environment hook '/home/prts/RBOT250/install/my_cpp_py_pkg/share/my_cpp_py_pkg/hook/cmake_prefix_path.sh'
[2.705s] Level 1:colcon.colcon_core.environment:checking '/home/prts/RBOT250/install/my_cpp_py_pkg/lib'
[2.705s] Level 1:colcon.colcon_core.environment:checking '/home/prts/RBOT250/install/my_cpp_py_pkg/bin'
[2.705s] Level 1:colcon.colcon_core.environment:checking '/home/prts/RBOT250/install/my_cpp_py_pkg/lib/pkgconfig/my_cpp_py_pkg.pc'
[2.705s] Level 1:colcon.colcon_core.environment:checking '/home/prts/RBOT250/install/my_cpp_py_pkg/lib/python3.8/site-packages'
[2.705s] Level 1:colcon.colcon_core.shell:create_environment_hook('my_cpp_py_pkg', 'pythonpath')
[2.707s] INFO:colcon.colcon_core.shell:Creating environment hook '/home/prts/RBOT250/install/my_cpp_py_pkg/share/my_cpp_py_pkg/hook/pythonpath.ps1'
[2.707s] INFO:colcon.colcon_core.shell:Creating environment descriptor '/home/prts/RBOT250/install/my_cpp_py_pkg/share/my_cpp_py_pkg/hook/pythonpath.dsv'
[2.708s] INFO:colcon.colcon_core.shell:Creating environment hook '/home/prts/RBOT250/install/my_cpp_py_pkg/share/my_cpp_py_pkg/hook/pythonpath.sh'
[2.710s] INFO:colcon.colcon_core.shell:Creating package script '/home/prts/RBOT250/install/my_cpp_py_pkg/share/my_cpp_py_pkg/package.ps1'
[2.711s] INFO:colcon.colcon_core.shell:Creating package descriptor '/home/prts/RBOT250/install/my_cpp_py_pkg/share/my_cpp_py_pkg/package.dsv'
[2.712s] INFO:colcon.colcon_core.shell:Creating package script '/home/prts/RBOT250/install/my_cpp_py_pkg/share/my_cpp_py_pkg/package.sh'
[2.712s] INFO:colcon.colcon_core.shell:Creating package script '/home/prts/RBOT250/install/my_cpp_py_pkg/share/my_cpp_py_pkg/package.bash'
[2.713s] INFO:colcon.colcon_core.shell:Creating package script '/home/prts/RBOT250/install/my_cpp_py_pkg/share/my_cpp_py_pkg/package.zsh'
[2.713s] Level 1:colcon.colcon_core.environment:create_file_with_runtime_dependencies(/home/prts/RBOT250/install/my_cpp_py_pkg/share/colcon-core/packages/my_cpp_py_pkg)
[2.753s] Level 1:colcon.colcon_core.environment:create_environment_scripts_only(my_cpp_py_pkg)
[2.754s] Level 1:colcon.colcon_core.environment:checking '/home/prts/RBOT250/install/my_cpp_py_pkg' for CMake module files
[2.755s] Level 1:colcon.colcon_core.environment:checking '/home/prts/RBOT250/install/my_cpp_py_pkg' for CMake config files
[2.755s] Level 1:colcon.colcon_core.shell:create_environment_hook('my_cpp_py_pkg', 'cmake_prefix_path')
[2.755s] INFO:colcon.colcon_core.shell:Creating environment hook '/home/prts/RBOT250/install/my_cpp_py_pkg/share/my_cpp_py_pkg/hook/cmake_prefix_path.ps1'
[2.756s] INFO:colcon.colcon_core.shell:Creating environment descriptor '/home/prts/RBOT250/install/my_cpp_py_pkg/share/my_cpp_py_pkg/hook/cmake_prefix_path.dsv'
[2.756s] INFO:colcon.colcon_core.shell:Creating environment hook '/home/prts/RBOT250/install/my_cpp_py_pkg/share/my_cpp_py_pkg/hook/cmake_prefix_path.sh'
[2.757s] Level 1:colcon.colcon_core.environment:checking '/home/prts/RBOT250/install/my_cpp_py_pkg/lib'
[2.757s] Level 1:colcon.colcon_core.environment:checking '/home/prts/RBOT250/install/my_cpp_py_pkg/bin'
[2.757s] Level 1:colcon.colcon_core.environment:checking '/home/prts/RBOT250/install/my_cpp_py_pkg/lib/pkgconfig/my_cpp_py_pkg.pc'
[2.757s] Level 1:colcon.colcon_core.environment:checking '/home/prts/RBOT250/install/my_cpp_py_pkg/lib/python3.8/site-packages'
[2.757s] Level 1:colcon.colcon_core.shell:create_environment_hook('my_cpp_py_pkg', 'pythonpath')
[2.758s] INFO:colcon.colcon_core.shell:Creating environment hook '/home/prts/RBOT250/install/my_cpp_py_pkg/share/my_cpp_py_pkg/hook/pythonpath.ps1'
[2.758s] INFO:colcon.colcon_core.shell:Creating environment descriptor '/home/prts/RBOT250/install/my_cpp_py_pkg/share/my_cpp_py_pkg/hook/pythonpath.dsv'
[2.759s] INFO:colcon.colcon_core.shell:Creating environment hook '/home/prts/RBOT250/install/my_cpp_py_pkg/share/my_cpp_py_pkg/hook/pythonpath.sh'
[2.760s] INFO:colcon.colcon_core.shell:Creating package script '/home/prts/RBOT250/install/my_cpp_py_pkg/share/my_cpp_py_pkg/package.ps1'
[2.760s] INFO:colcon.colcon_core.shell:Creating package descriptor '/home/prts/RBOT250/install/my_cpp_py_pkg/share/my_cpp_py_pkg/package.dsv'
[2.761s] INFO:colcon.colcon_core.shell:Creating package script '/home/prts/RBOT250/install/my_cpp_py_pkg/share/my_cpp_py_pkg/package.sh'
[2.761s] INFO:colcon.colcon_core.shell:Creating package script '/home/prts/RBOT250/install/my_cpp_py_pkg/share/my_cpp_py_pkg/package.bash'
[2.762s] INFO:colcon.colcon_core.shell:Creating package script '/home/prts/RBOT250/install/my_cpp_py_pkg/share/my_cpp_py_pkg/package.zsh'
[2.762s] Level 1:colcon.colcon_core.environment:create_file_with_runtime_dependencies(/home/prts/RBOT250/install/my_cpp_py_pkg/share/colcon-core/packages/my_cpp_py_pkg)
[2.762s] DEBUG:colcon.colcon_parallel_executor.executor.parallel:closing loop
[2.763s] DEBUG:colcon.colcon_parallel_executor.executor.parallel:loop closed
[2.763s] DEBUG:colcon.colcon_parallel_executor.executor.parallel:run_until_complete finished with '0'
[2.763s] DEBUG:colcon.colcon_core.event_reactor:joining thread
[2.770s] INFO:colcon.colcon_core.plugin_system:Skipping extension 'colcon_notification.desktop_notification.terminal_notifier': Not used on non-Darwin systems
[2.770s] INFO:colcon.colcon_core.plugin_system:Skipping extension 'colcon_notification.desktop_notification.win32': Not used on non-Windows systems
[2.770s] INFO:colcon.colcon_notification.desktop_notification:Sending desktop notification using 'notify2'
[2.801s] DEBUG:colcon.colcon_core.event_reactor:joined thread
[2.803s] INFO:colcon.colcon_core.shell:Creating prefix script '/home/prts/RBOT250/install/local_setup.ps1'
[2.806s] INFO:colcon.colcon_core.shell:Creating prefix util module '/home/prts/RBOT250/install/_local_setup_util_ps1.py'
[2.809s] INFO:colcon.colcon_core.shell:Creating prefix chain script '/home/prts/RBOT250/install/setup.ps1'
[2.815s] INFO:colcon.colcon_core.shell:Creating prefix script '/home/prts/RBOT250/install/local_setup.sh'
[2.816s] INFO:colcon.colcon_core.shell:Creating prefix util module '/home/prts/RBOT250/install/_local_setup_util_sh.py'
[2.817s] INFO:colcon.colcon_core.shell:Creating prefix chain script '/home/prts/RBOT250/install/setup.sh'
[2.820s] INFO:colcon.colcon_core.shell:Creating prefix script '/home/prts/RBOT250/install/local_setup.bash'
[2.820s] INFO:colcon.colcon_core.shell:Creating prefix chain script '/home/prts/RBOT250/install/setup.bash'
[2.823s] INFO:colcon.colcon_core.shell:Creating prefix script '/home/prts/RBOT250/install/local_setup.zsh'
[2.824s] INFO:colcon.colcon_core.shell:Creating prefix chain script '/home/prts/RBOT250/install/setup.zsh'
