[0.036s] Invoking command in '/home/prts/RBOT250/src/build/learning_tf2_cpp': /usr/bin/cmake --build /home/prts/RBOT250/src/build/learning_tf2_cpp -- -j4 -l4
[0.130s] [  0%] Built target ament_cmake_python_symlink_learning_tf2_cpp
[0.132s] [100%] Built target turtle_tf2_broadcaster
[0.412s] running egg_info
[0.412s] writing learning_tf2_cpp.egg-info/PKG-INFO
[0.413s] writing dependency_links to learning_tf2_cpp.egg-info/dependency_links.txt
[0.413s] writing top-level names to learning_tf2_cpp.egg-info/top_level.txt
[0.421s] reading manifest file 'learning_tf2_cpp.egg-info/SOURCES.txt'
[0.421s] writing manifest file 'learning_tf2_cpp.egg-info/SOURCES.txt'
[0.466s] [100%] Built target ament_cmake_python_build_learning_tf2_cpp_egg
[0.478s] Invoked command in '/home/prts/RBOT250/src/build/learning_tf2_cpp' returned '0': /usr/bin/cmake --build /home/prts/RBOT250/src/build/learning_tf2_cpp -- -j4 -l4
[0.509s] Invoking command in '/home/prts/RBOT250/src/build/learning_tf2_cpp': /usr/bin/cmake --install /home/prts/RBOT250/src/build/learning_tf2_cpp
[0.522s] -- Install configuration: ""
[0.522s] -- Up-to-date: /home/prts/RBOT250/src/install/learning_tf2_cpp/lib/learning_tf2_cpp/turtle_tf2_broadcaster
[0.523s] -- Up-to-date: /home/prts/RBOT250/src/install/learning_tf2_cpp/share/learning_tf2_cpp/launch
[0.523s] -- Installing: /home/prts/RBOT250/src/install/learning_tf2_cpp/share/learning_tf2_cpp/launch/turtle_tf2_demo.launch.py
[0.523s] -- Up-to-date: /home/prts/RBOT250/src/install/learning_tf2_cpp/share/learning_tf2_cpp/environment/pythonpath.sh
[0.523s] -- Up-to-date: /home/prts/RBOT250/src/install/learning_tf2_cpp/share/learning_tf2_cpp/environment/pythonpath.dsv
[0.524s] -- Up-to-date: /home/prts/RBOT250/src/install/learning_tf2_cpp/lib/python3.8/site-packages//learning_tf2_cpp.egg-info
[0.524s] -- Installing: /home/prts/RBOT250/src/install/learning_tf2_cpp/lib/python3.8/site-packages//learning_tf2_cpp.egg-info/PKG-INFO
[0.524s] -- Installing: /home/prts/RBOT250/src/install/learning_tf2_cpp/lib/python3.8/site-packages//learning_tf2_cpp.egg-info/dependency_links.txt
[0.524s] -- Installing: /home/prts/RBOT250/src/install/learning_tf2_cpp/lib/python3.8/site-packages//learning_tf2_cpp.egg-info/SOURCES.txt
[0.524s] -- Installing: /home/prts/RBOT250/src/install/learning_tf2_cpp/lib/python3.8/site-packages//learning_tf2_cpp.egg-info/top_level.txt
[0.524s] -- Up-to-date: /home/prts/RBOT250/src/install/learning_tf2_cpp/lib/python3.8/site-packages/learning_tf2_cpp
[0.525s] -- Up-to-date: /home/prts/RBOT250/src/install/learning_tf2_cpp/lib/python3.8/site-packages/learning_tf2_cpp/__init__.py
[0.555s] Listing '/home/prts/RBOT250/src/install/learning_tf2_cpp/lib/python3.8/site-packages/learning_tf2_cpp'...
[0.560s] -- Up-to-date: /home/prts/RBOT250/src/install/learning_tf2_cpp/lib/learning_tf2_cpp/hello.py
[0.560s] -- Up-to-date: /home/prts/RBOT250/src/install/learning_tf2_cpp/share/ament_index/resource_index/package_run_dependencies/learning_tf2_cpp
[0.560s] -- Up-to-date: /home/prts/RBOT250/src/install/learning_tf2_cpp/share/ament_index/resource_index/parent_prefix_path/learning_tf2_cpp
[0.560s] -- Up-to-date: /home/prts/RBOT250/src/install/learning_tf2_cpp/share/learning_tf2_cpp/environment/ament_prefix_path.sh
[0.561s] -- Up-to-date: /home/prts/RBOT250/src/install/learning_tf2_cpp/share/learning_tf2_cpp/environment/ament_prefix_path.dsv
[0.561s] -- Up-to-date: /home/prts/RBOT250/src/install/learning_tf2_cpp/share/learning_tf2_cpp/environment/path.sh
[0.561s] -- Up-to-date: /home/prts/RBOT250/src/install/learning_tf2_cpp/share/learning_tf2_cpp/environment/path.dsv
[0.561s] -- Up-to-date: /home/prts/RBOT250/src/install/learning_tf2_cpp/share/learning_tf2_cpp/local_setup.bash
[0.561s] -- Up-to-date: /home/prts/RBOT250/src/install/learning_tf2_cpp/share/learning_tf2_cpp/local_setup.sh
[0.562s] -- Up-to-date: /home/prts/RBOT250/src/install/learning_tf2_cpp/share/learning_tf2_cpp/local_setup.zsh
[0.562s] -- Up-to-date: /home/prts/RBOT250/src/install/learning_tf2_cpp/share/learning_tf2_cpp/local_setup.dsv
[0.562s] -- Installing: /home/prts/RBOT250/src/install/learning_tf2_cpp/share/learning_tf2_cpp/package.dsv
[0.562s] -- Up-to-date: /home/prts/RBOT250/src/install/learning_tf2_cpp/share/ament_index/resource_index/packages/learning_tf2_cpp
[0.562s] -- Up-to-date: /home/prts/RBOT250/src/install/learning_tf2_cpp/share/learning_tf2_cpp/cmake/learning_tf2_cppConfig.cmake
[0.563s] -- Up-to-date: /home/prts/RBOT250/src/install/learning_tf2_cpp/share/learning_tf2_cpp/cmake/learning_tf2_cppConfig-version.cmake
[0.563s] -- Up-to-date: /home/prts/RBOT250/src/install/learning_tf2_cpp/share/learning_tf2_cpp/package.xml
[0.566s] Invoked command in '/home/prts/RBOT250/src/build/learning_tf2_cpp' returned '0': /usr/bin/cmake --install /home/prts/RBOT250/src/build/learning_tf2_cpp
