[  0%] Built target ament_cmake_python_symlink_learning_tf2_cpp
[100%] Built target turtle_tf2_broadcaster
running egg_info
writing learning_tf2_cpp.egg-info/PKG-INFO
writing dependency_links to learning_tf2_cpp.egg-info/dependency_links.txt
writing top-level names to learning_tf2_cpp.egg-info/top_level.txt
reading manifest file 'learning_tf2_cpp.egg-info/SOURCES.txt'
writing manifest file 'learning_tf2_cpp.egg-info/SOURCES.txt'
[100%] Built target ament_cmake_python_build_learning_tf2_cpp_egg
-- Install configuration: ""
-- Up-to-date: /home/prts/RBOT250/src/install/learning_tf2_cpp/lib/learning_tf2_cpp/turtle_tf2_broadcaster
-- Up-to-date: /home/prts/RBOT250/src/install/learning_tf2_cpp/share/learning_tf2_cpp/launch
-- Up-to-date: /home/prts/RBOT250/src/install/learning_tf2_cpp/share/learning_tf2_cpp/launch/turtle_tf2_demo.launch.py
-- Up-to-date: /home/prts/RBOT250/src/install/learning_tf2_cpp/share/learning_tf2_cpp/environment/pythonpath.sh
-- Up-to-date: /home/prts/RBOT250/src/install/learning_tf2_cpp/share/learning_tf2_cpp/environment/pythonpath.dsv
-- Up-to-date: /home/prts/RBOT250/src/install/learning_tf2_cpp/lib/python3.8/site-packages//learning_tf2_cpp.egg-info
-- Installing: /home/prts/RBOT250/src/install/learning_tf2_cpp/lib/python3.8/site-packages//learning_tf2_cpp.egg-info/PKG-INFO
-- Installing: /home/prts/RBOT250/src/install/learning_tf2_cpp/lib/python3.8/site-packages//learning_tf2_cpp.egg-info/dependency_links.txt
-- Installing: /home/prts/RBOT250/src/install/learning_tf2_cpp/lib/python3.8/site-packages//learning_tf2_cpp.egg-info/SOURCES.txt
-- Installing: /home/prts/RBOT250/src/install/learning_tf2_cpp/lib/python3.8/site-packages//learning_tf2_cpp.egg-info/top_level.txt
-- Up-to-date: /home/prts/RBOT250/src/install/learning_tf2_cpp/lib/python3.8/site-packages/learning_tf2_cpp
-- Up-to-date: /home/prts/RBOT250/src/install/learning_tf2_cpp/lib/python3.8/site-packages/learning_tf2_cpp/__init__.py
Listing '/home/prts/RBOT250/src/install/learning_tf2_cpp/lib/python3.8/site-packages/learning_tf2_cpp'...
-- Up-to-date: /home/prts/RBOT250/src/install/learning_tf2_cpp/lib/learning_tf2_cpp/hello.py
-- Up-to-date: /home/prts/RBOT250/src/install/learning_tf2_cpp/share/ament_index/resource_index/package_run_dependencies/learning_tf2_cpp
-- Up-to-date: /home/prts/RBOT250/src/install/learning_tf2_cpp/share/ament_index/resource_index/parent_prefix_path/learning_tf2_cpp
-- Up-to-date: /home/prts/RBOT250/src/install/learning_tf2_cpp/share/learning_tf2_cpp/environment/ament_prefix_path.sh
-- Up-to-date: /home/prts/RBOT250/src/install/learning_tf2_cpp/share/learning_tf2_cpp/environment/ament_prefix_path.dsv
-- Up-to-date: /home/prts/RBOT250/src/install/learning_tf2_cpp/share/learning_tf2_cpp/environment/path.sh
-- Up-to-date: /home/prts/RBOT250/src/install/learning_tf2_cpp/share/learning_tf2_cpp/environment/path.dsv
-- Up-to-date: /home/prts/RBOT250/src/install/learning_tf2_cpp/share/learning_tf2_cpp/local_setup.bash
-- Up-to-date: /home/prts/RBOT250/src/install/learning_tf2_cpp/share/learning_tf2_cpp/local_setup.sh
-- Up-to-date: /home/prts/RBOT250/src/install/learning_tf2_cpp/share/learning_tf2_cpp/local_setup.zsh
-- Up-to-date: /home/prts/RBOT250/src/install/learning_tf2_cpp/share/learning_tf2_cpp/local_setup.dsv
-- Up-to-date: /home/prts/RBOT250/src/install/learning_tf2_cpp/share/learning_tf2_cpp/package.dsv
-- Up-to-date: /home/prts/RBOT250/src/install/learning_tf2_cpp/share/ament_index/resource_index/packages/learning_tf2_cpp
-- Up-to-date: /home/prts/RBOT250/src/install/learning_tf2_cpp/share/learning_tf2_cpp/cmake/learning_tf2_cppConfig.cmake
-- Up-to-date: /home/prts/RBOT250/src/install/learning_tf2_cpp/share/learning_tf2_cpp/cmake/learning_tf2_cppConfig-version.cmake
-- Up-to-date: /home/prts/RBOT250/src/install/learning_tf2_cpp/share/learning_tf2_cpp/package.xml
