[0.029s] Invoking command in '/home/prts/RBOT250/build/my_cpp_py_pkg': CMAKE_PREFIX_PATH=${CMAKE_PREFIX_PATH}:/home/prts/RBOT250/src/install/learning_tf2_py /usr/bin/cmake --build /home/prts/RBOT250/build/my_cpp_py_pkg -- -j4 -l4
[0.104s] [35m[1mScanning dependencies of target cpp_executable[0m
[0.121s] [  0%] Built target ament_cmake_python_symlink_my_cpp_py_pkg
[0.133s] [ 50%] [32mBuilding CXX object CMakeFiles/cpp_executable.dir/src/cpp_node.cpp.o[0m
[0.412s] running egg_info
[0.412s] writing my_cpp_py_pkg.egg-info/PKG-INFO
[0.413s] writing dependency_links to my_cpp_py_pkg.egg-info/dependency_links.txt
[0.414s] writing top-level names to my_cpp_py_pkg.egg-info/top_level.txt
[0.421s] reading manifest file 'my_cpp_py_pkg.egg-info/SOURCES.txt'
[0.423s] writing manifest file 'my_cpp_py_pkg.egg-info/SOURCES.txt'
[0.462s] [ 50%] Built target ament_cmake_python_build_my_cpp_py_pkg_egg
[2.428s] [01m[K/home/prts/RBOT250/src/my_cpp_py_pkg/src/cpp_node.cpp:[m[K In member function ‘[01m[Kvoid FramePublisher::timer_callback()[m[K’:
[2.429s] [01m[K/home/prts/RBOT250/src/my_cpp_py_pkg/src/cpp_node.cpp:91:32:[m[K [01;31m[Kerror: [m[Kno matching function for call to ‘[01m[Krclcpp::Publisher<geometry_msgs::msg::TransformStamped_<std::allocator<void> > >::publish(std_msgs::msg::String_<std::allocator<void> >&)[m[K’
[2.429s]    91 |     publisher_->publish(message[01;31m[K)[m[K;
[2.429s]       |                                [01;31m[K^[m[K
[2.429s] In file included from [01m[K/home/prts/ros2_galactic/ros2-linux/include/rclcpp/topic_statistics/subscription_topic_statistics.hpp:31[m[K,
[2.429s]                  from [01m[K/home/prts/ros2_galactic/ros2-linux/include/rclcpp/subscription.hpp:50[m[K,
[2.430s]                  from [01m[K/home/prts/ros2_galactic/ros2-linux/include/rclcpp/any_executable.hpp:25[m[K,
[2.430s]                  from [01m[K/home/prts/ros2_galactic/ros2-linux/include/rclcpp/memory_strategy.hpp:25[m[K,
[2.430s]                  from [01m[K/home/prts/ros2_galactic/ros2-linux/include/rclcpp/memory_strategies.hpp:18[m[K,
[2.430s]                  from [01m[K/home/prts/ros2_galactic/ros2-linux/include/rclcpp/executor_options.hpp:20[m[K,
[2.430s]                  from [01m[K/home/prts/ros2_galactic/ros2-linux/include/rclcpp/executor.hpp:36[m[K,
[2.430s]                  from [01m[K/home/prts/ros2_galactic/ros2-linux/include/rclcpp/executors/multi_threaded_executor.hpp:26[m[K,
[2.431s]                  from [01m[K/home/prts/ros2_galactic/ros2-linux/include/rclcpp/executors.hpp:21[m[K,
[2.431s]                  from [01m[K/home/prts/ros2_galactic/ros2-linux/include/rclcpp/rclcpp.hpp:156[m[K,
[2.431s]                  from [01m[K/home/prts/RBOT250/src/my_cpp_py_pkg/src/cpp_node.cpp:7[m[K:
[2.431s] [01m[K/home/prts/ros2_galactic/ros2-linux/include/rclcpp/publisher.hpp:187:3:[m[K [01;36m[Knote: [m[Kcandidate: ‘[01m[Kvoid rclcpp::Publisher<MessageT, AllocatorT>::publish(std::unique_ptr<MessageT, typename std::conditional<std::is_same<typename std::allocator_traits<typename std::allocator_traits<_NodeAlloc>::rebind_traits<MessageT>::allocator_type>::rebind_alloc<MessageT>, typename std::allocator<void>::rebind<_Tp1>::other>::value, std::default_delete<_Tp>, rclcpp::allocator::AllocatorDeleter<typename std::allocator_traits<_NodeAlloc>::rebind_traits<MessageT>::allocator_type> >::type>) [with MessageT = geometry_msgs::msg::TransformStamped_<std::allocator<void> >; AllocatorT = std::allocator<void>; typename std::conditional<std::is_same<typename std::allocator_traits<typename std::allocator_traits<_NodeAlloc>::rebind_traits<MessageT>::allocator_type>::rebind_alloc<MessageT>, typename std::allocator<void>::rebind<_Tp1>::other>::value, std::default_delete<_Tp>, rclcpp::allocator::AllocatorDeleter<typename std::allocator_traits<_NodeAlloc>::rebind_traits<MessageT>::allocator_type> >::type = std::default_delete<geometry_msgs::msg::TransformStamped_<std::allocator<void> > >][m[K’
[2.431s]   187 |   [01;36m[Kpublish[m[K(std::unique_ptr<MessageT, MessageDeleter> msg)
[2.431s]       |   [01;36m[K^~~~~~~[m[K
[2.432s] [01m[K/home/prts/ros2_galactic/ros2-linux/include/rclcpp/publisher.hpp:187:53:[m[K [01;36m[Knote: [m[K  no known conversion for argument 1 from ‘[01m[Kstd_msgs::msg::String_<std::allocator<void> >[m[K’ to ‘[01m[Kstd::unique_ptr<geometry_msgs::msg::TransformStamped_<std::allocator<void> >, std::default_delete<geometry_msgs::msg::TransformStamped_<std::allocator<void> > > >[m[K’
[2.432s]   187 |   publish([01;36m[Kstd::unique_ptr<MessageT, MessageDeleter> msg[m[K)
[2.432s]       |           [01;36m[K~~~~~~~~~~~~~~~~~~~~~~~~~~~~~~~~~~~~~~~~~~^~~[m[K
[2.432s] [01m[K/home/prts/ros2_galactic/ros2-linux/include/rclcpp/publisher.hpp:211:3:[m[K [01;36m[Knote: [m[Kcandidate: ‘[01m[Kvoid rclcpp::Publisher<MessageT, AllocatorT>::publish(const MessageT&) [with MessageT = geometry_msgs::msg::TransformStamped_<std::allocator<void> >; AllocatorT = std::allocator<void>][m[K’
[2.432s]   211 |   [01;36m[Kpublish[m[K(const MessageT & msg)
[2.432s]       |   [01;36m[K^~~~~~~[m[K
[2.433s] [01m[K/home/prts/ros2_galactic/ros2-linux/include/rclcpp/publisher.hpp:211:28:[m[K [01;36m[Knote: [m[K  no known conversion for argument 1 from ‘[01m[Kstd_msgs::msg::String_<std::allocator<void> >[m[K’ to ‘[01m[Kconst geometry_msgs::msg::TransformStamped_<std::allocator<void> >&[m[K’
[2.433s]   211 |   publish([01;36m[Kconst MessageT & msg[m[K)
[2.433s]       |           [01;36m[K~~~~~~~~~~~~~~~~~^~~[m[K
[2.433s] [01m[K/home/prts/ros2_galactic/ros2-linux/include/rclcpp/publisher.hpp:228:3:[m[K [01;36m[Knote: [m[Kcandidate: ‘[01m[Kvoid rclcpp::Publisher<MessageT, AllocatorT>::publish(const rcl_serialized_message_t&) [with MessageT = geometry_msgs::msg::TransformStamped_<std::allocator<void> >; AllocatorT = std::allocator<void>; rcl_serialized_message_t = rcutils_uint8_array_t][m[K’
[2.433s]   228 |   [01;36m[Kpublish[m[K(const rcl_serialized_message_t & serialized_msg)
[2.434s]       |   [01;36m[K^~~~~~~[m[K
[2.434s] [01m[K/home/prts/ros2_galactic/ros2-linux/include/rclcpp/publisher.hpp:228:44:[m[K [01;36m[Knote: [m[K  no known conversion for argument 1 from ‘[01m[Kstd_msgs::msg::String_<std::allocator<void> >[m[K’ to ‘[01m[Kconst rcl_serialized_message_t&[m[K’ {aka ‘[01m[Kconst rcutils_uint8_array_t&[m[K’}
[2.434s]   228 |   publish([01;36m[Kconst rcl_serialized_message_t & serialized_msg[m[K)
[2.434s]       |           [01;36m[K~~~~~~~~~~~~~~~~~~~~~~~~~~~~~~~~~^~~~~~~~~~~~~~[m[K
[2.434s] [01m[K/home/prts/ros2_galactic/ros2-linux/include/rclcpp/publisher.hpp:234:3:[m[K [01;36m[Knote: [m[Kcandidate: ‘[01m[Kvoid rclcpp::Publisher<MessageT, AllocatorT>::publish(const rclcpp::SerializedMessage&) [with MessageT = geometry_msgs::msg::TransformStamped_<std::allocator<void> >; AllocatorT = std::allocator<void>][m[K’
[2.434s]   234 |   [01;36m[Kpublish[m[K(const SerializedMessage & serialized_msg)
[2.435s]       |   [01;36m[K^~~~~~~[m[K
[2.435s] [01m[K/home/prts/ros2_galactic/ros2-linux/include/rclcpp/publisher.hpp:234:37:[m[K [01;36m[Knote: [m[K  no known conversion for argument 1 from ‘[01m[Kstd_msgs::msg::String_<std::allocator<void> >[m[K’ to ‘[01m[Kconst rclcpp::SerializedMessage&[m[K’
[2.435s]   234 |   publish([01;36m[Kconst SerializedMessage & serialized_msg[m[K)
[2.435s]       |           [01;36m[K~~~~~~~~~~~~~~~~~~~~~~~~~~^~~~~~~~~~~~~~[m[K
[2.435s] [01m[K/home/prts/ros2_galactic/ros2-linux/include/rclcpp/publisher.hpp:248:3:[m[K [01;36m[Knote: [m[Kcandidate: ‘[01m[Kvoid rclcpp::Publisher<MessageT, AllocatorT>::publish(rclcpp::LoanedMessage<MessageT, AllocatorT>&&) [with MessageT = geometry_msgs::msg::TransformStamped_<std::allocator<void> >; AllocatorT = std::allocator<void>][m[K’
[2.435s]   248 |   [01;36m[Kpublish[m[K(rclcpp::LoanedMessage<MessageT, AllocatorT> && loaned_msg)
[2.436s]       |   [01;36m[K^~~~~~~[m[K
[2.436s] [01m[K/home/prts/ros2_galactic/ros2-linux/include/rclcpp/publisher.hpp:248:58:[m[K [01;36m[Knote: [m[K  no known conversion for argument 1 from ‘[01m[Kstd_msgs::msg::String_<std::allocator<void> >[m[K’ to ‘[01m[Krclcpp::LoanedMessage<geometry_msgs::msg::TransformStamped_<std::allocator<void> >, std::allocator<void> >&&[m[K’
[2.436s]   248 |   publish([01;36m[Krclcpp::LoanedMessage<MessageT, AllocatorT> && loaned_msg[m[K)
[2.436s]       |           [01;36m[K~~~~~~~~~~~~~~~~~~~~~~~~~~~~~~~~~~~~~~~~~~~~~~~^~~~~~~~~~[m[K
[4.931s] make[2]: *** [CMakeFiles/cpp_executable.dir/build.make:63: CMakeFiles/cpp_executable.dir/src/cpp_node.cpp.o] Error 1
[4.932s] make[1]: *** [CMakeFiles/Makefile2:135: CMakeFiles/cpp_executable.dir/all] Error 2
[4.932s] make: *** [Makefile:141: all] Error 2
[4.935s] Invoked command in '/home/prts/RBOT250/build/my_cpp_py_pkg' returned '2': CMAKE_PREFIX_PATH=${CMAKE_PREFIX_PATH}:/home/prts/RBOT250/src/install/learning_tf2_py /usr/bin/cmake --build /home/prts/RBOT250/build/my_cpp_py_pkg -- -j4 -l4
