[0.396s] Invoking command in '/home/prts/RBOT250/src/learning_tf2_py': PYTHONPATH=/home/prts/RBOT250/install/learning_tf2_py/lib/python3.8/site-packages:${PYTHONPATH} /usr/bin/python3 setup.py egg_info --egg-base ../../build/learning_tf2_py build --build-base /home/prts/RBOT250/build/learning_tf2_py/build install --prefix /home/prts/RBOT250/install/learning_tf2_py --record /home/prts/RBOT250/build/learning_tf2_py/install.log --single-version-externally-managed
[0.697s] running egg_info
[0.698s] creating ../../build/learning_tf2_py/learning_tf2_py.egg-info
[0.698s] writing ../../build/learning_tf2_py/learning_tf2_py.egg-info/PKG-INFO
[0.698s] writing dependency_links to ../../build/learning_tf2_py/learning_tf2_py.egg-info/dependency_links.txt
[0.698s] writing entry points to ../../build/learning_tf2_py/learning_tf2_py.egg-info/entry_points.txt
[0.702s] writing requirements to ../../build/learning_tf2_py/learning_tf2_py.egg-info/requires.txt
[0.703s] writing top-level names to ../../build/learning_tf2_py/learning_tf2_py.egg-info/top_level.txt
[0.703s] writing manifest file '../../build/learning_tf2_py/learning_tf2_py.egg-info/SOURCES.txt'
[0.703s] reading manifest file '../../build/learning_tf2_py/learning_tf2_py.egg-info/SOURCES.txt'
[0.703s] writing manifest file '../../build/learning_tf2_py/learning_tf2_py.egg-info/SOURCES.txt'
[0.704s] running build
[0.704s] running build_py
[0.704s] creating /home/prts/RBOT250/build/learning_tf2_py/build
[0.704s] creating /home/prts/RBOT250/build/learning_tf2_py/build/lib
[0.705s] creating /home/prts/RBOT250/build/learning_tf2_py/build/lib/learning_tf2_py
[0.705s] copying learning_tf2_py/turtle_tf2_broadcaster.py -> /home/prts/RBOT250/build/learning_tf2_py/build/lib/learning_tf2_py
[0.705s] copying learning_tf2_py/__init__.py -> /home/prts/RBOT250/build/learning_tf2_py/build/lib/learning_tf2_py
[0.705s] copying learning_tf2_py/turtle_tf2_listener.py -> /home/prts/RBOT250/build/learning_tf2_py/build/lib/learning_tf2_py
[0.705s] running install
[0.705s] /home/prts/.local/lib/python3.8/site-packages/setuptools/command/install.py:34: SetuptoolsDeprecationWarning: setup.py install is deprecated. Use build and pip and other standards-based tools.
[0.705s]   warnings.warn(
[0.705s] running install_lib
[0.706s] creating /home/prts/RBOT250/install/learning_tf2_py/lib/python3.8/site-packages/learning_tf2_py
[0.707s] copying /home/prts/RBOT250/build/learning_tf2_py/build/lib/learning_tf2_py/turtle_tf2_broadcaster.py -> /home/prts/RBOT250/install/learning_tf2_py/lib/python3.8/site-packages/learning_tf2_py
[0.707s] copying /home/prts/RBOT250/build/learning_tf2_py/build/lib/learning_tf2_py/__init__.py -> /home/prts/RBOT250/install/learning_tf2_py/lib/python3.8/site-packages/learning_tf2_py
[0.707s] copying /home/prts/RBOT250/build/learning_tf2_py/build/lib/learning_tf2_py/turtle_tf2_listener.py -> /home/prts/RBOT250/install/learning_tf2_py/lib/python3.8/site-packages/learning_tf2_py
[0.707s] byte-compiling /home/prts/RBOT250/install/learning_tf2_py/lib/python3.8/site-packages/learning_tf2_py/turtle_tf2_broadcaster.py to turtle_tf2_broadcaster.cpython-38.pyc
[0.708s] byte-compiling /home/prts/RBOT250/install/learning_tf2_py/lib/python3.8/site-packages/learning_tf2_py/__init__.py to __init__.cpython-38.pyc
[0.708s] byte-compiling /home/prts/RBOT250/install/learning_tf2_py/lib/python3.8/site-packages/learning_tf2_py/turtle_tf2_listener.py to turtle_tf2_listener.cpython-38.pyc
[0.709s] running install_data
[0.710s] creating /home/prts/RBOT250/install/learning_tf2_py/share/ament_index
[0.710s] creating /home/prts/RBOT250/install/learning_tf2_py/share/ament_index/resource_index
[0.710s] creating /home/prts/RBOT250/install/learning_tf2_py/share/ament_index/resource_index/packages
[0.710s] copying resource/learning_tf2_py -> /home/prts/RBOT250/install/learning_tf2_py/share/ament_index/resource_index/packages
[0.710s] copying package.xml -> /home/prts/RBOT250/install/learning_tf2_py/share/learning_tf2_py
[0.710s] running install_egg_info
[0.712s] Copying ../../build/learning_tf2_py/learning_tf2_py.egg-info to /home/prts/RBOT250/install/learning_tf2_py/lib/python3.8/site-packages/learning_tf2_py-0.0.0-py3.8.egg-info
[0.713s] running install_scripts
[0.734s] writing list of installed files to '/home/prts/RBOT250/build/learning_tf2_py/install.log'
[0.773s] Invoked command in '/home/prts/RBOT250/src/learning_tf2_py' returned '0': PYTHONPATH=/home/prts/RBOT250/install/learning_tf2_py/lib/python3.8/site-packages:${PYTHONPATH} /usr/bin/python3 setup.py egg_info --egg-base ../../build/learning_tf2_py build --build-base /home/prts/RBOT250/build/learning_tf2_py/build install --prefix /home/prts/RBOT250/install/learning_tf2_py --record /home/prts/RBOT250/build/learning_tf2_py/install.log --single-version-externally-managed
