[0.026s] Invoking command in '/home/prts/RBOT250/src/build/learning_tf2_cpp': /usr/bin/cmake --build /home/prts/RBOT250/src/build/learning_tf2_cpp -- -j4 -l4
[0.107s] [100%] Built target turtle_tf2_broadcaster
[0.110s] [100%] Built target ament_cmake_python_symlink_learning_tf2_cpp
[0.393s] running egg_info
[0.393s] writing learning_tf2_cpp.egg-info/PKG-INFO
[0.394s] writing dependency_links to learning_tf2_cpp.egg-info/dependency_links.txt
[0.394s] writing top-level names to learning_tf2_cpp.egg-info/top_level.txt
[0.397s] reading manifest file 'learning_tf2_cpp.egg-info/SOURCES.txt'
[0.398s] writing manifest file 'learning_tf2_cpp.egg-info/SOURCES.txt'
[0.435s] [100%] Built target ament_cmake_python_build_learning_tf2_cpp_egg
[0.447s] Invoked command in '/home/prts/RBOT250/src/build/learning_tf2_cpp' returned '0': /usr/bin/cmake --build /home/prts/RBOT250/src/build/learning_tf2_cpp -- -j4 -l4
[0.486s] Invoking command in '/home/prts/RBOT250/src/build/learning_tf2_cpp': /usr/bin/cmake --install /home/prts/RBOT250/src/build/learning_tf2_cpp
[0.497s] -- Install configuration: ""
[0.497s] -- Up-to-date: /home/prts/RBOT250/src/install/learning_tf2_cpp/lib/learning_tf2_cpp/turtle_tf2_broadcaster
[0.498s] -- Up-to-date: /home/prts/RBOT250/src/install/learning_tf2_cpp/share/learning_tf2_cpp/launch
[0.498s] -- Installing: /home/prts/RBOT250/src/install/learning_tf2_cpp/share/learning_tf2_cpp/launch/turtle_tf2_demo.launch.py
[0.498s] -- Up-to-date: /home/prts/RBOT250/src/install/learning_tf2_cpp/share/learning_tf2_cpp/environment/pythonpath.sh
[0.499s] -- Up-to-date: /home/prts/RBOT250/src/install/learning_tf2_cpp/share/learning_tf2_cpp/environment/pythonpath.dsv
[0.499s] -- Up-to-date: /home/prts/RBOT250/src/install/learning_tf2_cpp/lib/python3.8/site-packages//learning_tf2_cpp.egg-info
[0.499s] -- Installing: /home/prts/RBOT250/src/install/learning_tf2_cpp/lib/python3.8/site-packages//learning_tf2_cpp.egg-info/PKG-INFO
[0.499s] -- Installing: /home/prts/RBOT250/src/install/learning_tf2_cpp/lib/python3.8/site-packages//learning_tf2_cpp.egg-info/dependency_links.txt
[0.499s] -- Installing: /home/prts/RBOT250/src/install/learning_tf2_cpp/lib/python3.8/site-packages//learning_tf2_cpp.egg-info/SOURCES.txt
[0.499s] -- Installing: /home/prts/RBOT250/src/install/learning_tf2_cpp/lib/python3.8/site-packages//learning_tf2_cpp.egg-info/top_level.txt
[0.500s] -- Up-to-date: /home/prts/RBOT250/src/install/learning_tf2_cpp/lib/python3.8/site-packages/learning_tf2_cpp
[0.500s] -- Up-to-date: /home/prts/RBOT250/src/install/learning_tf2_cpp/lib/python3.8/site-packages/learning_tf2_cpp/__init__.py
[0.534s] Listing '/home/prts/RBOT250/src/install/learning_tf2_cpp/lib/python3.8/site-packages/learning_tf2_cpp'...
[0.538s] -- Up-to-date: /home/prts/RBOT250/src/install/learning_tf2_cpp/lib/learning_tf2_cpp/hello.py
[0.539s] -- Up-to-date: /home/prts/RBOT250/src/install/learning_tf2_cpp/share/ament_index/resource_index/package_run_dependencies/learning_tf2_cpp
[0.539s] -- Up-to-date: /home/prts/RBOT250/src/install/learning_tf2_cpp/share/ament_index/resource_index/parent_prefix_path/learning_tf2_cpp
[0.539s] -- Up-to-date: /home/prts/RBOT250/src/install/learning_tf2_cpp/share/learning_tf2_cpp/environment/ament_prefix_path.sh
[0.539s] -- Up-to-date: /home/prts/RBOT250/src/install/learning_tf2_cpp/share/learning_tf2_cpp/environment/ament_prefix_path.dsv
[0.539s] -- Up-to-date: /home/prts/RBOT250/src/install/learning_tf2_cpp/share/learning_tf2_cpp/environment/path.sh
[0.539s] -- Up-to-date: /home/prts/RBOT250/src/install/learning_tf2_cpp/share/learning_tf2_cpp/environment/path.dsv
[0.539s] -- Up-to-date: /home/prts/RBOT250/src/install/learning_tf2_cpp/share/learning_tf2_cpp/local_setup.bash
[0.539s] -- Up-to-date: /home/prts/RBOT250/src/install/learning_tf2_cpp/share/learning_tf2_cpp/local_setup.sh
[0.539s] -- Up-to-date: /home/prts/RBOT250/src/install/learning_tf2_cpp/share/learning_tf2_cpp/local_setup.zsh
[0.540s] -- Up-to-date: /home/prts/RBOT250/src/install/learning_tf2_cpp/share/learning_tf2_cpp/local_setup.dsv
[0.540s] -- Up-to-date: /home/prts/RBOT250/src/install/learning_tf2_cpp/share/learning_tf2_cpp/package.dsv
[0.540s] -- Up-to-date: /home/prts/RBOT250/src/install/learning_tf2_cpp/share/ament_index/resource_index/packages/learning_tf2_cpp
[0.540s] -- Up-to-date: /home/prts/RBOT250/src/install/learning_tf2_cpp/share/learning_tf2_cpp/cmake/learning_tf2_cppConfig.cmake
[0.540s] -- Up-to-date: /home/prts/RBOT250/src/install/learning_tf2_cpp/share/learning_tf2_cpp/cmake/learning_tf2_cppConfig-version.cmake
[0.540s] -- Up-to-date: /home/prts/RBOT250/src/install/learning_tf2_cpp/share/learning_tf2_cpp/package.xml
[0.547s] Invoked command in '/home/prts/RBOT250/src/build/learning_tf2_cpp' returned '0': /usr/bin/cmake --install /home/prts/RBOT250/src/build/learning_tf2_cpp
