[0.045s] Invoking command in '/home/prts/RBOT250/src/build/cpp_pubsub': /usr/bin/cmake --build /home/prts/RBOT250/src/build/cpp_pubsub -- -j4 -l4
[0.126s] [ 50%] Built target talker
[0.132s] [100%] Built target listener
[0.377s] Invoked command in '/home/prts/RBOT250/src/build/cpp_pubsub' returned '0': /usr/bin/cmake --build /home/prts/RBOT250/src/build/cpp_pubsub -- -j4 -l4
[0.427s] Invoking command in '/home/prts/RBOT250/src/build/cpp_pubsub': /usr/bin/cmake --install /home/prts/RBOT250/src/build/cpp_pubsub
[0.438s] -- Install configuration: ""
[0.442s] -- Up-to-date: /home/prts/RBOT250/src/install/cpp_pubsub/lib/cpp_pubsub/talker
[0.442s] -- Up-to-date: /home/prts/RBOT250/src/install/cpp_pubsub/lib/cpp_pubsub/listener
[0.443s] -- Up-to-date: /home/prts/RBOT250/src/install/cpp_pubsub/share/ament_index/resource_index/package_run_dependencies/cpp_pubsub
[0.444s] -- Up-to-date: /home/prts/RBOT250/src/install/cpp_pubsub/share/ament_index/resource_index/parent_prefix_path/cpp_pubsub
[0.445s] -- Up-to-date: /home/prts/RBOT250/src/install/cpp_pubsub/share/cpp_pubsub/environment/ament_prefix_path.sh
[0.445s] -- Up-to-date: /home/prts/RBOT250/src/install/cpp_pubsub/share/cpp_pubsub/environment/ament_prefix_path.dsv
[0.445s] -- Up-to-date: /home/prts/RBOT250/src/install/cpp_pubsub/share/cpp_pubsub/environment/path.sh
[0.446s] -- Up-to-date: /home/prts/RBOT250/src/install/cpp_pubsub/share/cpp_pubsub/environment/path.dsv
[0.447s] -- Up-to-date: /home/prts/RBOT250/src/install/cpp_pubsub/share/cpp_pubsub/local_setup.bash
[0.447s] -- Up-to-date: /home/prts/RBOT250/src/install/cpp_pubsub/share/cpp_pubsub/local_setup.sh
[0.447s] -- Up-to-date: /home/prts/RBOT250/src/install/cpp_pubsub/share/cpp_pubsub/local_setup.zsh
[0.447s] -- Up-to-date: /home/prts/RBOT250/src/install/cpp_pubsub/share/cpp_pubsub/local_setup.dsv
[0.448s] -- Installing: /home/prts/RBOT250/src/install/cpp_pubsub/share/cpp_pubsub/package.dsv
[0.448s] -- Up-to-date: /home/prts/RBOT250/src/install/cpp_pubsub/share/ament_index/resource_index/packages/cpp_pubsub
[0.448s] -- Up-to-date: /home/prts/RBOT250/src/install/cpp_pubsub/share/cpp_pubsub/cmake/cpp_pubsubConfig.cmake
[0.448s] -- Up-to-date: /home/prts/RBOT250/src/install/cpp_pubsub/share/cpp_pubsub/cmake/cpp_pubsubConfig-version.cmake
[0.448s] -- Up-to-date: /home/prts/RBOT250/src/install/cpp_pubsub/share/cpp_pubsub/package.xml
[0.449s] Invoked command in '/home/prts/RBOT250/src/build/cpp_pubsub' returned '0': /usr/bin/cmake --install /home/prts/RBOT250/src/build/cpp_pubsub
