CMake Error at /usr/share/cmake-3.16/Modules/FindPackageHandleStandardArgs.cmake:146 (message):
  Could NOT find OpenSSL, try to set the path to OpenSSL root folder in the
  system variable OPENSSL_ROOT_DIR (missing: OPENSSL_CRYPTO_LIBRARY
  OPENSSL_INCLUDE_DIR)
Call Stack (most recent call first):
  /usr/share/cmake-3.16/Modules/FindPackageHandleStandardArgs.cmake:393 (_FPHSA_FAILURE_MESSAGE)
  /usr/share/cmake-3.16/Modules/FindOpenSSL.cmake:447 (find_package_handle_standard_args)
  /home/prts/ros2_galactic/ros2-linux/share/fastrtps/cmake/fastrtps-config.cmake:52 (find_package)
  /home/prts/ros2_galactic/ros2-linux/share/rosidl_typesupport_fastrtps_c/cmake/rosidl_typesupport_fastrtps_c-extras.cmake:6 (find_package)
  /home/prts/ros2_galactic/ros2-linux/share/rosidl_typesupport_fastrtps_c/cmake/rosidl_typesupport_fastrtps_cConfig.cmake:41 (include)
  /home/prts/ros2_galactic/ros2-linux/share/rosidl_typesupport_c/cmake/rosidl_typesupport_c-extras.cmake:13 (find_package)
  /home/prts/ros2_galactic/ros2-linux/share/rosidl_typesupport_c/cmake/rosidl_typesupport_cConfig.cmake:41 (include)
  /home/prts/ros2_galactic/ros2-linux/share/rosidl_default_runtime/cmake/rosidl_default_runtime-extras.cmake:12 (find_package)
  /home/prts/ros2_galactic/ros2-linux/share/rosidl_default_runtime/cmake/rosidl_default_runtimeConfig.cmake:41 (include)
  /home/prts/ros2_galactic/ros2-linux/share/builtin_interfaces/cmake/ament_cmake_export_dependencies-extras.cmake:21 (find_package)
  /home/prts/ros2_galactic/ros2-linux/share/builtin_interfaces/cmake/builtin_interfacesConfig.cmake:41 (include)
  /home/prts/ros2_galactic/ros2-linux/share/rcl_interfaces/cmake/ament_cmake_export_dependencies-extras.cmake:21 (find_package)
  /home/prts/ros2_galactic/ros2-linux/share/rcl_interfaces/cmake/rcl_interfacesConfig.cmake:41 (include)
  /home/prts/ros2_galactic/ros2-linux/share/rcl/cmake/ament_cmake_export_dependencies-extras.cmake:21 (find_package)
  /home/prts/ros2_galactic/ros2-linux/share/rcl/cmake/rclConfig.cmake:41 (include)
  /home/prts/ros2_galactic/ros2-linux/share/libstatistics_collector/cmake/ament_cmake_export_dependencies-extras.cmake:21 (find_package)
  /home/prts/ros2_galactic/ros2-linux/share/libstatistics_collector/cmake/libstatistics_collectorConfig.cmake:41 (include)
  /home/prts/ros2_galactic/ros2-linux/share/rclcpp/cmake/ament_cmake_export_dependencies-extras.cmake:21 (find_package)
  /home/prts/ros2_galactic/ros2-linux/share/rclcpp/cmake/rclcppConfig.cmake:41 (include)
  CMakeLists.txt:10 (find_package)


