[0.023s] Invoking command in '/home/prts/RBTO250 Github/RBOT_250_Assignment_3/RBOT250/build/cpp_srvcli': /usr/bin/cmake /home/prts/RBTO250 Github/RBOT_250_Assignment_3/RBOT250/src/cpp_srvcli -DCMAKE_INSTALL_PREFIX=/home/prts/RBTO250 Github/RBOT_250_Assignment_3/RBOT250/install/cpp_srvcli
[0.053s] CMake Error at CMakeLists.txt:3 (find_package):
[0.053s]   By not providing "Findament_cmake.cmake" in CMAKE_MODULE_PATH this project
[0.054s]   has asked CMake to find a package configuration file provided by
[0.054s]   "ament_cmake", but CMake did not find one.
[0.054s] 
[0.054s]   Could not find a package configuration file provided by "ament_cmake" with
[0.054s]   any of the following names:
[0.055s] 
[0.056s]     ament_cmakeConfig.cmake
[0.056s]     ament_cmake-config.cmake
[0.058s] 
[0.059s]   Add the installation prefix of "ament_cmake" to CMAKE_PREFIX_PATH or set
[0.060s]   "ament_cmake_DIR" to a directory containing one of the above files.  If
[0.061s]   "ament_cmake" provides a separate development package or SDK, be sure it
[0.061s]   has been installed.
[0.061s] 
[0.061s] 
[0.061s] -- Configuring incomplete, errors occurred!
[0.061s] See also "/home/prts/RBTO250 Github/RBOT_250_Assignment_3/RBOT250/build/cpp_srvcli/CMakeFiles/CMakeOutput.log".
[0.061s] Invoked command in '/home/prts/RBTO250 Github/RBOT_250_Assignment_3/RBOT250/build/cpp_srvcli' returned '1': /usr/bin/cmake /home/prts/RBTO250 Github/RBOT_250_Assignment_3/RBOT250/src/cpp_srvcli -DCMAKE_INSTALL_PREFIX=/home/prts/RBTO250 Github/RBOT_250_Assignment_3/RBOT250/install/cpp_srvcli
