[0.407s] DEBUG:colcon:Command line arguments: ['/usr/bin/colcon', 'build']
[0.407s] DEBUG:colcon:Parsed command line arguments: Namespace(ament_cmake_args=None, base_paths=['.'], build_base='build', catkin_cmake_args=None, catkin_skip_building_tests=False, cmake_args=None, cmake_clean_cache=False, cmake_clean_first=False, cmake_force_configure=False, cmake_target=None, cmake_target_skip_unavailable=False, continue_on_error=False, event_handlers=None, executor='parallel', ignore_user_meta=False, install_base='install', log_base=None, log_level=None, main=<bound method BuildVerb.main of <colcon_core.verb.build.BuildVerb object at 0x7f1b62d48d30>>, merge_install=False, metas=['./colcon.meta'], packages_above=None, packages_above_and_dependencies=None, packages_above_depth=None, packages_end=None, packages_ignore=None, packages_ignore_regex=None, packages_select=None, packages_select_build_failed=False, packages_select_by_dep=None, packages_select_regex=None, packages_select_test_failures=False, packages_skip=None, packages_skip_build_finished=False, packages_skip_by_dep=None, packages_skip_regex=None, packages_skip_test_passed=False, packages_skip_up_to=None, packages_start=None, packages_up_to=None, packages_up_to_regex=None, parallel_workers=4, paths=None, symlink_install=False, test_result_base=None, verb_extension=<colcon_core.verb.build.BuildVerb object at 0x7f1b62d48d30>, verb_name='build', verb_parser=<colcon_defaults.argument_parser.defaults.DefaultArgumentsDecorator object at 0x7f1b62d512e0>)
[0.415s] Level 1:colcon.colcon_core.package_discovery:discover_packages(colcon_meta) check parameters
[0.416s] Level 1:colcon.colcon_core.package_discovery:discover_packages(recursive) check parameters
[0.416s] Level 1:colcon.colcon_core.package_discovery:discover_packages(ignore) check parameters
[0.416s] Level 1:colcon.colcon_core.package_discovery:discover_packages(path) check parameters
[0.416s] Level 1:colcon.colcon_core.package_discovery:discover_packages(colcon_meta) discover
[0.416s] Level 1:colcon.colcon_core.package_discovery:discover_packages(recursive) discover
[0.416s] INFO:colcon.colcon_core.package_discovery:Crawling recursively for packages in '/home/prts/RBTO250 Github/RBOT_250_Assignment_3/RBOT250'
[0.416s] Level 1:colcon.colcon_core.package_identification:_identify(.) by extensions ['ignore', 'ignore_ament_install']
[0.416s] Level 1:colcon.colcon_core.package_identification:_identify(.) by extension 'ignore'
[0.416s] Level 1:colcon.colcon_core.package_identification:_identify(.) by extension 'ignore_ament_install'
[0.416s] Level 1:colcon.colcon_core.package_identification:_identify(.) by extensions ['colcon_pkg']
[0.416s] Level 1:colcon.colcon_core.package_identification:_identify(.) by extension 'colcon_pkg'
[0.416s] Level 1:colcon.colcon_core.package_identification:_identify(.) by extensions ['colcon_meta']
[0.416s] Level 1:colcon.colcon_core.package_identification:_identify(.) by extension 'colcon_meta'
[0.417s] Level 1:colcon.colcon_core.package_identification:_identify(.) by extensions ['ros']
[0.417s] Level 1:colcon.colcon_core.package_identification:_identify(.) by extension 'ros'
[0.428s] Level 1:colcon.colcon_core.package_identification:_identify(.) by extensions ['cmake', 'python']
[0.428s] Level 1:colcon.colcon_core.package_identification:_identify(.) by extension 'cmake'
[0.428s] Level 1:colcon.colcon_core.package_identification:_identify(.) by extension 'python'
[0.428s] Level 1:colcon.colcon_core.package_identification:_identify(.) by extensions ['python_setup_py']
[0.428s] Level 1:colcon.colcon_core.package_identification:_identify(.) by extension 'python_setup_py'
[0.428s] Level 1:colcon.colcon_core.package_identification:_identify(build) by extensions ['ignore', 'ignore_ament_install']
[0.428s] Level 1:colcon.colcon_core.package_identification:_identify(build) by extension 'ignore'
[0.428s] Level 1:colcon.colcon_core.package_identification:_identify(build) ignored
[0.428s] Level 1:colcon.colcon_core.package_identification:_identify(install) by extensions ['ignore', 'ignore_ament_install']
[0.428s] Level 1:colcon.colcon_core.package_identification:_identify(install) by extension 'ignore'
[0.429s] Level 1:colcon.colcon_core.package_identification:_identify(install) ignored
[0.429s] Level 1:colcon.colcon_core.package_identification:_identify(log) by extensions ['ignore', 'ignore_ament_install']
[0.429s] Level 1:colcon.colcon_core.package_identification:_identify(log) by extension 'ignore'
[0.429s] Level 1:colcon.colcon_core.package_identification:_identify(log) ignored
[0.429s] Level 1:colcon.colcon_core.package_identification:_identify(src) by extensions ['ignore', 'ignore_ament_install']
[0.429s] Level 1:colcon.colcon_core.package_identification:_identify(src) by extension 'ignore'
[0.429s] Level 1:colcon.colcon_core.package_identification:_identify(src) by extension 'ignore_ament_install'
[0.429s] Level 1:colcon.colcon_core.package_identification:_identify(src) by extensions ['colcon_pkg']
[0.429s] Level 1:colcon.colcon_core.package_identification:_identify(src) by extension 'colcon_pkg'
[0.429s] Level 1:colcon.colcon_core.package_identification:_identify(src) by extensions ['colcon_meta']
[0.429s] Level 1:colcon.colcon_core.package_identification:_identify(src) by extension 'colcon_meta'
[0.429s] Level 1:colcon.colcon_core.package_identification:_identify(src) by extensions ['ros']
[0.429s] Level 1:colcon.colcon_core.package_identification:_identify(src) by extension 'ros'
[0.429s] Level 1:colcon.colcon_core.package_identification:_identify(src) by extensions ['cmake', 'python']
[0.429s] Level 1:colcon.colcon_core.package_identification:_identify(src) by extension 'cmake'
[0.430s] Level 1:colcon.colcon_core.package_identification:_identify(src) by extension 'python'
[0.430s] Level 1:colcon.colcon_core.package_identification:_identify(src) by extensions ['python_setup_py']
[0.430s] Level 1:colcon.colcon_core.package_identification:_identify(src) by extension 'python_setup_py'
[0.430s] Level 1:colcon.colcon_core.package_identification:_identify(src/build) by extensions ['ignore', 'ignore_ament_install']
[0.430s] Level 1:colcon.colcon_core.package_identification:_identify(src/build) by extension 'ignore'
[0.430s] Level 1:colcon.colcon_core.package_identification:_identify(src/build) ignored
[0.430s] Level 1:colcon.colcon_core.package_identification:_identify(src/cpp_srvcli) by extensions ['ignore', 'ignore_ament_install']
[0.430s] Level 1:colcon.colcon_core.package_identification:_identify(src/cpp_srvcli) by extension 'ignore'
[0.430s] Level 1:colcon.colcon_core.package_identification:_identify(src/cpp_srvcli) by extension 'ignore_ament_install'
[0.430s] Level 1:colcon.colcon_core.package_identification:_identify(src/cpp_srvcli) by extensions ['colcon_pkg']
[0.430s] Level 1:colcon.colcon_core.package_identification:_identify(src/cpp_srvcli) by extension 'colcon_pkg'
[0.430s] Level 1:colcon.colcon_core.package_identification:_identify(src/cpp_srvcli) by extensions ['colcon_meta']
[0.430s] Level 1:colcon.colcon_core.package_identification:_identify(src/cpp_srvcli) by extension 'colcon_meta'
[0.430s] Level 1:colcon.colcon_core.package_identification:_identify(src/cpp_srvcli) by extensions ['ros']
[0.430s] Level 1:colcon.colcon_core.package_identification:_identify(src/cpp_srvcli) by extension 'ros'
[0.433s] DEBUG:colcon.colcon_core.package_identification:Package 'src/cpp_srvcli' with type 'ros.ament_cmake' and name 'cpp_srvcli'
[0.434s] Level 1:colcon.colcon_core.package_identification:_identify(src/install) by extensions ['ignore', 'ignore_ament_install']
[0.434s] Level 1:colcon.colcon_core.package_identification:_identify(src/install) by extension 'ignore'
[0.434s] Level 1:colcon.colcon_core.package_identification:_identify(src/install) ignored
[0.434s] Level 1:colcon.colcon_core.package_identification:_identify(src/log) by extensions ['ignore', 'ignore_ament_install']
[0.434s] Level 1:colcon.colcon_core.package_identification:_identify(src/log) by extension 'ignore'
[0.434s] Level 1:colcon.colcon_core.package_identification:_identify(src/log) ignored
[0.434s] Level 1:colcon.colcon_core.package_identification:_identify(src/my_cpp_py_pkg) by extensions ['ignore', 'ignore_ament_install']
[0.434s] Level 1:colcon.colcon_core.package_identification:_identify(src/my_cpp_py_pkg) by extension 'ignore'
[0.434s] Level 1:colcon.colcon_core.package_identification:_identify(src/my_cpp_py_pkg) by extension 'ignore_ament_install'
[0.434s] Level 1:colcon.colcon_core.package_identification:_identify(src/my_cpp_py_pkg) by extensions ['colcon_pkg']
[0.434s] Level 1:colcon.colcon_core.package_identification:_identify(src/my_cpp_py_pkg) by extension 'colcon_pkg'
[0.434s] Level 1:colcon.colcon_core.package_identification:_identify(src/my_cpp_py_pkg) by extensions ['colcon_meta']
[0.434s] Level 1:colcon.colcon_core.package_identification:_identify(src/my_cpp_py_pkg) by extension 'colcon_meta'
[0.435s] Level 1:colcon.colcon_core.package_identification:_identify(src/my_cpp_py_pkg) by extensions ['ros']
[0.435s] Level 1:colcon.colcon_core.package_identification:_identify(src/my_cpp_py_pkg) by extension 'ros'
[0.436s] DEBUG:colcon.colcon_core.package_identification:Package 'src/my_cpp_py_pkg' with type 'ros.ament_cmake' and name 'my_cpp_py_pkg'
[0.436s] Level 1:colcon.colcon_core.package_discovery:discover_packages(recursive) using defaults
[0.436s] Level 1:colcon.colcon_core.package_discovery:discover_packages(ignore) discover
[0.436s] Level 1:colcon.colcon_core.package_discovery:discover_packages(ignore) using defaults
[0.436s] Level 1:colcon.colcon_core.package_discovery:discover_packages(path) discover
[0.436s] Level 1:colcon.colcon_core.package_discovery:discover_packages(path) using defaults
[0.479s] Level 5:colcon.colcon_core.verb:set package 'cpp_srvcli' build argument 'cmake_args' from command line to 'None'
[0.479s] Level 5:colcon.colcon_core.verb:set package 'cpp_srvcli' build argument 'cmake_target' from command line to 'None'
[0.479s] Level 5:colcon.colcon_core.verb:set package 'cpp_srvcli' build argument 'cmake_target_skip_unavailable' from command line to 'False'
[0.479s] Level 5:colcon.colcon_core.verb:set package 'cpp_srvcli' build argument 'cmake_clean_cache' from command line to 'False'
[0.479s] Level 5:colcon.colcon_core.verb:set package 'cpp_srvcli' build argument 'cmake_clean_first' from command line to 'False'
[0.479s] Level 5:colcon.colcon_core.verb:set package 'cpp_srvcli' build argument 'cmake_force_configure' from command line to 'False'
[0.479s] Level 5:colcon.colcon_core.verb:set package 'cpp_srvcli' build argument 'ament_cmake_args' from command line to 'None'
[0.479s] Level 5:colcon.colcon_core.verb:set package 'cpp_srvcli' build argument 'catkin_cmake_args' from command line to 'None'
[0.479s] Level 5:colcon.colcon_core.verb:set package 'cpp_srvcli' build argument 'catkin_skip_building_tests' from command line to 'False'
[0.479s] DEBUG:colcon.colcon_core.verb:Building package 'cpp_srvcli' with the following arguments: {'ament_cmake_args': None, 'build_base': '/home/prts/RBTO250 Github/RBOT_250_Assignment_3/RBOT250/build/cpp_srvcli', 'catkin_cmake_args': None, 'catkin_skip_building_tests': False, 'cmake_args': None, 'cmake_clean_cache': False, 'cmake_clean_first': False, 'cmake_force_configure': False, 'cmake_target': None, 'cmake_target_skip_unavailable': False, 'install_base': '/home/prts/RBTO250 Github/RBOT_250_Assignment_3/RBOT250/install/cpp_srvcli', 'merge_install': False, 'path': '/home/prts/RBTO250 Github/RBOT_250_Assignment_3/RBOT250/src/cpp_srvcli', 'symlink_install': False, 'test_result_base': None}
[0.483s] Level 5:colcon.colcon_core.verb:set package 'my_cpp_py_pkg' build argument 'cmake_args' from command line to 'None'
[0.483s] Level 5:colcon.colcon_core.verb:set package 'my_cpp_py_pkg' build argument 'cmake_target' from command line to 'None'
[0.483s] Level 5:colcon.colcon_core.verb:set package 'my_cpp_py_pkg' build argument 'cmake_target_skip_unavailable' from command line to 'False'
[0.483s] Level 5:colcon.colcon_core.verb:set package 'my_cpp_py_pkg' build argument 'cmake_clean_cache' from command line to 'False'
[0.483s] Level 5:colcon.colcon_core.verb:set package 'my_cpp_py_pkg' build argument 'cmake_clean_first' from command line to 'False'
[0.483s] Level 5:colcon.colcon_core.verb:set package 'my_cpp_py_pkg' build argument 'cmake_force_configure' from command line to 'False'
[0.483s] Level 5:colcon.colcon_core.verb:set package 'my_cpp_py_pkg' build argument 'ament_cmake_args' from command line to 'None'
[0.483s] Level 5:colcon.colcon_core.verb:set package 'my_cpp_py_pkg' build argument 'catkin_cmake_args' from command line to 'None'
[0.483s] Level 5:colcon.colcon_core.verb:set package 'my_cpp_py_pkg' build argument 'catkin_skip_building_tests' from command line to 'False'
[0.483s] DEBUG:colcon.colcon_core.verb:Building package 'my_cpp_py_pkg' with the following arguments: {'ament_cmake_args': None, 'build_base': '/home/prts/RBTO250 Github/RBOT_250_Assignment_3/RBOT250/build/my_cpp_py_pkg', 'catkin_cmake_args': None, 'catkin_skip_building_tests': False, 'cmake_args': None, 'cmake_clean_cache': False, 'cmake_clean_first': False, 'cmake_force_configure': False, 'cmake_target': None, 'cmake_target_skip_unavailable': False, 'install_base': '/home/prts/RBTO250 Github/RBOT_250_Assignment_3/RBOT250/install/my_cpp_py_pkg', 'merge_install': False, 'path': '/home/prts/RBTO250 Github/RBOT_250_Assignment_3/RBOT250/src/my_cpp_py_pkg', 'symlink_install': False, 'test_result_base': None}
[0.483s] INFO:colcon.colcon_core.executor:Executing jobs using 'parallel' executor
[0.486s] DEBUG:colcon.colcon_parallel_executor.executor.parallel:run_until_complete
[0.486s] INFO:colcon.colcon_ros.task.ament_cmake.build:Building ROS package in '/home/prts/RBTO250 Github/RBOT_250_Assignment_3/RBOT250/src/cpp_srvcli' with build type 'ament_cmake'
[0.487s] INFO:colcon.colcon_cmake.task.cmake.build:Building CMake package in '/home/prts/RBTO250 Github/RBOT_250_Assignment_3/RBOT250/src/cpp_srvcli'
[0.493s] INFO:colcon.colcon_core.plugin_system:Skipping extension 'colcon_core.shell.bat': Not used on non-Windows systems
[0.494s] INFO:colcon.colcon_core.shell:Skip shell extension 'powershell' for command environment: Not usable outside of PowerShell
[0.494s] DEBUG:colcon.colcon_core.shell:Skip shell extension 'dsv' for command environment
[0.501s] INFO:colcon.colcon_ros.task.ament_cmake.build:Building ROS package in '/home/prts/RBTO250 Github/RBOT_250_Assignment_3/RBOT250/src/my_cpp_py_pkg' with build type 'ament_cmake'
[0.501s] INFO:colcon.colcon_cmake.task.cmake.build:Building CMake package in '/home/prts/RBTO250 Github/RBOT_250_Assignment_3/RBOT250/src/my_cpp_py_pkg'
[0.502s] INFO:colcon.colcon_core.shell:Skip shell extension 'powershell' for command environment: Not usable outside of PowerShell
[0.502s] DEBUG:colcon.colcon_core.shell:Skip shell extension 'dsv' for command environment
[0.518s] DEBUG:colcon.colcon_core.event_handler.log_command:Invoking command in '/home/prts/RBTO250 Github/RBOT_250_Assignment_3/RBOT250/build/cpp_srvcli': /usr/bin/cmake /home/prts/RBTO250 Github/RBOT_250_Assignment_3/RBOT250/src/cpp_srvcli -DCMAKE_INSTALL_PREFIX=/home/prts/RBTO250 Github/RBOT_250_Assignment_3/RBOT250/install/cpp_srvcli
[0.532s] DEBUG:colcon.colcon_core.event_handler.log_command:Invoking command in '/home/prts/RBTO250 Github/RBOT_250_Assignment_3/RBOT250/build/my_cpp_py_pkg': /usr/bin/cmake --build /home/prts/RBTO250 Github/RBOT_250_Assignment_3/RBOT250/build/my_cpp_py_pkg -- -j4 -l4
[0.981s] DEBUG:colcon.colcon_core.event_handler.log_command:Invoked command in '/home/prts/RBTO250 Github/RBOT_250_Assignment_3/RBOT250/build/my_cpp_py_pkg' returned '0': /usr/bin/cmake --build /home/prts/RBTO250 Github/RBOT_250_Assignment_3/RBOT250/build/my_cpp_py_pkg -- -j4 -l4
[1.028s] DEBUG:colcon.colcon_core.event_handler.log_command:Invoking command in '/home/prts/RBTO250 Github/RBOT_250_Assignment_3/RBOT250/build/my_cpp_py_pkg': /usr/bin/cmake --install /home/prts/RBTO250 Github/RBOT_250_Assignment_3/RBOT250/build/my_cpp_py_pkg
[1.081s] Level 1:colcon.colcon_core.environment:create_environment_scripts_only(my_cpp_py_pkg)
[1.083s] DEBUG:colcon.colcon_core.event_handler.log_command:Invoked command in '/home/prts/RBTO250 Github/RBOT_250_Assignment_3/RBOT250/build/my_cpp_py_pkg' returned '0': /usr/bin/cmake --install /home/prts/RBTO250 Github/RBOT_250_Assignment_3/RBOT250/build/my_cpp_py_pkg
[1.090s] Level 1:colcon.colcon_core.environment:checking '/home/prts/RBTO250 Github/RBOT_250_Assignment_3/RBOT250/install/my_cpp_py_pkg' for CMake module files
[1.091s] Level 1:colcon.colcon_core.environment:checking '/home/prts/RBTO250 Github/RBOT_250_Assignment_3/RBOT250/install/my_cpp_py_pkg' for CMake config files
[1.091s] Level 1:colcon.colcon_core.shell:create_environment_hook('my_cpp_py_pkg', 'cmake_prefix_path')
[1.092s] INFO:colcon.colcon_core.shell:Creating environment hook '/home/prts/RBTO250 Github/RBOT_250_Assignment_3/RBOT250/install/my_cpp_py_pkg/share/my_cpp_py_pkg/hook/cmake_prefix_path.ps1'
[1.093s] INFO:colcon.colcon_core.shell:Creating environment descriptor '/home/prts/RBTO250 Github/RBOT_250_Assignment_3/RBOT250/install/my_cpp_py_pkg/share/my_cpp_py_pkg/hook/cmake_prefix_path.dsv'
[1.094s] INFO:colcon.colcon_core.shell:Creating environment hook '/home/prts/RBTO250 Github/RBOT_250_Assignment_3/RBOT250/install/my_cpp_py_pkg/share/my_cpp_py_pkg/hook/cmake_prefix_path.sh'
[1.095s] Level 1:colcon.colcon_core.environment:checking '/home/prts/RBTO250 Github/RBOT_250_Assignment_3/RBOT250/install/my_cpp_py_pkg/lib'
[1.095s] Level 1:colcon.colcon_core.environment:checking '/home/prts/RBTO250 Github/RBOT_250_Assignment_3/RBOT250/install/my_cpp_py_pkg/bin'
[1.095s] Level 1:colcon.colcon_core.environment:checking '/home/prts/RBTO250 Github/RBOT_250_Assignment_3/RBOT250/install/my_cpp_py_pkg/lib/pkgconfig/my_cpp_py_pkg.pc'
[1.095s] Level 1:colcon.colcon_core.environment:checking '/home/prts/RBTO250 Github/RBOT_250_Assignment_3/RBOT250/install/my_cpp_py_pkg/lib/python3.8/site-packages'
[1.095s] Level 1:colcon.colcon_core.shell:create_environment_hook('my_cpp_py_pkg', 'pythonpath')
[1.096s] INFO:colcon.colcon_core.shell:Creating environment hook '/home/prts/RBTO250 Github/RBOT_250_Assignment_3/RBOT250/install/my_cpp_py_pkg/share/my_cpp_py_pkg/hook/pythonpath.ps1'
[1.097s] INFO:colcon.colcon_core.shell:Creating environment descriptor '/home/prts/RBTO250 Github/RBOT_250_Assignment_3/RBOT250/install/my_cpp_py_pkg/share/my_cpp_py_pkg/hook/pythonpath.dsv'
[1.097s] INFO:colcon.colcon_core.shell:Creating environment hook '/home/prts/RBTO250 Github/RBOT_250_Assignment_3/RBOT250/install/my_cpp_py_pkg/share/my_cpp_py_pkg/hook/pythonpath.sh'
[1.098s] INFO:colcon.colcon_core.shell:Creating package script '/home/prts/RBTO250 Github/RBOT_250_Assignment_3/RBOT250/install/my_cpp_py_pkg/share/my_cpp_py_pkg/package.ps1'
[1.100s] INFO:colcon.colcon_core.shell:Creating package descriptor '/home/prts/RBTO250 Github/RBOT_250_Assignment_3/RBOT250/install/my_cpp_py_pkg/share/my_cpp_py_pkg/package.dsv'
[1.101s] INFO:colcon.colcon_core.shell:Creating package script '/home/prts/RBTO250 Github/RBOT_250_Assignment_3/RBOT250/install/my_cpp_py_pkg/share/my_cpp_py_pkg/package.sh'
[1.102s] INFO:colcon.colcon_core.shell:Creating package script '/home/prts/RBTO250 Github/RBOT_250_Assignment_3/RBOT250/install/my_cpp_py_pkg/share/my_cpp_py_pkg/package.bash'
[1.104s] INFO:colcon.colcon_core.shell:Creating package script '/home/prts/RBTO250 Github/RBOT_250_Assignment_3/RBOT250/install/my_cpp_py_pkg/share/my_cpp_py_pkg/package.zsh'
[1.105s] Level 1:colcon.colcon_core.environment:create_file_with_runtime_dependencies(/home/prts/RBTO250 Github/RBOT_250_Assignment_3/RBOT250/install/my_cpp_py_pkg/share/colcon-core/packages/my_cpp_py_pkg)
[1.134s] Level 1:colcon.colcon_core.environment:create_environment_scripts_only(my_cpp_py_pkg)
[1.136s] Level 1:colcon.colcon_core.environment:checking '/home/prts/RBTO250 Github/RBOT_250_Assignment_3/RBOT250/install/my_cpp_py_pkg' for CMake module files
[1.138s] Level 1:colcon.colcon_core.environment:checking '/home/prts/RBTO250 Github/RBOT_250_Assignment_3/RBOT250/install/my_cpp_py_pkg' for CMake config files
[1.138s] Level 1:colcon.colcon_core.shell:create_environment_hook('my_cpp_py_pkg', 'cmake_prefix_path')
[1.140s] INFO:colcon.colcon_core.shell:Creating environment hook '/home/prts/RBTO250 Github/RBOT_250_Assignment_3/RBOT250/install/my_cpp_py_pkg/share/my_cpp_py_pkg/hook/cmake_prefix_path.ps1'
[1.141s] INFO:colcon.colcon_core.shell:Creating environment descriptor '/home/prts/RBTO250 Github/RBOT_250_Assignment_3/RBOT250/install/my_cpp_py_pkg/share/my_cpp_py_pkg/hook/cmake_prefix_path.dsv'
[1.141s] INFO:colcon.colcon_core.shell:Creating environment hook '/home/prts/RBTO250 Github/RBOT_250_Assignment_3/RBOT250/install/my_cpp_py_pkg/share/my_cpp_py_pkg/hook/cmake_prefix_path.sh'
[1.142s] Level 1:colcon.colcon_core.environment:checking '/home/prts/RBTO250 Github/RBOT_250_Assignment_3/RBOT250/install/my_cpp_py_pkg/lib'
[1.142s] Level 1:colcon.colcon_core.environment:checking '/home/prts/RBTO250 Github/RBOT_250_Assignment_3/RBOT250/install/my_cpp_py_pkg/bin'
[1.142s] Level 1:colcon.colcon_core.environment:checking '/home/prts/RBTO250 Github/RBOT_250_Assignment_3/RBOT250/install/my_cpp_py_pkg/lib/pkgconfig/my_cpp_py_pkg.pc'
[1.142s] Level 1:colcon.colcon_core.environment:checking '/home/prts/RBTO250 Github/RBOT_250_Assignment_3/RBOT250/install/my_cpp_py_pkg/lib/python3.8/site-packages'
[1.142s] Level 1:colcon.colcon_core.shell:create_environment_hook('my_cpp_py_pkg', 'pythonpath')
[1.143s] INFO:colcon.colcon_core.shell:Creating environment hook '/home/prts/RBTO250 Github/RBOT_250_Assignment_3/RBOT250/install/my_cpp_py_pkg/share/my_cpp_py_pkg/hook/pythonpath.ps1'
[1.144s] INFO:colcon.colcon_core.shell:Creating environment descriptor '/home/prts/RBTO250 Github/RBOT_250_Assignment_3/RBOT250/install/my_cpp_py_pkg/share/my_cpp_py_pkg/hook/pythonpath.dsv'
[1.144s] INFO:colcon.colcon_core.shell:Creating environment hook '/home/prts/RBTO250 Github/RBOT_250_Assignment_3/RBOT250/install/my_cpp_py_pkg/share/my_cpp_py_pkg/hook/pythonpath.sh'
[1.145s] INFO:colcon.colcon_core.shell:Creating package script '/home/prts/RBTO250 Github/RBOT_250_Assignment_3/RBOT250/install/my_cpp_py_pkg/share/my_cpp_py_pkg/package.ps1'
[1.146s] INFO:colcon.colcon_core.shell:Creating package descriptor '/home/prts/RBTO250 Github/RBOT_250_Assignment_3/RBOT250/install/my_cpp_py_pkg/share/my_cpp_py_pkg/package.dsv'
[1.146s] INFO:colcon.colcon_core.shell:Creating package script '/home/prts/RBTO250 Github/RBOT_250_Assignment_3/RBOT250/install/my_cpp_py_pkg/share/my_cpp_py_pkg/package.sh'
[1.147s] INFO:colcon.colcon_core.shell:Creating package script '/home/prts/RBTO250 Github/RBOT_250_Assignment_3/RBOT250/install/my_cpp_py_pkg/share/my_cpp_py_pkg/package.bash'
[1.147s] INFO:colcon.colcon_core.shell:Creating package script '/home/prts/RBTO250 Github/RBOT_250_Assignment_3/RBOT250/install/my_cpp_py_pkg/share/my_cpp_py_pkg/package.zsh'
[1.148s] Level 1:colcon.colcon_core.environment:create_file_with_runtime_dependencies(/home/prts/RBTO250 Github/RBOT_250_Assignment_3/RBOT250/install/my_cpp_py_pkg/share/colcon-core/packages/my_cpp_py_pkg)
[1.406s] DEBUG:colcon.colcon_core.event_handler.log_command:Invoked command in '/home/prts/RBTO250 Github/RBOT_250_Assignment_3/RBOT250/build/cpp_srvcli' returned '1': /usr/bin/cmake /home/prts/RBTO250 Github/RBOT_250_Assignment_3/RBOT250/src/cpp_srvcli -DCMAKE_INSTALL_PREFIX=/home/prts/RBTO250 Github/RBOT_250_Assignment_3/RBOT250/install/cpp_srvcli
[1.424s] Level 1:colcon.colcon_core.environment:create_environment_scripts_only(cpp_srvcli)
[1.426s] Level 1:colcon.colcon_core.environment:checking '/home/prts/RBTO250 Github/RBOT_250_Assignment_3/RBOT250/install/cpp_srvcli' for CMake module files
[1.427s] Level 1:colcon.colcon_core.environment:checking '/home/prts/RBTO250 Github/RBOT_250_Assignment_3/RBOT250/install/cpp_srvcli' for CMake config files
[1.428s] Level 1:colcon.colcon_core.environment:checking '/home/prts/RBTO250 Github/RBOT_250_Assignment_3/RBOT250/install/cpp_srvcli/bin'
[1.428s] Level 1:colcon.colcon_core.environment:checking '/home/prts/RBTO250 Github/RBOT_250_Assignment_3/RBOT250/install/cpp_srvcli/lib/pkgconfig/cpp_srvcli.pc'
[1.428s] Level 1:colcon.colcon_core.environment:checking '/home/prts/RBTO250 Github/RBOT_250_Assignment_3/RBOT250/install/cpp_srvcli/lib/python3.8/site-packages'
[1.429s] INFO:colcon.colcon_core.shell:Creating package script '/home/prts/RBTO250 Github/RBOT_250_Assignment_3/RBOT250/install/cpp_srvcli/share/cpp_srvcli/package.ps1'
[1.430s] INFO:colcon.colcon_core.shell:Creating package descriptor '/home/prts/RBTO250 Github/RBOT_250_Assignment_3/RBOT250/install/cpp_srvcli/share/cpp_srvcli/package.dsv'
[1.431s] INFO:colcon.colcon_core.shell:Creating package script '/home/prts/RBTO250 Github/RBOT_250_Assignment_3/RBOT250/install/cpp_srvcli/share/cpp_srvcli/package.sh'
[1.431s] INFO:colcon.colcon_core.shell:Creating package script '/home/prts/RBTO250 Github/RBOT_250_Assignment_3/RBOT250/install/cpp_srvcli/share/cpp_srvcli/package.bash'
[1.432s] INFO:colcon.colcon_core.shell:Creating package script '/home/prts/RBTO250 Github/RBOT_250_Assignment_3/RBOT250/install/cpp_srvcli/share/cpp_srvcli/package.zsh'
[1.432s] Level 1:colcon.colcon_core.environment:create_file_with_runtime_dependencies(/home/prts/RBTO250 Github/RBOT_250_Assignment_3/RBOT250/install/cpp_srvcli/share/colcon-core/packages/cpp_srvcli)
[1.443s] DEBUG:colcon.colcon_parallel_executor.executor.parallel:closing loop
[1.443s] DEBUG:colcon.colcon_parallel_executor.executor.parallel:loop closed
[1.443s] DEBUG:colcon.colcon_parallel_executor.executor.parallel:run_until_complete finished with '1'
[1.443s] DEBUG:colcon.colcon_core.event_reactor:joining thread
[1.459s] INFO:colcon.colcon_core.plugin_system:Skipping extension 'colcon_notification.desktop_notification.terminal_notifier': Not used on non-Darwin systems
[1.459s] INFO:colcon.colcon_core.plugin_system:Skipping extension 'colcon_notification.desktop_notification.win32': Not used on non-Windows systems
[1.460s] INFO:colcon.colcon_notification.desktop_notification:Sending desktop notification using 'notify2'
[1.487s] DEBUG:colcon.colcon_core.event_reactor:joined thread
[1.488s] INFO:colcon.colcon_core.shell:Creating prefix script '/home/prts/RBTO250 Github/RBOT_250_Assignment_3/RBOT250/install/local_setup.ps1'
[1.490s] INFO:colcon.colcon_core.shell:Creating prefix util module '/home/prts/RBTO250 Github/RBOT_250_Assignment_3/RBOT250/install/_local_setup_util_ps1.py'
[1.494s] INFO:colcon.colcon_core.shell:Creating prefix chain script '/home/prts/RBTO250 Github/RBOT_250_Assignment_3/RBOT250/install/setup.ps1'
[1.500s] INFO:colcon.colcon_core.shell:Creating prefix script '/home/prts/RBTO250 Github/RBOT_250_Assignment_3/RBOT250/install/local_setup.sh'
[1.500s] INFO:colcon.colcon_core.shell:Creating prefix util module '/home/prts/RBTO250 Github/RBOT_250_Assignment_3/RBOT250/install/_local_setup_util_sh.py'
[1.501s] INFO:colcon.colcon_core.shell:Creating prefix chain script '/home/prts/RBTO250 Github/RBOT_250_Assignment_3/RBOT250/install/setup.sh'
[1.503s] INFO:colcon.colcon_core.shell:Creating prefix script '/home/prts/RBTO250 Github/RBOT_250_Assignment_3/RBOT250/install/local_setup.bash'
[1.504s] INFO:colcon.colcon_core.shell:Creating prefix chain script '/home/prts/RBTO250 Github/RBOT_250_Assignment_3/RBOT250/install/setup.bash'
[1.507s] INFO:colcon.colcon_core.shell:Creating prefix script '/home/prts/RBTO250 Github/RBOT_250_Assignment_3/RBOT250/install/local_setup.zsh'
[1.508s] INFO:colcon.colcon_core.shell:Creating prefix chain script '/home/prts/RBTO250 Github/RBOT_250_Assignment_3/RBOT250/install/setup.zsh'
