[0.026s] Invoking command in '/home/prts/RBOT250/build/cpp_pubsub': /usr/bin/cmake /home/prts/RBOT250/src/cpp_pubsub -DCMAKE_INSTALL_PREFIX=/home/prts/RBOT250/install/cpp_pubsub
[0.201s] -- The C compiler identification is GNU 9.3.0
[0.276s] -- The CXX compiler identification is GNU 9.3.0
[0.286s] -- Check for working C compiler: /usr/bin/cc
[0.390s] -- Check for working C compiler: /usr/bin/cc -- works
[0.393s] -- Detecting C compiler ABI info
[0.500s] -- Detecting C compiler ABI info - done
[0.519s] -- Detecting C compile features
[0.520s] -- Detecting C compile features - done
[0.524s] -- Check for working CXX compiler: /usr/bin/c++
[0.641s] -- Check for working CXX compiler: /usr/bin/c++ -- works
[0.641s] -- Detecting CXX compiler ABI info
[0.748s] -- Detecting CXX compiler ABI info - done
[0.761s] -- Detecting CXX compile features
[0.762s] -- Detecting CXX compile features - done
[0.765s] -- Found ament_cmake: 1.1.4 (/home/prts/ros2_galactic/ros2-linux/share/ament_cmake/cmake)
[0.799s] -- Found PythonInterp: /usr/bin/python3 (found suitable version "3.8.10", minimum required is "3") 
[0.799s] -- Using PYTHON_EXECUTABLE: /usr/bin/python3
[0.905s] -- Found rclcpp: 9.1.0 (/home/prts/ros2_galactic/ros2-linux/share/rclcpp/cmake)
[0.967s] -- Using all available rosidl_typesupport_c: rosidl_typesupport_fastrtps_c;rosidl_typesupport_introspection_c
[0.975s] -- Found rosidl_adapter: 2.2.1 (/home/prts/ros2_galactic/ros2-linux/share/rosidl_adapter/cmake)
[1.022s] CMake Error at /usr/share/cmake-3.16/Modules/FindPackageHandleStandardArgs.cmake:146 (message):
[1.022s]   Could NOT find OpenSSL, try to set the path to OpenSSL root folder in the
[1.022s]   system variable OPENSSL_ROOT_DIR (missing: OPENSSL_CRYPTO_LIBRARY
[1.023s]   OPENSSL_INCLUDE_DIR)
[1.023s] Call Stack (most recent call first):
[1.023s]   /usr/share/cmake-3.16/Modules/FindPackageHandleStandardArgs.cmake:393 (_FPHSA_FAILURE_MESSAGE)
[1.023s]   /usr/share/cmake-3.16/Modules/FindOpenSSL.cmake:447 (find_package_handle_standard_args)
[1.023s]   /home/prts/ros2_galactic/ros2-linux/share/fastrtps/cmake/fastrtps-config.cmake:52 (find_package)
[1.023s]   /home/prts/ros2_galactic/ros2-linux/share/rosidl_typesupport_fastrtps_c/cmake/rosidl_typesupport_fastrtps_c-extras.cmake:6 (find_package)
[1.024s]   /home/prts/ros2_galactic/ros2-linux/share/rosidl_typesupport_fastrtps_c/cmake/rosidl_typesupport_fastrtps_cConfig.cmake:41 (include)
[1.024s]   /home/prts/ros2_galactic/ros2-linux/share/rosidl_typesupport_c/cmake/rosidl_typesupport_c-extras.cmake:13 (find_package)
[1.024s]   /home/prts/ros2_galactic/ros2-linux/share/rosidl_typesupport_c/cmake/rosidl_typesupport_cConfig.cmake:41 (include)
[1.024s]   /home/prts/ros2_galactic/ros2-linux/share/rosidl_default_runtime/cmake/rosidl_default_runtime-extras.cmake:12 (find_package)
[1.024s]   /home/prts/ros2_galactic/ros2-linux/share/rosidl_default_runtime/cmake/rosidl_default_runtimeConfig.cmake:41 (include)
[1.024s]   /home/prts/ros2_galactic/ros2-linux/share/builtin_interfaces/cmake/ament_cmake_export_dependencies-extras.cmake:21 (find_package)
[1.025s]   /home/prts/ros2_galactic/ros2-linux/share/builtin_interfaces/cmake/builtin_interfacesConfig.cmake:41 (include)
[1.025s]   /home/prts/ros2_galactic/ros2-linux/share/rcl_interfaces/cmake/ament_cmake_export_dependencies-extras.cmake:21 (find_package)
[1.025s]   /home/prts/ros2_galactic/ros2-linux/share/rcl_interfaces/cmake/rcl_interfacesConfig.cmake:41 (include)
[1.025s]   /home/prts/ros2_galactic/ros2-linux/share/rcl/cmake/ament_cmake_export_dependencies-extras.cmake:21 (find_package)
[1.025s]   /home/prts/ros2_galactic/ros2-linux/share/rcl/cmake/rclConfig.cmake:41 (include)
[1.026s]   /home/prts/ros2_galactic/ros2-linux/share/libstatistics_collector/cmake/ament_cmake_export_dependencies-extras.cmake:21 (find_package)
[1.026s]   /home/prts/ros2_galactic/ros2-linux/share/libstatistics_collector/cmake/libstatistics_collectorConfig.cmake:41 (include)
[1.026s]   /home/prts/ros2_galactic/ros2-linux/share/rclcpp/cmake/ament_cmake_export_dependencies-extras.cmake:21 (find_package)
[1.026s]   /home/prts/ros2_galactic/ros2-linux/share/rclcpp/cmake/rclcppConfig.cmake:41 (include)
[1.026s]   CMakeLists.txt:12 (find_package)
[1.026s] 
[1.027s] 
[1.027s] -- Configuring incomplete, errors occurred!
[1.027s] See also "/home/prts/RBOT250/build/cpp_pubsub/CMakeFiles/CMakeOutput.log".
[1.031s] Invoked command in '/home/prts/RBOT250/build/cpp_pubsub' returned '1': /usr/bin/cmake /home/prts/RBOT250/src/cpp_pubsub -DCMAKE_INSTALL_PREFIX=/home/prts/RBOT250/install/cpp_pubsub
