[0.021s] Invoking command in '/home/prts/RBOT250/build/learning_tf2_cpp': /usr/bin/cmake --build /home/prts/RBOT250/build/learning_tf2_cpp -- -j4 -l4
[0.056s] -- Found ament_cmake: 1.1.4 (/home/prts/ros2_galactic/ros2-linux/share/ament_cmake/cmake)
[0.084s] -- Using PYTHON_EXECUTABLE: /usr/bin/python3
[0.160s] -- Found geometry_msgs: 2.2.3 (/home/prts/ros2_galactic/ros2-linux/share/geometry_msgs/cmake)
[0.180s] -- Using all available rosidl_typesupport_c: rosidl_typesupport_fastrtps_c;rosidl_typesupport_introspection_c
[0.184s] -- Found rosidl_adapter: 2.2.1 (/home/prts/ros2_galactic/ros2-linux/share/rosidl_adapter/cmake)
[0.299s] -- Using all available rosidl_typesupport_cpp: rosidl_typesupport_fastrtps_cpp;rosidl_typesupport_introspection_cpp
[0.392s] -- Found rclcpp: 9.1.0 (/home/prts/ros2_galactic/ros2-linux/share/rclcpp/cmake)
[0.432s] -- Found rmw_implementation_cmake: 3.3.1 (/home/prts/ros2_galactic/ros2-linux/share/rmw_implementation_cmake/cmake)
[0.434s] -- Found rmw_cyclonedds_cpp: 0.22.3 (/home/prts/ros2_galactic/ros2-linux/share/rmw_cyclonedds_cpp/cmake)
[0.455s] -- Using RMW implementation 'rmw_cyclonedds_cpp' as default
[0.551s] -- Found rclpy: 1.9.0 (/home/prts/ros2_galactic/ros2-linux/share/rclpy/cmake)
[0.551s] -- Found tf2: 0.17.2 (/home/prts/ros2_galactic/ros2-linux/share/tf2/cmake)
[0.561s] -- Found tf2_ros: 0.17.2 (/home/prts/ros2_galactic/ros2-linux/share/tf2_ros/cmake)
[0.930s] -- Found turtlesim: 1.3.3 (/home/prts/ros2_galactic/ros2-linux/share/turtlesim/cmake)
[0.997s] -- Found sensor_msgs: 2.2.3 (/home/prts/ros2_galactic/ros2-linux/share/sensor_msgs/cmake)
[1.088s] -- Found trajectory_msgs: 2.2.3 (/home/prts/ros2_galactic/ros2-linux/share/trajectory_msgs/cmake)
[1.239s] -- Found ament_lint_auto: 0.10.6 (/home/prts/ros2_galactic/ros2-linux/share/ament_lint_auto/cmake)
[1.313s] -- Added test 'copyright' to check source files copyright and LICENSE
[1.314s] -- Added test 'cppcheck' to perform static code analysis on C / C++ code
[1.315s] -- Configured cppcheck include dirs: 
[1.315s] -- Configured cppcheck exclude dirs and/or files: 
[1.315s] -- Added test 'cpplint' to check C / C++ code against the Google style
[1.316s] -- Configured cpplint exclude dirs and/or files: 
[1.316s] -- Added test 'flake8' to check Python code syntax and style conventions
[1.316s] -- Added test 'lint_cmake' to check CMake code style
[1.317s] -- Added test 'pep257' to check Python code against some of the style conventions in PEP 257
[1.317s] -- Added test 'uncrustify' to check C / C++ code style
[1.318s] -- Configured uncrustify additional arguments: 
[1.318s] -- Added test 'xmllint' to check XML markup files
[1.321s] -- Configuring done
[1.336s] -- Generating done
[1.338s] -- Build files have been written to: /home/prts/RBOT250/build/learning_tf2_cpp
[1.404s] [  0%] Built target ament_cmake_python_symlink_learning_tf2_cpp
[1.410s] [ 50%] [32m[1mLinking CXX executable turtle_tf2_broadcaster[0m
[1.706s] running egg_info
[1.708s] writing learning_tf2_cpp.egg-info/PKG-INFO
[1.708s] writing dependency_links to learning_tf2_cpp.egg-info/dependency_links.txt
[1.708s] writing top-level names to learning_tf2_cpp.egg-info/top_level.txt
[1.713s] reading manifest file 'learning_tf2_cpp.egg-info/SOURCES.txt'
[1.714s] writing manifest file 'learning_tf2_cpp.egg-info/SOURCES.txt'
[1.769s] [ 50%] Built target ament_cmake_python_build_learning_tf2_cpp_egg
[1.998s] [100%] Built target turtle_tf2_broadcaster
[2.011s] Invoked command in '/home/prts/RBOT250/build/learning_tf2_cpp' returned '0': /usr/bin/cmake --build /home/prts/RBOT250/build/learning_tf2_cpp -- -j4 -l4
[2.062s] Invoking command in '/home/prts/RBOT250/build/learning_tf2_cpp': /usr/bin/cmake --install /home/prts/RBOT250/build/learning_tf2_cpp
[2.073s] -- Install configuration: ""
[2.073s] -- Installing: /home/prts/RBOT250/install/learning_tf2_cpp/lib/learning_tf2_cpp/turtle_tf2_broadcaster
[2.078s] -- Set runtime path of "/home/prts/RBOT250/install/learning_tf2_cpp/lib/learning_tf2_cpp/turtle_tf2_broadcaster" to ""
[2.078s] -- Up-to-date: /home/prts/RBOT250/install/learning_tf2_cpp/share/learning_tf2_cpp/launch
[2.078s] -- Up-to-date: /home/prts/RBOT250/install/learning_tf2_cpp/share/learning_tf2_cpp/launch/turtle_tf2_demo.launch.py
[2.079s] -- Up-to-date: /home/prts/RBOT250/install/learning_tf2_cpp/share/learning_tf2_cpp/environment/pythonpath.sh
[2.079s] -- Installing: /home/prts/RBOT250/install/learning_tf2_cpp/share/learning_tf2_cpp/environment/pythonpath.dsv
[2.079s] -- Up-to-date: /home/prts/RBOT250/install/learning_tf2_cpp/lib/python3.8/site-packages//learning_tf2_cpp.egg-info
[2.079s] -- Installing: /home/prts/RBOT250/install/learning_tf2_cpp/lib/python3.8/site-packages//learning_tf2_cpp.egg-info/PKG-INFO
[2.079s] -- Installing: /home/prts/RBOT250/install/learning_tf2_cpp/lib/python3.8/site-packages//learning_tf2_cpp.egg-info/dependency_links.txt
[2.079s] -- Installing: /home/prts/RBOT250/install/learning_tf2_cpp/lib/python3.8/site-packages//learning_tf2_cpp.egg-info/SOURCES.txt
[2.080s] -- Installing: /home/prts/RBOT250/install/learning_tf2_cpp/lib/python3.8/site-packages//learning_tf2_cpp.egg-info/top_level.txt
[2.080s] -- Up-to-date: /home/prts/RBOT250/install/learning_tf2_cpp/lib/python3.8/site-packages/learning_tf2_cpp
[2.080s] -- Up-to-date: /home/prts/RBOT250/install/learning_tf2_cpp/lib/python3.8/site-packages/learning_tf2_cpp/__init__.py
[2.112s] Listing '/home/prts/RBOT250/install/learning_tf2_cpp/lib/python3.8/site-packages/learning_tf2_cpp'...
[2.116s] -- Up-to-date: /home/prts/RBOT250/install/learning_tf2_cpp/lib/learning_tf2_cpp/turtle_tf2_listener.py
[2.116s] -- Up-to-date: /home/prts/RBOT250/install/learning_tf2_cpp/share/ament_index/resource_index/package_run_dependencies/learning_tf2_cpp
[2.117s] -- Up-to-date: /home/prts/RBOT250/install/learning_tf2_cpp/share/ament_index/resource_index/parent_prefix_path/learning_tf2_cpp
[2.117s] -- Up-to-date: /home/prts/RBOT250/install/learning_tf2_cpp/share/learning_tf2_cpp/environment/ament_prefix_path.sh
[2.117s] -- Installing: /home/prts/RBOT250/install/learning_tf2_cpp/share/learning_tf2_cpp/environment/ament_prefix_path.dsv
[2.117s] -- Up-to-date: /home/prts/RBOT250/install/learning_tf2_cpp/share/learning_tf2_cpp/environment/path.sh
[2.117s] -- Installing: /home/prts/RBOT250/install/learning_tf2_cpp/share/learning_tf2_cpp/environment/path.dsv
[2.118s] -- Up-to-date: /home/prts/RBOT250/install/learning_tf2_cpp/share/learning_tf2_cpp/local_setup.bash
[2.118s] -- Up-to-date: /home/prts/RBOT250/install/learning_tf2_cpp/share/learning_tf2_cpp/local_setup.sh
[2.118s] -- Up-to-date: /home/prts/RBOT250/install/learning_tf2_cpp/share/learning_tf2_cpp/local_setup.zsh
[2.118s] -- Installing: /home/prts/RBOT250/install/learning_tf2_cpp/share/learning_tf2_cpp/local_setup.dsv
[2.118s] -- Installing: /home/prts/RBOT250/install/learning_tf2_cpp/share/learning_tf2_cpp/package.dsv
[2.119s] -- Up-to-date: /home/prts/RBOT250/install/learning_tf2_cpp/share/ament_index/resource_index/packages/learning_tf2_cpp
[2.119s] -- Up-to-date: /home/prts/RBOT250/install/learning_tf2_cpp/share/learning_tf2_cpp/cmake/learning_tf2_cppConfig.cmake
[2.119s] -- Up-to-date: /home/prts/RBOT250/install/learning_tf2_cpp/share/learning_tf2_cpp/cmake/learning_tf2_cppConfig-version.cmake
[2.119s] -- Up-to-date: /home/prts/RBOT250/install/learning_tf2_cpp/share/learning_tf2_cpp/package.xml
[2.124s] Invoked command in '/home/prts/RBOT250/build/learning_tf2_cpp' returned '0': /usr/bin/cmake --install /home/prts/RBOT250/build/learning_tf2_cpp
