[0.333s] DEBUG:colcon:Command line arguments: ['/usr/bin/colcon', 'build']
[0.333s] DEBUG:colcon:Parsed command line arguments: Namespace(ament_cmake_args=None, base_paths=['.'], build_base='build', catkin_cmake_args=None, catkin_skip_building_tests=False, cmake_args=None, cmake_clean_cache=False, cmake_clean_first=False, cmake_force_configure=False, cmake_target=None, cmake_target_skip_unavailable=False, continue_on_error=False, event_handlers=None, executor='parallel', ignore_user_meta=False, install_base='install', log_base=None, log_level=None, main=<bound method BuildVerb.main of <colcon_core.verb.build.BuildVerb object at 0x7f7d408f8eb0>>, merge_install=False, metas=['./colcon.meta'], packages_above=None, packages_above_and_dependencies=None, packages_above_depth=None, packages_end=None, packages_ignore=None, packages_ignore_regex=None, packages_select=None, packages_select_build_failed=False, packages_select_by_dep=None, packages_select_regex=None, packages_select_test_failures=False, packages_skip=None, packages_skip_build_finished=False, packages_skip_by_dep=None, packages_skip_regex=None, packages_skip_test_passed=False, packages_skip_up_to=None, packages_start=None, packages_up_to=None, packages_up_to_regex=None, parallel_workers=4, paths=None, symlink_install=False, test_result_base=None, verb_extension=<colcon_core.verb.build.BuildVerb object at 0x7f7d408f8eb0>, verb_name='build', verb_parser=<colcon_defaults.argument_parser.defaults.DefaultArgumentsDecorator object at 0x7f7d4088b460>)
[0.338s] Level 1:colcon.colcon_core.package_discovery:discover_packages(colcon_meta) check parameters
[0.339s] Level 1:colcon.colcon_core.package_discovery:discover_packages(recursive) check parameters
[0.339s] Level 1:colcon.colcon_core.package_discovery:discover_packages(ignore) check parameters
[0.339s] Level 1:colcon.colcon_core.package_discovery:discover_packages(path) check parameters
[0.339s] Level 1:colcon.colcon_core.package_discovery:discover_packages(colcon_meta) discover
[0.339s] Level 1:colcon.colcon_core.package_discovery:discover_packages(recursive) discover
[0.339s] INFO:colcon.colcon_core.package_discovery:Crawling recursively for packages in '/home/prts/RBOT250'
[0.339s] Level 1:colcon.colcon_core.package_identification:_identify(.) by extensions ['ignore', 'ignore_ament_install']
[0.339s] Level 1:colcon.colcon_core.package_identification:_identify(.) by extension 'ignore'
[0.339s] Level 1:colcon.colcon_core.package_identification:_identify(.) by extension 'ignore_ament_install'
[0.339s] Level 1:colcon.colcon_core.package_identification:_identify(.) by extensions ['colcon_pkg']
[0.339s] Level 1:colcon.colcon_core.package_identification:_identify(.) by extension 'colcon_pkg'
[0.339s] Level 1:colcon.colcon_core.package_identification:_identify(.) by extensions ['colcon_meta']
[0.339s] Level 1:colcon.colcon_core.package_identification:_identify(.) by extension 'colcon_meta'
[0.339s] Level 1:colcon.colcon_core.package_identification:_identify(.) by extensions ['ros']
[0.339s] Level 1:colcon.colcon_core.package_identification:_identify(.) by extension 'ros'
[0.351s] Level 1:colcon.colcon_core.package_identification:_identify(.) by extensions ['cmake', 'python']
[0.352s] Level 1:colcon.colcon_core.package_identification:_identify(.) by extension 'cmake'
[0.352s] Level 1:colcon.colcon_core.package_identification:_identify(.) by extension 'python'
[0.352s] Level 1:colcon.colcon_core.package_identification:_identify(.) by extensions ['python_setup_py']
[0.352s] Level 1:colcon.colcon_core.package_identification:_identify(.) by extension 'python_setup_py'
[0.352s] Level 1:colcon.colcon_core.package_identification:_identify(build) by extensions ['ignore', 'ignore_ament_install']
[0.352s] Level 1:colcon.colcon_core.package_identification:_identify(build) by extension 'ignore'
[0.352s] Level 1:colcon.colcon_core.package_identification:_identify(build) ignored
[0.352s] Level 1:colcon.colcon_core.package_identification:_identify(install) by extensions ['ignore', 'ignore_ament_install']
[0.352s] Level 1:colcon.colcon_core.package_identification:_identify(install) by extension 'ignore'
[0.352s] Level 1:colcon.colcon_core.package_identification:_identify(install) ignored
[0.352s] Level 1:colcon.colcon_core.package_identification:_identify(log) by extensions ['ignore', 'ignore_ament_install']
[0.352s] Level 1:colcon.colcon_core.package_identification:_identify(log) by extension 'ignore'
[0.352s] Level 1:colcon.colcon_core.package_identification:_identify(log) ignored
[0.353s] Level 1:colcon.colcon_core.package_identification:_identify(src) by extensions ['ignore', 'ignore_ament_install']
[0.353s] Level 1:colcon.colcon_core.package_identification:_identify(src) by extension 'ignore'
[0.353s] Level 1:colcon.colcon_core.package_identification:_identify(src) by extension 'ignore_ament_install'
[0.353s] Level 1:colcon.colcon_core.package_identification:_identify(src) by extensions ['colcon_pkg']
[0.353s] Level 1:colcon.colcon_core.package_identification:_identify(src) by extension 'colcon_pkg'
[0.353s] Level 1:colcon.colcon_core.package_identification:_identify(src) by extensions ['colcon_meta']
[0.353s] Level 1:colcon.colcon_core.package_identification:_identify(src) by extension 'colcon_meta'
[0.353s] Level 1:colcon.colcon_core.package_identification:_identify(src) by extensions ['ros']
[0.353s] Level 1:colcon.colcon_core.package_identification:_identify(src) by extension 'ros'
[0.353s] Level 1:colcon.colcon_core.package_identification:_identify(src) by extensions ['cmake', 'python']
[0.353s] Level 1:colcon.colcon_core.package_identification:_identify(src) by extension 'cmake'
[0.353s] Level 1:colcon.colcon_core.package_identification:_identify(src) by extension 'python'
[0.353s] Level 1:colcon.colcon_core.package_identification:_identify(src) by extensions ['python_setup_py']
[0.353s] Level 1:colcon.colcon_core.package_identification:_identify(src) by extension 'python_setup_py'
[0.353s] Level 1:colcon.colcon_core.package_identification:_identify(src/build) by extensions ['ignore', 'ignore_ament_install']
[0.353s] Level 1:colcon.colcon_core.package_identification:_identify(src/build) by extension 'ignore'
[0.353s] Level 1:colcon.colcon_core.package_identification:_identify(src/build) ignored
[0.354s] Level 1:colcon.colcon_core.package_identification:_identify(src/cpp_pubsub) by extensions ['ignore', 'ignore_ament_install']
[0.354s] Level 1:colcon.colcon_core.package_identification:_identify(src/cpp_pubsub) by extension 'ignore'
[0.354s] Level 1:colcon.colcon_core.package_identification:_identify(src/cpp_pubsub) by extension 'ignore_ament_install'
[0.354s] Level 1:colcon.colcon_core.package_identification:_identify(src/cpp_pubsub) by extensions ['colcon_pkg']
[0.354s] Level 1:colcon.colcon_core.package_identification:_identify(src/cpp_pubsub) by extension 'colcon_pkg'
[0.354s] Level 1:colcon.colcon_core.package_identification:_identify(src/cpp_pubsub) by extensions ['colcon_meta']
[0.354s] Level 1:colcon.colcon_core.package_identification:_identify(src/cpp_pubsub) by extension 'colcon_meta'
[0.354s] Level 1:colcon.colcon_core.package_identification:_identify(src/cpp_pubsub) by extensions ['ros']
[0.354s] Level 1:colcon.colcon_core.package_identification:_identify(src/cpp_pubsub) by extension 'ros'
[0.357s] DEBUG:colcon.colcon_core.package_identification:Package 'src/cpp_pubsub' with type 'ros.ament_cmake' and name 'cpp_pubsub'
[0.357s] Level 1:colcon.colcon_core.package_identification:_identify(src/install) by extensions ['ignore', 'ignore_ament_install']
[0.357s] Level 1:colcon.colcon_core.package_identification:_identify(src/install) by extension 'ignore'
[0.357s] Level 1:colcon.colcon_core.package_identification:_identify(src/install) ignored
[0.357s] Level 1:colcon.colcon_core.package_identification:_identify(src/learning_tf2_cpp) by extensions ['ignore', 'ignore_ament_install']
[0.357s] Level 1:colcon.colcon_core.package_identification:_identify(src/learning_tf2_cpp) by extension 'ignore'
[0.357s] Level 1:colcon.colcon_core.package_identification:_identify(src/learning_tf2_cpp) by extension 'ignore_ament_install'
[0.357s] Level 1:colcon.colcon_core.package_identification:_identify(src/learning_tf2_cpp) by extensions ['colcon_pkg']
[0.357s] Level 1:colcon.colcon_core.package_identification:_identify(src/learning_tf2_cpp) by extension 'colcon_pkg'
[0.357s] Level 1:colcon.colcon_core.package_identification:_identify(src/learning_tf2_cpp) by extensions ['colcon_meta']
[0.357s] Level 1:colcon.colcon_core.package_identification:_identify(src/learning_tf2_cpp) by extension 'colcon_meta'
[0.357s] Level 1:colcon.colcon_core.package_identification:_identify(src/learning_tf2_cpp) by extensions ['ros']
[0.357s] Level 1:colcon.colcon_core.package_identification:_identify(src/learning_tf2_cpp) by extension 'ros'
[0.359s] DEBUG:colcon.colcon_core.package_identification:Package 'src/learning_tf2_cpp' with type 'ros.ament_cmake' and name 'learning_tf2_cpp'
[0.359s] Level 1:colcon.colcon_core.package_identification:_identify(src/learning_tf2_py) by extensions ['ignore', 'ignore_ament_install']
[0.359s] Level 1:colcon.colcon_core.package_identification:_identify(src/learning_tf2_py) by extension 'ignore'
[0.359s] Level 1:colcon.colcon_core.package_identification:_identify(src/learning_tf2_py) by extension 'ignore_ament_install'
[0.359s] Level 1:colcon.colcon_core.package_identification:_identify(src/learning_tf2_py) by extensions ['colcon_pkg']
[0.359s] Level 1:colcon.colcon_core.package_identification:_identify(src/learning_tf2_py) by extension 'colcon_pkg'
[0.359s] Level 1:colcon.colcon_core.package_identification:_identify(src/learning_tf2_py) by extensions ['colcon_meta']
[0.359s] Level 1:colcon.colcon_core.package_identification:_identify(src/learning_tf2_py) by extension 'colcon_meta'
[0.359s] Level 1:colcon.colcon_core.package_identification:_identify(src/learning_tf2_py) by extensions ['ros']
[0.359s] Level 1:colcon.colcon_core.package_identification:_identify(src/learning_tf2_py) by extension 'ros'
[0.360s] DEBUG:colcon.colcon_core.package_identification:Package 'src/learning_tf2_py' with type 'ros.ament_python' and name 'learning_tf2_py'
[0.360s] Level 1:colcon.colcon_core.package_identification:_identify(src/log) by extensions ['ignore', 'ignore_ament_install']
[0.360s] Level 1:colcon.colcon_core.package_identification:_identify(src/log) by extension 'ignore'
[0.360s] Level 1:colcon.colcon_core.package_identification:_identify(src/log) ignored
[0.360s] Level 1:colcon.colcon_core.package_identification:_identify(src/my_cpp_py_pkg) by extensions ['ignore', 'ignore_ament_install']
[0.360s] Level 1:colcon.colcon_core.package_identification:_identify(src/my_cpp_py_pkg) by extension 'ignore'
[0.360s] Level 1:colcon.colcon_core.package_identification:_identify(src/my_cpp_py_pkg) by extension 'ignore_ament_install'
[0.360s] Level 1:colcon.colcon_core.package_identification:_identify(src/my_cpp_py_pkg) by extensions ['colcon_pkg']
[0.360s] Level 1:colcon.colcon_core.package_identification:_identify(src/my_cpp_py_pkg) by extension 'colcon_pkg'
[0.360s] Level 1:colcon.colcon_core.package_identification:_identify(src/my_cpp_py_pkg) by extensions ['colcon_meta']
[0.360s] Level 1:colcon.colcon_core.package_identification:_identify(src/my_cpp_py_pkg) by extension 'colcon_meta'
[0.360s] Level 1:colcon.colcon_core.package_identification:_identify(src/my_cpp_py_pkg) by extensions ['ros']
[0.361s] Level 1:colcon.colcon_core.package_identification:_identify(src/my_cpp_py_pkg) by extension 'ros'
[0.362s] DEBUG:colcon.colcon_core.package_identification:Package 'src/my_cpp_py_pkg' with type 'ros.ament_cmake' and name 'my_cpp_py_pkg'
[0.362s] Level 1:colcon.colcon_core.package_discovery:discover_packages(recursive) using defaults
[0.362s] Level 1:colcon.colcon_core.package_discovery:discover_packages(ignore) discover
[0.362s] Level 1:colcon.colcon_core.package_discovery:discover_packages(ignore) using defaults
[0.362s] Level 1:colcon.colcon_core.package_discovery:discover_packages(path) discover
[0.362s] Level 1:colcon.colcon_core.package_discovery:discover_packages(path) using defaults
[0.386s] Level 5:colcon.colcon_core.verb:set package 'cpp_pubsub' build argument 'cmake_args' from command line to 'None'
[0.387s] Level 5:colcon.colcon_core.verb:set package 'cpp_pubsub' build argument 'cmake_target' from command line to 'None'
[0.387s] Level 5:colcon.colcon_core.verb:set package 'cpp_pubsub' build argument 'cmake_target_skip_unavailable' from command line to 'False'
[0.387s] Level 5:colcon.colcon_core.verb:set package 'cpp_pubsub' build argument 'cmake_clean_cache' from command line to 'False'
[0.387s] Level 5:colcon.colcon_core.verb:set package 'cpp_pubsub' build argument 'cmake_clean_first' from command line to 'False'
[0.387s] Level 5:colcon.colcon_core.verb:set package 'cpp_pubsub' build argument 'cmake_force_configure' from command line to 'False'
[0.387s] Level 5:colcon.colcon_core.verb:set package 'cpp_pubsub' build argument 'ament_cmake_args' from command line to 'None'
[0.387s] Level 5:colcon.colcon_core.verb:set package 'cpp_pubsub' build argument 'catkin_cmake_args' from command line to 'None'
[0.387s] Level 5:colcon.colcon_core.verb:set package 'cpp_pubsub' build argument 'catkin_skip_building_tests' from command line to 'False'
[0.387s] DEBUG:colcon.colcon_core.verb:Building package 'cpp_pubsub' with the following arguments: {'ament_cmake_args': None, 'build_base': '/home/prts/RBOT250/build/cpp_pubsub', 'catkin_cmake_args': None, 'catkin_skip_building_tests': False, 'cmake_args': None, 'cmake_clean_cache': False, 'cmake_clean_first': False, 'cmake_force_configure': False, 'cmake_target': None, 'cmake_target_skip_unavailable': False, 'install_base': '/home/prts/RBOT250/install/cpp_pubsub', 'merge_install': False, 'path': '/home/prts/RBOT250/src/cpp_pubsub', 'symlink_install': False, 'test_result_base': None}
[0.390s] Level 5:colcon.colcon_core.verb:set package 'learning_tf2_cpp' build argument 'cmake_args' from command line to 'None'
[0.390s] Level 5:colcon.colcon_core.verb:set package 'learning_tf2_cpp' build argument 'cmake_target' from command line to 'None'
[0.390s] Level 5:colcon.colcon_core.verb:set package 'learning_tf2_cpp' build argument 'cmake_target_skip_unavailable' from command line to 'False'
[0.390s] Level 5:colcon.colcon_core.verb:set package 'learning_tf2_cpp' build argument 'cmake_clean_cache' from command line to 'False'
[0.390s] Level 5:colcon.colcon_core.verb:set package 'learning_tf2_cpp' build argument 'cmake_clean_first' from command line to 'False'
[0.390s] Level 5:colcon.colcon_core.verb:set package 'learning_tf2_cpp' build argument 'cmake_force_configure' from command line to 'False'
[0.390s] Level 5:colcon.colcon_core.verb:set package 'learning_tf2_cpp' build argument 'ament_cmake_args' from command line to 'None'
[0.390s] Level 5:colcon.colcon_core.verb:set package 'learning_tf2_cpp' build argument 'catkin_cmake_args' from command line to 'None'
[0.390s] Level 5:colcon.colcon_core.verb:set package 'learning_tf2_cpp' build argument 'catkin_skip_building_tests' from command line to 'False'
[0.390s] DEBUG:colcon.colcon_core.verb:Building package 'learning_tf2_cpp' with the following arguments: {'ament_cmake_args': None, 'build_base': '/home/prts/RBOT250/build/learning_tf2_cpp', 'catkin_cmake_args': None, 'catkin_skip_building_tests': False, 'cmake_args': None, 'cmake_clean_cache': False, 'cmake_clean_first': False, 'cmake_force_configure': False, 'cmake_target': None, 'cmake_target_skip_unavailable': False, 'install_base': '/home/prts/RBOT250/install/learning_tf2_cpp', 'merge_install': False, 'path': '/home/prts/RBOT250/src/learning_tf2_cpp', 'symlink_install': False, 'test_result_base': None}
[0.394s] Level 5:colcon.colcon_core.verb:set package 'learning_tf2_py' build argument 'cmake_args' from command line to 'None'
[0.394s] Level 5:colcon.colcon_core.verb:set package 'learning_tf2_py' build argument 'cmake_target' from command line to 'None'
[0.395s] Level 5:colcon.colcon_core.verb:set package 'learning_tf2_py' build argument 'cmake_target_skip_unavailable' from command line to 'False'
[0.395s] Level 5:colcon.colcon_core.verb:set package 'learning_tf2_py' build argument 'cmake_clean_cache' from command line to 'False'
[0.395s] Level 5:colcon.colcon_core.verb:set package 'learning_tf2_py' build argument 'cmake_clean_first' from command line to 'False'
[0.395s] Level 5:colcon.colcon_core.verb:set package 'learning_tf2_py' build argument 'cmake_force_configure' from command line to 'False'
[0.395s] Level 5:colcon.colcon_core.verb:set package 'learning_tf2_py' build argument 'ament_cmake_args' from command line to 'None'
[0.395s] Level 5:colcon.colcon_core.verb:set package 'learning_tf2_py' build argument 'catkin_cmake_args' from command line to 'None'
[0.395s] Level 5:colcon.colcon_core.verb:set package 'learning_tf2_py' build argument 'catkin_skip_building_tests' from command line to 'False'
[0.395s] DEBUG:colcon.colcon_core.verb:Building package 'learning_tf2_py' with the following arguments: {'ament_cmake_args': None, 'build_base': '/home/prts/RBOT250/build/learning_tf2_py', 'catkin_cmake_args': None, 'catkin_skip_building_tests': False, 'cmake_args': None, 'cmake_clean_cache': False, 'cmake_clean_first': False, 'cmake_force_configure': False, 'cmake_target': None, 'cmake_target_skip_unavailable': False, 'install_base': '/home/prts/RBOT250/install/learning_tf2_py', 'merge_install': False, 'path': '/home/prts/RBOT250/src/learning_tf2_py', 'symlink_install': False, 'test_result_base': None}
[0.398s] Level 5:colcon.colcon_core.verb:set package 'my_cpp_py_pkg' build argument 'cmake_args' from command line to 'None'
[0.398s] Level 5:colcon.colcon_core.verb:set package 'my_cpp_py_pkg' build argument 'cmake_target' from command line to 'None'
[0.398s] Level 5:colcon.colcon_core.verb:set package 'my_cpp_py_pkg' build argument 'cmake_target_skip_unavailable' from command line to 'False'
[0.398s] Level 5:colcon.colcon_core.verb:set package 'my_cpp_py_pkg' build argument 'cmake_clean_cache' from command line to 'False'
[0.398s] Level 5:colcon.colcon_core.verb:set package 'my_cpp_py_pkg' build argument 'cmake_clean_first' from command line to 'False'
[0.398s] Level 5:colcon.colcon_core.verb:set package 'my_cpp_py_pkg' build argument 'cmake_force_configure' from command line to 'False'
[0.398s] Level 5:colcon.colcon_core.verb:set package 'my_cpp_py_pkg' build argument 'ament_cmake_args' from command line to 'None'
[0.398s] Level 5:colcon.colcon_core.verb:set package 'my_cpp_py_pkg' build argument 'catkin_cmake_args' from command line to 'None'
[0.398s] Level 5:colcon.colcon_core.verb:set package 'my_cpp_py_pkg' build argument 'catkin_skip_building_tests' from command line to 'False'
[0.398s] DEBUG:colcon.colcon_core.verb:Building package 'my_cpp_py_pkg' with the following arguments: {'ament_cmake_args': None, 'build_base': '/home/prts/RBOT250/build/my_cpp_py_pkg', 'catkin_cmake_args': None, 'catkin_skip_building_tests': False, 'cmake_args': None, 'cmake_clean_cache': False, 'cmake_clean_first': False, 'cmake_force_configure': False, 'cmake_target': None, 'cmake_target_skip_unavailable': False, 'install_base': '/home/prts/RBOT250/install/my_cpp_py_pkg', 'merge_install': False, 'path': '/home/prts/RBOT250/src/my_cpp_py_pkg', 'symlink_install': False, 'test_result_base': None}
[0.399s] INFO:colcon.colcon_core.executor:Executing jobs using 'parallel' executor
[0.401s] DEBUG:colcon.colcon_parallel_executor.executor.parallel:run_until_complete
[0.401s] INFO:colcon.colcon_ros.task.ament_cmake.build:Building ROS package in '/home/prts/RBOT250/src/cpp_pubsub' with build type 'ament_cmake'
[0.401s] INFO:colcon.colcon_cmake.task.cmake.build:Building CMake package in '/home/prts/RBOT250/src/cpp_pubsub'
[0.406s] INFO:colcon.colcon_core.plugin_system:Skipping extension 'colcon_core.shell.bat': Not used on non-Windows systems
[0.406s] INFO:colcon.colcon_core.shell:Skip shell extension 'powershell' for command environment: Not usable outside of PowerShell
[0.406s] DEBUG:colcon.colcon_core.shell:Skip shell extension 'dsv' for command environment
[0.416s] INFO:colcon.colcon_ros.task.ament_cmake.build:Building ROS package in '/home/prts/RBOT250/src/learning_tf2_cpp' with build type 'ament_cmake'
[0.416s] INFO:colcon.colcon_cmake.task.cmake.build:Building CMake package in '/home/prts/RBOT250/src/learning_tf2_cpp'
[0.417s] INFO:colcon.colcon_core.shell:Skip shell extension 'powershell' for command environment: Not usable outside of PowerShell
[0.417s] DEBUG:colcon.colcon_core.shell:Skip shell extension 'dsv' for command environment
[0.431s] INFO:colcon.colcon_ros.task.ament_python.build:Building ROS package in '/home/prts/RBOT250/src/learning_tf2_py' with build type 'ament_python'
[0.432s] Level 1:colcon.colcon_core.shell:create_environment_hook('learning_tf2_py', 'ament_prefix_path')
[0.433s] INFO:colcon.colcon_core.shell:Creating environment hook '/home/prts/RBOT250/install/learning_tf2_py/share/learning_tf2_py/hook/ament_prefix_path.ps1'
[0.434s] INFO:colcon.colcon_core.shell:Creating environment descriptor '/home/prts/RBOT250/install/learning_tf2_py/share/learning_tf2_py/hook/ament_prefix_path.dsv'
[0.435s] INFO:colcon.colcon_core.shell:Creating environment hook '/home/prts/RBOT250/install/learning_tf2_py/share/learning_tf2_py/hook/ament_prefix_path.sh'
[0.436s] INFO:colcon.colcon_core.shell:Skip shell extension 'powershell' for command environment: Not usable outside of PowerShell
[0.437s] DEBUG:colcon.colcon_core.shell:Skip shell extension 'dsv' for command environment
[0.445s] INFO:colcon.colcon_ros.task.ament_cmake.build:Building ROS package in '/home/prts/RBOT250/src/my_cpp_py_pkg' with build type 'ament_cmake'
[0.445s] INFO:colcon.colcon_cmake.task.cmake.build:Building CMake package in '/home/prts/RBOT250/src/my_cpp_py_pkg'
[0.446s] INFO:colcon.colcon_core.shell:Skip shell extension 'powershell' for command environment: Not usable outside of PowerShell
[0.446s] DEBUG:colcon.colcon_core.shell:Skip shell extension 'dsv' for command environment
[0.466s] DEBUG:colcon.colcon_core.event_handler.log_command:Invoking command in '/home/prts/RBOT250/build/cpp_pubsub': CMAKE_PREFIX_PATH=${CMAKE_PREFIX_PATH}:/home/prts/RBOT250/src/install/learning_tf2_py /usr/bin/cmake --build /home/prts/RBOT250/build/cpp_pubsub -- -j4 -l4
[0.472s] DEBUG:colcon.colcon_core.event_handler.log_command:Invoking command in '/home/prts/RBOT250/build/learning_tf2_cpp': CMAKE_PREFIX_PATH=${CMAKE_PREFIX_PATH}:/home/prts/RBOT250/src/install/learning_tf2_py /usr/bin/cmake --build /home/prts/RBOT250/build/learning_tf2_cpp -- -j4 -l4
[0.797s] INFO:colcon.colcon_core.task.python.build:Building Python package in '/home/prts/RBOT250/src/learning_tf2_py'
[0.799s] INFO:colcon.colcon_core.shell:Skip shell extension 'powershell' for command environment: Not usable outside of PowerShell
[0.799s] DEBUG:colcon.colcon_core.shell:Skip shell extension 'dsv' for command environment
[0.824s] DEBUG:colcon.colcon_core.event_handler.log_command:Invoked command in '/home/prts/RBOT250/build/cpp_pubsub' returned '0': CMAKE_PREFIX_PATH=${CMAKE_PREFIX_PATH}:/home/prts/RBOT250/src/install/learning_tf2_py /usr/bin/cmake --build /home/prts/RBOT250/build/cpp_pubsub -- -j4 -l4
[0.832s] DEBUG:colcon.colcon_core.event_handler.log_command:Invoking command in '/home/prts/RBOT250/build/my_cpp_py_pkg': CMAKE_PREFIX_PATH=${CMAKE_PREFIX_PATH}:/home/prts/RBOT250/src/install/learning_tf2_py /usr/bin/cmake --build /home/prts/RBOT250/build/my_cpp_py_pkg -- -j4 -l4
[0.842s] DEBUG:colcon.colcon_core.event_handler.log_command:Invoking command in '/home/prts/RBOT250/src/learning_tf2_py': PYTHONPATH=/home/prts/RBOT250/install/learning_tf2_py/lib/python3.8/site-packages:${PYTHONPATH} /usr/bin/python3 setup.py egg_info --egg-base ../../build/learning_tf2_py build --build-base /home/prts/RBOT250/build/learning_tf2_py/build install --prefix /home/prts/RBOT250/install/learning_tf2_py --record /home/prts/RBOT250/build/learning_tf2_py/install.log --single-version-externally-managed
[0.889s] DEBUG:colcon.colcon_core.event_handler.log_command:Invoking command in '/home/prts/RBOT250/build/cpp_pubsub': CMAKE_PREFIX_PATH=${CMAKE_PREFIX_PATH}:/home/prts/RBOT250/src/install/learning_tf2_py /usr/bin/cmake --install /home/prts/RBOT250/build/cpp_pubsub
[0.906s] Level 1:colcon.colcon_core.environment:create_environment_scripts_only(cpp_pubsub)
[0.910s] Level 1:colcon.colcon_core.environment:checking '/home/prts/RBOT250/install/cpp_pubsub' for CMake module files
[0.911s] DEBUG:colcon.colcon_core.event_handler.log_command:Invoked command in '/home/prts/RBOT250/build/cpp_pubsub' returned '0': CMAKE_PREFIX_PATH=${CMAKE_PREFIX_PATH}:/home/prts/RBOT250/src/install/learning_tf2_py /usr/bin/cmake --install /home/prts/RBOT250/build/cpp_pubsub
[0.911s] Level 1:colcon.colcon_core.environment:checking '/home/prts/RBOT250/install/cpp_pubsub' for CMake config files
[0.912s] Level 1:colcon.colcon_core.shell:create_environment_hook('cpp_pubsub', 'cmake_prefix_path')
[0.913s] INFO:colcon.colcon_core.shell:Creating environment hook '/home/prts/RBOT250/install/cpp_pubsub/share/cpp_pubsub/hook/cmake_prefix_path.ps1'
[0.913s] INFO:colcon.colcon_core.shell:Creating environment descriptor '/home/prts/RBOT250/install/cpp_pubsub/share/cpp_pubsub/hook/cmake_prefix_path.dsv'
[0.914s] INFO:colcon.colcon_core.shell:Creating environment hook '/home/prts/RBOT250/install/cpp_pubsub/share/cpp_pubsub/hook/cmake_prefix_path.sh'
[0.915s] Level 1:colcon.colcon_core.environment:checking '/home/prts/RBOT250/install/cpp_pubsub/lib'
[0.915s] Level 1:colcon.colcon_core.environment:checking '/home/prts/RBOT250/install/cpp_pubsub/bin'
[0.915s] Level 1:colcon.colcon_core.environment:checking '/home/prts/RBOT250/install/cpp_pubsub/lib/pkgconfig/cpp_pubsub.pc'
[0.915s] Level 1:colcon.colcon_core.environment:checking '/home/prts/RBOT250/install/cpp_pubsub/lib/python3.8/site-packages'
[0.916s] INFO:colcon.colcon_core.shell:Creating package script '/home/prts/RBOT250/install/cpp_pubsub/share/cpp_pubsub/package.ps1'
[0.917s] INFO:colcon.colcon_core.shell:Creating package descriptor '/home/prts/RBOT250/install/cpp_pubsub/share/cpp_pubsub/package.dsv'
[0.918s] INFO:colcon.colcon_core.shell:Creating package script '/home/prts/RBOT250/install/cpp_pubsub/share/cpp_pubsub/package.sh'
[0.918s] INFO:colcon.colcon_core.shell:Creating package script '/home/prts/RBOT250/install/cpp_pubsub/share/cpp_pubsub/package.bash'
[0.919s] INFO:colcon.colcon_core.shell:Creating package script '/home/prts/RBOT250/install/cpp_pubsub/share/cpp_pubsub/package.zsh'
[0.920s] Level 1:colcon.colcon_core.environment:create_file_with_runtime_dependencies(/home/prts/RBOT250/install/cpp_pubsub/share/colcon-core/packages/cpp_pubsub)
[0.928s] DEBUG:colcon.colcon_core.event_handler.log_command:Invoked command in '/home/prts/RBOT250/build/learning_tf2_cpp' returned '0': CMAKE_PREFIX_PATH=${CMAKE_PREFIX_PATH}:/home/prts/RBOT250/src/install/learning_tf2_py /usr/bin/cmake --build /home/prts/RBOT250/build/learning_tf2_cpp -- -j4 -l4
[0.963s] DEBUG:colcon.colcon_core.event_handler.log_command:Invoking command in '/home/prts/RBOT250/build/learning_tf2_cpp': CMAKE_PREFIX_PATH=${CMAKE_PREFIX_PATH}:/home/prts/RBOT250/src/install/learning_tf2_py /usr/bin/cmake --install /home/prts/RBOT250/build/learning_tf2_cpp
[0.977s] Level 1:colcon.colcon_core.environment:create_environment_scripts_only(cpp_pubsub)
[0.978s] Level 1:colcon.colcon_core.environment:checking '/home/prts/RBOT250/install/cpp_pubsub' for CMake module files
[0.979s] Level 1:colcon.colcon_core.environment:checking '/home/prts/RBOT250/install/cpp_pubsub' for CMake config files
[0.979s] Level 1:colcon.colcon_core.shell:create_environment_hook('cpp_pubsub', 'cmake_prefix_path')
[0.980s] INFO:colcon.colcon_core.shell:Creating environment hook '/home/prts/RBOT250/install/cpp_pubsub/share/cpp_pubsub/hook/cmake_prefix_path.ps1'
[0.981s] INFO:colcon.colcon_core.shell:Creating environment descriptor '/home/prts/RBOT250/install/cpp_pubsub/share/cpp_pubsub/hook/cmake_prefix_path.dsv'
[0.981s] INFO:colcon.colcon_core.shell:Creating environment hook '/home/prts/RBOT250/install/cpp_pubsub/share/cpp_pubsub/hook/cmake_prefix_path.sh'
[0.982s] Level 1:colcon.colcon_core.environment:checking '/home/prts/RBOT250/install/cpp_pubsub/lib'
[0.982s] Level 1:colcon.colcon_core.environment:checking '/home/prts/RBOT250/install/cpp_pubsub/bin'
[0.982s] Level 1:colcon.colcon_core.environment:checking '/home/prts/RBOT250/install/cpp_pubsub/lib/pkgconfig/cpp_pubsub.pc'
[0.982s] Level 1:colcon.colcon_core.environment:checking '/home/prts/RBOT250/install/cpp_pubsub/lib/python3.8/site-packages'
[0.983s] INFO:colcon.colcon_core.shell:Creating package script '/home/prts/RBOT250/install/cpp_pubsub/share/cpp_pubsub/package.ps1'
[0.984s] INFO:colcon.colcon_core.shell:Creating package descriptor '/home/prts/RBOT250/install/cpp_pubsub/share/cpp_pubsub/package.dsv'
[0.985s] INFO:colcon.colcon_core.shell:Creating package script '/home/prts/RBOT250/install/cpp_pubsub/share/cpp_pubsub/package.sh'
[0.985s] INFO:colcon.colcon_core.shell:Creating package script '/home/prts/RBOT250/install/cpp_pubsub/share/cpp_pubsub/package.bash'
[0.986s] INFO:colcon.colcon_core.shell:Creating package script '/home/prts/RBOT250/install/cpp_pubsub/share/cpp_pubsub/package.zsh'
[0.986s] Level 1:colcon.colcon_core.environment:create_file_with_runtime_dependencies(/home/prts/RBOT250/install/cpp_pubsub/share/colcon-core/packages/cpp_pubsub)
[1.024s] Level 1:colcon.colcon_core.environment:create_environment_scripts_only(learning_tf2_cpp)
[1.025s] Level 1:colcon.colcon_core.environment:checking '/home/prts/RBOT250/install/learning_tf2_cpp' for CMake module files
[1.027s] DEBUG:colcon.colcon_core.event_handler.log_command:Invoked command in '/home/prts/RBOT250/build/learning_tf2_cpp' returned '0': CMAKE_PREFIX_PATH=${CMAKE_PREFIX_PATH}:/home/prts/RBOT250/src/install/learning_tf2_py /usr/bin/cmake --install /home/prts/RBOT250/build/learning_tf2_cpp
[1.027s] Level 1:colcon.colcon_core.environment:checking '/home/prts/RBOT250/install/learning_tf2_cpp' for CMake config files
[1.027s] Level 1:colcon.colcon_core.shell:create_environment_hook('learning_tf2_cpp', 'cmake_prefix_path')
[1.028s] INFO:colcon.colcon_core.shell:Creating environment hook '/home/prts/RBOT250/install/learning_tf2_cpp/share/learning_tf2_cpp/hook/cmake_prefix_path.ps1'
[1.029s] INFO:colcon.colcon_core.shell:Creating environment descriptor '/home/prts/RBOT250/install/learning_tf2_cpp/share/learning_tf2_cpp/hook/cmake_prefix_path.dsv'
[1.030s] INFO:colcon.colcon_core.shell:Creating environment hook '/home/prts/RBOT250/install/learning_tf2_cpp/share/learning_tf2_cpp/hook/cmake_prefix_path.sh'
[1.030s] Level 1:colcon.colcon_core.environment:checking '/home/prts/RBOT250/install/learning_tf2_cpp/lib'
[1.030s] Level 1:colcon.colcon_core.environment:checking '/home/prts/RBOT250/install/learning_tf2_cpp/bin'
[1.031s] Level 1:colcon.colcon_core.environment:checking '/home/prts/RBOT250/install/learning_tf2_cpp/lib/pkgconfig/learning_tf2_cpp.pc'
[1.031s] Level 1:colcon.colcon_core.environment:checking '/home/prts/RBOT250/install/learning_tf2_cpp/lib/python3.8/site-packages'
[1.031s] Level 1:colcon.colcon_core.shell:create_environment_hook('learning_tf2_cpp', 'pythonpath')
[1.032s] INFO:colcon.colcon_core.shell:Creating environment hook '/home/prts/RBOT250/install/learning_tf2_cpp/share/learning_tf2_cpp/hook/pythonpath.ps1'
[1.033s] INFO:colcon.colcon_core.shell:Creating environment descriptor '/home/prts/RBOT250/install/learning_tf2_cpp/share/learning_tf2_cpp/hook/pythonpath.dsv'
[1.033s] INFO:colcon.colcon_core.shell:Creating environment hook '/home/prts/RBOT250/install/learning_tf2_cpp/share/learning_tf2_cpp/hook/pythonpath.sh'
[1.035s] INFO:colcon.colcon_core.shell:Creating package script '/home/prts/RBOT250/install/learning_tf2_cpp/share/learning_tf2_cpp/package.ps1'
[1.035s] INFO:colcon.colcon_core.shell:Creating package descriptor '/home/prts/RBOT250/install/learning_tf2_cpp/share/learning_tf2_cpp/package.dsv'
[1.036s] INFO:colcon.colcon_core.shell:Creating package script '/home/prts/RBOT250/install/learning_tf2_cpp/share/learning_tf2_cpp/package.sh'
[1.037s] INFO:colcon.colcon_core.shell:Creating package script '/home/prts/RBOT250/install/learning_tf2_cpp/share/learning_tf2_cpp/package.bash'
[1.037s] INFO:colcon.colcon_core.shell:Creating package script '/home/prts/RBOT250/install/learning_tf2_cpp/share/learning_tf2_cpp/package.zsh'
[1.037s] Level 1:colcon.colcon_core.environment:create_file_with_runtime_dependencies(/home/prts/RBOT250/install/learning_tf2_cpp/share/colcon-core/packages/learning_tf2_cpp)
[1.079s] Level 1:colcon.colcon_core.environment:create_environment_scripts_only(learning_tf2_cpp)
[1.081s] Level 1:colcon.colcon_core.environment:checking '/home/prts/RBOT250/install/learning_tf2_cpp' for CMake module files
[1.083s] Level 1:colcon.colcon_core.environment:checking '/home/prts/RBOT250/install/learning_tf2_cpp' for CMake config files
[1.083s] Level 1:colcon.colcon_core.shell:create_environment_hook('learning_tf2_cpp', 'cmake_prefix_path')
[1.085s] INFO:colcon.colcon_core.shell:Creating environment hook '/home/prts/RBOT250/install/learning_tf2_cpp/share/learning_tf2_cpp/hook/cmake_prefix_path.ps1'
[1.086s] INFO:colcon.colcon_core.shell:Creating environment descriptor '/home/prts/RBOT250/install/learning_tf2_cpp/share/learning_tf2_cpp/hook/cmake_prefix_path.dsv'
[1.086s] INFO:colcon.colcon_core.shell:Creating environment hook '/home/prts/RBOT250/install/learning_tf2_cpp/share/learning_tf2_cpp/hook/cmake_prefix_path.sh'
[1.087s] Level 1:colcon.colcon_core.environment:checking '/home/prts/RBOT250/install/learning_tf2_cpp/lib'
[1.087s] Level 1:colcon.colcon_core.environment:checking '/home/prts/RBOT250/install/learning_tf2_cpp/bin'
[1.087s] Level 1:colcon.colcon_core.environment:checking '/home/prts/RBOT250/install/learning_tf2_cpp/lib/pkgconfig/learning_tf2_cpp.pc'
[1.087s] Level 1:colcon.colcon_core.environment:checking '/home/prts/RBOT250/install/learning_tf2_cpp/lib/python3.8/site-packages'
[1.087s] Level 1:colcon.colcon_core.shell:create_environment_hook('learning_tf2_cpp', 'pythonpath')
[1.088s] INFO:colcon.colcon_core.shell:Creating environment hook '/home/prts/RBOT250/install/learning_tf2_cpp/share/learning_tf2_cpp/hook/pythonpath.ps1'
[1.088s] INFO:colcon.colcon_core.shell:Creating environment descriptor '/home/prts/RBOT250/install/learning_tf2_cpp/share/learning_tf2_cpp/hook/pythonpath.dsv'
[1.089s] INFO:colcon.colcon_core.shell:Creating environment hook '/home/prts/RBOT250/install/learning_tf2_cpp/share/learning_tf2_cpp/hook/pythonpath.sh'
[1.090s] INFO:colcon.colcon_core.shell:Creating package script '/home/prts/RBOT250/install/learning_tf2_cpp/share/learning_tf2_cpp/package.ps1'
[1.091s] INFO:colcon.colcon_core.shell:Creating package descriptor '/home/prts/RBOT250/install/learning_tf2_cpp/share/learning_tf2_cpp/package.dsv'
[1.092s] INFO:colcon.colcon_core.shell:Creating package script '/home/prts/RBOT250/install/learning_tf2_cpp/share/learning_tf2_cpp/package.sh'
[1.092s] INFO:colcon.colcon_core.shell:Creating package script '/home/prts/RBOT250/install/learning_tf2_cpp/share/learning_tf2_cpp/package.bash'
[1.093s] INFO:colcon.colcon_core.shell:Creating package script '/home/prts/RBOT250/install/learning_tf2_cpp/share/learning_tf2_cpp/package.zsh'
[1.093s] Level 1:colcon.colcon_core.environment:create_file_with_runtime_dependencies(/home/prts/RBOT250/install/learning_tf2_cpp/share/colcon-core/packages/learning_tf2_cpp)
[1.209s] Level 1:colcon.colcon_core.environment:checking '/home/prts/RBOT250/install/learning_tf2_py' for CMake module files
[1.209s] DEBUG:colcon.colcon_core.event_handler.log_command:Invoked command in '/home/prts/RBOT250/src/learning_tf2_py' returned '0': PYTHONPATH=/home/prts/RBOT250/install/learning_tf2_py/lib/python3.8/site-packages:${PYTHONPATH} /usr/bin/python3 setup.py egg_info --egg-base ../../build/learning_tf2_py build --build-base /home/prts/RBOT250/build/learning_tf2_py/build install --prefix /home/prts/RBOT250/install/learning_tf2_py --record /home/prts/RBOT250/build/learning_tf2_py/install.log --single-version-externally-managed
[1.210s] Level 1:colcon.colcon_core.environment:checking '/home/prts/RBOT250/install/learning_tf2_py' for CMake config files
[1.211s] Level 1:colcon.colcon_core.environment:checking '/home/prts/RBOT250/install/learning_tf2_py/lib'
[1.211s] Level 1:colcon.colcon_core.environment:checking '/home/prts/RBOT250/install/learning_tf2_py/bin'
[1.212s] Level 1:colcon.colcon_core.environment:checking '/home/prts/RBOT250/install/learning_tf2_py/lib/pkgconfig/learning_tf2_py.pc'
[1.212s] Level 1:colcon.colcon_core.environment:checking '/home/prts/RBOT250/install/learning_tf2_py/lib/python3.8/site-packages'
[1.212s] Level 1:colcon.colcon_core.shell:create_environment_hook('learning_tf2_py', 'pythonpath')
[1.213s] INFO:colcon.colcon_core.shell:Creating environment hook '/home/prts/RBOT250/install/learning_tf2_py/share/learning_tf2_py/hook/pythonpath.ps1'
[1.214s] INFO:colcon.colcon_core.shell:Creating environment descriptor '/home/prts/RBOT250/install/learning_tf2_py/share/learning_tf2_py/hook/pythonpath.dsv'
[1.215s] INFO:colcon.colcon_core.shell:Creating environment hook '/home/prts/RBOT250/install/learning_tf2_py/share/learning_tf2_py/hook/pythonpath.sh'
[1.216s] Level 1:colcon.colcon_core.environment:create_environment_scripts_only(learning_tf2_py)
[1.218s] INFO:colcon.colcon_core.shell:Creating package script '/home/prts/RBOT250/install/learning_tf2_py/share/learning_tf2_py/package.ps1'
[1.219s] INFO:colcon.colcon_core.shell:Creating package descriptor '/home/prts/RBOT250/install/learning_tf2_py/share/learning_tf2_py/package.dsv'
[1.219s] INFO:colcon.colcon_core.shell:Creating package script '/home/prts/RBOT250/install/learning_tf2_py/share/learning_tf2_py/package.sh'
[1.220s] INFO:colcon.colcon_core.shell:Creating package script '/home/prts/RBOT250/install/learning_tf2_py/share/learning_tf2_py/package.bash'
[1.221s] INFO:colcon.colcon_core.shell:Creating package script '/home/prts/RBOT250/install/learning_tf2_py/share/learning_tf2_py/package.zsh'
[1.221s] Level 1:colcon.colcon_core.environment:create_file_with_runtime_dependencies(/home/prts/RBOT250/install/learning_tf2_py/share/colcon-core/packages/learning_tf2_py)
[2.050s] DEBUG:colcon.colcon_core.event_handler.log_command:Invoked command in '/home/prts/RBOT250/build/my_cpp_py_pkg' returned '2': CMAKE_PREFIX_PATH=${CMAKE_PREFIX_PATH}:/home/prts/RBOT250/src/install/learning_tf2_py /usr/bin/cmake --build /home/prts/RBOT250/build/my_cpp_py_pkg -- -j4 -l4
[2.084s] Level 1:colcon.colcon_core.environment:create_environment_scripts_only(my_cpp_py_pkg)
[2.086s] Level 1:colcon.colcon_core.environment:checking '/home/prts/RBOT250/install/my_cpp_py_pkg' for CMake module files
[2.086s] Level 1:colcon.colcon_core.environment:checking '/home/prts/RBOT250/install/my_cpp_py_pkg' for CMake config files
[2.086s] Level 1:colcon.colcon_core.shell:create_environment_hook('my_cpp_py_pkg', 'cmake_prefix_path')
[2.087s] INFO:colcon.colcon_core.shell:Creating environment hook '/home/prts/RBOT250/install/my_cpp_py_pkg/share/my_cpp_py_pkg/hook/cmake_prefix_path.ps1'
[2.088s] INFO:colcon.colcon_core.shell:Creating environment descriptor '/home/prts/RBOT250/install/my_cpp_py_pkg/share/my_cpp_py_pkg/hook/cmake_prefix_path.dsv'
[2.088s] INFO:colcon.colcon_core.shell:Creating environment hook '/home/prts/RBOT250/install/my_cpp_py_pkg/share/my_cpp_py_pkg/hook/cmake_prefix_path.sh'
[2.088s] Level 1:colcon.colcon_core.environment:checking '/home/prts/RBOT250/install/my_cpp_py_pkg/lib'
[2.089s] Level 1:colcon.colcon_core.environment:checking '/home/prts/RBOT250/install/my_cpp_py_pkg/bin'
[2.089s] Level 1:colcon.colcon_core.environment:checking '/home/prts/RBOT250/install/my_cpp_py_pkg/lib/pkgconfig/my_cpp_py_pkg.pc'
[2.089s] Level 1:colcon.colcon_core.environment:checking '/home/prts/RBOT250/install/my_cpp_py_pkg/lib/python3.8/site-packages'
[2.089s] Level 1:colcon.colcon_core.shell:create_environment_hook('my_cpp_py_pkg', 'pythonpath')
[2.091s] INFO:colcon.colcon_core.shell:Creating environment hook '/home/prts/RBOT250/install/my_cpp_py_pkg/share/my_cpp_py_pkg/hook/pythonpath.ps1'
[2.091s] INFO:colcon.colcon_core.shell:Creating environment descriptor '/home/prts/RBOT250/install/my_cpp_py_pkg/share/my_cpp_py_pkg/hook/pythonpath.dsv'
[2.092s] INFO:colcon.colcon_core.shell:Creating environment hook '/home/prts/RBOT250/install/my_cpp_py_pkg/share/my_cpp_py_pkg/hook/pythonpath.sh'
[2.094s] INFO:colcon.colcon_core.shell:Creating package script '/home/prts/RBOT250/install/my_cpp_py_pkg/share/my_cpp_py_pkg/package.ps1'
[2.095s] INFO:colcon.colcon_core.shell:Creating package descriptor '/home/prts/RBOT250/install/my_cpp_py_pkg/share/my_cpp_py_pkg/package.dsv'
[2.096s] INFO:colcon.colcon_core.shell:Creating package script '/home/prts/RBOT250/install/my_cpp_py_pkg/share/my_cpp_py_pkg/package.sh'
[2.097s] INFO:colcon.colcon_core.shell:Creating package script '/home/prts/RBOT250/install/my_cpp_py_pkg/share/my_cpp_py_pkg/package.bash'
[2.097s] INFO:colcon.colcon_core.shell:Creating package script '/home/prts/RBOT250/install/my_cpp_py_pkg/share/my_cpp_py_pkg/package.zsh'
[2.097s] Level 1:colcon.colcon_core.environment:create_file_with_runtime_dependencies(/home/prts/RBOT250/install/my_cpp_py_pkg/share/colcon-core/packages/my_cpp_py_pkg)
[2.108s] DEBUG:colcon.colcon_parallel_executor.executor.parallel:closing loop
[2.108s] DEBUG:colcon.colcon_parallel_executor.executor.parallel:loop closed
[2.108s] DEBUG:colcon.colcon_parallel_executor.executor.parallel:run_until_complete finished with '2'
[2.108s] DEBUG:colcon.colcon_core.event_reactor:joining thread
[2.123s] INFO:colcon.colcon_core.plugin_system:Skipping extension 'colcon_notification.desktop_notification.terminal_notifier': Not used on non-Darwin systems
[2.123s] INFO:colcon.colcon_core.plugin_system:Skipping extension 'colcon_notification.desktop_notification.win32': Not used on non-Windows systems
[2.123s] INFO:colcon.colcon_notification.desktop_notification:Sending desktop notification using 'notify2'
[2.149s] DEBUG:colcon.colcon_core.event_reactor:joined thread
[2.151s] INFO:colcon.colcon_core.shell:Creating prefix script '/home/prts/RBOT250/install/local_setup.ps1'
[2.153s] INFO:colcon.colcon_core.shell:Creating prefix util module '/home/prts/RBOT250/install/_local_setup_util_ps1.py'
[2.156s] INFO:colcon.colcon_core.shell:Creating prefix chain script '/home/prts/RBOT250/install/setup.ps1'
[2.162s] INFO:colcon.colcon_core.shell:Creating prefix script '/home/prts/RBOT250/install/local_setup.sh'
[2.164s] INFO:colcon.colcon_core.shell:Creating prefix util module '/home/prts/RBOT250/install/_local_setup_util_sh.py'
[2.165s] INFO:colcon.colcon_core.shell:Creating prefix chain script '/home/prts/RBOT250/install/setup.sh'
[2.169s] INFO:colcon.colcon_core.shell:Creating prefix script '/home/prts/RBOT250/install/local_setup.bash'
[2.170s] INFO:colcon.colcon_core.shell:Creating prefix chain script '/home/prts/RBOT250/install/setup.bash'
[2.173s] INFO:colcon.colcon_core.shell:Creating prefix script '/home/prts/RBOT250/install/local_setup.zsh'
[2.173s] INFO:colcon.colcon_core.shell:Creating prefix chain script '/home/prts/RBOT250/install/setup.zsh'
