[0.023s] Invoking command in '/home/prts/RBOT250/build/learning_tf2_cpp': /usr/bin/cmake --build /home/prts/RBOT250/build/learning_tf2_cpp -- -j4 -l4
[0.062s] -- Found ament_cmake: 1.1.4 (/home/prts/ros2_galactic/ros2-linux/share/ament_cmake/cmake)
[0.095s] -- Using PYTHON_EXECUTABLE: /usr/bin/python3
[0.173s] -- Found geometry_msgs: 2.2.3 (/home/prts/ros2_galactic/ros2-linux/share/geometry_msgs/cmake)
[0.194s] -- Using all available rosidl_typesupport_c: rosidl_typesupport_fastrtps_c;rosidl_typesupport_introspection_c
[0.198s] -- Found rosidl_adapter: 2.2.1 (/home/prts/ros2_galactic/ros2-linux/share/rosidl_adapter/cmake)
[0.307s] -- Using all available rosidl_typesupport_cpp: rosidl_typesupport_fastrtps_cpp;rosidl_typesupport_introspection_cpp
[0.402s] -- Found rclcpp: 9.1.0 (/home/prts/ros2_galactic/ros2-linux/share/rclcpp/cmake)
[0.443s] -- Found rmw_implementation_cmake: 3.3.1 (/home/prts/ros2_galactic/ros2-linux/share/rmw_implementation_cmake/cmake)
[0.444s] -- Found rmw_cyclonedds_cpp: 0.22.3 (/home/prts/ros2_galactic/ros2-linux/share/rmw_cyclonedds_cpp/cmake)
[0.465s] -- Using RMW implementation 'rmw_cyclonedds_cpp' as default
[0.562s] -- Found tf2: 0.17.2 (/home/prts/ros2_galactic/ros2-linux/share/tf2/cmake)
[0.573s] -- Found tf2_ros: 0.17.2 (/home/prts/ros2_galactic/ros2-linux/share/tf2_ros/cmake)
[0.945s] -- Found turtlesim: 1.3.3 (/home/prts/ros2_galactic/ros2-linux/share/turtlesim/cmake)
[1.008s] -- Found ament_lint_auto: 0.10.6 (/home/prts/ros2_galactic/ros2-linux/share/ament_lint_auto/cmake)
[1.088s] -- Added test 'copyright' to check source files copyright and LICENSE
[1.089s] -- Added test 'cppcheck' to perform static code analysis on C / C++ code
[1.089s] -- Configured cppcheck include dirs: 
[1.089s] -- Configured cppcheck exclude dirs and/or files: 
[1.089s] -- Added test 'cpplint' to check C / C++ code against the Google style
[1.090s] -- Configured cpplint exclude dirs and/or files: 
[1.090s] -- Added test 'flake8' to check Python code syntax and style conventions
[1.090s] -- Added test 'lint_cmake' to check CMake code style
[1.091s] -- Added test 'pep257' to check Python code against some of the style conventions in PEP 257
[1.091s] -- Added test 'uncrustify' to check C / C++ code style
[1.091s] -- Configured uncrustify additional arguments: 
[1.092s] -- Added test 'xmllint' to check XML markup files
[1.095s] -- Configuring done
[1.106s] -- Generating done
[1.108s] -- Build files have been written to: /home/prts/RBOT250/build/learning_tf2_cpp
[1.174s] [100%] Built target turtle_tf2_broadcaster
[1.185s] Invoked command in '/home/prts/RBOT250/build/learning_tf2_cpp' returned '0': /usr/bin/cmake --build /home/prts/RBOT250/build/learning_tf2_cpp -- -j4 -l4
[1.242s] Invoking command in '/home/prts/RBOT250/build/learning_tf2_cpp': /usr/bin/cmake --install /home/prts/RBOT250/build/learning_tf2_cpp
[1.253s] -- Install configuration: ""
[1.253s] -- Installing: /home/prts/RBOT250/install/learning_tf2_cpp/lib/learning_tf2_cpp/turtle_tf2_broadcaster
[1.256s] -- Set runtime path of "/home/prts/RBOT250/install/learning_tf2_cpp/lib/learning_tf2_cpp/turtle_tf2_broadcaster" to ""
[1.256s] -- Installing: /home/prts/RBOT250/install/learning_tf2_cpp/share/learning_tf2_cpp/launch
[1.257s] -- Installing: /home/prts/RBOT250/install/learning_tf2_cpp/share/learning_tf2_cpp/launch/turtle_tf2_demo.launch.py
[1.257s] -- Installing: /home/prts/RBOT250/install/learning_tf2_cpp/share/ament_index/resource_index/package_run_dependencies/learning_tf2_cpp
[1.257s] -- Installing: /home/prts/RBOT250/install/learning_tf2_cpp/share/ament_index/resource_index/parent_prefix_path/learning_tf2_cpp
[1.257s] -- Up-to-date: /home/prts/RBOT250/install/learning_tf2_cpp/share/learning_tf2_cpp/environment/ament_prefix_path.sh
[1.258s] -- Installing: /home/prts/RBOT250/install/learning_tf2_cpp/share/learning_tf2_cpp/environment/ament_prefix_path.dsv
[1.258s] -- Up-to-date: /home/prts/RBOT250/install/learning_tf2_cpp/share/learning_tf2_cpp/environment/path.sh
[1.258s] -- Installing: /home/prts/RBOT250/install/learning_tf2_cpp/share/learning_tf2_cpp/environment/path.dsv
[1.258s] -- Up-to-date: /home/prts/RBOT250/install/learning_tf2_cpp/share/learning_tf2_cpp/local_setup.bash
[1.258s] -- Up-to-date: /home/prts/RBOT250/install/learning_tf2_cpp/share/learning_tf2_cpp/local_setup.sh
[1.258s] -- Up-to-date: /home/prts/RBOT250/install/learning_tf2_cpp/share/learning_tf2_cpp/local_setup.zsh
[1.259s] -- Installing: /home/prts/RBOT250/install/learning_tf2_cpp/share/learning_tf2_cpp/local_setup.dsv
[1.259s] -- Installing: /home/prts/RBOT250/install/learning_tf2_cpp/share/learning_tf2_cpp/package.dsv
[1.259s] -- Up-to-date: /home/prts/RBOT250/install/learning_tf2_cpp/share/ament_index/resource_index/packages/learning_tf2_cpp
[1.262s] -- Up-to-date: /home/prts/RBOT250/install/learning_tf2_cpp/share/learning_tf2_cpp/cmake/learning_tf2_cppConfig.cmake
[1.262s] -- Up-to-date: /home/prts/RBOT250/install/learning_tf2_cpp/share/learning_tf2_cpp/cmake/learning_tf2_cppConfig-version.cmake
[1.262s] -- Installing: /home/prts/RBOT250/install/learning_tf2_cpp/share/learning_tf2_cpp/package.xml
[1.263s] Invoked command in '/home/prts/RBOT250/build/learning_tf2_cpp' returned '0': /usr/bin/cmake --install /home/prts/RBOT250/build/learning_tf2_cpp
