[0.027s] Invoking command in '/home/prts/RBOT250/build/my_cpp_py_pkg': CMAKE_PREFIX_PATH=${CMAKE_PREFIX_PATH}:/home/prts/RBOT250/src/install/learning_tf2_py /usr/bin/cmake --build /home/prts/RBOT250/build/my_cpp_py_pkg -- -j4 -l4
[0.086s] [35m[1mScanning dependencies of target cpp_executable[0m
[0.097s] [  0%] Built target ament_cmake_python_symlink_my_cpp_py_pkg
[0.117s] [ 50%] [32mBuilding CXX object CMakeFiles/cpp_executable.dir/src/cpp_node.cpp.o[0m
[0.394s] running egg_info
[0.395s] writing my_cpp_py_pkg.egg-info/PKG-INFO
[0.395s] writing dependency_links to my_cpp_py_pkg.egg-info/dependency_links.txt
[0.395s] writing top-level names to my_cpp_py_pkg.egg-info/top_level.txt
[0.399s] reading manifest file 'my_cpp_py_pkg.egg-info/SOURCES.txt'
[0.400s] writing manifest file 'my_cpp_py_pkg.egg-info/SOURCES.txt'
[0.438s] [ 50%] Built target ament_cmake_python_build_my_cpp_py_pkg_egg
[8.412s] [100%] [32m[1mLinking CXX executable cpp_executable[0m
[8.909s] [100%] Built target cpp_executable
[8.920s] Invoked command in '/home/prts/RBOT250/build/my_cpp_py_pkg' returned '0': CMAKE_PREFIX_PATH=${CMAKE_PREFIX_PATH}:/home/prts/RBOT250/src/install/learning_tf2_py /usr/bin/cmake --build /home/prts/RBOT250/build/my_cpp_py_pkg -- -j4 -l4
[8.976s] Invoking command in '/home/prts/RBOT250/build/my_cpp_py_pkg': CMAKE_PREFIX_PATH=${CMAKE_PREFIX_PATH}:/home/prts/RBOT250/src/install/learning_tf2_py /usr/bin/cmake --install /home/prts/RBOT250/build/my_cpp_py_pkg
[8.983s] -- Install configuration: ""
[8.984s] -- Installing: /home/prts/RBOT250/install/my_cpp_py_pkg/lib/my_cpp_py_pkg/cpp_executable
[8.989s] -- Set runtime path of "/home/prts/RBOT250/install/my_cpp_py_pkg/lib/my_cpp_py_pkg/cpp_executable" to ""
[8.989s] -- Up-to-date: /home/prts/RBOT250/install/my_cpp_py_pkg/share/my_cpp_py_pkg/environment/pythonpath.sh
[8.989s] -- Up-to-date: /home/prts/RBOT250/install/my_cpp_py_pkg/share/my_cpp_py_pkg/environment/pythonpath.dsv
[8.989s] -- Up-to-date: /home/prts/RBOT250/install/my_cpp_py_pkg/lib/python3.8/site-packages//my_cpp_py_pkg.egg-info
[8.990s] -- Installing: /home/prts/RBOT250/install/my_cpp_py_pkg/lib/python3.8/site-packages//my_cpp_py_pkg.egg-info/PKG-INFO
[8.990s] -- Installing: /home/prts/RBOT250/install/my_cpp_py_pkg/lib/python3.8/site-packages//my_cpp_py_pkg.egg-info/dependency_links.txt
[8.990s] -- Installing: /home/prts/RBOT250/install/my_cpp_py_pkg/lib/python3.8/site-packages//my_cpp_py_pkg.egg-info/SOURCES.txt
[8.990s] -- Installing: /home/prts/RBOT250/install/my_cpp_py_pkg/lib/python3.8/site-packages//my_cpp_py_pkg.egg-info/top_level.txt
[8.991s] -- Up-to-date: /home/prts/RBOT250/install/my_cpp_py_pkg/lib/python3.8/site-packages/my_cpp_py_pkg
[8.991s] -- Up-to-date: /home/prts/RBOT250/install/my_cpp_py_pkg/lib/python3.8/site-packages/my_cpp_py_pkg/__init__.py
[8.991s] -- Up-to-date: /home/prts/RBOT250/install/my_cpp_py_pkg/lib/python3.8/site-packages/my_cpp_py_pkg/module_to_import.py
[9.027s] Listing '/home/prts/RBOT250/install/my_cpp_py_pkg/lib/python3.8/site-packages/my_cpp_py_pkg'...
[9.031s] -- Up-to-date: /home/prts/RBOT250/install/my_cpp_py_pkg/lib/my_cpp_py_pkg/py_node.py
[9.031s] -- Up-to-date: /home/prts/RBOT250/install/my_cpp_py_pkg/share/ament_index/resource_index/package_run_dependencies/my_cpp_py_pkg
[9.032s] -- Up-to-date: /home/prts/RBOT250/install/my_cpp_py_pkg/share/ament_index/resource_index/parent_prefix_path/my_cpp_py_pkg
[9.032s] -- Up-to-date: /home/prts/RBOT250/install/my_cpp_py_pkg/share/my_cpp_py_pkg/environment/ament_prefix_path.sh
[9.032s] -- Up-to-date: /home/prts/RBOT250/install/my_cpp_py_pkg/share/my_cpp_py_pkg/environment/ament_prefix_path.dsv
[9.032s] -- Up-to-date: /home/prts/RBOT250/install/my_cpp_py_pkg/share/my_cpp_py_pkg/environment/path.sh
[9.032s] -- Up-to-date: /home/prts/RBOT250/install/my_cpp_py_pkg/share/my_cpp_py_pkg/environment/path.dsv
[9.033s] -- Up-to-date: /home/prts/RBOT250/install/my_cpp_py_pkg/share/my_cpp_py_pkg/local_setup.bash
[9.033s] -- Up-to-date: /home/prts/RBOT250/install/my_cpp_py_pkg/share/my_cpp_py_pkg/local_setup.sh
[9.033s] -- Up-to-date: /home/prts/RBOT250/install/my_cpp_py_pkg/share/my_cpp_py_pkg/local_setup.zsh
[9.033s] -- Up-to-date: /home/prts/RBOT250/install/my_cpp_py_pkg/share/my_cpp_py_pkg/local_setup.dsv
[9.033s] -- Installing: /home/prts/RBOT250/install/my_cpp_py_pkg/share/my_cpp_py_pkg/package.dsv
[9.034s] -- Up-to-date: /home/prts/RBOT250/install/my_cpp_py_pkg/share/ament_index/resource_index/packages/my_cpp_py_pkg
[9.034s] -- Up-to-date: /home/prts/RBOT250/install/my_cpp_py_pkg/share/my_cpp_py_pkg/cmake/my_cpp_py_pkgConfig.cmake
[9.034s] -- Up-to-date: /home/prts/RBOT250/install/my_cpp_py_pkg/share/my_cpp_py_pkg/cmake/my_cpp_py_pkgConfig-version.cmake
[9.034s] -- Up-to-date: /home/prts/RBOT250/install/my_cpp_py_pkg/share/my_cpp_py_pkg/package.xml
[9.038s] Invoked command in '/home/prts/RBOT250/build/my_cpp_py_pkg' returned '0': CMAKE_PREFIX_PATH=${CMAKE_PREFIX_PATH}:/home/prts/RBOT250/src/install/learning_tf2_py /usr/bin/cmake --install /home/prts/RBOT250/build/my_cpp_py_pkg
