[0.030s] Invoking command in '/home/prts/RBTO250 Github/RBOT_250_Assignment_3/RBOT250/build/my_cpp_py_pkg': /usr/bin/cmake --build /home/prts/RBTO250 Github/RBOT_250_Assignment_3/RBOT250/build/my_cpp_py_pkg -- -j4 -l4
[0.072s] CMake Error: The current CMakeCache.txt directory /home/prts/RBTO250 Github/RBOT_250_Assignment_3/RBOT250/build/my_cpp_py_pkg/CMakeCache.txt is different than the directory /home/prts/RBOT250/build/my_cpp_py_pkg where CMakeCache.txt was created. This may result in binaries being created in the wrong place. If you are not sure, reedit the CMakeCache.txt
[0.169s] [  0%] Built target ament_cmake_python_symlink_my_cpp_py_pkg
[0.207s] [100%] Built target cpp_executable
[0.420s] running egg_info
[0.420s] writing my_cpp_py_pkg.egg-info/PKG-INFO
[0.421s] writing dependency_links to my_cpp_py_pkg.egg-info/dependency_links.txt
[0.421s] writing top-level names to my_cpp_py_pkg.egg-info/top_level.txt
[0.429s] reading manifest file 'my_cpp_py_pkg.egg-info/SOURCES.txt'
[0.430s] writing manifest file 'my_cpp_py_pkg.egg-info/SOURCES.txt'
[0.467s] [100%] Built target ament_cmake_python_build_my_cpp_py_pkg_egg
[0.478s] Invoked command in '/home/prts/RBTO250 Github/RBOT_250_Assignment_3/RBOT250/build/my_cpp_py_pkg' returned '0': /usr/bin/cmake --build /home/prts/RBTO250 Github/RBOT_250_Assignment_3/RBOT250/build/my_cpp_py_pkg -- -j4 -l4
[0.526s] Invoking command in '/home/prts/RBTO250 Github/RBOT_250_Assignment_3/RBOT250/build/my_cpp_py_pkg': /usr/bin/cmake --install /home/prts/RBTO250 Github/RBOT_250_Assignment_3/RBOT250/build/my_cpp_py_pkg
[0.535s] -- Install configuration: ""
[0.535s] -- Up-to-date: /home/prts/RBOT250/install/my_cpp_py_pkg/lib/my_cpp_py_pkg/cpp_executable
[0.536s] -- Up-to-date: /home/prts/RBOT250/install/my_cpp_py_pkg/share/my_cpp_py_pkg/environment/pythonpath.sh
[0.536s] -- Up-to-date: /home/prts/RBOT250/install/my_cpp_py_pkg/share/my_cpp_py_pkg/environment/pythonpath.dsv
[0.536s] -- Up-to-date: /home/prts/RBOT250/install/my_cpp_py_pkg/lib/python3.8/site-packages//my_cpp_py_pkg.egg-info
[0.536s] -- Installing: /home/prts/RBOT250/install/my_cpp_py_pkg/lib/python3.8/site-packages//my_cpp_py_pkg.egg-info/PKG-INFO
[0.536s] -- Installing: /home/prts/RBOT250/install/my_cpp_py_pkg/lib/python3.8/site-packages//my_cpp_py_pkg.egg-info/dependency_links.txt
[0.537s] -- Installing: /home/prts/RBOT250/install/my_cpp_py_pkg/lib/python3.8/site-packages//my_cpp_py_pkg.egg-info/SOURCES.txt
[0.537s] -- Installing: /home/prts/RBOT250/install/my_cpp_py_pkg/lib/python3.8/site-packages//my_cpp_py_pkg.egg-info/top_level.txt
[0.537s] -- Up-to-date: /home/prts/RBOT250/install/my_cpp_py_pkg/lib/python3.8/site-packages/my_cpp_py_pkg
[0.537s] -- Up-to-date: /home/prts/RBOT250/install/my_cpp_py_pkg/lib/python3.8/site-packages/my_cpp_py_pkg/__init__.py
[0.537s] -- Up-to-date: /home/prts/RBOT250/install/my_cpp_py_pkg/lib/python3.8/site-packages/my_cpp_py_pkg/module_to_import.py
[0.570s] Listing '/home/prts/RBOT250/install/my_cpp_py_pkg/lib/python3.8/site-packages/my_cpp_py_pkg'...
[0.575s] -- Up-to-date: /home/prts/RBOT250/install/my_cpp_py_pkg/lib/my_cpp_py_pkg/py_node.py
[0.575s] -- Up-to-date: /home/prts/RBOT250/install/my_cpp_py_pkg/share/my_cpp_py_pkg//launch
[0.575s] -- Up-to-date: /home/prts/RBOT250/install/my_cpp_py_pkg/share/my_cpp_py_pkg//launch/hw3launch.py
[0.575s] -- Up-to-date: /home/prts/RBOT250/install/my_cpp_py_pkg/share/ament_index/resource_index/package_run_dependencies/my_cpp_py_pkg
[0.576s] -- Up-to-date: /home/prts/RBOT250/install/my_cpp_py_pkg/share/ament_index/resource_index/parent_prefix_path/my_cpp_py_pkg
[0.576s] -- Up-to-date: /home/prts/RBOT250/install/my_cpp_py_pkg/share/my_cpp_py_pkg/environment/ament_prefix_path.sh
[0.576s] -- Up-to-date: /home/prts/RBOT250/install/my_cpp_py_pkg/share/my_cpp_py_pkg/environment/ament_prefix_path.dsv
[0.576s] -- Up-to-date: /home/prts/RBOT250/install/my_cpp_py_pkg/share/my_cpp_py_pkg/environment/path.sh
[0.576s] -- Up-to-date: /home/prts/RBOT250/install/my_cpp_py_pkg/share/my_cpp_py_pkg/environment/path.dsv
[0.577s] -- Up-to-date: /home/prts/RBOT250/install/my_cpp_py_pkg/share/my_cpp_py_pkg/local_setup.bash
[0.577s] -- Up-to-date: /home/prts/RBOT250/install/my_cpp_py_pkg/share/my_cpp_py_pkg/local_setup.sh
[0.577s] -- Up-to-date: /home/prts/RBOT250/install/my_cpp_py_pkg/share/my_cpp_py_pkg/local_setup.zsh
[0.577s] -- Up-to-date: /home/prts/RBOT250/install/my_cpp_py_pkg/share/my_cpp_py_pkg/local_setup.dsv
[0.577s] -- Installing: /home/prts/RBOT250/install/my_cpp_py_pkg/share/my_cpp_py_pkg/package.dsv
[0.578s] -- Up-to-date: /home/prts/RBOT250/install/my_cpp_py_pkg/share/ament_index/resource_index/packages/my_cpp_py_pkg
[0.578s] -- Up-to-date: /home/prts/RBOT250/install/my_cpp_py_pkg/share/my_cpp_py_pkg/cmake/my_cpp_py_pkgConfig.cmake
[0.578s] -- Up-to-date: /home/prts/RBOT250/install/my_cpp_py_pkg/share/my_cpp_py_pkg/cmake/my_cpp_py_pkgConfig-version.cmake
[0.578s] -- Up-to-date: /home/prts/RBOT250/install/my_cpp_py_pkg/share/my_cpp_py_pkg/package.xml
[0.581s] Invoked command in '/home/prts/RBTO250 Github/RBOT_250_Assignment_3/RBOT250/build/my_cpp_py_pkg' returned '0': /usr/bin/cmake --install /home/prts/RBTO250 Github/RBOT_250_Assignment_3/RBOT250/build/my_cpp_py_pkg
