In file included from [01m[K/home/prts/ros2_galactic/ros2-linux/include/rclcpp/client.hpp:40[m[K,
                 from [01m[K/home/prts/ros2_galactic/ros2-linux/include/rclcpp/callback_group.hpp:23[m[K,
                 from [01m[K/home/prts/ros2_galactic/ros2-linux/include/rclcpp/any_executable.hpp:20[m[K,
                 from [01m[K/home/prts/ros2_galactic/ros2-linux/include/rclcpp/memory_strategy.hpp:25[m[K,
                 from [01m[K/home/prts/ros2_galactic/ros2-linux/include/rclcpp/memory_strategies.hpp:18[m[K,
                 from [01m[K/home/prts/ros2_galactic/ros2-linux/include/rclcpp/executor_options.hpp:20[m[K,
                 from [01m[K/home/prts/ros2_galactic/ros2-linux/include/rclcpp/executor.hpp:36[m[K,
                 from [01m[K/home/prts/ros2_galactic/ros2-linux/include/rclcpp/executors/multi_threaded_executor.hpp:26[m[K,
                 from [01m[K/home/prts/ros2_galactic/ros2-linux/include/rclcpp/executors.hpp:21[m[K,
                 from [01m[K/home/prts/ros2_galactic/ros2-linux/include/rclcpp/rclcpp.hpp:156[m[K,
                 from [01m[K/home/prts/RBOT250/src/my_cpp_py_pkg/src/cpp_node.cpp:7[m[K:
[01m[K/home/prts/RBOT250/src/my_cpp_py_pkg/src/cpp_node.cpp:[m[K In member function ‘[01m[Kvoid FramePublisher::timer_callback()[m[K’:
[01m[K/home/prts/RBOT250/src/my_cpp_py_pkg/src/cpp_node.cpp:123:37:[m[K [01;35m[Kwarning: [m[Kformat ‘[01m[K%d[m[K’ expects argument of type ‘[01m[Kint[m[K’, but argument 5 has type ‘[01m[Kgeometry_msgs::msg::Vector3_<std::allocator<void> >::_x_type[m[K’ {aka ‘[01m[Kdouble[m[K’} [[01;35m[K-Wformat=[m[K]
  123 |     RCLCPP_INFO(this->get_logger(), [01;35m[K"Publishing: '%d'"[m[K, [32m[Kmessage.transform.translation.x[m[K);
      |                                     [01;35m[K^~~~~~~~~~~~~~~~~~[m[K  [32m[K~~~~~~~~~~~~~~~~~~~~~~~~~~~~~~~[m[K
      |                                                                                       [32m[K|[m[K
      |                                                                                       [32m[Kgeometry_msgs::msg::Vector3_<std::allocator<void> >::_x_type {aka double}[m[K
[01m[K/home/prts/RBOT250/src/my_cpp_py_pkg/src/cpp_node.cpp:123:52:[m[K [01;36m[Knote: [m[Kformat string is defined here
  123 |     RCLCPP_INFO(this->get_logger(), "Publishing: '[01;36m[K%d[m[K'", message.transform.translation.x);
      |                                                   [01;36m[K~^[m[K
      |                                                    [01;36m[K|[m[K
      |                                                    [01;36m[Kint[m[K
      |                                                   [32m[K%f[m[K
