[0.024s] Invoking command in '/home/prts/RBOT250/build/my_cpp_py_pkg': CMAKE_PREFIX_PATH=${CMAKE_PREFIX_PATH}:/home/prts/RBOT250/src/install/learning_tf2_py /usr/bin/cmake --build /home/prts/RBOT250/build/my_cpp_py_pkg -- -j4 -l4
[0.100s] [35m[1mScanning dependencies of target cpp_executable[0m
[0.130s] [  0%] Built target ament_cmake_python_symlink_my_cpp_py_pkg
[0.143s] [ 50%] [32mBuilding CXX object CMakeFiles/cpp_executable.dir/src/cpp_node.cpp.o[0m
[0.415s] running egg_info
[0.416s] writing my_cpp_py_pkg.egg-info/PKG-INFO
[0.416s] writing dependency_links to my_cpp_py_pkg.egg-info/dependency_links.txt
[0.416s] writing top-level names to my_cpp_py_pkg.egg-info/top_level.txt
[0.420s] reading manifest file 'my_cpp_py_pkg.egg-info/SOURCES.txt'
[0.420s] writing manifest file 'my_cpp_py_pkg.egg-info/SOURCES.txt'
[0.466s] [ 50%] Built target ament_cmake_python_build_my_cpp_py_pkg_egg
[2.433s] In file included from [01m[K/home/prts/ros2_galactic/ros2-linux/include/rclcpp/client.hpp:40[m[K,
[2.433s]                  from [01m[K/home/prts/ros2_galactic/ros2-linux/include/rclcpp/callback_group.hpp:23[m[K,
[2.434s]                  from [01m[K/home/prts/ros2_galactic/ros2-linux/include/rclcpp/any_executable.hpp:20[m[K,
[2.434s]                  from [01m[K/home/prts/ros2_galactic/ros2-linux/include/rclcpp/memory_strategy.hpp:25[m[K,
[2.434s]                  from [01m[K/home/prts/ros2_galactic/ros2-linux/include/rclcpp/memory_strategies.hpp:18[m[K,
[2.434s]                  from [01m[K/home/prts/ros2_galactic/ros2-linux/include/rclcpp/executor_options.hpp:20[m[K,
[2.434s]                  from [01m[K/home/prts/ros2_galactic/ros2-linux/include/rclcpp/executor.hpp:36[m[K,
[2.434s]                  from [01m[K/home/prts/ros2_galactic/ros2-linux/include/rclcpp/executors/multi_threaded_executor.hpp:26[m[K,
[2.435s]                  from [01m[K/home/prts/ros2_galactic/ros2-linux/include/rclcpp/executors.hpp:21[m[K,
[2.435s]                  from [01m[K/home/prts/ros2_galactic/ros2-linux/include/rclcpp/rclcpp.hpp:156[m[K,
[2.435s]                  from [01m[K/home/prts/RBOT250/src/my_cpp_py_pkg/src/cpp_node.cpp:7[m[K:
[2.435s] [01m[K/home/prts/RBOT250/src/my_cpp_py_pkg/src/cpp_node.cpp:[m[K In member function ‘[01m[Kvoid FramePublisher::timer_callback()[m[K’:
[2.435s] [01m[K/home/prts/RBOT250/src/my_cpp_py_pkg/src/cpp_node.cpp:123:37:[m[K [01;35m[Kwarning: [m[Kformat ‘[01m[K%d[m[K’ expects argument of type ‘[01m[Kint[m[K’, but argument 5 has type ‘[01m[Kgeometry_msgs::msg::Vector3_<std::allocator<void> >::_x_type[m[K’ {aka ‘[01m[Kdouble[m[K’} [[01;35m[K-Wformat=[m[K]
[2.435s]   123 |     RCLCPP_INFO(this->get_logger(), [01;35m[K"Publishing: '%d'"[m[K, [32m[Kmessage.transform.translation.x[m[K);
[2.436s]       |                                     [01;35m[K^~~~~~~~~~~~~~~~~~[m[K  [32m[K~~~~~~~~~~~~~~~~~~~~~~~~~~~~~~~[m[K
[2.436s]       |                                                                                       [32m[K|[m[K
[2.436s]       |                                                                                       [32m[Kgeometry_msgs::msg::Vector3_<std::allocator<void> >::_x_type {aka double}[m[K
[2.436s] [01m[K/home/prts/RBOT250/src/my_cpp_py_pkg/src/cpp_node.cpp:123:52:[m[K [01;36m[Knote: [m[Kformat string is defined here
[2.436s]   123 |     RCLCPP_INFO(this->get_logger(), "Publishing: '[01;36m[K%d[m[K'", message.transform.translation.x);
[2.436s]       |                                                   [01;36m[K~^[m[K
[2.437s]       |                                                    [01;36m[K|[m[K
[2.437s]       |                                                    [01;36m[Kint[m[K
[2.437s]       |                                                   [32m[K%f[m[K
[8.913s] [100%] [32m[1mLinking CXX executable cpp_executable[0m
[9.455s] [100%] Built target cpp_executable
[9.475s] Invoked command in '/home/prts/RBOT250/build/my_cpp_py_pkg' returned '0': CMAKE_PREFIX_PATH=${CMAKE_PREFIX_PATH}:/home/prts/RBOT250/src/install/learning_tf2_py /usr/bin/cmake --build /home/prts/RBOT250/build/my_cpp_py_pkg -- -j4 -l4
[9.532s] Invoking command in '/home/prts/RBOT250/build/my_cpp_py_pkg': CMAKE_PREFIX_PATH=${CMAKE_PREFIX_PATH}:/home/prts/RBOT250/src/install/learning_tf2_py /usr/bin/cmake --install /home/prts/RBOT250/build/my_cpp_py_pkg
[9.541s] -- Install configuration: ""
[9.541s] -- Installing: /home/prts/RBOT250/install/my_cpp_py_pkg/lib/my_cpp_py_pkg/cpp_executable
[9.548s] -- Set runtime path of "/home/prts/RBOT250/install/my_cpp_py_pkg/lib/my_cpp_py_pkg/cpp_executable" to ""
[9.548s] -- Up-to-date: /home/prts/RBOT250/install/my_cpp_py_pkg/share/my_cpp_py_pkg/environment/pythonpath.sh
[9.549s] -- Up-to-date: /home/prts/RBOT250/install/my_cpp_py_pkg/share/my_cpp_py_pkg/environment/pythonpath.dsv
[9.549s] -- Up-to-date: /home/prts/RBOT250/install/my_cpp_py_pkg/lib/python3.8/site-packages//my_cpp_py_pkg.egg-info
[9.549s] -- Installing: /home/prts/RBOT250/install/my_cpp_py_pkg/lib/python3.8/site-packages//my_cpp_py_pkg.egg-info/PKG-INFO
[9.549s] -- Installing: /home/prts/RBOT250/install/my_cpp_py_pkg/lib/python3.8/site-packages//my_cpp_py_pkg.egg-info/dependency_links.txt
[9.549s] -- Installing: /home/prts/RBOT250/install/my_cpp_py_pkg/lib/python3.8/site-packages//my_cpp_py_pkg.egg-info/SOURCES.txt
[9.550s] -- Installing: /home/prts/RBOT250/install/my_cpp_py_pkg/lib/python3.8/site-packages//my_cpp_py_pkg.egg-info/top_level.txt
[9.550s] -- Up-to-date: /home/prts/RBOT250/install/my_cpp_py_pkg/lib/python3.8/site-packages/my_cpp_py_pkg
[9.550s] -- Up-to-date: /home/prts/RBOT250/install/my_cpp_py_pkg/lib/python3.8/site-packages/my_cpp_py_pkg/__init__.py
[9.550s] -- Up-to-date: /home/prts/RBOT250/install/my_cpp_py_pkg/lib/python3.8/site-packages/my_cpp_py_pkg/module_to_import.py
[9.588s] Listing '/home/prts/RBOT250/install/my_cpp_py_pkg/lib/python3.8/site-packages/my_cpp_py_pkg'...
[9.593s] -- Up-to-date: /home/prts/RBOT250/install/my_cpp_py_pkg/lib/my_cpp_py_pkg/py_node.py
[9.593s] -- Up-to-date: /home/prts/RBOT250/install/my_cpp_py_pkg/share/my_cpp_py_pkg//launch
[9.593s] -- Up-to-date: /home/prts/RBOT250/install/my_cpp_py_pkg/share/my_cpp_py_pkg//launch/hw3launch.py
[9.594s] -- Up-to-date: /home/prts/RBOT250/install/my_cpp_py_pkg/share/ament_index/resource_index/package_run_dependencies/my_cpp_py_pkg
[9.594s] -- Up-to-date: /home/prts/RBOT250/install/my_cpp_py_pkg/share/ament_index/resource_index/parent_prefix_path/my_cpp_py_pkg
[9.594s] -- Up-to-date: /home/prts/RBOT250/install/my_cpp_py_pkg/share/my_cpp_py_pkg/environment/ament_prefix_path.sh
[9.594s] -- Up-to-date: /home/prts/RBOT250/install/my_cpp_py_pkg/share/my_cpp_py_pkg/environment/ament_prefix_path.dsv
[9.594s] -- Up-to-date: /home/prts/RBOT250/install/my_cpp_py_pkg/share/my_cpp_py_pkg/environment/path.sh
[9.595s] -- Up-to-date: /home/prts/RBOT250/install/my_cpp_py_pkg/share/my_cpp_py_pkg/environment/path.dsv
[9.595s] -- Up-to-date: /home/prts/RBOT250/install/my_cpp_py_pkg/share/my_cpp_py_pkg/local_setup.bash
[9.595s] -- Up-to-date: /home/prts/RBOT250/install/my_cpp_py_pkg/share/my_cpp_py_pkg/local_setup.sh
[9.595s] -- Up-to-date: /home/prts/RBOT250/install/my_cpp_py_pkg/share/my_cpp_py_pkg/local_setup.zsh
[9.595s] -- Up-to-date: /home/prts/RBOT250/install/my_cpp_py_pkg/share/my_cpp_py_pkg/local_setup.dsv
[9.596s] -- Installing: /home/prts/RBOT250/install/my_cpp_py_pkg/share/my_cpp_py_pkg/package.dsv
[9.596s] -- Up-to-date: /home/prts/RBOT250/install/my_cpp_py_pkg/share/ament_index/resource_index/packages/my_cpp_py_pkg
[9.596s] -- Up-to-date: /home/prts/RBOT250/install/my_cpp_py_pkg/share/my_cpp_py_pkg/cmake/my_cpp_py_pkgConfig.cmake
[9.596s] -- Up-to-date: /home/prts/RBOT250/install/my_cpp_py_pkg/share/my_cpp_py_pkg/cmake/my_cpp_py_pkgConfig-version.cmake
[9.596s] -- Up-to-date: /home/prts/RBOT250/install/my_cpp_py_pkg/share/my_cpp_py_pkg/package.xml
[9.600s] Invoked command in '/home/prts/RBOT250/build/my_cpp_py_pkg' returned '0': CMAKE_PREFIX_PATH=${CMAKE_PREFIX_PATH}:/home/prts/RBOT250/src/install/learning_tf2_py /usr/bin/cmake --install /home/prts/RBOT250/build/my_cpp_py_pkg
