[0.363s] Invoking command in '/home/prts/RBOT250/src/learning_tf2_py': PYTHONPATH=/home/prts/RBOT250/src/install/learning_tf2_py/lib/python3.8/site-packages:${PYTHONPATH} /usr/bin/python3 setup.py egg_info --egg-base ../build/learning_tf2_py build --build-base /home/prts/RBOT250/src/build/learning_tf2_py/build install --prefix /home/prts/RBOT250/src/install/learning_tf2_py --record /home/prts/RBOT250/src/build/learning_tf2_py/install.log --single-version-externally-managed
[0.644s] running egg_info
[0.644s] writing ../build/learning_tf2_py/learning_tf2_py.egg-info/PKG-INFO
[0.645s] writing dependency_links to ../build/learning_tf2_py/learning_tf2_py.egg-info/dependency_links.txt
[0.645s] writing entry points to ../build/learning_tf2_py/learning_tf2_py.egg-info/entry_points.txt
[0.645s] writing requirements to ../build/learning_tf2_py/learning_tf2_py.egg-info/requires.txt
[0.645s] writing top-level names to ../build/learning_tf2_py/learning_tf2_py.egg-info/top_level.txt
[0.648s] reading manifest file '../build/learning_tf2_py/learning_tf2_py.egg-info/SOURCES.txt'
[0.649s] writing manifest file '../build/learning_tf2_py/learning_tf2_py.egg-info/SOURCES.txt'
[0.649s] running build
[0.650s] running build_py
[0.650s] copying learning_tf2_py/turtle_tf2_broadcaster.py -> /home/prts/RBOT250/src/build/learning_tf2_py/build/lib/learning_tf2_py
[0.650s] running install
[0.650s] /home/prts/.local/lib/python3.8/site-packages/setuptools/command/install.py:34: SetuptoolsDeprecationWarning: setup.py install is deprecated. Use build and pip and other standards-based tools.
[0.650s]   warnings.warn(
[0.651s] running install_lib
[0.652s] copying /home/prts/RBOT250/src/build/learning_tf2_py/build/lib/learning_tf2_py/turtle_tf2_broadcaster.py -> /home/prts/RBOT250/src/install/learning_tf2_py/lib/python3.8/site-packages/learning_tf2_py
[0.652s] byte-compiling /home/prts/RBOT250/src/install/learning_tf2_py/lib/python3.8/site-packages/learning_tf2_py/turtle_tf2_broadcaster.py to turtle_tf2_broadcaster.cpython-38.pyc
[0.653s] running install_data
[0.654s] running install_egg_info
[0.655s] removing '/home/prts/RBOT250/src/install/learning_tf2_py/lib/python3.8/site-packages/learning_tf2_py-0.0.0-py3.8.egg-info' (and everything under it)
[0.655s] Copying ../build/learning_tf2_py/learning_tf2_py.egg-info to /home/prts/RBOT250/src/install/learning_tf2_py/lib/python3.8/site-packages/learning_tf2_py-0.0.0-py3.8.egg-info
[0.656s] running install_scripts
[0.675s] writing list of installed files to '/home/prts/RBOT250/src/build/learning_tf2_py/install.log'
[0.710s] Invoked command in '/home/prts/RBOT250/src/learning_tf2_py' returned '0': PYTHONPATH=/home/prts/RBOT250/src/install/learning_tf2_py/lib/python3.8/site-packages:${PYTHONPATH} /usr/bin/python3 setup.py egg_info --egg-base ../build/learning_tf2_py build --build-base /home/prts/RBOT250/src/build/learning_tf2_py/build install --prefix /home/prts/RBOT250/src/install/learning_tf2_py --record /home/prts/RBOT250/src/build/learning_tf2_py/install.log --single-version-externally-managed
