[0.022s] Invoking command in '/home/prts/RBOT250/build/my_cpp_py_pkg': CMAKE_PREFIX_PATH=${CMAKE_PREFIX_PATH}:/home/prts/RBOT250/src/install/learning_tf2_py /usr/bin/cmake --build /home/prts/RBOT250/build/my_cpp_py_pkg -- -j4 -l4
[0.122s] [  0%] Built target ament_cmake_python_symlink_my_cpp_py_pkg
[0.128s] [100%] Built target cpp_executable
[0.398s] running egg_info
[0.398s] writing my_cpp_py_pkg.egg-info/PKG-INFO
[0.399s] writing dependency_links to my_cpp_py_pkg.egg-info/dependency_links.txt
[0.399s] writing top-level names to my_cpp_py_pkg.egg-info/top_level.txt
[0.402s] reading manifest file 'my_cpp_py_pkg.egg-info/SOURCES.txt'
[0.403s] writing manifest file 'my_cpp_py_pkg.egg-info/SOURCES.txt'
[0.434s] [100%] Built target ament_cmake_python_build_my_cpp_py_pkg_egg
[0.453s] Invoked command in '/home/prts/RBOT250/build/my_cpp_py_pkg' returned '0': CMAKE_PREFIX_PATH=${CMAKE_PREFIX_PATH}:/home/prts/RBOT250/src/install/learning_tf2_py /usr/bin/cmake --build /home/prts/RBOT250/build/my_cpp_py_pkg -- -j4 -l4
[0.503s] Invoking command in '/home/prts/RBOT250/build/my_cpp_py_pkg': CMAKE_PREFIX_PATH=${CMAKE_PREFIX_PATH}:/home/prts/RBOT250/src/install/learning_tf2_py /usr/bin/cmake --install /home/prts/RBOT250/build/my_cpp_py_pkg
[0.516s] -- Install configuration: ""
[0.516s] -- Up-to-date: /home/prts/RBOT250/install/my_cpp_py_pkg/lib/my_cpp_py_pkg/cpp_executable
[0.516s] -- Up-to-date: /home/prts/RBOT250/install/my_cpp_py_pkg/share/my_cpp_py_pkg/environment/pythonpath.sh
[0.516s] -- Up-to-date: /home/prts/RBOT250/install/my_cpp_py_pkg/share/my_cpp_py_pkg/environment/pythonpath.dsv
[0.517s] -- Up-to-date: /home/prts/RBOT250/install/my_cpp_py_pkg/lib/python3.8/site-packages//my_cpp_py_pkg.egg-info
[0.517s] -- Installing: /home/prts/RBOT250/install/my_cpp_py_pkg/lib/python3.8/site-packages//my_cpp_py_pkg.egg-info/PKG-INFO
[0.517s] -- Installing: /home/prts/RBOT250/install/my_cpp_py_pkg/lib/python3.8/site-packages//my_cpp_py_pkg.egg-info/dependency_links.txt
[0.517s] -- Installing: /home/prts/RBOT250/install/my_cpp_py_pkg/lib/python3.8/site-packages//my_cpp_py_pkg.egg-info/SOURCES.txt
[0.517s] -- Installing: /home/prts/RBOT250/install/my_cpp_py_pkg/lib/python3.8/site-packages//my_cpp_py_pkg.egg-info/top_level.txt
[0.517s] -- Up-to-date: /home/prts/RBOT250/install/my_cpp_py_pkg/lib/python3.8/site-packages/my_cpp_py_pkg
[0.518s] -- Up-to-date: /home/prts/RBOT250/install/my_cpp_py_pkg/lib/python3.8/site-packages/my_cpp_py_pkg/__init__.py
[0.518s] -- Up-to-date: /home/prts/RBOT250/install/my_cpp_py_pkg/lib/python3.8/site-packages/my_cpp_py_pkg/module_to_import.py
[0.552s] Listing '/home/prts/RBOT250/install/my_cpp_py_pkg/lib/python3.8/site-packages/my_cpp_py_pkg'...
[0.557s] -- Installing: /home/prts/RBOT250/install/my_cpp_py_pkg/lib/my_cpp_py_pkg/py_node.py
[0.557s] -- Up-to-date: /home/prts/RBOT250/install/my_cpp_py_pkg/share/my_cpp_py_pkg//launch
[0.557s] -- Up-to-date: /home/prts/RBOT250/install/my_cpp_py_pkg/share/my_cpp_py_pkg//launch/hw3launch.py
[0.557s] -- Up-to-date: /home/prts/RBOT250/install/my_cpp_py_pkg/share/ament_index/resource_index/package_run_dependencies/my_cpp_py_pkg
[0.558s] -- Up-to-date: /home/prts/RBOT250/install/my_cpp_py_pkg/share/ament_index/resource_index/parent_prefix_path/my_cpp_py_pkg
[0.558s] -- Up-to-date: /home/prts/RBOT250/install/my_cpp_py_pkg/share/my_cpp_py_pkg/environment/ament_prefix_path.sh
[0.558s] -- Up-to-date: /home/prts/RBOT250/install/my_cpp_py_pkg/share/my_cpp_py_pkg/environment/ament_prefix_path.dsv
[0.558s] -- Up-to-date: /home/prts/RBOT250/install/my_cpp_py_pkg/share/my_cpp_py_pkg/environment/path.sh
[0.558s] -- Up-to-date: /home/prts/RBOT250/install/my_cpp_py_pkg/share/my_cpp_py_pkg/environment/path.dsv
[0.558s] -- Up-to-date: /home/prts/RBOT250/install/my_cpp_py_pkg/share/my_cpp_py_pkg/local_setup.bash
[0.559s] -- Up-to-date: /home/prts/RBOT250/install/my_cpp_py_pkg/share/my_cpp_py_pkg/local_setup.sh
[0.559s] -- Up-to-date: /home/prts/RBOT250/install/my_cpp_py_pkg/share/my_cpp_py_pkg/local_setup.zsh
[0.559s] -- Up-to-date: /home/prts/RBOT250/install/my_cpp_py_pkg/share/my_cpp_py_pkg/local_setup.dsv
[0.559s] -- Installing: /home/prts/RBOT250/install/my_cpp_py_pkg/share/my_cpp_py_pkg/package.dsv
[0.559s] -- Up-to-date: /home/prts/RBOT250/install/my_cpp_py_pkg/share/ament_index/resource_index/packages/my_cpp_py_pkg
[0.560s] -- Up-to-date: /home/prts/RBOT250/install/my_cpp_py_pkg/share/my_cpp_py_pkg/cmake/my_cpp_py_pkgConfig.cmake
[0.560s] -- Up-to-date: /home/prts/RBOT250/install/my_cpp_py_pkg/share/my_cpp_py_pkg/cmake/my_cpp_py_pkgConfig-version.cmake
[0.560s] -- Up-to-date: /home/prts/RBOT250/install/my_cpp_py_pkg/share/my_cpp_py_pkg/package.xml
[0.564s] Invoked command in '/home/prts/RBOT250/build/my_cpp_py_pkg' returned '0': CMAKE_PREFIX_PATH=${CMAKE_PREFIX_PATH}:/home/prts/RBOT250/src/install/learning_tf2_py /usr/bin/cmake --install /home/prts/RBOT250/build/my_cpp_py_pkg
