[0.376s] Invoking command in '/home/prts/RBOT250/src/build/my_cpp_py_pkg': /usr/bin/cmake /home/prts/RBOT250/src/my_cpp_py_pkg -DCMAKE_INSTALL_PREFIX=/home/prts/RBOT250/src/install/my_cpp_py_pkg
[0.483s] -- The C compiler identification is GNU 9.3.0
[0.559s] -- The CXX compiler identification is GNU 9.3.0
[0.565s] -- Check for working C compiler: /usr/bin/cc
[0.658s] -- Check for working C compiler: /usr/bin/cc -- works
[0.658s] -- Detecting C compiler ABI info
[0.754s] -- Detecting C compiler ABI info - done
[0.773s] -- Detecting C compile features
[0.773s] -- Detecting C compile features - done
[0.776s] -- Check for working CXX compiler: /usr/bin/c++
[0.886s] -- Check for working CXX compiler: /usr/bin/c++ -- works
[0.888s] -- Detecting CXX compiler ABI info
[0.998s] -- Detecting CXX compiler ABI info - done
[1.021s] -- Detecting CXX compile features
[1.022s] -- Detecting CXX compile features - done
[1.024s] -- Found ament_cmake: 1.1.4 (/home/prts/ros2_galactic/ros2-linux/share/ament_cmake/cmake)
[1.055s] -- Found PythonInterp: /usr/bin/python3 (found suitable version "3.8.10", minimum required is "3") 
[1.055s] -- Using PYTHON_EXECUTABLE: /usr/bin/python3
[1.152s] -- Found geometry_msgs: 2.2.3 (/home/prts/ros2_galactic/ros2-linux/share/geometry_msgs/cmake)
[1.182s] -- Using all available rosidl_typesupport_c: rosidl_typesupport_fastrtps_c;rosidl_typesupport_introspection_c
[1.189s] -- Found rosidl_adapter: 2.2.1 (/home/prts/ros2_galactic/ros2-linux/share/rosidl_adapter/cmake)
[1.296s] -- Found OpenSSL: /usr/lib/x86_64-linux-gnu/libcrypto.so (found version "1.1.1f")  
[1.322s] -- Found FastRTPS: /home/prts/ros2_galactic/ros2-linux/include  
[1.401s] -- Using all available rosidl_typesupport_cpp: rosidl_typesupport_fastrtps_cpp;rosidl_typesupport_introspection_cpp
[1.505s] -- Found rclcpp: 9.1.0 (/home/prts/ros2_galactic/ros2-linux/share/rclcpp/cmake)
[1.565s] -- Found rmw_implementation_cmake: 3.3.1 (/home/prts/ros2_galactic/ros2-linux/share/rmw_implementation_cmake/cmake)
[1.568s] -- Found rmw_cyclonedds_cpp: 0.22.3 (/home/prts/ros2_galactic/ros2-linux/share/rmw_cyclonedds_cpp/cmake)
[1.592s] -- Using RMW implementation 'rmw_cyclonedds_cpp' as default
[1.593s] -- Looking for pthread.h
[1.693s] -- Looking for pthread.h - found
[1.694s] -- Performing Test CMAKE_HAVE_LIBC_PTHREAD
[1.804s] -- Performing Test CMAKE_HAVE_LIBC_PTHREAD - Failed
[1.805s] -- Looking for pthread_create in pthreads
[1.885s] -- Looking for pthread_create in pthreads - not found
[1.885s] -- Looking for pthread_create in pthread
[1.984s] -- Looking for pthread_create in pthread - found
[1.987s] -- Found Threads: TRUE  
[2.094s] -- Found rclpy: 1.9.0 (/home/prts/ros2_galactic/ros2-linux/share/rclpy/cmake)
[2.095s] -- Found tf2: 0.17.2 (/home/prts/ros2_galactic/ros2-linux/share/tf2/cmake)
[2.108s] -- Found tf2_ros: 0.17.2 (/home/prts/ros2_galactic/ros2-linux/share/tf2_ros/cmake)
[2.495s] -- Found turtlesim: 1.3.3 (/home/prts/ros2_galactic/ros2-linux/share/turtlesim/cmake)
[2.558s] -- Found sensor_msgs: 2.2.3 (/home/prts/ros2_galactic/ros2-linux/share/sensor_msgs/cmake)
[2.642s] -- Found trajectory_msgs: 2.2.3 (/home/prts/ros2_galactic/ros2-linux/share/trajectory_msgs/cmake)
[2.885s] -- Configuring done
[2.900s] -- Generating done
[2.901s] -- Build files have been written to: /home/prts/RBOT250/src/build/my_cpp_py_pkg
[2.911s] Invoked command in '/home/prts/RBOT250/src/build/my_cpp_py_pkg' returned '0': /usr/bin/cmake /home/prts/RBOT250/src/my_cpp_py_pkg -DCMAKE_INSTALL_PREFIX=/home/prts/RBOT250/src/install/my_cpp_py_pkg
[2.916s] Invoking command in '/home/prts/RBOT250/src/build/my_cpp_py_pkg': /usr/bin/cmake --build /home/prts/RBOT250/src/build/my_cpp_py_pkg -- -j4 -l4
[2.982s] [35m[1mScanning dependencies of target ament_cmake_python_symlink_my_cpp_py_pkg[0m
[2.984s] [35m[1mScanning dependencies of target cpp_executable[0m
[3.014s] [  0%] Built target ament_cmake_python_symlink_my_cpp_py_pkg
[3.024s] [35m[1mScanning dependencies of target ament_cmake_python_build_my_cpp_py_pkg_egg[0m
[3.038s] [ 50%] [32mBuilding CXX object CMakeFiles/cpp_executable.dir/src/cpp_node.cpp.o[0m
[3.294s] running egg_info
[3.295s] creating my_cpp_py_pkg.egg-info
[3.295s] writing my_cpp_py_pkg.egg-info/PKG-INFO
[3.295s] writing dependency_links to my_cpp_py_pkg.egg-info/dependency_links.txt
[3.296s] writing top-level names to my_cpp_py_pkg.egg-info/top_level.txt
[3.298s] writing manifest file 'my_cpp_py_pkg.egg-info/SOURCES.txt'
[3.300s] reading manifest file 'my_cpp_py_pkg.egg-info/SOURCES.txt'
[3.301s] writing manifest file 'my_cpp_py_pkg.egg-info/SOURCES.txt'
[3.338s] [ 50%] Built target ament_cmake_python_build_my_cpp_py_pkg_egg
[11.341s] [100%] [32m[1mLinking CXX executable cpp_executable[0m
[11.843s] [100%] Built target cpp_executable
[11.859s] Invoked command in '/home/prts/RBOT250/src/build/my_cpp_py_pkg' returned '0': /usr/bin/cmake --build /home/prts/RBOT250/src/build/my_cpp_py_pkg -- -j4 -l4
[11.897s] Invoking command in '/home/prts/RBOT250/src/build/my_cpp_py_pkg': /usr/bin/cmake --install /home/prts/RBOT250/src/build/my_cpp_py_pkg
[11.911s] -- Install configuration: ""
[11.911s] -- Installing: /home/prts/RBOT250/src/install/my_cpp_py_pkg/lib/my_cpp_py_pkg/cpp_executable
[11.914s] -- Set runtime path of "/home/prts/RBOT250/src/install/my_cpp_py_pkg/lib/my_cpp_py_pkg/cpp_executable" to ""
[11.914s] -- Installing: /home/prts/RBOT250/src/install/my_cpp_py_pkg/share/my_cpp_py_pkg/environment/pythonpath.sh
[11.915s] -- Installing: /home/prts/RBOT250/src/install/my_cpp_py_pkg/share/my_cpp_py_pkg/environment/pythonpath.dsv
[11.915s] -- Installing: /home/prts/RBOT250/src/install/my_cpp_py_pkg/lib/python3.8/site-packages//my_cpp_py_pkg.egg-info
[11.915s] -- Installing: /home/prts/RBOT250/src/install/my_cpp_py_pkg/lib/python3.8/site-packages//my_cpp_py_pkg.egg-info/PKG-INFO
[11.915s] -- Installing: /home/prts/RBOT250/src/install/my_cpp_py_pkg/lib/python3.8/site-packages//my_cpp_py_pkg.egg-info/dependency_links.txt
[11.915s] -- Installing: /home/prts/RBOT250/src/install/my_cpp_py_pkg/lib/python3.8/site-packages//my_cpp_py_pkg.egg-info/SOURCES.txt
[11.916s] -- Installing: /home/prts/RBOT250/src/install/my_cpp_py_pkg/lib/python3.8/site-packages//my_cpp_py_pkg.egg-info/top_level.txt
[11.916s] -- Installing: /home/prts/RBOT250/src/install/my_cpp_py_pkg/lib/python3.8/site-packages/my_cpp_py_pkg
[11.916s] -- Installing: /home/prts/RBOT250/src/install/my_cpp_py_pkg/lib/python3.8/site-packages/my_cpp_py_pkg/__init__.py
[11.916s] -- Installing: /home/prts/RBOT250/src/install/my_cpp_py_pkg/lib/python3.8/site-packages/my_cpp_py_pkg/module_to_import.py
[11.953s] Listing '/home/prts/RBOT250/src/install/my_cpp_py_pkg/lib/python3.8/site-packages/my_cpp_py_pkg'...
[11.954s] Compiling '/home/prts/RBOT250/src/install/my_cpp_py_pkg/lib/python3.8/site-packages/my_cpp_py_pkg/__init__.py'...
[11.954s] Compiling '/home/prts/RBOT250/src/install/my_cpp_py_pkg/lib/python3.8/site-packages/my_cpp_py_pkg/module_to_import.py'...
[11.958s] -- Installing: /home/prts/RBOT250/src/install/my_cpp_py_pkg/lib/my_cpp_py_pkg/py_node.py
[11.958s] -- Installing: /home/prts/RBOT250/src/install/my_cpp_py_pkg/share/ament_index/resource_index/package_run_dependencies/my_cpp_py_pkg
[11.959s] -- Installing: /home/prts/RBOT250/src/install/my_cpp_py_pkg/share/ament_index/resource_index/parent_prefix_path/my_cpp_py_pkg
[11.959s] -- Installing: /home/prts/RBOT250/src/install/my_cpp_py_pkg/share/my_cpp_py_pkg/environment/ament_prefix_path.sh
[11.959s] -- Installing: /home/prts/RBOT250/src/install/my_cpp_py_pkg/share/my_cpp_py_pkg/environment/ament_prefix_path.dsv
[11.960s] -- Installing: /home/prts/RBOT250/src/install/my_cpp_py_pkg/share/my_cpp_py_pkg/environment/path.sh
[11.960s] -- Installing: /home/prts/RBOT250/src/install/my_cpp_py_pkg/share/my_cpp_py_pkg/environment/path.dsv
[11.960s] -- Installing: /home/prts/RBOT250/src/install/my_cpp_py_pkg/share/my_cpp_py_pkg/local_setup.bash
[11.960s] -- Installing: /home/prts/RBOT250/src/install/my_cpp_py_pkg/share/my_cpp_py_pkg/local_setup.sh
[11.961s] -- Installing: /home/prts/RBOT250/src/install/my_cpp_py_pkg/share/my_cpp_py_pkg/local_setup.zsh
[11.961s] -- Installing: /home/prts/RBOT250/src/install/my_cpp_py_pkg/share/my_cpp_py_pkg/local_setup.dsv
[11.961s] -- Installing: /home/prts/RBOT250/src/install/my_cpp_py_pkg/share/my_cpp_py_pkg/package.dsv
[11.962s] -- Installing: /home/prts/RBOT250/src/install/my_cpp_py_pkg/share/ament_index/resource_index/packages/my_cpp_py_pkg
[11.962s] -- Installing: /home/prts/RBOT250/src/install/my_cpp_py_pkg/share/my_cpp_py_pkg/cmake/my_cpp_py_pkgConfig.cmake
[11.962s] -- Installing: /home/prts/RBOT250/src/install/my_cpp_py_pkg/share/my_cpp_py_pkg/cmake/my_cpp_py_pkgConfig-version.cmake
[11.963s] -- Installing: /home/prts/RBOT250/src/install/my_cpp_py_pkg/share/my_cpp_py_pkg/package.xml
[11.967s] Invoked command in '/home/prts/RBOT250/src/build/my_cpp_py_pkg' returned '0': /usr/bin/cmake --install /home/prts/RBOT250/src/build/my_cpp_py_pkg
