[0.452s] DEBUG:colcon:Command line arguments: ['/usr/bin/colcon', 'build']
[0.452s] DEBUG:colcon:Parsed command line arguments: Namespace(ament_cmake_args=None, base_paths=['.'], build_base='build', catkin_cmake_args=None, catkin_skip_building_tests=False, cmake_args=None, cmake_clean_cache=False, cmake_clean_first=False, cmake_force_configure=False, cmake_target=None, cmake_target_skip_unavailable=False, continue_on_error=False, event_handlers=None, executor='parallel', ignore_user_meta=False, install_base='install', log_base=None, log_level=None, main=<bound method BuildVerb.main of <colcon_core.verb.build.BuildVerb object at 0x7fcbcecd4400>>, merge_install=False, metas=['./colcon.meta'], packages_above=None, packages_above_and_dependencies=None, packages_above_depth=None, packages_end=None, packages_ignore=None, packages_ignore_regex=None, packages_select=None, packages_select_build_failed=False, packages_select_by_dep=None, packages_select_regex=None, packages_select_test_failures=False, packages_skip=None, packages_skip_build_finished=False, packages_skip_by_dep=None, packages_skip_regex=None, packages_skip_test_passed=False, packages_skip_up_to=None, packages_start=None, packages_up_to=None, packages_up_to_regex=None, parallel_workers=4, paths=None, symlink_install=False, test_result_base=None, verb_extension=<colcon_core.verb.build.BuildVerb object at 0x7fcbcecd4400>, verb_name='build', verb_parser=<colcon_defaults.argument_parser.defaults.DefaultArgumentsDecorator object at 0x7fcbcecd4940>)
[0.461s] Level 1:colcon.colcon_core.package_discovery:discover_packages(colcon_meta) check parameters
[0.461s] Level 1:colcon.colcon_core.package_discovery:discover_packages(recursive) check parameters
[0.461s] Level 1:colcon.colcon_core.package_discovery:discover_packages(ignore) check parameters
[0.461s] Level 1:colcon.colcon_core.package_discovery:discover_packages(path) check parameters
[0.461s] Level 1:colcon.colcon_core.package_discovery:discover_packages(colcon_meta) discover
[0.461s] Level 1:colcon.colcon_core.package_discovery:discover_packages(recursive) discover
[0.461s] INFO:colcon.colcon_core.package_discovery:Crawling recursively for packages in '/home/prts/RBTO250 Github/RBOT_250_Assignment_3/RBOT250'
[0.462s] Level 1:colcon.colcon_core.package_identification:_identify(.) by extensions ['ignore', 'ignore_ament_install']
[0.462s] Level 1:colcon.colcon_core.package_identification:_identify(.) by extension 'ignore'
[0.462s] Level 1:colcon.colcon_core.package_identification:_identify(.) by extension 'ignore_ament_install'
[0.462s] Level 1:colcon.colcon_core.package_identification:_identify(.) by extensions ['colcon_pkg']
[0.462s] Level 1:colcon.colcon_core.package_identification:_identify(.) by extension 'colcon_pkg'
[0.462s] Level 1:colcon.colcon_core.package_identification:_identify(.) by extensions ['colcon_meta']
[0.462s] Level 1:colcon.colcon_core.package_identification:_identify(.) by extension 'colcon_meta'
[0.462s] Level 1:colcon.colcon_core.package_identification:_identify(.) by extensions ['ros']
[0.462s] Level 1:colcon.colcon_core.package_identification:_identify(.) by extension 'ros'
[0.476s] Level 1:colcon.colcon_core.package_identification:_identify(.) by extensions ['cmake', 'python']
[0.476s] Level 1:colcon.colcon_core.package_identification:_identify(.) by extension 'cmake'
[0.477s] Level 1:colcon.colcon_core.package_identification:_identify(.) by extension 'python'
[0.477s] Level 1:colcon.colcon_core.package_identification:_identify(.) by extensions ['python_setup_py']
[0.477s] Level 1:colcon.colcon_core.package_identification:_identify(.) by extension 'python_setup_py'
[0.477s] Level 1:colcon.colcon_core.package_identification:_identify(build) by extensions ['ignore', 'ignore_ament_install']
[0.477s] Level 1:colcon.colcon_core.package_identification:_identify(build) by extension 'ignore'
[0.477s] Level 1:colcon.colcon_core.package_identification:_identify(build) ignored
[0.477s] Level 1:colcon.colcon_core.package_identification:_identify(install) by extensions ['ignore', 'ignore_ament_install']
[0.477s] Level 1:colcon.colcon_core.package_identification:_identify(install) by extension 'ignore'
[0.477s] Level 1:colcon.colcon_core.package_identification:_identify(install) ignored
[0.477s] Level 1:colcon.colcon_core.package_identification:_identify(log) by extensions ['ignore', 'ignore_ament_install']
[0.478s] Level 1:colcon.colcon_core.package_identification:_identify(log) by extension 'ignore'
[0.478s] Level 1:colcon.colcon_core.package_identification:_identify(log) ignored
[0.478s] Level 1:colcon.colcon_core.package_identification:_identify(src) by extensions ['ignore', 'ignore_ament_install']
[0.478s] Level 1:colcon.colcon_core.package_identification:_identify(src) by extension 'ignore'
[0.478s] Level 1:colcon.colcon_core.package_identification:_identify(src) by extension 'ignore_ament_install'
[0.478s] Level 1:colcon.colcon_core.package_identification:_identify(src) by extensions ['colcon_pkg']
[0.478s] Level 1:colcon.colcon_core.package_identification:_identify(src) by extension 'colcon_pkg'
[0.478s] Level 1:colcon.colcon_core.package_identification:_identify(src) by extensions ['colcon_meta']
[0.478s] Level 1:colcon.colcon_core.package_identification:_identify(src) by extension 'colcon_meta'
[0.478s] Level 1:colcon.colcon_core.package_identification:_identify(src) by extensions ['ros']
[0.478s] Level 1:colcon.colcon_core.package_identification:_identify(src) by extension 'ros'
[0.478s] Level 1:colcon.colcon_core.package_identification:_identify(src) by extensions ['cmake', 'python']
[0.478s] Level 1:colcon.colcon_core.package_identification:_identify(src) by extension 'cmake'
[0.478s] Level 1:colcon.colcon_core.package_identification:_identify(src) by extension 'python'
[0.478s] Level 1:colcon.colcon_core.package_identification:_identify(src) by extensions ['python_setup_py']
[0.478s] Level 1:colcon.colcon_core.package_identification:_identify(src) by extension 'python_setup_py'
[0.479s] Level 1:colcon.colcon_core.package_identification:_identify(src/build) by extensions ['ignore', 'ignore_ament_install']
[0.479s] Level 1:colcon.colcon_core.package_identification:_identify(src/build) by extension 'ignore'
[0.479s] Level 1:colcon.colcon_core.package_identification:_identify(src/build) ignored
[0.479s] Level 1:colcon.colcon_core.package_identification:_identify(src/cpp_srvcli) by extensions ['ignore', 'ignore_ament_install']
[0.479s] Level 1:colcon.colcon_core.package_identification:_identify(src/cpp_srvcli) by extension 'ignore'
[0.479s] Level 1:colcon.colcon_core.package_identification:_identify(src/cpp_srvcli) by extension 'ignore_ament_install'
[0.479s] Level 1:colcon.colcon_core.package_identification:_identify(src/cpp_srvcli) by extensions ['colcon_pkg']
[0.479s] Level 1:colcon.colcon_core.package_identification:_identify(src/cpp_srvcli) by extension 'colcon_pkg'
[0.479s] Level 1:colcon.colcon_core.package_identification:_identify(src/cpp_srvcli) by extensions ['colcon_meta']
[0.479s] Level 1:colcon.colcon_core.package_identification:_identify(src/cpp_srvcli) by extension 'colcon_meta'
[0.479s] Level 1:colcon.colcon_core.package_identification:_identify(src/cpp_srvcli) by extensions ['ros']
[0.479s] Level 1:colcon.colcon_core.package_identification:_identify(src/cpp_srvcli) by extension 'ros'
[0.482s] DEBUG:colcon.colcon_core.package_identification:Package 'src/cpp_srvcli' with type 'ros.ament_cmake' and name 'cpp_srvcli'
[0.482s] Level 1:colcon.colcon_core.package_identification:_identify(src/install) by extensions ['ignore', 'ignore_ament_install']
[0.483s] Level 1:colcon.colcon_core.package_identification:_identify(src/install) by extension 'ignore'
[0.483s] Level 1:colcon.colcon_core.package_identification:_identify(src/install) ignored
[0.483s] Level 1:colcon.colcon_core.package_identification:_identify(src/log) by extensions ['ignore', 'ignore_ament_install']
[0.483s] Level 1:colcon.colcon_core.package_identification:_identify(src/log) by extension 'ignore'
[0.483s] Level 1:colcon.colcon_core.package_identification:_identify(src/log) ignored
[0.483s] Level 1:colcon.colcon_core.package_identification:_identify(src/my_cpp_py_pkg) by extensions ['ignore', 'ignore_ament_install']
[0.483s] Level 1:colcon.colcon_core.package_identification:_identify(src/my_cpp_py_pkg) by extension 'ignore'
[0.483s] Level 1:colcon.colcon_core.package_identification:_identify(src/my_cpp_py_pkg) by extension 'ignore_ament_install'
[0.483s] Level 1:colcon.colcon_core.package_identification:_identify(src/my_cpp_py_pkg) by extensions ['colcon_pkg']
[0.483s] Level 1:colcon.colcon_core.package_identification:_identify(src/my_cpp_py_pkg) by extension 'colcon_pkg'
[0.483s] Level 1:colcon.colcon_core.package_identification:_identify(src/my_cpp_py_pkg) by extensions ['colcon_meta']
[0.483s] Level 1:colcon.colcon_core.package_identification:_identify(src/my_cpp_py_pkg) by extension 'colcon_meta'
[0.483s] Level 1:colcon.colcon_core.package_identification:_identify(src/my_cpp_py_pkg) by extensions ['ros']
[0.483s] Level 1:colcon.colcon_core.package_identification:_identify(src/my_cpp_py_pkg) by extension 'ros'
[0.485s] DEBUG:colcon.colcon_core.package_identification:Package 'src/my_cpp_py_pkg' with type 'ros.ament_cmake' and name 'my_cpp_py_pkg'
[0.485s] Level 1:colcon.colcon_core.package_discovery:discover_packages(recursive) using defaults
[0.485s] Level 1:colcon.colcon_core.package_discovery:discover_packages(ignore) discover
[0.485s] Level 1:colcon.colcon_core.package_discovery:discover_packages(ignore) using defaults
[0.485s] Level 1:colcon.colcon_core.package_discovery:discover_packages(path) discover
[0.485s] Level 1:colcon.colcon_core.package_discovery:discover_packages(path) using defaults
[0.516s] Level 5:colcon.colcon_core.verb:set package 'cpp_srvcli' build argument 'cmake_args' from command line to 'None'
[0.516s] Level 5:colcon.colcon_core.verb:set package 'cpp_srvcli' build argument 'cmake_target' from command line to 'None'
[0.516s] Level 5:colcon.colcon_core.verb:set package 'cpp_srvcli' build argument 'cmake_target_skip_unavailable' from command line to 'False'
[0.516s] Level 5:colcon.colcon_core.verb:set package 'cpp_srvcli' build argument 'cmake_clean_cache' from command line to 'False'
[0.516s] Level 5:colcon.colcon_core.verb:set package 'cpp_srvcli' build argument 'cmake_clean_first' from command line to 'False'
[0.516s] Level 5:colcon.colcon_core.verb:set package 'cpp_srvcli' build argument 'cmake_force_configure' from command line to 'False'
[0.516s] Level 5:colcon.colcon_core.verb:set package 'cpp_srvcli' build argument 'ament_cmake_args' from command line to 'None'
[0.516s] Level 5:colcon.colcon_core.verb:set package 'cpp_srvcli' build argument 'catkin_cmake_args' from command line to 'None'
[0.516s] Level 5:colcon.colcon_core.verb:set package 'cpp_srvcli' build argument 'catkin_skip_building_tests' from command line to 'False'
[0.516s] DEBUG:colcon.colcon_core.verb:Building package 'cpp_srvcli' with the following arguments: {'ament_cmake_args': None, 'build_base': '/home/prts/RBTO250 Github/RBOT_250_Assignment_3/RBOT250/build/cpp_srvcli', 'catkin_cmake_args': None, 'catkin_skip_building_tests': False, 'cmake_args': None, 'cmake_clean_cache': False, 'cmake_clean_first': False, 'cmake_force_configure': False, 'cmake_target': None, 'cmake_target_skip_unavailable': False, 'install_base': '/home/prts/RBTO250 Github/RBOT_250_Assignment_3/RBOT250/install/cpp_srvcli', 'merge_install': False, 'path': '/home/prts/RBTO250 Github/RBOT_250_Assignment_3/RBOT250/src/cpp_srvcli', 'symlink_install': False, 'test_result_base': None}
[0.520s] Level 5:colcon.colcon_core.verb:set package 'my_cpp_py_pkg' build argument 'cmake_args' from command line to 'None'
[0.520s] Level 5:colcon.colcon_core.verb:set package 'my_cpp_py_pkg' build argument 'cmake_target' from command line to 'None'
[0.520s] Level 5:colcon.colcon_core.verb:set package 'my_cpp_py_pkg' build argument 'cmake_target_skip_unavailable' from command line to 'False'
[0.520s] Level 5:colcon.colcon_core.verb:set package 'my_cpp_py_pkg' build argument 'cmake_clean_cache' from command line to 'False'
[0.520s] Level 5:colcon.colcon_core.verb:set package 'my_cpp_py_pkg' build argument 'cmake_clean_first' from command line to 'False'
[0.520s] Level 5:colcon.colcon_core.verb:set package 'my_cpp_py_pkg' build argument 'cmake_force_configure' from command line to 'False'
[0.520s] Level 5:colcon.colcon_core.verb:set package 'my_cpp_py_pkg' build argument 'ament_cmake_args' from command line to 'None'
[0.520s] Level 5:colcon.colcon_core.verb:set package 'my_cpp_py_pkg' build argument 'catkin_cmake_args' from command line to 'None'
[0.520s] Level 5:colcon.colcon_core.verb:set package 'my_cpp_py_pkg' build argument 'catkin_skip_building_tests' from command line to 'False'
[0.520s] DEBUG:colcon.colcon_core.verb:Building package 'my_cpp_py_pkg' with the following arguments: {'ament_cmake_args': None, 'build_base': '/home/prts/RBTO250 Github/RBOT_250_Assignment_3/RBOT250/build/my_cpp_py_pkg', 'catkin_cmake_args': None, 'catkin_skip_building_tests': False, 'cmake_args': None, 'cmake_clean_cache': False, 'cmake_clean_first': False, 'cmake_force_configure': False, 'cmake_target': None, 'cmake_target_skip_unavailable': False, 'install_base': '/home/prts/RBTO250 Github/RBOT_250_Assignment_3/RBOT250/install/my_cpp_py_pkg', 'merge_install': False, 'path': '/home/prts/RBTO250 Github/RBOT_250_Assignment_3/RBOT250/src/my_cpp_py_pkg', 'symlink_install': False, 'test_result_base': None}
[0.521s] INFO:colcon.colcon_core.executor:Executing jobs using 'parallel' executor
[0.523s] DEBUG:colcon.colcon_parallel_executor.executor.parallel:run_until_complete
[0.524s] INFO:colcon.colcon_ros.task.ament_cmake.build:Building ROS package in '/home/prts/RBTO250 Github/RBOT_250_Assignment_3/RBOT250/src/cpp_srvcli' with build type 'ament_cmake'
[0.524s] INFO:colcon.colcon_cmake.task.cmake.build:Building CMake package in '/home/prts/RBTO250 Github/RBOT_250_Assignment_3/RBOT250/src/cpp_srvcli'
[0.533s] INFO:colcon.colcon_core.plugin_system:Skipping extension 'colcon_core.shell.bat': Not used on non-Windows systems
[0.533s] INFO:colcon.colcon_core.shell:Skip shell extension 'powershell' for command environment: Not usable outside of PowerShell
[0.533s] DEBUG:colcon.colcon_core.shell:Skip shell extension 'dsv' for command environment
[0.546s] INFO:colcon.colcon_ros.task.ament_cmake.build:Building ROS package in '/home/prts/RBTO250 Github/RBOT_250_Assignment_3/RBOT250/src/my_cpp_py_pkg' with build type 'ament_cmake'
[0.546s] INFO:colcon.colcon_cmake.task.cmake.build:Building CMake package in '/home/prts/RBTO250 Github/RBOT_250_Assignment_3/RBOT250/src/my_cpp_py_pkg'
[0.548s] INFO:colcon.colcon_core.shell:Skip shell extension 'powershell' for command environment: Not usable outside of PowerShell
[0.548s] DEBUG:colcon.colcon_core.shell:Skip shell extension 'dsv' for command environment
[0.570s] DEBUG:colcon.colcon_core.event_handler.log_command:Invoking command in '/home/prts/RBTO250 Github/RBOT_250_Assignment_3/RBOT250/build/cpp_srvcli': /usr/bin/cmake --build /home/prts/RBTO250 Github/RBOT_250_Assignment_3/RBOT250/build/cpp_srvcli -- -j4 -l4
[0.577s] DEBUG:colcon.colcon_core.event_handler.log_command:Invoking command in '/home/prts/RBTO250 Github/RBOT_250_Assignment_3/RBOT250/build/my_cpp_py_pkg': /usr/bin/cmake --build /home/prts/RBTO250 Github/RBOT_250_Assignment_3/RBOT250/build/my_cpp_py_pkg -- -j4 -l4
[0.710s] DEBUG:colcon.colcon_core.event_handler.log_command:Invoked command in '/home/prts/RBTO250 Github/RBOT_250_Assignment_3/RBOT250/build/cpp_srvcli' returned '0': /usr/bin/cmake --build /home/prts/RBTO250 Github/RBOT_250_Assignment_3/RBOT250/build/cpp_srvcli -- -j4 -l4
[0.803s] DEBUG:colcon.colcon_core.event_handler.log_command:Invoking command in '/home/prts/RBTO250 Github/RBOT_250_Assignment_3/RBOT250/build/cpp_srvcli': /usr/bin/cmake --install /home/prts/RBTO250 Github/RBOT_250_Assignment_3/RBOT250/build/cpp_srvcli
[0.824s] Level 1:colcon.colcon_core.environment:create_environment_scripts_only(cpp_srvcli)
[0.826s] DEBUG:colcon.colcon_core.event_handler.log_command:Invoked command in '/home/prts/RBTO250 Github/RBOT_250_Assignment_3/RBOT250/build/cpp_srvcli' returned '0': /usr/bin/cmake --install /home/prts/RBTO250 Github/RBOT_250_Assignment_3/RBOT250/build/cpp_srvcli
[0.829s] Level 1:colcon.colcon_core.environment:checking '/home/prts/RBTO250 Github/RBOT_250_Assignment_3/RBOT250/install/cpp_srvcli' for CMake module files
[0.829s] Level 1:colcon.colcon_core.environment:checking '/home/prts/RBTO250 Github/RBOT_250_Assignment_3/RBOT250/install/cpp_srvcli' for CMake config files
[0.830s] Level 1:colcon.colcon_core.shell:create_environment_hook('cpp_srvcli', 'cmake_prefix_path')
[0.831s] INFO:colcon.colcon_core.shell:Creating environment hook '/home/prts/RBTO250 Github/RBOT_250_Assignment_3/RBOT250/install/cpp_srvcli/share/cpp_srvcli/hook/cmake_prefix_path.ps1'
[0.832s] INFO:colcon.colcon_core.shell:Creating environment descriptor '/home/prts/RBTO250 Github/RBOT_250_Assignment_3/RBOT250/install/cpp_srvcli/share/cpp_srvcli/hook/cmake_prefix_path.dsv'
[0.832s] INFO:colcon.colcon_core.shell:Creating environment hook '/home/prts/RBTO250 Github/RBOT_250_Assignment_3/RBOT250/install/cpp_srvcli/share/cpp_srvcli/hook/cmake_prefix_path.sh'
[0.833s] Level 1:colcon.colcon_core.environment:checking '/home/prts/RBTO250 Github/RBOT_250_Assignment_3/RBOT250/install/cpp_srvcli/lib'
[0.833s] Level 1:colcon.colcon_core.environment:checking '/home/prts/RBTO250 Github/RBOT_250_Assignment_3/RBOT250/install/cpp_srvcli/bin'
[0.833s] Level 1:colcon.colcon_core.environment:checking '/home/prts/RBTO250 Github/RBOT_250_Assignment_3/RBOT250/install/cpp_srvcli/lib/pkgconfig/cpp_srvcli.pc'
[0.834s] Level 1:colcon.colcon_core.environment:checking '/home/prts/RBTO250 Github/RBOT_250_Assignment_3/RBOT250/install/cpp_srvcli/lib/python3.8/site-packages'
[0.834s] INFO:colcon.colcon_core.shell:Creating package script '/home/prts/RBTO250 Github/RBOT_250_Assignment_3/RBOT250/install/cpp_srvcli/share/cpp_srvcli/package.ps1'
[0.836s] INFO:colcon.colcon_core.shell:Creating package descriptor '/home/prts/RBTO250 Github/RBOT_250_Assignment_3/RBOT250/install/cpp_srvcli/share/cpp_srvcli/package.dsv'
[0.836s] INFO:colcon.colcon_core.shell:Creating package script '/home/prts/RBTO250 Github/RBOT_250_Assignment_3/RBOT250/install/cpp_srvcli/share/cpp_srvcli/package.sh'
[0.837s] INFO:colcon.colcon_core.shell:Creating package script '/home/prts/RBTO250 Github/RBOT_250_Assignment_3/RBOT250/install/cpp_srvcli/share/cpp_srvcli/package.bash'
[0.838s] INFO:colcon.colcon_core.shell:Creating package script '/home/prts/RBTO250 Github/RBOT_250_Assignment_3/RBOT250/install/cpp_srvcli/share/cpp_srvcli/package.zsh'
[0.839s] Level 1:colcon.colcon_core.environment:create_file_with_runtime_dependencies(/home/prts/RBTO250 Github/RBOT_250_Assignment_3/RBOT250/install/cpp_srvcli/share/colcon-core/packages/cpp_srvcli)
[0.881s] Level 1:colcon.colcon_core.environment:create_environment_scripts_only(cpp_srvcli)
[0.882s] Level 1:colcon.colcon_core.environment:checking '/home/prts/RBTO250 Github/RBOT_250_Assignment_3/RBOT250/install/cpp_srvcli' for CMake module files
[0.883s] Level 1:colcon.colcon_core.environment:checking '/home/prts/RBTO250 Github/RBOT_250_Assignment_3/RBOT250/install/cpp_srvcli' for CMake config files
[0.883s] Level 1:colcon.colcon_core.shell:create_environment_hook('cpp_srvcli', 'cmake_prefix_path')
[0.884s] INFO:colcon.colcon_core.shell:Creating environment hook '/home/prts/RBTO250 Github/RBOT_250_Assignment_3/RBOT250/install/cpp_srvcli/share/cpp_srvcli/hook/cmake_prefix_path.ps1'
[0.885s] INFO:colcon.colcon_core.shell:Creating environment descriptor '/home/prts/RBTO250 Github/RBOT_250_Assignment_3/RBOT250/install/cpp_srvcli/share/cpp_srvcli/hook/cmake_prefix_path.dsv'
[0.885s] INFO:colcon.colcon_core.shell:Creating environment hook '/home/prts/RBTO250 Github/RBOT_250_Assignment_3/RBOT250/install/cpp_srvcli/share/cpp_srvcli/hook/cmake_prefix_path.sh'
[0.886s] Level 1:colcon.colcon_core.environment:checking '/home/prts/RBTO250 Github/RBOT_250_Assignment_3/RBOT250/install/cpp_srvcli/lib'
[0.886s] Level 1:colcon.colcon_core.environment:checking '/home/prts/RBTO250 Github/RBOT_250_Assignment_3/RBOT250/install/cpp_srvcli/bin'
[0.886s] Level 1:colcon.colcon_core.environment:checking '/home/prts/RBTO250 Github/RBOT_250_Assignment_3/RBOT250/install/cpp_srvcli/lib/pkgconfig/cpp_srvcli.pc'
[0.886s] Level 1:colcon.colcon_core.environment:checking '/home/prts/RBTO250 Github/RBOT_250_Assignment_3/RBOT250/install/cpp_srvcli/lib/python3.8/site-packages'
[0.888s] INFO:colcon.colcon_core.shell:Creating package script '/home/prts/RBTO250 Github/RBOT_250_Assignment_3/RBOT250/install/cpp_srvcli/share/cpp_srvcli/package.ps1'
[0.888s] INFO:colcon.colcon_core.shell:Creating package descriptor '/home/prts/RBTO250 Github/RBOT_250_Assignment_3/RBOT250/install/cpp_srvcli/share/cpp_srvcli/package.dsv'
[0.889s] INFO:colcon.colcon_core.shell:Creating package script '/home/prts/RBTO250 Github/RBOT_250_Assignment_3/RBOT250/install/cpp_srvcli/share/cpp_srvcli/package.sh'
[0.889s] INFO:colcon.colcon_core.shell:Creating package script '/home/prts/RBTO250 Github/RBOT_250_Assignment_3/RBOT250/install/cpp_srvcli/share/cpp_srvcli/package.bash'
[0.890s] INFO:colcon.colcon_core.shell:Creating package script '/home/prts/RBTO250 Github/RBOT_250_Assignment_3/RBOT250/install/cpp_srvcli/share/cpp_srvcli/package.zsh'
[0.890s] Level 1:colcon.colcon_core.environment:create_file_with_runtime_dependencies(/home/prts/RBTO250 Github/RBOT_250_Assignment_3/RBOT250/install/cpp_srvcli/share/colcon-core/packages/cpp_srvcli)
[1.053s] DEBUG:colcon.colcon_core.event_handler.log_command:Invoked command in '/home/prts/RBTO250 Github/RBOT_250_Assignment_3/RBOT250/build/my_cpp_py_pkg' returned '0': /usr/bin/cmake --build /home/prts/RBTO250 Github/RBOT_250_Assignment_3/RBOT250/build/my_cpp_py_pkg -- -j4 -l4
[1.091s] DEBUG:colcon.colcon_core.event_handler.log_command:Invoking command in '/home/prts/RBTO250 Github/RBOT_250_Assignment_3/RBOT250/build/my_cpp_py_pkg': /usr/bin/cmake --install /home/prts/RBTO250 Github/RBOT_250_Assignment_3/RBOT250/build/my_cpp_py_pkg
[1.158s] Level 1:colcon.colcon_core.environment:create_environment_scripts_only(my_cpp_py_pkg)
[1.161s] Level 1:colcon.colcon_core.environment:checking '/home/prts/RBTO250 Github/RBOT_250_Assignment_3/RBOT250/install/my_cpp_py_pkg' for CMake module files
[1.162s] DEBUG:colcon.colcon_core.event_handler.log_command:Invoked command in '/home/prts/RBTO250 Github/RBOT_250_Assignment_3/RBOT250/build/my_cpp_py_pkg' returned '0': /usr/bin/cmake --install /home/prts/RBTO250 Github/RBOT_250_Assignment_3/RBOT250/build/my_cpp_py_pkg
[1.163s] Level 1:colcon.colcon_core.environment:checking '/home/prts/RBTO250 Github/RBOT_250_Assignment_3/RBOT250/install/my_cpp_py_pkg' for CMake config files
[1.164s] Level 1:colcon.colcon_core.shell:create_environment_hook('my_cpp_py_pkg', 'cmake_prefix_path')
[1.165s] INFO:colcon.colcon_core.shell:Creating environment hook '/home/prts/RBTO250 Github/RBOT_250_Assignment_3/RBOT250/install/my_cpp_py_pkg/share/my_cpp_py_pkg/hook/cmake_prefix_path.ps1'
[1.166s] INFO:colcon.colcon_core.shell:Creating environment descriptor '/home/prts/RBTO250 Github/RBOT_250_Assignment_3/RBOT250/install/my_cpp_py_pkg/share/my_cpp_py_pkg/hook/cmake_prefix_path.dsv'
[1.166s] INFO:colcon.colcon_core.shell:Creating environment hook '/home/prts/RBTO250 Github/RBOT_250_Assignment_3/RBOT250/install/my_cpp_py_pkg/share/my_cpp_py_pkg/hook/cmake_prefix_path.sh'
[1.167s] Level 1:colcon.colcon_core.environment:checking '/home/prts/RBTO250 Github/RBOT_250_Assignment_3/RBOT250/install/my_cpp_py_pkg/lib'
[1.167s] Level 1:colcon.colcon_core.environment:checking '/home/prts/RBTO250 Github/RBOT_250_Assignment_3/RBOT250/install/my_cpp_py_pkg/bin'
[1.167s] Level 1:colcon.colcon_core.environment:checking '/home/prts/RBTO250 Github/RBOT_250_Assignment_3/RBOT250/install/my_cpp_py_pkg/lib/pkgconfig/my_cpp_py_pkg.pc'
[1.167s] Level 1:colcon.colcon_core.environment:checking '/home/prts/RBTO250 Github/RBOT_250_Assignment_3/RBOT250/install/my_cpp_py_pkg/lib/python3.8/site-packages'
[1.167s] Level 1:colcon.colcon_core.shell:create_environment_hook('my_cpp_py_pkg', 'pythonpath')
[1.168s] INFO:colcon.colcon_core.shell:Creating environment hook '/home/prts/RBTO250 Github/RBOT_250_Assignment_3/RBOT250/install/my_cpp_py_pkg/share/my_cpp_py_pkg/hook/pythonpath.ps1'
[1.169s] INFO:colcon.colcon_core.shell:Creating environment descriptor '/home/prts/RBTO250 Github/RBOT_250_Assignment_3/RBOT250/install/my_cpp_py_pkg/share/my_cpp_py_pkg/hook/pythonpath.dsv'
[1.169s] INFO:colcon.colcon_core.shell:Creating environment hook '/home/prts/RBTO250 Github/RBOT_250_Assignment_3/RBOT250/install/my_cpp_py_pkg/share/my_cpp_py_pkg/hook/pythonpath.sh'
[1.170s] INFO:colcon.colcon_core.shell:Creating package script '/home/prts/RBTO250 Github/RBOT_250_Assignment_3/RBOT250/install/my_cpp_py_pkg/share/my_cpp_py_pkg/package.ps1'
[1.171s] INFO:colcon.colcon_core.shell:Creating package descriptor '/home/prts/RBTO250 Github/RBOT_250_Assignment_3/RBOT250/install/my_cpp_py_pkg/share/my_cpp_py_pkg/package.dsv'
[1.171s] INFO:colcon.colcon_core.shell:Creating package script '/home/prts/RBTO250 Github/RBOT_250_Assignment_3/RBOT250/install/my_cpp_py_pkg/share/my_cpp_py_pkg/package.sh'
[1.171s] INFO:colcon.colcon_core.shell:Creating package script '/home/prts/RBTO250 Github/RBOT_250_Assignment_3/RBOT250/install/my_cpp_py_pkg/share/my_cpp_py_pkg/package.bash'
[1.172s] INFO:colcon.colcon_core.shell:Creating package script '/home/prts/RBTO250 Github/RBOT_250_Assignment_3/RBOT250/install/my_cpp_py_pkg/share/my_cpp_py_pkg/package.zsh'
[1.172s] Level 1:colcon.colcon_core.environment:create_file_with_runtime_dependencies(/home/prts/RBTO250 Github/RBOT_250_Assignment_3/RBOT250/install/my_cpp_py_pkg/share/colcon-core/packages/my_cpp_py_pkg)
[1.211s] Level 1:colcon.colcon_core.environment:create_environment_scripts_only(my_cpp_py_pkg)
[1.212s] Level 1:colcon.colcon_core.environment:checking '/home/prts/RBTO250 Github/RBOT_250_Assignment_3/RBOT250/install/my_cpp_py_pkg' for CMake module files
[1.212s] Level 1:colcon.colcon_core.environment:checking '/home/prts/RBTO250 Github/RBOT_250_Assignment_3/RBOT250/install/my_cpp_py_pkg' for CMake config files
[1.213s] Level 1:colcon.colcon_core.shell:create_environment_hook('my_cpp_py_pkg', 'cmake_prefix_path')
[1.213s] INFO:colcon.colcon_core.shell:Creating environment hook '/home/prts/RBTO250 Github/RBOT_250_Assignment_3/RBOT250/install/my_cpp_py_pkg/share/my_cpp_py_pkg/hook/cmake_prefix_path.ps1'
[1.214s] INFO:colcon.colcon_core.shell:Creating environment descriptor '/home/prts/RBTO250 Github/RBOT_250_Assignment_3/RBOT250/install/my_cpp_py_pkg/share/my_cpp_py_pkg/hook/cmake_prefix_path.dsv'
[1.214s] INFO:colcon.colcon_core.shell:Creating environment hook '/home/prts/RBTO250 Github/RBOT_250_Assignment_3/RBOT250/install/my_cpp_py_pkg/share/my_cpp_py_pkg/hook/cmake_prefix_path.sh'
[1.215s] Level 1:colcon.colcon_core.environment:checking '/home/prts/RBTO250 Github/RBOT_250_Assignment_3/RBOT250/install/my_cpp_py_pkg/lib'
[1.215s] Level 1:colcon.colcon_core.environment:checking '/home/prts/RBTO250 Github/RBOT_250_Assignment_3/RBOT250/install/my_cpp_py_pkg/bin'
[1.215s] Level 1:colcon.colcon_core.environment:checking '/home/prts/RBTO250 Github/RBOT_250_Assignment_3/RBOT250/install/my_cpp_py_pkg/lib/pkgconfig/my_cpp_py_pkg.pc'
[1.215s] Level 1:colcon.colcon_core.environment:checking '/home/prts/RBTO250 Github/RBOT_250_Assignment_3/RBOT250/install/my_cpp_py_pkg/lib/python3.8/site-packages'
[1.215s] Level 1:colcon.colcon_core.shell:create_environment_hook('my_cpp_py_pkg', 'pythonpath')
[1.216s] INFO:colcon.colcon_core.shell:Creating environment hook '/home/prts/RBTO250 Github/RBOT_250_Assignment_3/RBOT250/install/my_cpp_py_pkg/share/my_cpp_py_pkg/hook/pythonpath.ps1'
[1.216s] INFO:colcon.colcon_core.shell:Creating environment descriptor '/home/prts/RBTO250 Github/RBOT_250_Assignment_3/RBOT250/install/my_cpp_py_pkg/share/my_cpp_py_pkg/hook/pythonpath.dsv'
[1.216s] INFO:colcon.colcon_core.shell:Creating environment hook '/home/prts/RBTO250 Github/RBOT_250_Assignment_3/RBOT250/install/my_cpp_py_pkg/share/my_cpp_py_pkg/hook/pythonpath.sh'
[1.218s] INFO:colcon.colcon_core.shell:Creating package script '/home/prts/RBTO250 Github/RBOT_250_Assignment_3/RBOT250/install/my_cpp_py_pkg/share/my_cpp_py_pkg/package.ps1'
[1.218s] INFO:colcon.colcon_core.shell:Creating package descriptor '/home/prts/RBTO250 Github/RBOT_250_Assignment_3/RBOT250/install/my_cpp_py_pkg/share/my_cpp_py_pkg/package.dsv'
[1.219s] INFO:colcon.colcon_core.shell:Creating package script '/home/prts/RBTO250 Github/RBOT_250_Assignment_3/RBOT250/install/my_cpp_py_pkg/share/my_cpp_py_pkg/package.sh'
[1.219s] INFO:colcon.colcon_core.shell:Creating package script '/home/prts/RBTO250 Github/RBOT_250_Assignment_3/RBOT250/install/my_cpp_py_pkg/share/my_cpp_py_pkg/package.bash'
[1.219s] INFO:colcon.colcon_core.shell:Creating package script '/home/prts/RBTO250 Github/RBOT_250_Assignment_3/RBOT250/install/my_cpp_py_pkg/share/my_cpp_py_pkg/package.zsh'
[1.220s] Level 1:colcon.colcon_core.environment:create_file_with_runtime_dependencies(/home/prts/RBTO250 Github/RBOT_250_Assignment_3/RBOT250/install/my_cpp_py_pkg/share/colcon-core/packages/my_cpp_py_pkg)
[1.220s] DEBUG:colcon.colcon_parallel_executor.executor.parallel:closing loop
[1.220s] DEBUG:colcon.colcon_parallel_executor.executor.parallel:loop closed
[1.221s] DEBUG:colcon.colcon_parallel_executor.executor.parallel:run_until_complete finished with '0'
[1.221s] DEBUG:colcon.colcon_core.event_reactor:joining thread
[1.227s] INFO:colcon.colcon_core.plugin_system:Skipping extension 'colcon_notification.desktop_notification.terminal_notifier': Not used on non-Darwin systems
[1.227s] INFO:colcon.colcon_core.plugin_system:Skipping extension 'colcon_notification.desktop_notification.win32': Not used on non-Windows systems
[1.227s] INFO:colcon.colcon_notification.desktop_notification:Sending desktop notification using 'notify2'
[1.260s] DEBUG:colcon.colcon_core.event_reactor:joined thread
[1.262s] INFO:colcon.colcon_core.shell:Creating prefix script '/home/prts/RBTO250 Github/RBOT_250_Assignment_3/RBOT250/install/local_setup.ps1'
[1.264s] INFO:colcon.colcon_core.shell:Creating prefix util module '/home/prts/RBTO250 Github/RBOT_250_Assignment_3/RBOT250/install/_local_setup_util_ps1.py'
[1.268s] INFO:colcon.colcon_core.shell:Creating prefix chain script '/home/prts/RBTO250 Github/RBOT_250_Assignment_3/RBOT250/install/setup.ps1'
[1.271s] INFO:colcon.colcon_core.shell:Creating prefix script '/home/prts/RBTO250 Github/RBOT_250_Assignment_3/RBOT250/install/local_setup.sh'
[1.272s] INFO:colcon.colcon_core.shell:Creating prefix util module '/home/prts/RBTO250 Github/RBOT_250_Assignment_3/RBOT250/install/_local_setup_util_sh.py'
[1.272s] INFO:colcon.colcon_core.shell:Creating prefix chain script '/home/prts/RBTO250 Github/RBOT_250_Assignment_3/RBOT250/install/setup.sh'
[1.275s] INFO:colcon.colcon_core.shell:Creating prefix script '/home/prts/RBTO250 Github/RBOT_250_Assignment_3/RBOT250/install/local_setup.bash'
[1.276s] INFO:colcon.colcon_core.shell:Creating prefix chain script '/home/prts/RBTO250 Github/RBOT_250_Assignment_3/RBOT250/install/setup.bash'
[1.279s] INFO:colcon.colcon_core.shell:Creating prefix script '/home/prts/RBTO250 Github/RBOT_250_Assignment_3/RBOT250/install/local_setup.zsh'
[1.280s] INFO:colcon.colcon_core.shell:Creating prefix chain script '/home/prts/RBTO250 Github/RBOT_250_Assignment_3/RBOT250/install/setup.zsh'
