[0.330s] DEBUG:colcon:Command line arguments: ['/usr/bin/colcon', 'build', '--packages-select', 'learning_tf2_cpp']
[0.331s] DEBUG:colcon:Parsed command line arguments: Namespace(ament_cmake_args=None, base_paths=['.'], build_base='build', catkin_cmake_args=None, catkin_skip_building_tests=False, cmake_args=None, cmake_clean_cache=False, cmake_clean_first=False, cmake_force_configure=False, cmake_target=None, cmake_target_skip_unavailable=False, continue_on_error=False, event_handlers=None, executor='parallel', ignore_user_meta=False, install_base='install', log_base=None, log_level=None, main=<bound method BuildVerb.main of <colcon_core.verb.build.BuildVerb object at 0x7f2967dc63d0>>, merge_install=False, metas=['./colcon.meta'], packages_above=None, packages_above_and_dependencies=None, packages_above_depth=None, packages_end=None, packages_ignore=None, packages_ignore_regex=None, packages_select=['learning_tf2_cpp'], packages_select_build_failed=False, packages_select_by_dep=None, packages_select_regex=None, packages_select_test_failures=False, packages_skip=None, packages_skip_build_finished=False, packages_skip_by_dep=None, packages_skip_regex=None, packages_skip_test_passed=False, packages_skip_up_to=None, packages_start=None, packages_up_to=None, packages_up_to_regex=None, parallel_workers=4, paths=None, symlink_install=False, test_result_base=None, verb_extension=<colcon_core.verb.build.BuildVerb object at 0x7f2967dc63d0>, verb_name='build', verb_parser=<colcon_defaults.argument_parser.defaults.DefaultArgumentsDecorator object at 0x7f2967dc6910>)
[0.336s] Level 1:colcon.colcon_core.package_discovery:discover_packages(colcon_meta) check parameters
[0.336s] Level 1:colcon.colcon_core.package_discovery:discover_packages(recursive) check parameters
[0.336s] Level 1:colcon.colcon_core.package_discovery:discover_packages(ignore) check parameters
[0.336s] Level 1:colcon.colcon_core.package_discovery:discover_packages(path) check parameters
[0.336s] Level 1:colcon.colcon_core.package_discovery:discover_packages(colcon_meta) discover
[0.336s] Level 1:colcon.colcon_core.package_discovery:discover_packages(recursive) discover
[0.337s] INFO:colcon.colcon_core.package_discovery:Crawling recursively for packages in '/home/prts/RBOT250'
[0.337s] Level 1:colcon.colcon_core.package_identification:_identify(.) by extensions ['ignore', 'ignore_ament_install']
[0.337s] Level 1:colcon.colcon_core.package_identification:_identify(.) by extension 'ignore'
[0.337s] Level 1:colcon.colcon_core.package_identification:_identify(.) by extension 'ignore_ament_install'
[0.337s] Level 1:colcon.colcon_core.package_identification:_identify(.) by extensions ['colcon_pkg']
[0.337s] Level 1:colcon.colcon_core.package_identification:_identify(.) by extension 'colcon_pkg'
[0.337s] Level 1:colcon.colcon_core.package_identification:_identify(.) by extensions ['colcon_meta']
[0.337s] Level 1:colcon.colcon_core.package_identification:_identify(.) by extension 'colcon_meta'
[0.337s] Level 1:colcon.colcon_core.package_identification:_identify(.) by extensions ['ros']
[0.337s] Level 1:colcon.colcon_core.package_identification:_identify(.) by extension 'ros'
[0.349s] Level 1:colcon.colcon_core.package_identification:_identify(.) by extensions ['cmake', 'python']
[0.349s] Level 1:colcon.colcon_core.package_identification:_identify(.) by extension 'cmake'
[0.349s] Level 1:colcon.colcon_core.package_identification:_identify(.) by extension 'python'
[0.349s] Level 1:colcon.colcon_core.package_identification:_identify(.) by extensions ['python_setup_py']
[0.349s] Level 1:colcon.colcon_core.package_identification:_identify(.) by extension 'python_setup_py'
[0.350s] Level 1:colcon.colcon_core.package_identification:_identify(build) by extensions ['ignore', 'ignore_ament_install']
[0.350s] Level 1:colcon.colcon_core.package_identification:_identify(build) by extension 'ignore'
[0.350s] Level 1:colcon.colcon_core.package_identification:_identify(build) ignored
[0.350s] Level 1:colcon.colcon_core.package_identification:_identify(install) by extensions ['ignore', 'ignore_ament_install']
[0.350s] Level 1:colcon.colcon_core.package_identification:_identify(install) by extension 'ignore'
[0.350s] Level 1:colcon.colcon_core.package_identification:_identify(install) ignored
[0.350s] Level 1:colcon.colcon_core.package_identification:_identify(log) by extensions ['ignore', 'ignore_ament_install']
[0.350s] Level 1:colcon.colcon_core.package_identification:_identify(log) by extension 'ignore'
[0.350s] Level 1:colcon.colcon_core.package_identification:_identify(log) ignored
[0.350s] Level 1:colcon.colcon_core.package_identification:_identify(src) by extensions ['ignore', 'ignore_ament_install']
[0.350s] Level 1:colcon.colcon_core.package_identification:_identify(src) by extension 'ignore'
[0.350s] Level 1:colcon.colcon_core.package_identification:_identify(src) by extension 'ignore_ament_install'
[0.350s] Level 1:colcon.colcon_core.package_identification:_identify(src) by extensions ['colcon_pkg']
[0.351s] Level 1:colcon.colcon_core.package_identification:_identify(src) by extension 'colcon_pkg'
[0.351s] Level 1:colcon.colcon_core.package_identification:_identify(src) by extensions ['colcon_meta']
[0.351s] Level 1:colcon.colcon_core.package_identification:_identify(src) by extension 'colcon_meta'
[0.351s] Level 1:colcon.colcon_core.package_identification:_identify(src) by extensions ['ros']
[0.351s] Level 1:colcon.colcon_core.package_identification:_identify(src) by extension 'ros'
[0.351s] Level 1:colcon.colcon_core.package_identification:_identify(src) by extensions ['cmake', 'python']
[0.351s] Level 1:colcon.colcon_core.package_identification:_identify(src) by extension 'cmake'
[0.351s] Level 1:colcon.colcon_core.package_identification:_identify(src) by extension 'python'
[0.351s] Level 1:colcon.colcon_core.package_identification:_identify(src) by extensions ['python_setup_py']
[0.351s] Level 1:colcon.colcon_core.package_identification:_identify(src) by extension 'python_setup_py'
[0.351s] Level 1:colcon.colcon_core.package_identification:_identify(src/build) by extensions ['ignore', 'ignore_ament_install']
[0.351s] Level 1:colcon.colcon_core.package_identification:_identify(src/build) by extension 'ignore'
[0.351s] Level 1:colcon.colcon_core.package_identification:_identify(src/build) ignored
[0.351s] Level 1:colcon.colcon_core.package_identification:_identify(src/cpp_pubsub) by extensions ['ignore', 'ignore_ament_install']
[0.351s] Level 1:colcon.colcon_core.package_identification:_identify(src/cpp_pubsub) by extension 'ignore'
[0.351s] Level 1:colcon.colcon_core.package_identification:_identify(src/cpp_pubsub) by extension 'ignore_ament_install'
[0.351s] Level 1:colcon.colcon_core.package_identification:_identify(src/cpp_pubsub) by extensions ['colcon_pkg']
[0.351s] Level 1:colcon.colcon_core.package_identification:_identify(src/cpp_pubsub) by extension 'colcon_pkg'
[0.351s] Level 1:colcon.colcon_core.package_identification:_identify(src/cpp_pubsub) by extensions ['colcon_meta']
[0.352s] Level 1:colcon.colcon_core.package_identification:_identify(src/cpp_pubsub) by extension 'colcon_meta'
[0.352s] Level 1:colcon.colcon_core.package_identification:_identify(src/cpp_pubsub) by extensions ['ros']
[0.352s] Level 1:colcon.colcon_core.package_identification:_identify(src/cpp_pubsub) by extension 'ros'
[0.354s] DEBUG:colcon.colcon_core.package_identification:Package 'src/cpp_pubsub' with type 'ros.ament_cmake' and name 'cpp_pubsub'
[0.354s] Level 1:colcon.colcon_core.package_identification:_identify(src/install) by extensions ['ignore', 'ignore_ament_install']
[0.355s] Level 1:colcon.colcon_core.package_identification:_identify(src/install) by extension 'ignore'
[0.355s] Level 1:colcon.colcon_core.package_identification:_identify(src/install) ignored
[0.355s] Level 1:colcon.colcon_core.package_identification:_identify(src/learning_tf2_cpp) by extensions ['ignore', 'ignore_ament_install']
[0.355s] Level 1:colcon.colcon_core.package_identification:_identify(src/learning_tf2_cpp) by extension 'ignore'
[0.355s] Level 1:colcon.colcon_core.package_identification:_identify(src/learning_tf2_cpp) by extension 'ignore_ament_install'
[0.355s] Level 1:colcon.colcon_core.package_identification:_identify(src/learning_tf2_cpp) by extensions ['colcon_pkg']
[0.355s] Level 1:colcon.colcon_core.package_identification:_identify(src/learning_tf2_cpp) by extension 'colcon_pkg'
[0.355s] Level 1:colcon.colcon_core.package_identification:_identify(src/learning_tf2_cpp) by extensions ['colcon_meta']
[0.355s] Level 1:colcon.colcon_core.package_identification:_identify(src/learning_tf2_cpp) by extension 'colcon_meta'
[0.355s] Level 1:colcon.colcon_core.package_identification:_identify(src/learning_tf2_cpp) by extensions ['ros']
[0.355s] Level 1:colcon.colcon_core.package_identification:_identify(src/learning_tf2_cpp) by extension 'ros'
[0.356s] DEBUG:colcon.colcon_core.package_identification:Package 'src/learning_tf2_cpp' with type 'ros.ament_cmake' and name 'learning_tf2_cpp'
[0.356s] Level 1:colcon.colcon_core.package_identification:_identify(src/learning_tf2_py) by extensions ['ignore', 'ignore_ament_install']
[0.357s] Level 1:colcon.colcon_core.package_identification:_identify(src/learning_tf2_py) by extension 'ignore'
[0.357s] Level 1:colcon.colcon_core.package_identification:_identify(src/learning_tf2_py) by extension 'ignore_ament_install'
[0.357s] Level 1:colcon.colcon_core.package_identification:_identify(src/learning_tf2_py) by extensions ['colcon_pkg']
[0.357s] Level 1:colcon.colcon_core.package_identification:_identify(src/learning_tf2_py) by extension 'colcon_pkg'
[0.357s] Level 1:colcon.colcon_core.package_identification:_identify(src/learning_tf2_py) by extensions ['colcon_meta']
[0.357s] Level 1:colcon.colcon_core.package_identification:_identify(src/learning_tf2_py) by extension 'colcon_meta'
[0.357s] Level 1:colcon.colcon_core.package_identification:_identify(src/learning_tf2_py) by extensions ['ros']
[0.357s] Level 1:colcon.colcon_core.package_identification:_identify(src/learning_tf2_py) by extension 'ros'
[0.357s] DEBUG:colcon.colcon_core.package_identification:Package 'src/learning_tf2_py' with type 'ros.ament_python' and name 'learning_tf2_py'
[0.358s] Level 1:colcon.colcon_core.package_identification:_identify(src/log) by extensions ['ignore', 'ignore_ament_install']
[0.358s] Level 1:colcon.colcon_core.package_identification:_identify(src/log) by extension 'ignore'
[0.358s] Level 1:colcon.colcon_core.package_identification:_identify(src/log) ignored
[0.358s] Level 1:colcon.colcon_core.package_discovery:discover_packages(recursive) using defaults
[0.358s] Level 1:colcon.colcon_core.package_discovery:discover_packages(ignore) discover
[0.358s] Level 1:colcon.colcon_core.package_discovery:discover_packages(ignore) using defaults
[0.358s] Level 1:colcon.colcon_core.package_discovery:discover_packages(path) discover
[0.358s] Level 1:colcon.colcon_core.package_discovery:discover_packages(path) using defaults
[0.379s] INFO:colcon.colcon_core.package_selection:Skipping not selected package 'cpp_pubsub' in 'src/cpp_pubsub'
[0.379s] INFO:colcon.colcon_core.package_selection:Skipping not selected package 'learning_tf2_py' in 'src/learning_tf2_py'
[0.382s] Level 5:colcon.colcon_core.verb:set package 'learning_tf2_cpp' build argument 'cmake_args' from command line to 'None'
[0.382s] Level 5:colcon.colcon_core.verb:set package 'learning_tf2_cpp' build argument 'cmake_target' from command line to 'None'
[0.382s] Level 5:colcon.colcon_core.verb:set package 'learning_tf2_cpp' build argument 'cmake_target_skip_unavailable' from command line to 'False'
[0.383s] Level 5:colcon.colcon_core.verb:set package 'learning_tf2_cpp' build argument 'cmake_clean_cache' from command line to 'False'
[0.383s] Level 5:colcon.colcon_core.verb:set package 'learning_tf2_cpp' build argument 'cmake_clean_first' from command line to 'False'
[0.383s] Level 5:colcon.colcon_core.verb:set package 'learning_tf2_cpp' build argument 'cmake_force_configure' from command line to 'False'
[0.383s] Level 5:colcon.colcon_core.verb:set package 'learning_tf2_cpp' build argument 'ament_cmake_args' from command line to 'None'
[0.383s] Level 5:colcon.colcon_core.verb:set package 'learning_tf2_cpp' build argument 'catkin_cmake_args' from command line to 'None'
[0.383s] Level 5:colcon.colcon_core.verb:set package 'learning_tf2_cpp' build argument 'catkin_skip_building_tests' from command line to 'False'
[0.383s] DEBUG:colcon.colcon_core.verb:Building package 'learning_tf2_cpp' with the following arguments: {'ament_cmake_args': None, 'build_base': '/home/prts/RBOT250/build/learning_tf2_cpp', 'catkin_cmake_args': None, 'catkin_skip_building_tests': False, 'cmake_args': None, 'cmake_clean_cache': False, 'cmake_clean_first': False, 'cmake_force_configure': False, 'cmake_target': None, 'cmake_target_skip_unavailable': False, 'install_base': '/home/prts/RBOT250/install/learning_tf2_cpp', 'merge_install': False, 'path': '/home/prts/RBOT250/src/learning_tf2_cpp', 'symlink_install': False, 'test_result_base': None}
[0.383s] INFO:colcon.colcon_core.executor:Executing jobs using 'parallel' executor
[0.385s] DEBUG:colcon.colcon_parallel_executor.executor.parallel:run_until_complete
[0.386s] INFO:colcon.colcon_ros.task.ament_cmake.build:Building ROS package in '/home/prts/RBOT250/src/learning_tf2_cpp' with build type 'ament_cmake'
[0.386s] INFO:colcon.colcon_cmake.task.cmake.build:Building CMake package in '/home/prts/RBOT250/src/learning_tf2_cpp'
[0.391s] INFO:colcon.colcon_core.plugin_system:Skipping extension 'colcon_core.shell.bat': Not used on non-Windows systems
[0.391s] INFO:colcon.colcon_core.shell:Skip shell extension 'powershell' for command environment: Not usable outside of PowerShell
[0.391s] DEBUG:colcon.colcon_core.shell:Skip shell extension 'dsv' for command environment
[0.408s] DEBUG:colcon.colcon_core.event_handler.log_command:Invoking command in '/home/prts/RBOT250/build/learning_tf2_cpp': /usr/bin/cmake --build /home/prts/RBOT250/build/learning_tf2_cpp -- -j4 -l4
[0.850s] DEBUG:colcon.colcon_core.event_handler.log_command:Invoked command in '/home/prts/RBOT250/build/learning_tf2_cpp' returned '0': /usr/bin/cmake --build /home/prts/RBOT250/build/learning_tf2_cpp -- -j4 -l4
[0.907s] DEBUG:colcon.colcon_core.event_handler.log_command:Invoking command in '/home/prts/RBOT250/build/learning_tf2_cpp': /usr/bin/cmake --install /home/prts/RBOT250/build/learning_tf2_cpp
[0.964s] Level 1:colcon.colcon_core.environment:create_environment_scripts_only(learning_tf2_cpp)
[0.966s] DEBUG:colcon.colcon_core.event_handler.log_command:Invoked command in '/home/prts/RBOT250/build/learning_tf2_cpp' returned '0': /usr/bin/cmake --install /home/prts/RBOT250/build/learning_tf2_cpp
[0.971s] Level 1:colcon.colcon_core.environment:checking '/home/prts/RBOT250/install/learning_tf2_cpp' for CMake module files
[0.972s] Level 1:colcon.colcon_core.environment:checking '/home/prts/RBOT250/install/learning_tf2_cpp' for CMake config files
[0.973s] Level 1:colcon.colcon_core.shell:create_environment_hook('learning_tf2_cpp', 'cmake_prefix_path')
[0.974s] INFO:colcon.colcon_core.shell:Creating environment hook '/home/prts/RBOT250/install/learning_tf2_cpp/share/learning_tf2_cpp/hook/cmake_prefix_path.ps1'
[0.976s] INFO:colcon.colcon_core.shell:Creating environment descriptor '/home/prts/RBOT250/install/learning_tf2_cpp/share/learning_tf2_cpp/hook/cmake_prefix_path.dsv'
[0.976s] INFO:colcon.colcon_core.shell:Creating environment hook '/home/prts/RBOT250/install/learning_tf2_cpp/share/learning_tf2_cpp/hook/cmake_prefix_path.sh'
[0.977s] Level 1:colcon.colcon_core.environment:checking '/home/prts/RBOT250/install/learning_tf2_cpp/lib'
[0.977s] Level 1:colcon.colcon_core.environment:checking '/home/prts/RBOT250/install/learning_tf2_cpp/bin'
[0.978s] Level 1:colcon.colcon_core.environment:checking '/home/prts/RBOT250/install/learning_tf2_cpp/lib/pkgconfig/learning_tf2_cpp.pc'
[0.978s] Level 1:colcon.colcon_core.environment:checking '/home/prts/RBOT250/install/learning_tf2_cpp/lib/python3.8/site-packages'
[0.978s] Level 1:colcon.colcon_core.shell:create_environment_hook('learning_tf2_cpp', 'pythonpath')
[0.979s] INFO:colcon.colcon_core.shell:Creating environment hook '/home/prts/RBOT250/install/learning_tf2_cpp/share/learning_tf2_cpp/hook/pythonpath.ps1'
[0.979s] INFO:colcon.colcon_core.shell:Creating environment descriptor '/home/prts/RBOT250/install/learning_tf2_cpp/share/learning_tf2_cpp/hook/pythonpath.dsv'
[0.979s] INFO:colcon.colcon_core.shell:Creating environment hook '/home/prts/RBOT250/install/learning_tf2_cpp/share/learning_tf2_cpp/hook/pythonpath.sh'
[0.980s] INFO:colcon.colcon_core.shell:Creating package script '/home/prts/RBOT250/install/learning_tf2_cpp/share/learning_tf2_cpp/package.ps1'
[0.981s] INFO:colcon.colcon_core.shell:Creating package descriptor '/home/prts/RBOT250/install/learning_tf2_cpp/share/learning_tf2_cpp/package.dsv'
[0.982s] INFO:colcon.colcon_core.shell:Creating package script '/home/prts/RBOT250/install/learning_tf2_cpp/share/learning_tf2_cpp/package.sh'
[0.982s] INFO:colcon.colcon_core.shell:Creating package script '/home/prts/RBOT250/install/learning_tf2_cpp/share/learning_tf2_cpp/package.bash'
[0.983s] INFO:colcon.colcon_core.shell:Creating package script '/home/prts/RBOT250/install/learning_tf2_cpp/share/learning_tf2_cpp/package.zsh'
[0.984s] Level 1:colcon.colcon_core.environment:create_file_with_runtime_dependencies(/home/prts/RBOT250/install/learning_tf2_cpp/share/colcon-core/packages/learning_tf2_cpp)
[1.026s] Level 1:colcon.colcon_core.environment:create_environment_scripts_only(learning_tf2_cpp)
[1.028s] Level 1:colcon.colcon_core.environment:checking '/home/prts/RBOT250/install/learning_tf2_cpp' for CMake module files
[1.029s] Level 1:colcon.colcon_core.environment:checking '/home/prts/RBOT250/install/learning_tf2_cpp' for CMake config files
[1.030s] Level 1:colcon.colcon_core.shell:create_environment_hook('learning_tf2_cpp', 'cmake_prefix_path')
[1.031s] INFO:colcon.colcon_core.shell:Creating environment hook '/home/prts/RBOT250/install/learning_tf2_cpp/share/learning_tf2_cpp/hook/cmake_prefix_path.ps1'
[1.032s] INFO:colcon.colcon_core.shell:Creating environment descriptor '/home/prts/RBOT250/install/learning_tf2_cpp/share/learning_tf2_cpp/hook/cmake_prefix_path.dsv'
[1.032s] INFO:colcon.colcon_core.shell:Creating environment hook '/home/prts/RBOT250/install/learning_tf2_cpp/share/learning_tf2_cpp/hook/cmake_prefix_path.sh'
[1.034s] Level 1:colcon.colcon_core.environment:checking '/home/prts/RBOT250/install/learning_tf2_cpp/lib'
[1.034s] Level 1:colcon.colcon_core.environment:checking '/home/prts/RBOT250/install/learning_tf2_cpp/bin'
[1.034s] Level 1:colcon.colcon_core.environment:checking '/home/prts/RBOT250/install/learning_tf2_cpp/lib/pkgconfig/learning_tf2_cpp.pc'
[1.034s] Level 1:colcon.colcon_core.environment:checking '/home/prts/RBOT250/install/learning_tf2_cpp/lib/python3.8/site-packages'
[1.034s] Level 1:colcon.colcon_core.shell:create_environment_hook('learning_tf2_cpp', 'pythonpath')
[1.035s] INFO:colcon.colcon_core.shell:Creating environment hook '/home/prts/RBOT250/install/learning_tf2_cpp/share/learning_tf2_cpp/hook/pythonpath.ps1'
[1.036s] INFO:colcon.colcon_core.shell:Creating environment descriptor '/home/prts/RBOT250/install/learning_tf2_cpp/share/learning_tf2_cpp/hook/pythonpath.dsv'
[1.036s] INFO:colcon.colcon_core.shell:Creating environment hook '/home/prts/RBOT250/install/learning_tf2_cpp/share/learning_tf2_cpp/hook/pythonpath.sh'
[1.037s] INFO:colcon.colcon_core.shell:Creating package script '/home/prts/RBOT250/install/learning_tf2_cpp/share/learning_tf2_cpp/package.ps1'
[1.037s] INFO:colcon.colcon_core.shell:Creating package descriptor '/home/prts/RBOT250/install/learning_tf2_cpp/share/learning_tf2_cpp/package.dsv'
[1.038s] INFO:colcon.colcon_core.shell:Creating package script '/home/prts/RBOT250/install/learning_tf2_cpp/share/learning_tf2_cpp/package.sh'
[1.038s] INFO:colcon.colcon_core.shell:Creating package script '/home/prts/RBOT250/install/learning_tf2_cpp/share/learning_tf2_cpp/package.bash'
[1.039s] INFO:colcon.colcon_core.shell:Creating package script '/home/prts/RBOT250/install/learning_tf2_cpp/share/learning_tf2_cpp/package.zsh'
[1.039s] Level 1:colcon.colcon_core.environment:create_file_with_runtime_dependencies(/home/prts/RBOT250/install/learning_tf2_cpp/share/colcon-core/packages/learning_tf2_cpp)
[1.039s] DEBUG:colcon.colcon_parallel_executor.executor.parallel:closing loop
[1.040s] DEBUG:colcon.colcon_parallel_executor.executor.parallel:loop closed
[1.040s] DEBUG:colcon.colcon_parallel_executor.executor.parallel:run_until_complete finished with '0'
[1.040s] DEBUG:colcon.colcon_core.event_reactor:joining thread
[1.053s] INFO:colcon.colcon_core.plugin_system:Skipping extension 'colcon_notification.desktop_notification.terminal_notifier': Not used on non-Darwin systems
[1.053s] INFO:colcon.colcon_core.plugin_system:Skipping extension 'colcon_notification.desktop_notification.win32': Not used on non-Windows systems
[1.053s] INFO:colcon.colcon_notification.desktop_notification:Sending desktop notification using 'notify2'
[1.078s] DEBUG:colcon.colcon_core.event_reactor:joined thread
[1.079s] INFO:colcon.colcon_core.shell:Creating prefix script '/home/prts/RBOT250/install/local_setup.ps1'
[1.080s] INFO:colcon.colcon_core.shell:Creating prefix util module '/home/prts/RBOT250/install/_local_setup_util_ps1.py'
[1.081s] INFO:colcon.colcon_core.shell:Creating prefix chain script '/home/prts/RBOT250/install/setup.ps1'
[1.084s] INFO:colcon.colcon_core.shell:Creating prefix script '/home/prts/RBOT250/install/local_setup.sh'
[1.084s] INFO:colcon.colcon_core.shell:Creating prefix util module '/home/prts/RBOT250/install/_local_setup_util_sh.py'
[1.085s] INFO:colcon.colcon_core.shell:Creating prefix chain script '/home/prts/RBOT250/install/setup.sh'
[1.088s] INFO:colcon.colcon_core.shell:Creating prefix script '/home/prts/RBOT250/install/local_setup.bash'
[1.088s] INFO:colcon.colcon_core.shell:Creating prefix chain script '/home/prts/RBOT250/install/setup.bash'
[1.091s] INFO:colcon.colcon_core.shell:Creating prefix script '/home/prts/RBOT250/install/local_setup.zsh'
[1.092s] INFO:colcon.colcon_core.shell:Creating prefix chain script '/home/prts/RBOT250/install/setup.zsh'
