[0.024s] Invoking command in '/home/prts/RBTO250 Github/RBOT_250_Assignment_3/RBOT250/build/cpp_srvcli': /usr/bin/cmake /home/prts/RBTO250 Github/RBOT_250_Assignment_3/RBOT250/src/cpp_srvcli -DCMAKE_INSTALL_PREFIX=/home/prts/RBTO250 Github/RBOT_250_Assignment_3/RBOT250/install/cpp_srvcli
[0.048s] CMake Error at CMakeLists.txt:4 (find_package):
[0.048s]   By not providing "Findament_cmake.cmake" in CMAKE_MODULE_PATH this project
[0.048s]   has asked CMake to find a package configuration file provided by
[0.048s]   "ament_cmake", but CMake did not find one.
[0.049s] 
[0.049s]   Could not find a package configuration file provided by "ament_cmake" with
[0.049s]   any of the following names:
[0.049s] 
[0.049s]     ament_cmakeConfig.cmake
[0.049s]     ament_cmake-config.cmake
[0.050s] 
[0.050s]   Add the installation prefix of "ament_cmake" to CMAKE_PREFIX_PATH or set
[0.050s]   "ament_cmake_DIR" to a directory containing one of the above files.  If
[0.050s]   "ament_cmake" provides a separate development package or SDK, be sure it
[0.050s]   has been installed.
[0.051s] 
[0.051s] 
[0.051s] -- Configuring incomplete, errors occurred!
[0.051s] See also "/home/prts/RBTO250 Github/RBOT_250_Assignment_3/RBOT250/build/cpp_srvcli/CMakeFiles/CMakeOutput.log".
[0.053s] Invoked command in '/home/prts/RBTO250 Github/RBOT_250_Assignment_3/RBOT250/build/cpp_srvcli' returned '1': /usr/bin/cmake /home/prts/RBTO250 Github/RBOT_250_Assignment_3/RBOT250/src/cpp_srvcli -DCMAKE_INSTALL_PREFIX=/home/prts/RBTO250 Github/RBOT_250_Assignment_3/RBOT250/install/cpp_srvcli
