[0.328s] DEBUG:colcon:Command line arguments: ['/usr/bin/colcon', 'build']
[0.328s] DEBUG:colcon:Parsed command line arguments: Namespace(ament_cmake_args=None, base_paths=['.'], build_base='build', catkin_cmake_args=None, catkin_skip_building_tests=False, cmake_args=None, cmake_clean_cache=False, cmake_clean_first=False, cmake_force_configure=False, cmake_target=None, cmake_target_skip_unavailable=False, continue_on_error=False, event_handlers=None, executor='parallel', ignore_user_meta=False, install_base='install', log_base=None, log_level=None, main=<bound method BuildVerb.main of <colcon_core.verb.build.BuildVerb object at 0x7fe16991b3d0>>, merge_install=False, metas=['./colcon.meta'], packages_above=None, packages_above_and_dependencies=None, packages_above_depth=None, packages_end=None, packages_ignore=None, packages_ignore_regex=None, packages_select=None, packages_select_build_failed=False, packages_select_by_dep=None, packages_select_regex=None, packages_select_test_failures=False, packages_skip=None, packages_skip_build_finished=False, packages_skip_by_dep=None, packages_skip_regex=None, packages_skip_test_passed=False, packages_skip_up_to=None, packages_start=None, packages_up_to=None, packages_up_to_regex=None, parallel_workers=4, paths=None, symlink_install=False, test_result_base=None, verb_extension=<colcon_core.verb.build.BuildVerb object at 0x7fe16991b3d0>, verb_name='build', verb_parser=<colcon_defaults.argument_parser.defaults.DefaultArgumentsDecorator object at 0x7fe16991b910>)
[0.334s] Level 1:colcon.colcon_core.package_discovery:discover_packages(colcon_meta) check parameters
[0.334s] Level 1:colcon.colcon_core.package_discovery:discover_packages(recursive) check parameters
[0.334s] Level 1:colcon.colcon_core.package_discovery:discover_packages(ignore) check parameters
[0.334s] Level 1:colcon.colcon_core.package_discovery:discover_packages(path) check parameters
[0.334s] Level 1:colcon.colcon_core.package_discovery:discover_packages(colcon_meta) discover
[0.334s] Level 1:colcon.colcon_core.package_discovery:discover_packages(recursive) discover
[0.334s] INFO:colcon.colcon_core.package_discovery:Crawling recursively for packages in '/home/prts/RBOT250/src'
[0.334s] Level 1:colcon.colcon_core.package_identification:_identify(.) by extensions ['ignore', 'ignore_ament_install']
[0.334s] Level 1:colcon.colcon_core.package_identification:_identify(.) by extension 'ignore'
[0.334s] Level 1:colcon.colcon_core.package_identification:_identify(.) by extension 'ignore_ament_install'
[0.334s] Level 1:colcon.colcon_core.package_identification:_identify(.) by extensions ['colcon_pkg']
[0.334s] Level 1:colcon.colcon_core.package_identification:_identify(.) by extension 'colcon_pkg'
[0.334s] Level 1:colcon.colcon_core.package_identification:_identify(.) by extensions ['colcon_meta']
[0.334s] Level 1:colcon.colcon_core.package_identification:_identify(.) by extension 'colcon_meta'
[0.335s] Level 1:colcon.colcon_core.package_identification:_identify(.) by extensions ['ros']
[0.335s] Level 1:colcon.colcon_core.package_identification:_identify(.) by extension 'ros'
[0.347s] Level 1:colcon.colcon_core.package_identification:_identify(.) by extensions ['cmake', 'python']
[0.347s] Level 1:colcon.colcon_core.package_identification:_identify(.) by extension 'cmake'
[0.347s] Level 1:colcon.colcon_core.package_identification:_identify(.) by extension 'python'
[0.347s] Level 1:colcon.colcon_core.package_identification:_identify(.) by extensions ['python_setup_py']
[0.347s] Level 1:colcon.colcon_core.package_identification:_identify(.) by extension 'python_setup_py'
[0.347s] Level 1:colcon.colcon_core.package_identification:_identify(build) by extensions ['ignore', 'ignore_ament_install']
[0.347s] Level 1:colcon.colcon_core.package_identification:_identify(build) by extension 'ignore'
[0.347s] Level 1:colcon.colcon_core.package_identification:_identify(build) ignored
[0.347s] Level 1:colcon.colcon_core.package_identification:_identify(cpp_pubsub) by extensions ['ignore', 'ignore_ament_install']
[0.348s] Level 1:colcon.colcon_core.package_identification:_identify(cpp_pubsub) by extension 'ignore'
[0.348s] Level 1:colcon.colcon_core.package_identification:_identify(cpp_pubsub) by extension 'ignore_ament_install'
[0.348s] Level 1:colcon.colcon_core.package_identification:_identify(cpp_pubsub) by extensions ['colcon_pkg']
[0.348s] Level 1:colcon.colcon_core.package_identification:_identify(cpp_pubsub) by extension 'colcon_pkg'
[0.348s] Level 1:colcon.colcon_core.package_identification:_identify(cpp_pubsub) by extensions ['colcon_meta']
[0.348s] Level 1:colcon.colcon_core.package_identification:_identify(cpp_pubsub) by extension 'colcon_meta'
[0.348s] Level 1:colcon.colcon_core.package_identification:_identify(cpp_pubsub) by extensions ['ros']
[0.348s] Level 1:colcon.colcon_core.package_identification:_identify(cpp_pubsub) by extension 'ros'
[0.350s] DEBUG:colcon.colcon_core.package_identification:Package 'cpp_pubsub' with type 'ros.ament_cmake' and name 'cpp_pubsub'
[0.351s] Level 1:colcon.colcon_core.package_identification:_identify(install) by extensions ['ignore', 'ignore_ament_install']
[0.351s] Level 1:colcon.colcon_core.package_identification:_identify(install) by extension 'ignore'
[0.351s] Level 1:colcon.colcon_core.package_identification:_identify(install) ignored
[0.351s] Level 1:colcon.colcon_core.package_identification:_identify(learning_tf2_cpp) by extensions ['ignore', 'ignore_ament_install']
[0.351s] Level 1:colcon.colcon_core.package_identification:_identify(learning_tf2_cpp) by extension 'ignore'
[0.351s] Level 1:colcon.colcon_core.package_identification:_identify(learning_tf2_cpp) by extension 'ignore_ament_install'
[0.351s] Level 1:colcon.colcon_core.package_identification:_identify(learning_tf2_cpp) by extensions ['colcon_pkg']
[0.351s] Level 1:colcon.colcon_core.package_identification:_identify(learning_tf2_cpp) by extension 'colcon_pkg'
[0.351s] Level 1:colcon.colcon_core.package_identification:_identify(learning_tf2_cpp) by extensions ['colcon_meta']
[0.351s] Level 1:colcon.colcon_core.package_identification:_identify(learning_tf2_cpp) by extension 'colcon_meta'
[0.351s] Level 1:colcon.colcon_core.package_identification:_identify(learning_tf2_cpp) by extensions ['ros']
[0.351s] Level 1:colcon.colcon_core.package_identification:_identify(learning_tf2_cpp) by extension 'ros'
[0.353s] DEBUG:colcon.colcon_core.package_identification:Package 'learning_tf2_cpp' with type 'ros.ament_cmake' and name 'learning_tf2_cpp'
[0.353s] Level 1:colcon.colcon_core.package_identification:_identify(learning_tf2_py) by extensions ['ignore', 'ignore_ament_install']
[0.353s] Level 1:colcon.colcon_core.package_identification:_identify(learning_tf2_py) by extension 'ignore'
[0.353s] Level 1:colcon.colcon_core.package_identification:_identify(learning_tf2_py) by extension 'ignore_ament_install'
[0.353s] Level 1:colcon.colcon_core.package_identification:_identify(learning_tf2_py) by extensions ['colcon_pkg']
[0.353s] Level 1:colcon.colcon_core.package_identification:_identify(learning_tf2_py) by extension 'colcon_pkg'
[0.353s] Level 1:colcon.colcon_core.package_identification:_identify(learning_tf2_py) by extensions ['colcon_meta']
[0.353s] Level 1:colcon.colcon_core.package_identification:_identify(learning_tf2_py) by extension 'colcon_meta'
[0.353s] Level 1:colcon.colcon_core.package_identification:_identify(learning_tf2_py) by extensions ['ros']
[0.353s] Level 1:colcon.colcon_core.package_identification:_identify(learning_tf2_py) by extension 'ros'
[0.354s] DEBUG:colcon.colcon_core.package_identification:Package 'learning_tf2_py' with type 'ros.ament_python' and name 'learning_tf2_py'
[0.354s] Level 1:colcon.colcon_core.package_identification:_identify(log) by extensions ['ignore', 'ignore_ament_install']
[0.354s] Level 1:colcon.colcon_core.package_identification:_identify(log) by extension 'ignore'
[0.354s] Level 1:colcon.colcon_core.package_identification:_identify(log) ignored
[0.354s] Level 1:colcon.colcon_core.package_identification:_identify(my_cpp_py_pkg) by extensions ['ignore', 'ignore_ament_install']
[0.354s] Level 1:colcon.colcon_core.package_identification:_identify(my_cpp_py_pkg) by extension 'ignore'
[0.354s] Level 1:colcon.colcon_core.package_identification:_identify(my_cpp_py_pkg) by extension 'ignore_ament_install'
[0.354s] Level 1:colcon.colcon_core.package_identification:_identify(my_cpp_py_pkg) by extensions ['colcon_pkg']
[0.354s] Level 1:colcon.colcon_core.package_identification:_identify(my_cpp_py_pkg) by extension 'colcon_pkg'
[0.354s] Level 1:colcon.colcon_core.package_identification:_identify(my_cpp_py_pkg) by extensions ['colcon_meta']
[0.354s] Level 1:colcon.colcon_core.package_identification:_identify(my_cpp_py_pkg) by extension 'colcon_meta'
[0.354s] Level 1:colcon.colcon_core.package_identification:_identify(my_cpp_py_pkg) by extensions ['ros']
[0.354s] Level 1:colcon.colcon_core.package_identification:_identify(my_cpp_py_pkg) by extension 'ros'
[0.356s] DEBUG:colcon.colcon_core.package_identification:Package 'my_cpp_py_pkg' with type 'ros.ament_cmake' and name 'my_cpp_py_pkg'
[0.356s] Level 1:colcon.colcon_core.package_discovery:discover_packages(recursive) using defaults
[0.356s] Level 1:colcon.colcon_core.package_discovery:discover_packages(ignore) discover
[0.356s] Level 1:colcon.colcon_core.package_discovery:discover_packages(ignore) using defaults
[0.356s] Level 1:colcon.colcon_core.package_discovery:discover_packages(path) discover
[0.356s] Level 1:colcon.colcon_core.package_discovery:discover_packages(path) using defaults
[0.380s] Level 5:colcon.colcon_core.verb:set package 'cpp_pubsub' build argument 'cmake_args' from command line to 'None'
[0.380s] Level 5:colcon.colcon_core.verb:set package 'cpp_pubsub' build argument 'cmake_target' from command line to 'None'
[0.380s] Level 5:colcon.colcon_core.verb:set package 'cpp_pubsub' build argument 'cmake_target_skip_unavailable' from command line to 'False'
[0.380s] Level 5:colcon.colcon_core.verb:set package 'cpp_pubsub' build argument 'cmake_clean_cache' from command line to 'False'
[0.380s] Level 5:colcon.colcon_core.verb:set package 'cpp_pubsub' build argument 'cmake_clean_first' from command line to 'False'
[0.380s] Level 5:colcon.colcon_core.verb:set package 'cpp_pubsub' build argument 'cmake_force_configure' from command line to 'False'
[0.380s] Level 5:colcon.colcon_core.verb:set package 'cpp_pubsub' build argument 'ament_cmake_args' from command line to 'None'
[0.380s] Level 5:colcon.colcon_core.verb:set package 'cpp_pubsub' build argument 'catkin_cmake_args' from command line to 'None'
[0.380s] Level 5:colcon.colcon_core.verb:set package 'cpp_pubsub' build argument 'catkin_skip_building_tests' from command line to 'False'
[0.380s] DEBUG:colcon.colcon_core.verb:Building package 'cpp_pubsub' with the following arguments: {'ament_cmake_args': None, 'build_base': '/home/prts/RBOT250/src/build/cpp_pubsub', 'catkin_cmake_args': None, 'catkin_skip_building_tests': False, 'cmake_args': None, 'cmake_clean_cache': False, 'cmake_clean_first': False, 'cmake_force_configure': False, 'cmake_target': None, 'cmake_target_skip_unavailable': False, 'install_base': '/home/prts/RBOT250/src/install/cpp_pubsub', 'merge_install': False, 'path': '/home/prts/RBOT250/src/cpp_pubsub', 'symlink_install': False, 'test_result_base': None}
[0.384s] Level 5:colcon.colcon_core.verb:set package 'learning_tf2_cpp' build argument 'cmake_args' from command line to 'None'
[0.384s] Level 5:colcon.colcon_core.verb:set package 'learning_tf2_cpp' build argument 'cmake_target' from command line to 'None'
[0.384s] Level 5:colcon.colcon_core.verb:set package 'learning_tf2_cpp' build argument 'cmake_target_skip_unavailable' from command line to 'False'
[0.384s] Level 5:colcon.colcon_core.verb:set package 'learning_tf2_cpp' build argument 'cmake_clean_cache' from command line to 'False'
[0.384s] Level 5:colcon.colcon_core.verb:set package 'learning_tf2_cpp' build argument 'cmake_clean_first' from command line to 'False'
[0.384s] Level 5:colcon.colcon_core.verb:set package 'learning_tf2_cpp' build argument 'cmake_force_configure' from command line to 'False'
[0.384s] Level 5:colcon.colcon_core.verb:set package 'learning_tf2_cpp' build argument 'ament_cmake_args' from command line to 'None'
[0.384s] Level 5:colcon.colcon_core.verb:set package 'learning_tf2_cpp' build argument 'catkin_cmake_args' from command line to 'None'
[0.384s] Level 5:colcon.colcon_core.verb:set package 'learning_tf2_cpp' build argument 'catkin_skip_building_tests' from command line to 'False'
[0.384s] DEBUG:colcon.colcon_core.verb:Building package 'learning_tf2_cpp' with the following arguments: {'ament_cmake_args': None, 'build_base': '/home/prts/RBOT250/src/build/learning_tf2_cpp', 'catkin_cmake_args': None, 'catkin_skip_building_tests': False, 'cmake_args': None, 'cmake_clean_cache': False, 'cmake_clean_first': False, 'cmake_force_configure': False, 'cmake_target': None, 'cmake_target_skip_unavailable': False, 'install_base': '/home/prts/RBOT250/src/install/learning_tf2_cpp', 'merge_install': False, 'path': '/home/prts/RBOT250/src/learning_tf2_cpp', 'symlink_install': False, 'test_result_base': None}
[0.387s] Level 5:colcon.colcon_core.verb:set package 'learning_tf2_py' build argument 'cmake_args' from command line to 'None'
[0.387s] Level 5:colcon.colcon_core.verb:set package 'learning_tf2_py' build argument 'cmake_target' from command line to 'None'
[0.387s] Level 5:colcon.colcon_core.verb:set package 'learning_tf2_py' build argument 'cmake_target_skip_unavailable' from command line to 'False'
[0.387s] Level 5:colcon.colcon_core.verb:set package 'learning_tf2_py' build argument 'cmake_clean_cache' from command line to 'False'
[0.387s] Level 5:colcon.colcon_core.verb:set package 'learning_tf2_py' build argument 'cmake_clean_first' from command line to 'False'
[0.387s] Level 5:colcon.colcon_core.verb:set package 'learning_tf2_py' build argument 'cmake_force_configure' from command line to 'False'
[0.387s] Level 5:colcon.colcon_core.verb:set package 'learning_tf2_py' build argument 'ament_cmake_args' from command line to 'None'
[0.387s] Level 5:colcon.colcon_core.verb:set package 'learning_tf2_py' build argument 'catkin_cmake_args' from command line to 'None'
[0.387s] Level 5:colcon.colcon_core.verb:set package 'learning_tf2_py' build argument 'catkin_skip_building_tests' from command line to 'False'
[0.387s] DEBUG:colcon.colcon_core.verb:Building package 'learning_tf2_py' with the following arguments: {'ament_cmake_args': None, 'build_base': '/home/prts/RBOT250/src/build/learning_tf2_py', 'catkin_cmake_args': None, 'catkin_skip_building_tests': False, 'cmake_args': None, 'cmake_clean_cache': False, 'cmake_clean_first': False, 'cmake_force_configure': False, 'cmake_target': None, 'cmake_target_skip_unavailable': False, 'install_base': '/home/prts/RBOT250/src/install/learning_tf2_py', 'merge_install': False, 'path': '/home/prts/RBOT250/src/learning_tf2_py', 'symlink_install': False, 'test_result_base': None}
[0.391s] Level 5:colcon.colcon_core.verb:set package 'my_cpp_py_pkg' build argument 'cmake_args' from command line to 'None'
[0.391s] Level 5:colcon.colcon_core.verb:set package 'my_cpp_py_pkg' build argument 'cmake_target' from command line to 'None'
[0.391s] Level 5:colcon.colcon_core.verb:set package 'my_cpp_py_pkg' build argument 'cmake_target_skip_unavailable' from command line to 'False'
[0.391s] Level 5:colcon.colcon_core.verb:set package 'my_cpp_py_pkg' build argument 'cmake_clean_cache' from command line to 'False'
[0.391s] Level 5:colcon.colcon_core.verb:set package 'my_cpp_py_pkg' build argument 'cmake_clean_first' from command line to 'False'
[0.391s] Level 5:colcon.colcon_core.verb:set package 'my_cpp_py_pkg' build argument 'cmake_force_configure' from command line to 'False'
[0.391s] Level 5:colcon.colcon_core.verb:set package 'my_cpp_py_pkg' build argument 'ament_cmake_args' from command line to 'None'
[0.391s] Level 5:colcon.colcon_core.verb:set package 'my_cpp_py_pkg' build argument 'catkin_cmake_args' from command line to 'None'
[0.391s] Level 5:colcon.colcon_core.verb:set package 'my_cpp_py_pkg' build argument 'catkin_skip_building_tests' from command line to 'False'
[0.391s] DEBUG:colcon.colcon_core.verb:Building package 'my_cpp_py_pkg' with the following arguments: {'ament_cmake_args': None, 'build_base': '/home/prts/RBOT250/src/build/my_cpp_py_pkg', 'catkin_cmake_args': None, 'catkin_skip_building_tests': False, 'cmake_args': None, 'cmake_clean_cache': False, 'cmake_clean_first': False, 'cmake_force_configure': False, 'cmake_target': None, 'cmake_target_skip_unavailable': False, 'install_base': '/home/prts/RBOT250/src/install/my_cpp_py_pkg', 'merge_install': False, 'path': '/home/prts/RBOT250/src/my_cpp_py_pkg', 'symlink_install': False, 'test_result_base': None}
[0.391s] INFO:colcon.colcon_core.executor:Executing jobs using 'parallel' executor
[0.393s] DEBUG:colcon.colcon_parallel_executor.executor.parallel:run_until_complete
[0.394s] INFO:colcon.colcon_ros.task.ament_cmake.build:Building ROS package in '/home/prts/RBOT250/src/cpp_pubsub' with build type 'ament_cmake'
[0.394s] INFO:colcon.colcon_cmake.task.cmake.build:Building CMake package in '/home/prts/RBOT250/src/cpp_pubsub'
[0.399s] INFO:colcon.colcon_core.plugin_system:Skipping extension 'colcon_core.shell.bat': Not used on non-Windows systems
[0.399s] INFO:colcon.colcon_core.shell:Skip shell extension 'powershell' for command environment: Not usable outside of PowerShell
[0.399s] DEBUG:colcon.colcon_core.shell:Skip shell extension 'dsv' for command environment
[0.409s] INFO:colcon.colcon_ros.task.ament_cmake.build:Building ROS package in '/home/prts/RBOT250/src/learning_tf2_cpp' with build type 'ament_cmake'
[0.410s] INFO:colcon.colcon_cmake.task.cmake.build:Building CMake package in '/home/prts/RBOT250/src/learning_tf2_cpp'
[0.411s] INFO:colcon.colcon_core.shell:Skip shell extension 'powershell' for command environment: Not usable outside of PowerShell
[0.411s] DEBUG:colcon.colcon_core.shell:Skip shell extension 'dsv' for command environment
[0.419s] INFO:colcon.colcon_ros.task.ament_python.build:Building ROS package in '/home/prts/RBOT250/src/learning_tf2_py' with build type 'ament_python'
[0.420s] Level 1:colcon.colcon_core.shell:create_environment_hook('learning_tf2_py', 'ament_prefix_path')
[0.422s] INFO:colcon.colcon_core.shell:Creating environment hook '/home/prts/RBOT250/src/install/learning_tf2_py/share/learning_tf2_py/hook/ament_prefix_path.ps1'
[0.423s] INFO:colcon.colcon_core.shell:Creating environment descriptor '/home/prts/RBOT250/src/install/learning_tf2_py/share/learning_tf2_py/hook/ament_prefix_path.dsv'
[0.424s] INFO:colcon.colcon_core.shell:Creating environment hook '/home/prts/RBOT250/src/install/learning_tf2_py/share/learning_tf2_py/hook/ament_prefix_path.sh'
[0.427s] INFO:colcon.colcon_core.shell:Skip shell extension 'powershell' for command environment: Not usable outside of PowerShell
[0.427s] DEBUG:colcon.colcon_core.shell:Skip shell extension 'dsv' for command environment
[0.438s] INFO:colcon.colcon_ros.task.ament_cmake.build:Building ROS package in '/home/prts/RBOT250/src/my_cpp_py_pkg' with build type 'ament_cmake'
[0.439s] INFO:colcon.colcon_cmake.task.cmake.build:Building CMake package in '/home/prts/RBOT250/src/my_cpp_py_pkg'
[0.440s] INFO:colcon.colcon_core.shell:Skip shell extension 'powershell' for command environment: Not usable outside of PowerShell
[0.440s] DEBUG:colcon.colcon_core.shell:Skip shell extension 'dsv' for command environment
[0.461s] DEBUG:colcon.colcon_core.event_handler.log_command:Invoking command in '/home/prts/RBOT250/src/build/cpp_pubsub': /usr/bin/cmake --build /home/prts/RBOT250/src/build/cpp_pubsub -- -j4 -l4
[0.470s] DEBUG:colcon.colcon_core.event_handler.log_command:Invoking command in '/home/prts/RBOT250/src/build/learning_tf2_cpp': /usr/bin/cmake --build /home/prts/RBOT250/src/build/learning_tf2_cpp -- -j4 -l4
[0.781s] INFO:colcon.colcon_core.task.python.build:Building Python package in '/home/prts/RBOT250/src/learning_tf2_py'
[0.783s] INFO:colcon.colcon_core.shell:Skip shell extension 'powershell' for command environment: Not usable outside of PowerShell
[0.783s] DEBUG:colcon.colcon_core.shell:Skip shell extension 'dsv' for command environment
[0.806s] DEBUG:colcon.colcon_core.event_handler.log_command:Invoking command in '/home/prts/RBOT250/src/build/my_cpp_py_pkg': /usr/bin/cmake --build /home/prts/RBOT250/src/build/my_cpp_py_pkg -- -j4 -l4
[0.809s] DEBUG:colcon.colcon_core.event_handler.log_command:Invoked command in '/home/prts/RBOT250/src/build/cpp_pubsub' returned '0': /usr/bin/cmake --build /home/prts/RBOT250/src/build/cpp_pubsub -- -j4 -l4
[0.821s] DEBUG:colcon.colcon_core.event_handler.log_command:Invoking command in '/home/prts/RBOT250/src/learning_tf2_py': PYTHONPATH=/home/prts/RBOT250/src/install/learning_tf2_py/lib/python3.8/site-packages:${PYTHONPATH} /usr/bin/python3 setup.py egg_info --egg-base ../build/learning_tf2_py build --build-base /home/prts/RBOT250/src/build/learning_tf2_py/build install --prefix /home/prts/RBOT250/src/install/learning_tf2_py --record /home/prts/RBOT250/src/build/learning_tf2_py/install.log --single-version-externally-managed
[0.879s] DEBUG:colcon.colcon_core.event_handler.log_command:Invoking command in '/home/prts/RBOT250/src/build/cpp_pubsub': /usr/bin/cmake --install /home/prts/RBOT250/src/build/cpp_pubsub
[0.897s] Level 1:colcon.colcon_core.environment:create_environment_scripts_only(cpp_pubsub)
[0.900s] DEBUG:colcon.colcon_core.event_handler.log_command:Invoked command in '/home/prts/RBOT250/src/build/cpp_pubsub' returned '0': /usr/bin/cmake --install /home/prts/RBOT250/src/build/cpp_pubsub
[0.903s] Level 1:colcon.colcon_core.environment:checking '/home/prts/RBOT250/src/install/cpp_pubsub' for CMake module files
[0.904s] Level 1:colcon.colcon_core.environment:checking '/home/prts/RBOT250/src/install/cpp_pubsub' for CMake config files
[0.905s] Level 1:colcon.colcon_core.shell:create_environment_hook('cpp_pubsub', 'cmake_prefix_path')
[0.905s] INFO:colcon.colcon_core.shell:Creating environment hook '/home/prts/RBOT250/src/install/cpp_pubsub/share/cpp_pubsub/hook/cmake_prefix_path.ps1'
[0.906s] INFO:colcon.colcon_core.shell:Creating environment descriptor '/home/prts/RBOT250/src/install/cpp_pubsub/share/cpp_pubsub/hook/cmake_prefix_path.dsv'
[0.907s] INFO:colcon.colcon_core.shell:Creating environment hook '/home/prts/RBOT250/src/install/cpp_pubsub/share/cpp_pubsub/hook/cmake_prefix_path.sh'
[0.907s] Level 1:colcon.colcon_core.environment:checking '/home/prts/RBOT250/src/install/cpp_pubsub/lib'
[0.908s] Level 1:colcon.colcon_core.environment:checking '/home/prts/RBOT250/src/install/cpp_pubsub/bin'
[0.908s] Level 1:colcon.colcon_core.environment:checking '/home/prts/RBOT250/src/install/cpp_pubsub/lib/pkgconfig/cpp_pubsub.pc'
[0.908s] Level 1:colcon.colcon_core.environment:checking '/home/prts/RBOT250/src/install/cpp_pubsub/lib/python3.8/site-packages'
[0.909s] INFO:colcon.colcon_core.shell:Creating package script '/home/prts/RBOT250/src/install/cpp_pubsub/share/cpp_pubsub/package.ps1'
[0.910s] INFO:colcon.colcon_core.shell:Creating package descriptor '/home/prts/RBOT250/src/install/cpp_pubsub/share/cpp_pubsub/package.dsv'
[0.910s] INFO:colcon.colcon_core.shell:Creating package script '/home/prts/RBOT250/src/install/cpp_pubsub/share/cpp_pubsub/package.sh'
[0.911s] INFO:colcon.colcon_core.shell:Creating package script '/home/prts/RBOT250/src/install/cpp_pubsub/share/cpp_pubsub/package.bash'
[0.913s] INFO:colcon.colcon_core.shell:Creating package script '/home/prts/RBOT250/src/install/cpp_pubsub/share/cpp_pubsub/package.zsh'
[0.914s] Level 1:colcon.colcon_core.environment:create_file_with_runtime_dependencies(/home/prts/RBOT250/src/install/cpp_pubsub/share/colcon-core/packages/cpp_pubsub)
[0.922s] DEBUG:colcon.colcon_core.event_handler.log_command:Invoked command in '/home/prts/RBOT250/src/build/learning_tf2_cpp' returned '0': /usr/bin/cmake --build /home/prts/RBOT250/src/build/learning_tf2_cpp -- -j4 -l4
[0.955s] Level 1:colcon.colcon_core.environment:create_environment_scripts_only(cpp_pubsub)
[0.956s] Level 1:colcon.colcon_core.environment:checking '/home/prts/RBOT250/src/install/cpp_pubsub' for CMake module files
[0.957s] Level 1:colcon.colcon_core.environment:checking '/home/prts/RBOT250/src/install/cpp_pubsub' for CMake config files
[0.957s] Level 1:colcon.colcon_core.shell:create_environment_hook('cpp_pubsub', 'cmake_prefix_path')
[0.958s] INFO:colcon.colcon_core.shell:Creating environment hook '/home/prts/RBOT250/src/install/cpp_pubsub/share/cpp_pubsub/hook/cmake_prefix_path.ps1'
[0.959s] INFO:colcon.colcon_core.shell:Creating environment descriptor '/home/prts/RBOT250/src/install/cpp_pubsub/share/cpp_pubsub/hook/cmake_prefix_path.dsv'
[0.959s] INFO:colcon.colcon_core.shell:Creating environment hook '/home/prts/RBOT250/src/install/cpp_pubsub/share/cpp_pubsub/hook/cmake_prefix_path.sh'
[0.960s] Level 1:colcon.colcon_core.environment:checking '/home/prts/RBOT250/src/install/cpp_pubsub/lib'
[0.960s] Level 1:colcon.colcon_core.environment:checking '/home/prts/RBOT250/src/install/cpp_pubsub/bin'
[0.960s] Level 1:colcon.colcon_core.environment:checking '/home/prts/RBOT250/src/install/cpp_pubsub/lib/pkgconfig/cpp_pubsub.pc'
[0.960s] Level 1:colcon.colcon_core.environment:checking '/home/prts/RBOT250/src/install/cpp_pubsub/lib/python3.8/site-packages'
[0.961s] INFO:colcon.colcon_core.shell:Creating package script '/home/prts/RBOT250/src/install/cpp_pubsub/share/cpp_pubsub/package.ps1'
[0.962s] INFO:colcon.colcon_core.shell:Creating package descriptor '/home/prts/RBOT250/src/install/cpp_pubsub/share/cpp_pubsub/package.dsv'
[0.963s] INFO:colcon.colcon_core.shell:Creating package script '/home/prts/RBOT250/src/install/cpp_pubsub/share/cpp_pubsub/package.sh'
[0.964s] INFO:colcon.colcon_core.shell:Creating package script '/home/prts/RBOT250/src/install/cpp_pubsub/share/cpp_pubsub/package.bash'
[0.964s] INFO:colcon.colcon_core.shell:Creating package script '/home/prts/RBOT250/src/install/cpp_pubsub/share/cpp_pubsub/package.zsh'
[0.965s] Level 1:colcon.colcon_core.environment:create_file_with_runtime_dependencies(/home/prts/RBOT250/src/install/cpp_pubsub/share/colcon-core/packages/cpp_pubsub)
[0.969s] DEBUG:colcon.colcon_core.event_handler.log_command:Invoking command in '/home/prts/RBOT250/src/build/learning_tf2_cpp': /usr/bin/cmake --install /home/prts/RBOT250/src/build/learning_tf2_cpp
[1.029s] Level 1:colcon.colcon_core.environment:create_environment_scripts_only(learning_tf2_cpp)
[1.030s] Level 1:colcon.colcon_core.environment:checking '/home/prts/RBOT250/src/install/learning_tf2_cpp' for CMake module files
[1.031s] Level 1:colcon.colcon_core.environment:checking '/home/prts/RBOT250/src/install/learning_tf2_cpp' for CMake config files
[1.031s] Level 1:colcon.colcon_core.shell:create_environment_hook('learning_tf2_cpp', 'cmake_prefix_path')
[1.032s] INFO:colcon.colcon_core.shell:Creating environment hook '/home/prts/RBOT250/src/install/learning_tf2_cpp/share/learning_tf2_cpp/hook/cmake_prefix_path.ps1'
[1.032s] INFO:colcon.colcon_core.shell:Creating environment descriptor '/home/prts/RBOT250/src/install/learning_tf2_cpp/share/learning_tf2_cpp/hook/cmake_prefix_path.dsv'
[1.033s] INFO:colcon.colcon_core.shell:Creating environment hook '/home/prts/RBOT250/src/install/learning_tf2_cpp/share/learning_tf2_cpp/hook/cmake_prefix_path.sh'
[1.033s] Level 1:colcon.colcon_core.environment:checking '/home/prts/RBOT250/src/install/learning_tf2_cpp/lib'
[1.034s] Level 1:colcon.colcon_core.environment:checking '/home/prts/RBOT250/src/install/learning_tf2_cpp/bin'
[1.034s] Level 1:colcon.colcon_core.environment:checking '/home/prts/RBOT250/src/install/learning_tf2_cpp/lib/pkgconfig/learning_tf2_cpp.pc'
[1.034s] Level 1:colcon.colcon_core.environment:checking '/home/prts/RBOT250/src/install/learning_tf2_cpp/lib/python3.8/site-packages'
[1.034s] Level 1:colcon.colcon_core.shell:create_environment_hook('learning_tf2_cpp', 'pythonpath')
[1.035s] INFO:colcon.colcon_core.shell:Creating environment hook '/home/prts/RBOT250/src/install/learning_tf2_cpp/share/learning_tf2_cpp/hook/pythonpath.ps1'
[1.035s] INFO:colcon.colcon_core.shell:Creating environment descriptor '/home/prts/RBOT250/src/install/learning_tf2_cpp/share/learning_tf2_cpp/hook/pythonpath.dsv'
[1.035s] INFO:colcon.colcon_core.shell:Creating environment hook '/home/prts/RBOT250/src/install/learning_tf2_cpp/share/learning_tf2_cpp/hook/pythonpath.sh'
[1.036s] INFO:colcon.colcon_core.shell:Creating package script '/home/prts/RBOT250/src/install/learning_tf2_cpp/share/learning_tf2_cpp/package.ps1'
[1.037s] INFO:colcon.colcon_core.shell:Creating package descriptor '/home/prts/RBOT250/src/install/learning_tf2_cpp/share/learning_tf2_cpp/package.dsv'
[1.038s] INFO:colcon.colcon_core.shell:Creating package script '/home/prts/RBOT250/src/install/learning_tf2_cpp/share/learning_tf2_cpp/package.sh'
[1.039s] INFO:colcon.colcon_core.shell:Creating package script '/home/prts/RBOT250/src/install/learning_tf2_cpp/share/learning_tf2_cpp/package.bash'
[1.039s] INFO:colcon.colcon_core.shell:Creating package script '/home/prts/RBOT250/src/install/learning_tf2_cpp/share/learning_tf2_cpp/package.zsh'
[1.039s] Level 1:colcon.colcon_core.environment:create_file_with_runtime_dependencies(/home/prts/RBOT250/src/install/learning_tf2_cpp/share/colcon-core/packages/learning_tf2_cpp)
[1.045s] DEBUG:colcon.colcon_core.event_handler.log_command:Invoked command in '/home/prts/RBOT250/src/build/learning_tf2_cpp' returned '0': /usr/bin/cmake --install /home/prts/RBOT250/src/build/learning_tf2_cpp
[1.068s] Level 1:colcon.colcon_core.environment:create_environment_scripts_only(learning_tf2_cpp)
[1.069s] Level 1:colcon.colcon_core.environment:checking '/home/prts/RBOT250/src/install/learning_tf2_cpp' for CMake module files
[1.070s] Level 1:colcon.colcon_core.environment:checking '/home/prts/RBOT250/src/install/learning_tf2_cpp' for CMake config files
[1.070s] Level 1:colcon.colcon_core.shell:create_environment_hook('learning_tf2_cpp', 'cmake_prefix_path')
[1.071s] INFO:colcon.colcon_core.shell:Creating environment hook '/home/prts/RBOT250/src/install/learning_tf2_cpp/share/learning_tf2_cpp/hook/cmake_prefix_path.ps1'
[1.071s] INFO:colcon.colcon_core.shell:Creating environment descriptor '/home/prts/RBOT250/src/install/learning_tf2_cpp/share/learning_tf2_cpp/hook/cmake_prefix_path.dsv'
[1.072s] INFO:colcon.colcon_core.shell:Creating environment hook '/home/prts/RBOT250/src/install/learning_tf2_cpp/share/learning_tf2_cpp/hook/cmake_prefix_path.sh'
[1.073s] Level 1:colcon.colcon_core.environment:checking '/home/prts/RBOT250/src/install/learning_tf2_cpp/lib'
[1.073s] Level 1:colcon.colcon_core.environment:checking '/home/prts/RBOT250/src/install/learning_tf2_cpp/bin'
[1.073s] Level 1:colcon.colcon_core.environment:checking '/home/prts/RBOT250/src/install/learning_tf2_cpp/lib/pkgconfig/learning_tf2_cpp.pc'
[1.073s] Level 1:colcon.colcon_core.environment:checking '/home/prts/RBOT250/src/install/learning_tf2_cpp/lib/python3.8/site-packages'
[1.073s] Level 1:colcon.colcon_core.shell:create_environment_hook('learning_tf2_cpp', 'pythonpath')
[1.074s] INFO:colcon.colcon_core.shell:Creating environment hook '/home/prts/RBOT250/src/install/learning_tf2_cpp/share/learning_tf2_cpp/hook/pythonpath.ps1'
[1.074s] INFO:colcon.colcon_core.shell:Creating environment descriptor '/home/prts/RBOT250/src/install/learning_tf2_cpp/share/learning_tf2_cpp/hook/pythonpath.dsv'
[1.075s] INFO:colcon.colcon_core.shell:Creating environment hook '/home/prts/RBOT250/src/install/learning_tf2_cpp/share/learning_tf2_cpp/hook/pythonpath.sh'
[1.076s] INFO:colcon.colcon_core.shell:Creating package script '/home/prts/RBOT250/src/install/learning_tf2_cpp/share/learning_tf2_cpp/package.ps1'
[1.077s] INFO:colcon.colcon_core.shell:Creating package descriptor '/home/prts/RBOT250/src/install/learning_tf2_cpp/share/learning_tf2_cpp/package.dsv'
[1.077s] INFO:colcon.colcon_core.shell:Creating package script '/home/prts/RBOT250/src/install/learning_tf2_cpp/share/learning_tf2_cpp/package.sh'
[1.078s] INFO:colcon.colcon_core.shell:Creating package script '/home/prts/RBOT250/src/install/learning_tf2_cpp/share/learning_tf2_cpp/package.bash'
[1.079s] INFO:colcon.colcon_core.shell:Creating package script '/home/prts/RBOT250/src/install/learning_tf2_cpp/share/learning_tf2_cpp/package.zsh'
[1.079s] Level 1:colcon.colcon_core.environment:create_file_with_runtime_dependencies(/home/prts/RBOT250/src/install/learning_tf2_cpp/share/colcon-core/packages/learning_tf2_cpp)
[1.202s] Level 1:colcon.colcon_core.environment:checking '/home/prts/RBOT250/src/install/learning_tf2_py' for CMake module files
[1.203s] DEBUG:colcon.colcon_core.event_handler.log_command:Invoked command in '/home/prts/RBOT250/src/learning_tf2_py' returned '0': PYTHONPATH=/home/prts/RBOT250/src/install/learning_tf2_py/lib/python3.8/site-packages:${PYTHONPATH} /usr/bin/python3 setup.py egg_info --egg-base ../build/learning_tf2_py build --build-base /home/prts/RBOT250/src/build/learning_tf2_py/build install --prefix /home/prts/RBOT250/src/install/learning_tf2_py --record /home/prts/RBOT250/src/build/learning_tf2_py/install.log --single-version-externally-managed
[1.203s] Level 1:colcon.colcon_core.environment:checking '/home/prts/RBOT250/src/install/learning_tf2_py' for CMake config files
[1.203s] Level 1:colcon.colcon_core.environment:checking '/home/prts/RBOT250/src/install/learning_tf2_py/lib'
[1.204s] Level 1:colcon.colcon_core.environment:checking '/home/prts/RBOT250/src/install/learning_tf2_py/bin'
[1.204s] Level 1:colcon.colcon_core.environment:checking '/home/prts/RBOT250/src/install/learning_tf2_py/lib/pkgconfig/learning_tf2_py.pc'
[1.204s] Level 1:colcon.colcon_core.environment:checking '/home/prts/RBOT250/src/install/learning_tf2_py/lib/python3.8/site-packages'
[1.204s] Level 1:colcon.colcon_core.shell:create_environment_hook('learning_tf2_py', 'pythonpath')
[1.205s] INFO:colcon.colcon_core.shell:Creating environment hook '/home/prts/RBOT250/src/install/learning_tf2_py/share/learning_tf2_py/hook/pythonpath.ps1'
[1.205s] INFO:colcon.colcon_core.shell:Creating environment descriptor '/home/prts/RBOT250/src/install/learning_tf2_py/share/learning_tf2_py/hook/pythonpath.dsv'
[1.205s] INFO:colcon.colcon_core.shell:Creating environment hook '/home/prts/RBOT250/src/install/learning_tf2_py/share/learning_tf2_py/hook/pythonpath.sh'
[1.206s] Level 1:colcon.colcon_core.environment:create_environment_scripts_only(learning_tf2_py)
[1.207s] INFO:colcon.colcon_core.shell:Creating package script '/home/prts/RBOT250/src/install/learning_tf2_py/share/learning_tf2_py/package.ps1'
[1.208s] INFO:colcon.colcon_core.shell:Creating package descriptor '/home/prts/RBOT250/src/install/learning_tf2_py/share/learning_tf2_py/package.dsv'
[1.209s] INFO:colcon.colcon_core.shell:Creating package script '/home/prts/RBOT250/src/install/learning_tf2_py/share/learning_tf2_py/package.sh'
[1.210s] INFO:colcon.colcon_core.shell:Creating package script '/home/prts/RBOT250/src/install/learning_tf2_py/share/learning_tf2_py/package.bash'
[1.210s] INFO:colcon.colcon_core.shell:Creating package script '/home/prts/RBOT250/src/install/learning_tf2_py/share/learning_tf2_py/package.zsh'
[1.211s] Level 1:colcon.colcon_core.environment:create_file_with_runtime_dependencies(/home/prts/RBOT250/src/install/learning_tf2_py/share/colcon-core/packages/learning_tf2_py)
[7.311s] DEBUG:colcon.colcon_core.event_handler.log_command:Invoked command in '/home/prts/RBOT250/src/build/my_cpp_py_pkg' returned '2': /usr/bin/cmake --build /home/prts/RBOT250/src/build/my_cpp_py_pkg -- -j4 -l4
[7.348s] Level 1:colcon.colcon_core.environment:create_environment_scripts_only(my_cpp_py_pkg)
[7.350s] Level 1:colcon.colcon_core.environment:checking '/home/prts/RBOT250/src/install/my_cpp_py_pkg' for CMake module files
[7.352s] Level 1:colcon.colcon_core.environment:checking '/home/prts/RBOT250/src/install/my_cpp_py_pkg' for CMake config files
[7.352s] Level 1:colcon.colcon_core.shell:create_environment_hook('my_cpp_py_pkg', 'cmake_prefix_path')
[7.354s] INFO:colcon.colcon_core.shell:Creating environment hook '/home/prts/RBOT250/src/install/my_cpp_py_pkg/share/my_cpp_py_pkg/hook/cmake_prefix_path.ps1'
[7.355s] INFO:colcon.colcon_core.shell:Creating environment descriptor '/home/prts/RBOT250/src/install/my_cpp_py_pkg/share/my_cpp_py_pkg/hook/cmake_prefix_path.dsv'
[7.356s] INFO:colcon.colcon_core.shell:Creating environment hook '/home/prts/RBOT250/src/install/my_cpp_py_pkg/share/my_cpp_py_pkg/hook/cmake_prefix_path.sh'
[7.357s] Level 1:colcon.colcon_core.environment:checking '/home/prts/RBOT250/src/install/my_cpp_py_pkg/lib'
[7.357s] Level 1:colcon.colcon_core.environment:checking '/home/prts/RBOT250/src/install/my_cpp_py_pkg/bin'
[7.357s] Level 1:colcon.colcon_core.environment:checking '/home/prts/RBOT250/src/install/my_cpp_py_pkg/lib/pkgconfig/my_cpp_py_pkg.pc'
[7.357s] Level 1:colcon.colcon_core.environment:checking '/home/prts/RBOT250/src/install/my_cpp_py_pkg/lib/python3.8/site-packages'
[7.357s] Level 1:colcon.colcon_core.shell:create_environment_hook('my_cpp_py_pkg', 'pythonpath')
[7.358s] INFO:colcon.colcon_core.shell:Creating environment hook '/home/prts/RBOT250/src/install/my_cpp_py_pkg/share/my_cpp_py_pkg/hook/pythonpath.ps1'
[7.359s] INFO:colcon.colcon_core.shell:Creating environment descriptor '/home/prts/RBOT250/src/install/my_cpp_py_pkg/share/my_cpp_py_pkg/hook/pythonpath.dsv'
[7.360s] INFO:colcon.colcon_core.shell:Creating environment hook '/home/prts/RBOT250/src/install/my_cpp_py_pkg/share/my_cpp_py_pkg/hook/pythonpath.sh'
[7.362s] INFO:colcon.colcon_core.shell:Creating package script '/home/prts/RBOT250/src/install/my_cpp_py_pkg/share/my_cpp_py_pkg/package.ps1'
[7.363s] INFO:colcon.colcon_core.shell:Creating package descriptor '/home/prts/RBOT250/src/install/my_cpp_py_pkg/share/my_cpp_py_pkg/package.dsv'
[7.363s] INFO:colcon.colcon_core.shell:Creating package script '/home/prts/RBOT250/src/install/my_cpp_py_pkg/share/my_cpp_py_pkg/package.sh'
[7.364s] INFO:colcon.colcon_core.shell:Creating package script '/home/prts/RBOT250/src/install/my_cpp_py_pkg/share/my_cpp_py_pkg/package.bash'
[7.364s] INFO:colcon.colcon_core.shell:Creating package script '/home/prts/RBOT250/src/install/my_cpp_py_pkg/share/my_cpp_py_pkg/package.zsh'
[7.364s] Level 1:colcon.colcon_core.environment:create_file_with_runtime_dependencies(/home/prts/RBOT250/src/install/my_cpp_py_pkg/share/colcon-core/packages/my_cpp_py_pkg)
[7.375s] DEBUG:colcon.colcon_parallel_executor.executor.parallel:closing loop
[7.375s] DEBUG:colcon.colcon_parallel_executor.executor.parallel:loop closed
[7.375s] DEBUG:colcon.colcon_parallel_executor.executor.parallel:run_until_complete finished with '2'
[7.376s] DEBUG:colcon.colcon_core.event_reactor:joining thread
[7.389s] INFO:colcon.colcon_core.plugin_system:Skipping extension 'colcon_notification.desktop_notification.terminal_notifier': Not used on non-Darwin systems
[7.389s] INFO:colcon.colcon_core.plugin_system:Skipping extension 'colcon_notification.desktop_notification.win32': Not used on non-Windows systems
[7.389s] INFO:colcon.colcon_notification.desktop_notification:Sending desktop notification using 'notify2'
[7.410s] DEBUG:colcon.colcon_core.event_reactor:joined thread
[7.412s] INFO:colcon.colcon_core.shell:Creating prefix script '/home/prts/RBOT250/src/install/local_setup.ps1'
[7.415s] INFO:colcon.colcon_core.shell:Creating prefix util module '/home/prts/RBOT250/src/install/_local_setup_util_ps1.py'
[7.418s] INFO:colcon.colcon_core.shell:Creating prefix chain script '/home/prts/RBOT250/src/install/setup.ps1'
[7.421s] INFO:colcon.colcon_core.shell:Creating prefix script '/home/prts/RBOT250/src/install/local_setup.sh'
[7.422s] INFO:colcon.colcon_core.shell:Creating prefix util module '/home/prts/RBOT250/src/install/_local_setup_util_sh.py'
[7.422s] INFO:colcon.colcon_core.shell:Creating prefix chain script '/home/prts/RBOT250/src/install/setup.sh'
[7.425s] INFO:colcon.colcon_core.shell:Creating prefix script '/home/prts/RBOT250/src/install/local_setup.bash'
[7.425s] INFO:colcon.colcon_core.shell:Creating prefix chain script '/home/prts/RBOT250/src/install/setup.bash'
[7.428s] INFO:colcon.colcon_core.shell:Creating prefix script '/home/prts/RBOT250/src/install/local_setup.zsh'
[7.428s] INFO:colcon.colcon_core.shell:Creating prefix chain script '/home/prts/RBOT250/src/install/setup.zsh'
