[0.280s] DEBUG:colcon:Command line arguments: ['/usr/bin/colcon', 'build', '--packages-select', 'my_cpp_py_pkg']
[0.280s] DEBUG:colcon:Parsed command line arguments: Namespace(ament_cmake_args=None, base_paths=['.'], build_base='build', catkin_cmake_args=None, catkin_skip_building_tests=False, cmake_args=None, cmake_clean_cache=False, cmake_clean_first=False, cmake_force_configure=False, cmake_target=None, cmake_target_skip_unavailable=False, continue_on_error=False, event_handlers=None, executor='parallel', ignore_user_meta=False, install_base='install', log_base=None, log_level=None, main=<bound method BuildVerb.main of <colcon_core.verb.build.BuildVerb object at 0x7ff345f9fcd0>>, merge_install=False, metas=['./colcon.meta'], packages_above=None, packages_above_and_dependencies=None, packages_above_depth=None, packages_end=None, packages_ignore=None, packages_ignore_regex=None, packages_select=['my_cpp_py_pkg'], packages_select_build_failed=False, packages_select_by_dep=None, packages_select_regex=None, packages_select_test_failures=False, packages_skip=None, packages_skip_build_finished=False, packages_skip_by_dep=None, packages_skip_regex=None, packages_skip_test_passed=False, packages_skip_up_to=None, packages_start=None, packages_up_to=None, packages_up_to_regex=None, parallel_workers=4, paths=None, symlink_install=False, test_result_base=None, verb_extension=<colcon_core.verb.build.BuildVerb object at 0x7ff345f9fcd0>, verb_name='build', verb_parser=<colcon_defaults.argument_parser.defaults.DefaultArgumentsDecorator object at 0x7ff345fa8280>)
[0.285s] Level 1:colcon.colcon_core.package_discovery:discover_packages(colcon_meta) check parameters
[0.285s] Level 1:colcon.colcon_core.package_discovery:discover_packages(recursive) check parameters
[0.285s] Level 1:colcon.colcon_core.package_discovery:discover_packages(ignore) check parameters
[0.285s] Level 1:colcon.colcon_core.package_discovery:discover_packages(path) check parameters
[0.285s] Level 1:colcon.colcon_core.package_discovery:discover_packages(colcon_meta) discover
[0.286s] Level 1:colcon.colcon_core.package_discovery:discover_packages(recursive) discover
[0.286s] INFO:colcon.colcon_core.package_discovery:Crawling recursively for packages in '/home/prts/RBTO250 Github/RBOT_250_Assignment_3/RBOT250'
[0.286s] Level 1:colcon.colcon_core.package_identification:_identify(.) by extensions ['ignore', 'ignore_ament_install']
[0.286s] Level 1:colcon.colcon_core.package_identification:_identify(.) by extension 'ignore'
[0.286s] Level 1:colcon.colcon_core.package_identification:_identify(.) by extension 'ignore_ament_install'
[0.286s] Level 1:colcon.colcon_core.package_identification:_identify(.) by extensions ['colcon_pkg']
[0.286s] Level 1:colcon.colcon_core.package_identification:_identify(.) by extension 'colcon_pkg'
[0.286s] Level 1:colcon.colcon_core.package_identification:_identify(.) by extensions ['colcon_meta']
[0.286s] Level 1:colcon.colcon_core.package_identification:_identify(.) by extension 'colcon_meta'
[0.286s] Level 1:colcon.colcon_core.package_identification:_identify(.) by extensions ['ros']
[0.286s] Level 1:colcon.colcon_core.package_identification:_identify(.) by extension 'ros'
[0.297s] Level 1:colcon.colcon_core.package_identification:_identify(.) by extensions ['cmake', 'python']
[0.297s] Level 1:colcon.colcon_core.package_identification:_identify(.) by extension 'cmake'
[0.298s] Level 1:colcon.colcon_core.package_identification:_identify(.) by extension 'python'
[0.298s] Level 1:colcon.colcon_core.package_identification:_identify(.) by extensions ['python_setup_py']
[0.298s] Level 1:colcon.colcon_core.package_identification:_identify(.) by extension 'python_setup_py'
[0.298s] Level 1:colcon.colcon_core.package_identification:_identify(build) by extensions ['ignore', 'ignore_ament_install']
[0.298s] Level 1:colcon.colcon_core.package_identification:_identify(build) by extension 'ignore'
[0.298s] Level 1:colcon.colcon_core.package_identification:_identify(build) ignored
[0.298s] Level 1:colcon.colcon_core.package_identification:_identify(install) by extensions ['ignore', 'ignore_ament_install']
[0.298s] Level 1:colcon.colcon_core.package_identification:_identify(install) by extension 'ignore'
[0.298s] Level 1:colcon.colcon_core.package_identification:_identify(install) ignored
[0.298s] Level 1:colcon.colcon_core.package_identification:_identify(log) by extensions ['ignore', 'ignore_ament_install']
[0.299s] Level 1:colcon.colcon_core.package_identification:_identify(log) by extension 'ignore'
[0.299s] Level 1:colcon.colcon_core.package_identification:_identify(log) ignored
[0.299s] Level 1:colcon.colcon_core.package_identification:_identify(src) by extensions ['ignore', 'ignore_ament_install']
[0.299s] Level 1:colcon.colcon_core.package_identification:_identify(src) by extension 'ignore'
[0.299s] Level 1:colcon.colcon_core.package_identification:_identify(src) by extension 'ignore_ament_install'
[0.299s] Level 1:colcon.colcon_core.package_identification:_identify(src) by extensions ['colcon_pkg']
[0.299s] Level 1:colcon.colcon_core.package_identification:_identify(src) by extension 'colcon_pkg'
[0.299s] Level 1:colcon.colcon_core.package_identification:_identify(src) by extensions ['colcon_meta']
[0.299s] Level 1:colcon.colcon_core.package_identification:_identify(src) by extension 'colcon_meta'
[0.299s] Level 1:colcon.colcon_core.package_identification:_identify(src) by extensions ['ros']
[0.299s] Level 1:colcon.colcon_core.package_identification:_identify(src) by extension 'ros'
[0.299s] Level 1:colcon.colcon_core.package_identification:_identify(src) by extensions ['cmake', 'python']
[0.299s] Level 1:colcon.colcon_core.package_identification:_identify(src) by extension 'cmake'
[0.299s] Level 1:colcon.colcon_core.package_identification:_identify(src) by extension 'python'
[0.299s] Level 1:colcon.colcon_core.package_identification:_identify(src) by extensions ['python_setup_py']
[0.299s] Level 1:colcon.colcon_core.package_identification:_identify(src) by extension 'python_setup_py'
[0.299s] Level 1:colcon.colcon_core.package_identification:_identify(src/build) by extensions ['ignore', 'ignore_ament_install']
[0.300s] Level 1:colcon.colcon_core.package_identification:_identify(src/build) by extension 'ignore'
[0.300s] Level 1:colcon.colcon_core.package_identification:_identify(src/build) ignored
[0.300s] Level 1:colcon.colcon_core.package_identification:_identify(src/cpp_srvcli) by extensions ['ignore', 'ignore_ament_install']
[0.300s] Level 1:colcon.colcon_core.package_identification:_identify(src/cpp_srvcli) by extension 'ignore'
[0.300s] Level 1:colcon.colcon_core.package_identification:_identify(src/cpp_srvcli) by extension 'ignore_ament_install'
[0.300s] Level 1:colcon.colcon_core.package_identification:_identify(src/cpp_srvcli) by extensions ['colcon_pkg']
[0.300s] Level 1:colcon.colcon_core.package_identification:_identify(src/cpp_srvcli) by extension 'colcon_pkg'
[0.300s] Level 1:colcon.colcon_core.package_identification:_identify(src/cpp_srvcli) by extensions ['colcon_meta']
[0.300s] Level 1:colcon.colcon_core.package_identification:_identify(src/cpp_srvcli) by extension 'colcon_meta'
[0.300s] Level 1:colcon.colcon_core.package_identification:_identify(src/cpp_srvcli) by extensions ['ros']
[0.300s] Level 1:colcon.colcon_core.package_identification:_identify(src/cpp_srvcli) by extension 'ros'
[0.303s] DEBUG:colcon.colcon_core.package_identification:Package 'src/cpp_srvcli' with type 'ros.ament_cmake' and name 'cpp_srvcli'
[0.303s] Level 1:colcon.colcon_core.package_identification:_identify(src/install) by extensions ['ignore', 'ignore_ament_install']
[0.303s] Level 1:colcon.colcon_core.package_identification:_identify(src/install) by extension 'ignore'
[0.303s] Level 1:colcon.colcon_core.package_identification:_identify(src/install) ignored
[0.303s] Level 1:colcon.colcon_core.package_identification:_identify(src/log) by extensions ['ignore', 'ignore_ament_install']
[0.303s] Level 1:colcon.colcon_core.package_identification:_identify(src/log) by extension 'ignore'
[0.303s] Level 1:colcon.colcon_core.package_identification:_identify(src/log) ignored
[0.303s] Level 1:colcon.colcon_core.package_identification:_identify(src/my_cpp_py_pkg) by extensions ['ignore', 'ignore_ament_install']
[0.303s] Level 1:colcon.colcon_core.package_identification:_identify(src/my_cpp_py_pkg) by extension 'ignore'
[0.303s] Level 1:colcon.colcon_core.package_identification:_identify(src/my_cpp_py_pkg) by extension 'ignore_ament_install'
[0.304s] Level 1:colcon.colcon_core.package_identification:_identify(src/my_cpp_py_pkg) by extensions ['colcon_pkg']
[0.304s] Level 1:colcon.colcon_core.package_identification:_identify(src/my_cpp_py_pkg) by extension 'colcon_pkg'
[0.304s] Level 1:colcon.colcon_core.package_identification:_identify(src/my_cpp_py_pkg) by extensions ['colcon_meta']
[0.304s] Level 1:colcon.colcon_core.package_identification:_identify(src/my_cpp_py_pkg) by extension 'colcon_meta'
[0.304s] Level 1:colcon.colcon_core.package_identification:_identify(src/my_cpp_py_pkg) by extensions ['ros']
[0.304s] Level 1:colcon.colcon_core.package_identification:_identify(src/my_cpp_py_pkg) by extension 'ros'
[0.305s] DEBUG:colcon.colcon_core.package_identification:Package 'src/my_cpp_py_pkg' with type 'ros.ament_cmake' and name 'my_cpp_py_pkg'
[0.305s] Level 1:colcon.colcon_core.package_discovery:discover_packages(recursive) using defaults
[0.305s] Level 1:colcon.colcon_core.package_discovery:discover_packages(ignore) discover
[0.305s] Level 1:colcon.colcon_core.package_discovery:discover_packages(ignore) using defaults
[0.305s] Level 1:colcon.colcon_core.package_discovery:discover_packages(path) discover
[0.305s] Level 1:colcon.colcon_core.package_discovery:discover_packages(path) using defaults
[0.330s] INFO:colcon.colcon_core.package_selection:Skipping not selected package 'cpp_srvcli' in 'src/cpp_srvcli'
[0.334s] Level 5:colcon.colcon_core.verb:set package 'my_cpp_py_pkg' build argument 'cmake_args' from command line to 'None'
[0.334s] Level 5:colcon.colcon_core.verb:set package 'my_cpp_py_pkg' build argument 'cmake_target' from command line to 'None'
[0.334s] Level 5:colcon.colcon_core.verb:set package 'my_cpp_py_pkg' build argument 'cmake_target_skip_unavailable' from command line to 'False'
[0.334s] Level 5:colcon.colcon_core.verb:set package 'my_cpp_py_pkg' build argument 'cmake_clean_cache' from command line to 'False'
[0.334s] Level 5:colcon.colcon_core.verb:set package 'my_cpp_py_pkg' build argument 'cmake_clean_first' from command line to 'False'
[0.334s] Level 5:colcon.colcon_core.verb:set package 'my_cpp_py_pkg' build argument 'cmake_force_configure' from command line to 'False'
[0.334s] Level 5:colcon.colcon_core.verb:set package 'my_cpp_py_pkg' build argument 'ament_cmake_args' from command line to 'None'
[0.334s] Level 5:colcon.colcon_core.verb:set package 'my_cpp_py_pkg' build argument 'catkin_cmake_args' from command line to 'None'
[0.334s] Level 5:colcon.colcon_core.verb:set package 'my_cpp_py_pkg' build argument 'catkin_skip_building_tests' from command line to 'False'
[0.334s] DEBUG:colcon.colcon_core.verb:Building package 'my_cpp_py_pkg' with the following arguments: {'ament_cmake_args': None, 'build_base': '/home/prts/RBTO250 Github/RBOT_250_Assignment_3/RBOT250/build/my_cpp_py_pkg', 'catkin_cmake_args': None, 'catkin_skip_building_tests': False, 'cmake_args': None, 'cmake_clean_cache': False, 'cmake_clean_first': False, 'cmake_force_configure': False, 'cmake_target': None, 'cmake_target_skip_unavailable': False, 'install_base': '/home/prts/RBTO250 Github/RBOT_250_Assignment_3/RBOT250/install/my_cpp_py_pkg', 'merge_install': False, 'path': '/home/prts/RBTO250 Github/RBOT_250_Assignment_3/RBOT250/src/my_cpp_py_pkg', 'symlink_install': False, 'test_result_base': None}
[0.335s] INFO:colcon.colcon_core.executor:Executing jobs using 'parallel' executor
[0.337s] DEBUG:colcon.colcon_parallel_executor.executor.parallel:run_until_complete
[0.337s] INFO:colcon.colcon_ros.task.ament_cmake.build:Building ROS package in '/home/prts/RBTO250 Github/RBOT_250_Assignment_3/RBOT250/src/my_cpp_py_pkg' with build type 'ament_cmake'
[0.338s] INFO:colcon.colcon_cmake.task.cmake.build:Building CMake package in '/home/prts/RBTO250 Github/RBOT_250_Assignment_3/RBOT250/src/my_cpp_py_pkg'
[0.342s] INFO:colcon.colcon_core.plugin_system:Skipping extension 'colcon_core.shell.bat': Not used on non-Windows systems
[0.342s] INFO:colcon.colcon_core.shell:Skip shell extension 'powershell' for command environment: Not usable outside of PowerShell
[0.342s] DEBUG:colcon.colcon_core.shell:Skip shell extension 'dsv' for command environment
[0.362s] DEBUG:colcon.colcon_core.event_handler.log_command:Invoking command in '/home/prts/RBTO250 Github/RBOT_250_Assignment_3/RBOT250/build/my_cpp_py_pkg': /usr/bin/cmake --build /home/prts/RBTO250 Github/RBOT_250_Assignment_3/RBOT250/build/my_cpp_py_pkg -- -j4 -l4
[0.735s] DEBUG:colcon.colcon_core.event_handler.log_command:Invoked command in '/home/prts/RBTO250 Github/RBOT_250_Assignment_3/RBOT250/build/my_cpp_py_pkg' returned '0': /usr/bin/cmake --build /home/prts/RBTO250 Github/RBOT_250_Assignment_3/RBOT250/build/my_cpp_py_pkg -- -j4 -l4
[0.790s] DEBUG:colcon.colcon_core.event_handler.log_command:Invoking command in '/home/prts/RBTO250 Github/RBOT_250_Assignment_3/RBOT250/build/my_cpp_py_pkg': /usr/bin/cmake --install /home/prts/RBTO250 Github/RBOT_250_Assignment_3/RBOT250/build/my_cpp_py_pkg
[0.842s] Level 1:colcon.colcon_core.environment:create_environment_scripts_only(my_cpp_py_pkg)
[0.844s] DEBUG:colcon.colcon_core.event_handler.log_command:Invoked command in '/home/prts/RBTO250 Github/RBOT_250_Assignment_3/RBOT250/build/my_cpp_py_pkg' returned '0': /usr/bin/cmake --install /home/prts/RBTO250 Github/RBOT_250_Assignment_3/RBOT250/build/my_cpp_py_pkg
[0.851s] Level 1:colcon.colcon_core.environment:checking '/home/prts/RBTO250 Github/RBOT_250_Assignment_3/RBOT250/install/my_cpp_py_pkg' for CMake module files
[0.852s] Level 1:colcon.colcon_core.environment:checking '/home/prts/RBTO250 Github/RBOT_250_Assignment_3/RBOT250/install/my_cpp_py_pkg' for CMake config files
[0.853s] Level 1:colcon.colcon_core.shell:create_environment_hook('my_cpp_py_pkg', 'cmake_prefix_path')
[0.855s] INFO:colcon.colcon_core.shell:Creating environment hook '/home/prts/RBTO250 Github/RBOT_250_Assignment_3/RBOT250/install/my_cpp_py_pkg/share/my_cpp_py_pkg/hook/cmake_prefix_path.ps1'
[0.856s] INFO:colcon.colcon_core.shell:Creating environment descriptor '/home/prts/RBTO250 Github/RBOT_250_Assignment_3/RBOT250/install/my_cpp_py_pkg/share/my_cpp_py_pkg/hook/cmake_prefix_path.dsv'
[0.856s] INFO:colcon.colcon_core.shell:Creating environment hook '/home/prts/RBTO250 Github/RBOT_250_Assignment_3/RBOT250/install/my_cpp_py_pkg/share/my_cpp_py_pkg/hook/cmake_prefix_path.sh'
[0.857s] Level 1:colcon.colcon_core.environment:checking '/home/prts/RBTO250 Github/RBOT_250_Assignment_3/RBOT250/install/my_cpp_py_pkg/lib'
[0.857s] Level 1:colcon.colcon_core.environment:checking '/home/prts/RBTO250 Github/RBOT_250_Assignment_3/RBOT250/install/my_cpp_py_pkg/bin'
[0.858s] Level 1:colcon.colcon_core.environment:checking '/home/prts/RBTO250 Github/RBOT_250_Assignment_3/RBOT250/install/my_cpp_py_pkg/lib/pkgconfig/my_cpp_py_pkg.pc'
[0.858s] Level 1:colcon.colcon_core.environment:checking '/home/prts/RBTO250 Github/RBOT_250_Assignment_3/RBOT250/install/my_cpp_py_pkg/lib/python3.8/site-packages'
[0.858s] Level 1:colcon.colcon_core.shell:create_environment_hook('my_cpp_py_pkg', 'pythonpath')
[0.858s] INFO:colcon.colcon_core.shell:Creating environment hook '/home/prts/RBTO250 Github/RBOT_250_Assignment_3/RBOT250/install/my_cpp_py_pkg/share/my_cpp_py_pkg/hook/pythonpath.ps1'
[0.859s] INFO:colcon.colcon_core.shell:Creating environment descriptor '/home/prts/RBTO250 Github/RBOT_250_Assignment_3/RBOT250/install/my_cpp_py_pkg/share/my_cpp_py_pkg/hook/pythonpath.dsv'
[0.859s] INFO:colcon.colcon_core.shell:Creating environment hook '/home/prts/RBTO250 Github/RBOT_250_Assignment_3/RBOT250/install/my_cpp_py_pkg/share/my_cpp_py_pkg/hook/pythonpath.sh'
[0.860s] INFO:colcon.colcon_core.shell:Creating package script '/home/prts/RBTO250 Github/RBOT_250_Assignment_3/RBOT250/install/my_cpp_py_pkg/share/my_cpp_py_pkg/package.ps1'
[0.861s] INFO:colcon.colcon_core.shell:Creating package descriptor '/home/prts/RBTO250 Github/RBOT_250_Assignment_3/RBOT250/install/my_cpp_py_pkg/share/my_cpp_py_pkg/package.dsv'
[0.861s] INFO:colcon.colcon_core.shell:Creating package script '/home/prts/RBTO250 Github/RBOT_250_Assignment_3/RBOT250/install/my_cpp_py_pkg/share/my_cpp_py_pkg/package.sh'
[0.862s] INFO:colcon.colcon_core.shell:Creating package script '/home/prts/RBTO250 Github/RBOT_250_Assignment_3/RBOT250/install/my_cpp_py_pkg/share/my_cpp_py_pkg/package.bash'
[0.863s] INFO:colcon.colcon_core.shell:Creating package script '/home/prts/RBTO250 Github/RBOT_250_Assignment_3/RBOT250/install/my_cpp_py_pkg/share/my_cpp_py_pkg/package.zsh'
[0.863s] Level 1:colcon.colcon_core.environment:create_file_with_runtime_dependencies(/home/prts/RBTO250 Github/RBOT_250_Assignment_3/RBOT250/install/my_cpp_py_pkg/share/colcon-core/packages/my_cpp_py_pkg)
[0.897s] Level 1:colcon.colcon_core.environment:create_environment_scripts_only(my_cpp_py_pkg)
[0.899s] Level 1:colcon.colcon_core.environment:checking '/home/prts/RBTO250 Github/RBOT_250_Assignment_3/RBOT250/install/my_cpp_py_pkg' for CMake module files
[0.900s] Level 1:colcon.colcon_core.environment:checking '/home/prts/RBTO250 Github/RBOT_250_Assignment_3/RBOT250/install/my_cpp_py_pkg' for CMake config files
[0.901s] Level 1:colcon.colcon_core.shell:create_environment_hook('my_cpp_py_pkg', 'cmake_prefix_path')
[0.903s] INFO:colcon.colcon_core.shell:Creating environment hook '/home/prts/RBTO250 Github/RBOT_250_Assignment_3/RBOT250/install/my_cpp_py_pkg/share/my_cpp_py_pkg/hook/cmake_prefix_path.ps1'
[0.903s] INFO:colcon.colcon_core.shell:Creating environment descriptor '/home/prts/RBTO250 Github/RBOT_250_Assignment_3/RBOT250/install/my_cpp_py_pkg/share/my_cpp_py_pkg/hook/cmake_prefix_path.dsv'
[0.904s] INFO:colcon.colcon_core.shell:Creating environment hook '/home/prts/RBTO250 Github/RBOT_250_Assignment_3/RBOT250/install/my_cpp_py_pkg/share/my_cpp_py_pkg/hook/cmake_prefix_path.sh'
[0.904s] Level 1:colcon.colcon_core.environment:checking '/home/prts/RBTO250 Github/RBOT_250_Assignment_3/RBOT250/install/my_cpp_py_pkg/lib'
[0.905s] Level 1:colcon.colcon_core.environment:checking '/home/prts/RBTO250 Github/RBOT_250_Assignment_3/RBOT250/install/my_cpp_py_pkg/bin'
[0.905s] Level 1:colcon.colcon_core.environment:checking '/home/prts/RBTO250 Github/RBOT_250_Assignment_3/RBOT250/install/my_cpp_py_pkg/lib/pkgconfig/my_cpp_py_pkg.pc'
[0.905s] Level 1:colcon.colcon_core.environment:checking '/home/prts/RBTO250 Github/RBOT_250_Assignment_3/RBOT250/install/my_cpp_py_pkg/lib/python3.8/site-packages'
[0.905s] Level 1:colcon.colcon_core.shell:create_environment_hook('my_cpp_py_pkg', 'pythonpath')
[0.906s] INFO:colcon.colcon_core.shell:Creating environment hook '/home/prts/RBTO250 Github/RBOT_250_Assignment_3/RBOT250/install/my_cpp_py_pkg/share/my_cpp_py_pkg/hook/pythonpath.ps1'
[0.906s] INFO:colcon.colcon_core.shell:Creating environment descriptor '/home/prts/RBTO250 Github/RBOT_250_Assignment_3/RBOT250/install/my_cpp_py_pkg/share/my_cpp_py_pkg/hook/pythonpath.dsv'
[0.906s] INFO:colcon.colcon_core.shell:Creating environment hook '/home/prts/RBTO250 Github/RBOT_250_Assignment_3/RBOT250/install/my_cpp_py_pkg/share/my_cpp_py_pkg/hook/pythonpath.sh'
[0.907s] INFO:colcon.colcon_core.shell:Creating package script '/home/prts/RBTO250 Github/RBOT_250_Assignment_3/RBOT250/install/my_cpp_py_pkg/share/my_cpp_py_pkg/package.ps1'
[0.908s] INFO:colcon.colcon_core.shell:Creating package descriptor '/home/prts/RBTO250 Github/RBOT_250_Assignment_3/RBOT250/install/my_cpp_py_pkg/share/my_cpp_py_pkg/package.dsv'
[0.908s] INFO:colcon.colcon_core.shell:Creating package script '/home/prts/RBTO250 Github/RBOT_250_Assignment_3/RBOT250/install/my_cpp_py_pkg/share/my_cpp_py_pkg/package.sh'
[0.909s] INFO:colcon.colcon_core.shell:Creating package script '/home/prts/RBTO250 Github/RBOT_250_Assignment_3/RBOT250/install/my_cpp_py_pkg/share/my_cpp_py_pkg/package.bash'
[0.909s] INFO:colcon.colcon_core.shell:Creating package script '/home/prts/RBTO250 Github/RBOT_250_Assignment_3/RBOT250/install/my_cpp_py_pkg/share/my_cpp_py_pkg/package.zsh'
[0.909s] Level 1:colcon.colcon_core.environment:create_file_with_runtime_dependencies(/home/prts/RBTO250 Github/RBOT_250_Assignment_3/RBOT250/install/my_cpp_py_pkg/share/colcon-core/packages/my_cpp_py_pkg)
[0.910s] DEBUG:colcon.colcon_parallel_executor.executor.parallel:closing loop
[0.910s] DEBUG:colcon.colcon_parallel_executor.executor.parallel:loop closed
[0.910s] DEBUG:colcon.colcon_parallel_executor.executor.parallel:run_until_complete finished with '0'
[0.910s] DEBUG:colcon.colcon_core.event_reactor:joining thread
[0.922s] INFO:colcon.colcon_core.plugin_system:Skipping extension 'colcon_notification.desktop_notification.terminal_notifier': Not used on non-Darwin systems
[0.922s] INFO:colcon.colcon_core.plugin_system:Skipping extension 'colcon_notification.desktop_notification.win32': Not used on non-Windows systems
[0.922s] INFO:colcon.colcon_notification.desktop_notification:Sending desktop notification using 'notify2'
[0.950s] DEBUG:colcon.colcon_core.event_reactor:joined thread
[0.951s] INFO:colcon.colcon_core.shell:Creating prefix script '/home/prts/RBTO250 Github/RBOT_250_Assignment_3/RBOT250/install/local_setup.ps1'
[0.952s] INFO:colcon.colcon_core.shell:Creating prefix util module '/home/prts/RBTO250 Github/RBOT_250_Assignment_3/RBOT250/install/_local_setup_util_ps1.py'
[0.954s] INFO:colcon.colcon_core.shell:Creating prefix chain script '/home/prts/RBTO250 Github/RBOT_250_Assignment_3/RBOT250/install/setup.ps1'
[0.956s] INFO:colcon.colcon_core.shell:Creating prefix script '/home/prts/RBTO250 Github/RBOT_250_Assignment_3/RBOT250/install/local_setup.sh'
[0.957s] INFO:colcon.colcon_core.shell:Creating prefix util module '/home/prts/RBTO250 Github/RBOT_250_Assignment_3/RBOT250/install/_local_setup_util_sh.py'
[0.958s] INFO:colcon.colcon_core.shell:Creating prefix chain script '/home/prts/RBTO250 Github/RBOT_250_Assignment_3/RBOT250/install/setup.sh'
[0.961s] INFO:colcon.colcon_core.shell:Creating prefix script '/home/prts/RBTO250 Github/RBOT_250_Assignment_3/RBOT250/install/local_setup.bash'
[0.962s] INFO:colcon.colcon_core.shell:Creating prefix chain script '/home/prts/RBTO250 Github/RBOT_250_Assignment_3/RBOT250/install/setup.bash'
[0.964s] INFO:colcon.colcon_core.shell:Creating prefix script '/home/prts/RBTO250 Github/RBOT_250_Assignment_3/RBOT250/install/local_setup.zsh'
[0.964s] INFO:colcon.colcon_core.shell:Creating prefix chain script '/home/prts/RBTO250 Github/RBOT_250_Assignment_3/RBOT250/install/setup.zsh'
