[0.365s] Invoking command in '/home/prts/RBOT250/build/my_cpp_py_pkg': CMAKE_PREFIX_PATH=${CMAKE_PREFIX_PATH}:/home/prts/RBOT250/src/install/learning_tf2_py /usr/bin/cmake --build /home/prts/RBOT250/build/my_cpp_py_pkg -- -j4 -l4
[0.402s] -- Found ament_cmake: 1.1.4 (/home/prts/ros2_galactic/ros2-linux/share/ament_cmake/cmake)
[0.433s] -- Using PYTHON_EXECUTABLE: /usr/bin/python3
[0.521s] -- Found geometry_msgs: 2.2.3 (/home/prts/ros2_galactic/ros2-linux/share/geometry_msgs/cmake)
[0.545s] -- Using all available rosidl_typesupport_c: rosidl_typesupport_fastrtps_c;rosidl_typesupport_introspection_c
[0.548s] -- Found rosidl_adapter: 2.2.1 (/home/prts/ros2_galactic/ros2-linux/share/rosidl_adapter/cmake)
[0.668s] -- Using all available rosidl_typesupport_cpp: rosidl_typesupport_fastrtps_cpp;rosidl_typesupport_introspection_cpp
[0.767s] -- Found rclcpp: 9.1.0 (/home/prts/ros2_galactic/ros2-linux/share/rclcpp/cmake)
[0.808s] -- Found rmw_implementation_cmake: 3.3.1 (/home/prts/ros2_galactic/ros2-linux/share/rmw_implementation_cmake/cmake)
[0.810s] -- Found rmw_cyclonedds_cpp: 0.22.3 (/home/prts/ros2_galactic/ros2-linux/share/rmw_cyclonedds_cpp/cmake)
[0.831s] -- Using RMW implementation 'rmw_cyclonedds_cpp' as default
[0.927s] -- Found rclpy: 1.9.0 (/home/prts/ros2_galactic/ros2-linux/share/rclpy/cmake)
[0.928s] -- Found tf2: 0.17.2 (/home/prts/ros2_galactic/ros2-linux/share/tf2/cmake)
[0.938s] -- Found tf2_ros: 0.17.2 (/home/prts/ros2_galactic/ros2-linux/share/tf2_ros/cmake)
[1.310s] -- Found turtlesim: 1.3.3 (/home/prts/ros2_galactic/ros2-linux/share/turtlesim/cmake)
[1.372s] -- Found sensor_msgs: 2.2.3 (/home/prts/ros2_galactic/ros2-linux/share/sensor_msgs/cmake)
[1.455s] -- Found trajectory_msgs: 2.2.3 (/home/prts/ros2_galactic/ros2-linux/share/trajectory_msgs/cmake)
[1.686s] -- Configuring done
[1.702s] -- Generating done
[1.704s] -- Build files have been written to: /home/prts/RBOT250/build/my_cpp_py_pkg
[1.759s] [ 50%] [32m[1mLinking CXX executable cpp_executable[0m
[1.771s] [ 50%] Built target ament_cmake_python_symlink_my_cpp_py_pkg
[1.961s] [100%] Built target cpp_executable
[2.080s] running egg_info
[2.081s] writing my_cpp_py_pkg.egg-info/PKG-INFO
[2.081s] writing dependency_links to my_cpp_py_pkg.egg-info/dependency_links.txt
[2.081s] writing top-level names to my_cpp_py_pkg.egg-info/top_level.txt
[2.085s] reading manifest file 'my_cpp_py_pkg.egg-info/SOURCES.txt'
[2.085s] writing manifest file 'my_cpp_py_pkg.egg-info/SOURCES.txt'
[2.121s] [100%] Built target ament_cmake_python_build_my_cpp_py_pkg_egg
[2.132s] Invoked command in '/home/prts/RBOT250/build/my_cpp_py_pkg' returned '0': CMAKE_PREFIX_PATH=${CMAKE_PREFIX_PATH}:/home/prts/RBOT250/src/install/learning_tf2_py /usr/bin/cmake --build /home/prts/RBOT250/build/my_cpp_py_pkg -- -j4 -l4
[2.174s] Invoking command in '/home/prts/RBOT250/build/my_cpp_py_pkg': CMAKE_PREFIX_PATH=${CMAKE_PREFIX_PATH}:/home/prts/RBOT250/src/install/learning_tf2_py /usr/bin/cmake --install /home/prts/RBOT250/build/my_cpp_py_pkg
[2.186s] -- Install configuration: ""
[2.186s] -- Installing: /home/prts/RBOT250/install/my_cpp_py_pkg/lib/my_cpp_py_pkg/cpp_executable
[2.186s] -- Set runtime path of "/home/prts/RBOT250/install/my_cpp_py_pkg/lib/my_cpp_py_pkg/cpp_executable" to ""
[2.187s] -- Up-to-date: /home/prts/RBOT250/install/my_cpp_py_pkg/share/my_cpp_py_pkg/environment/pythonpath.sh
[2.187s] -- Installing: /home/prts/RBOT250/install/my_cpp_py_pkg/share/my_cpp_py_pkg/environment/pythonpath.dsv
[2.187s] -- Up-to-date: /home/prts/RBOT250/install/my_cpp_py_pkg/lib/python3.8/site-packages//my_cpp_py_pkg.egg-info
[2.187s] -- Installing: /home/prts/RBOT250/install/my_cpp_py_pkg/lib/python3.8/site-packages//my_cpp_py_pkg.egg-info/PKG-INFO
[2.187s] -- Installing: /home/prts/RBOT250/install/my_cpp_py_pkg/lib/python3.8/site-packages//my_cpp_py_pkg.egg-info/dependency_links.txt
[2.187s] -- Installing: /home/prts/RBOT250/install/my_cpp_py_pkg/lib/python3.8/site-packages//my_cpp_py_pkg.egg-info/SOURCES.txt
[2.188s] -- Installing: /home/prts/RBOT250/install/my_cpp_py_pkg/lib/python3.8/site-packages//my_cpp_py_pkg.egg-info/top_level.txt
[2.188s] -- Up-to-date: /home/prts/RBOT250/install/my_cpp_py_pkg/lib/python3.8/site-packages/my_cpp_py_pkg
[2.188s] -- Up-to-date: /home/prts/RBOT250/install/my_cpp_py_pkg/lib/python3.8/site-packages/my_cpp_py_pkg/__init__.py
[2.188s] -- Up-to-date: /home/prts/RBOT250/install/my_cpp_py_pkg/lib/python3.8/site-packages/my_cpp_py_pkg/module_to_import.py
[2.224s] Listing '/home/prts/RBOT250/install/my_cpp_py_pkg/lib/python3.8/site-packages/my_cpp_py_pkg'...
[2.228s] -- Up-to-date: /home/prts/RBOT250/install/my_cpp_py_pkg/lib/my_cpp_py_pkg/py_node.py
[2.229s] -- Installing: /home/prts/RBOT250/install/my_cpp_py_pkg/share/ament_index/resource_index/package_run_dependencies/my_cpp_py_pkg
[2.229s] -- Installing: /home/prts/RBOT250/install/my_cpp_py_pkg/share/ament_index/resource_index/parent_prefix_path/my_cpp_py_pkg
[2.229s] -- Up-to-date: /home/prts/RBOT250/install/my_cpp_py_pkg/share/my_cpp_py_pkg/environment/ament_prefix_path.sh
[2.229s] -- Installing: /home/prts/RBOT250/install/my_cpp_py_pkg/share/my_cpp_py_pkg/environment/ament_prefix_path.dsv
[2.230s] -- Up-to-date: /home/prts/RBOT250/install/my_cpp_py_pkg/share/my_cpp_py_pkg/environment/path.sh
[2.230s] -- Installing: /home/prts/RBOT250/install/my_cpp_py_pkg/share/my_cpp_py_pkg/environment/path.dsv
[2.230s] -- Up-to-date: /home/prts/RBOT250/install/my_cpp_py_pkg/share/my_cpp_py_pkg/local_setup.bash
[2.230s] -- Up-to-date: /home/prts/RBOT250/install/my_cpp_py_pkg/share/my_cpp_py_pkg/local_setup.sh
[2.230s] -- Up-to-date: /home/prts/RBOT250/install/my_cpp_py_pkg/share/my_cpp_py_pkg/local_setup.zsh
[2.230s] -- Installing: /home/prts/RBOT250/install/my_cpp_py_pkg/share/my_cpp_py_pkg/local_setup.dsv
[2.231s] -- Installing: /home/prts/RBOT250/install/my_cpp_py_pkg/share/my_cpp_py_pkg/package.dsv
[2.231s] -- Up-to-date: /home/prts/RBOT250/install/my_cpp_py_pkg/share/ament_index/resource_index/packages/my_cpp_py_pkg
[2.231s] -- Up-to-date: /home/prts/RBOT250/install/my_cpp_py_pkg/share/my_cpp_py_pkg/cmake/my_cpp_py_pkgConfig.cmake
[2.231s] -- Up-to-date: /home/prts/RBOT250/install/my_cpp_py_pkg/share/my_cpp_py_pkg/cmake/my_cpp_py_pkgConfig-version.cmake
[2.231s] -- Installing: /home/prts/RBOT250/install/my_cpp_py_pkg/share/my_cpp_py_pkg/package.xml
[2.236s] Invoked command in '/home/prts/RBOT250/build/my_cpp_py_pkg' returned '0': CMAKE_PREFIX_PATH=${CMAKE_PREFIX_PATH}:/home/prts/RBOT250/src/install/learning_tf2_py /usr/bin/cmake --install /home/prts/RBOT250/build/my_cpp_py_pkg
