[0.038s] Invoking command in '/home/prts/RBOT250/build/cpp_pubsub': /usr/bin/cmake --build /home/prts/RBOT250/build/cpp_pubsub -- -j4 -l4
[0.108s] [ 50%] Built target listener
[0.116s] [100%] Built target talker
[0.129s] Invoked command in '/home/prts/RBOT250/build/cpp_pubsub' returned '0': /usr/bin/cmake --build /home/prts/RBOT250/build/cpp_pubsub -- -j4 -l4
[0.187s] Invoking command in '/home/prts/RBOT250/build/cpp_pubsub': /usr/bin/cmake --install /home/prts/RBOT250/build/cpp_pubsub
[0.199s] -- Install configuration: ""
[0.200s] -- Up-to-date: /home/prts/RBOT250/install/cpp_pubsub/lib/cpp_pubsub/talker
[0.200s] -- Up-to-date: /home/prts/RBOT250/install/cpp_pubsub/lib/cpp_pubsub/listener
[0.201s] -- Up-to-date: /home/prts/RBOT250/install/cpp_pubsub/share/ament_index/resource_index/package_run_dependencies/cpp_pubsub
[0.201s] -- Up-to-date: /home/prts/RBOT250/install/cpp_pubsub/share/ament_index/resource_index/parent_prefix_path/cpp_pubsub
[0.201s] -- Up-to-date: /home/prts/RBOT250/install/cpp_pubsub/share/cpp_pubsub/environment/ament_prefix_path.sh
[0.202s] -- Up-to-date: /home/prts/RBOT250/install/cpp_pubsub/share/cpp_pubsub/environment/ament_prefix_path.dsv
[0.202s] -- Up-to-date: /home/prts/RBOT250/install/cpp_pubsub/share/cpp_pubsub/environment/path.sh
[0.202s] -- Up-to-date: /home/prts/RBOT250/install/cpp_pubsub/share/cpp_pubsub/environment/path.dsv
[0.202s] -- Up-to-date: /home/prts/RBOT250/install/cpp_pubsub/share/cpp_pubsub/local_setup.bash
[0.202s] -- Up-to-date: /home/prts/RBOT250/install/cpp_pubsub/share/cpp_pubsub/local_setup.sh
[0.203s] -- Up-to-date: /home/prts/RBOT250/install/cpp_pubsub/share/cpp_pubsub/local_setup.zsh
[0.203s] -- Up-to-date: /home/prts/RBOT250/install/cpp_pubsub/share/cpp_pubsub/local_setup.dsv
[0.203s] -- Installing: /home/prts/RBOT250/install/cpp_pubsub/share/cpp_pubsub/package.dsv
[0.203s] -- Up-to-date: /home/prts/RBOT250/install/cpp_pubsub/share/ament_index/resource_index/packages/cpp_pubsub
[0.203s] -- Up-to-date: /home/prts/RBOT250/install/cpp_pubsub/share/cpp_pubsub/cmake/cpp_pubsubConfig.cmake
[0.204s] -- Up-to-date: /home/prts/RBOT250/install/cpp_pubsub/share/cpp_pubsub/cmake/cpp_pubsubConfig-version.cmake
[0.204s] -- Up-to-date: /home/prts/RBOT250/install/cpp_pubsub/share/cpp_pubsub/package.xml
[0.207s] Invoked command in '/home/prts/RBOT250/build/cpp_pubsub' returned '0': /usr/bin/cmake --install /home/prts/RBOT250/build/cpp_pubsub
