[0.064s] Invoking command in '/home/prts/RBOT250/build/learning_tf2_cpp': CMAKE_PREFIX_PATH=${CMAKE_PREFIX_PATH}:/home/prts/RBOT250/src/install/learning_tf2_py /usr/bin/cmake --build /home/prts/RBOT250/build/learning_tf2_cpp -- -j4 -l4
[0.395s] -- Found ament_cmake: 1.1.4 (/home/prts/ros2_galactic/ros2-linux/share/ament_cmake/cmake)
[0.396s] -- Using PYTHON_EXECUTABLE: /usr/bin/python3
[0.396s] -- Found geometry_msgs: 2.2.3 (/home/prts/ros2_galactic/ros2-linux/share/geometry_msgs/cmake)
[0.397s] -- Using all available rosidl_typesupport_c: rosidl_typesupport_fastrtps_c;rosidl_typesupport_introspection_c
[0.397s] -- Found rosidl_adapter: 2.2.1 (/home/prts/ros2_galactic/ros2-linux/share/rosidl_adapter/cmake)
[0.397s] -- Using all available rosidl_typesupport_cpp: rosidl_typesupport_fastrtps_cpp;rosidl_typesupport_introspection_cpp
[0.476s] -- Found rclcpp: 9.1.0 (/home/prts/ros2_galactic/ros2-linux/share/rclcpp/cmake)
[0.527s] -- Found rmw_implementation_cmake: 3.3.1 (/home/prts/ros2_galactic/ros2-linux/share/rmw_implementation_cmake/cmake)
[0.527s] -- Found rmw_cyclonedds_cpp: 0.22.3 (/home/prts/ros2_galactic/ros2-linux/share/rmw_cyclonedds_cpp/cmake)
[0.550s] -- Using RMW implementation 'rmw_cyclonedds_cpp' as default
[0.654s] -- Found rclpy: 1.9.0 (/home/prts/ros2_galactic/ros2-linux/share/rclpy/cmake)
[0.654s] -- Found tf2: 0.17.2 (/home/prts/ros2_galactic/ros2-linux/share/tf2/cmake)
[0.666s] -- Found tf2_ros: 0.17.2 (/home/prts/ros2_galactic/ros2-linux/share/tf2_ros/cmake)
[1.051s] -- Found turtlesim: 1.3.3 (/home/prts/ros2_galactic/ros2-linux/share/turtlesim/cmake)
[1.112s] -- Found sensor_msgs: 2.2.3 (/home/prts/ros2_galactic/ros2-linux/share/sensor_msgs/cmake)
[1.194s] -- Found trajectory_msgs: 2.2.3 (/home/prts/ros2_galactic/ros2-linux/share/trajectory_msgs/cmake)
[1.348s] -- Found ament_lint_auto: 0.10.6 (/home/prts/ros2_galactic/ros2-linux/share/ament_lint_auto/cmake)
[1.432s] -- Added test 'copyright' to check source files copyright and LICENSE
[1.433s] -- Added test 'cppcheck' to perform static code analysis on C / C++ code
[1.433s] -- Configured cppcheck include dirs: 
[1.433s] -- Configured cppcheck exclude dirs and/or files: 
[1.434s] -- Added test 'cpplint' to check C / C++ code against the Google style
[1.434s] -- Configured cpplint exclude dirs and/or files: 
[1.434s] -- Added test 'flake8' to check Python code syntax and style conventions
[1.435s] -- Added test 'lint_cmake' to check CMake code style
[1.435s] -- Added test 'pep257' to check Python code against some of the style conventions in PEP 257
[1.436s] -- Added test 'uncrustify' to check C / C++ code style
[1.436s] -- Configured uncrustify additional arguments: 
[1.436s] -- Added test 'xmllint' to check XML markup files
[1.439s] -- Configuring done
[1.459s] -- Generating done
[1.461s] -- Build files have been written to: /home/prts/RBOT250/build/learning_tf2_cpp
[1.525s] [100%] Built target turtle_tf2_broadcaster
[1.528s] [100%] Built target ament_cmake_python_symlink_learning_tf2_cpp
[1.812s] running egg_info
[1.813s] writing learning_tf2_cpp.egg-info/PKG-INFO
[1.813s] writing dependency_links to learning_tf2_cpp.egg-info/dependency_links.txt
[1.813s] writing top-level names to learning_tf2_cpp.egg-info/top_level.txt
[1.817s] reading manifest file 'learning_tf2_cpp.egg-info/SOURCES.txt'
[1.818s] writing manifest file 'learning_tf2_cpp.egg-info/SOURCES.txt'
[1.855s] [100%] Built target ament_cmake_python_build_learning_tf2_cpp_egg
[1.874s] Invoked command in '/home/prts/RBOT250/build/learning_tf2_cpp' returned '0': CMAKE_PREFIX_PATH=${CMAKE_PREFIX_PATH}:/home/prts/RBOT250/src/install/learning_tf2_py /usr/bin/cmake --build /home/prts/RBOT250/build/learning_tf2_cpp -- -j4 -l4
[1.914s] Invoking command in '/home/prts/RBOT250/build/learning_tf2_cpp': CMAKE_PREFIX_PATH=${CMAKE_PREFIX_PATH}:/home/prts/RBOT250/src/install/learning_tf2_py /usr/bin/cmake --install /home/prts/RBOT250/build/learning_tf2_cpp
[1.924s] -- Install configuration: ""
[1.926s] -- Up-to-date: /home/prts/RBOT250/install/learning_tf2_cpp/lib/learning_tf2_cpp/turtle_tf2_broadcaster
[1.926s] -- Up-to-date: /home/prts/RBOT250/install/learning_tf2_cpp/share/learning_tf2_cpp/launch
[1.926s] -- Installing: /home/prts/RBOT250/install/learning_tf2_cpp/share/learning_tf2_cpp/launch/turtle_tf2_demo.launch.py
[1.927s] -- Up-to-date: /home/prts/RBOT250/install/learning_tf2_cpp/share/learning_tf2_cpp/environment/pythonpath.sh
[1.927s] -- Installing: /home/prts/RBOT250/install/learning_tf2_cpp/share/learning_tf2_cpp/environment/pythonpath.dsv
[1.928s] -- Up-to-date: /home/prts/RBOT250/install/learning_tf2_cpp/lib/python3.8/site-packages//learning_tf2_cpp.egg-info
[1.928s] -- Installing: /home/prts/RBOT250/install/learning_tf2_cpp/lib/python3.8/site-packages//learning_tf2_cpp.egg-info/PKG-INFO
[1.928s] -- Installing: /home/prts/RBOT250/install/learning_tf2_cpp/lib/python3.8/site-packages//learning_tf2_cpp.egg-info/dependency_links.txt
[1.928s] -- Installing: /home/prts/RBOT250/install/learning_tf2_cpp/lib/python3.8/site-packages//learning_tf2_cpp.egg-info/SOURCES.txt
[1.928s] -- Installing: /home/prts/RBOT250/install/learning_tf2_cpp/lib/python3.8/site-packages//learning_tf2_cpp.egg-info/top_level.txt
[1.928s] -- Up-to-date: /home/prts/RBOT250/install/learning_tf2_cpp/lib/python3.8/site-packages/learning_tf2_cpp
[1.929s] -- Up-to-date: /home/prts/RBOT250/install/learning_tf2_cpp/lib/python3.8/site-packages/learning_tf2_cpp/__init__.py
[1.967s] Listing '/home/prts/RBOT250/install/learning_tf2_cpp/lib/python3.8/site-packages/learning_tf2_cpp'...
[1.971s] -- Up-to-date: /home/prts/RBOT250/install/learning_tf2_cpp/lib/learning_tf2_cpp/hello.py
[1.971s] -- Up-to-date: /home/prts/RBOT250/install/learning_tf2_cpp/share/ament_index/resource_index/package_run_dependencies/learning_tf2_cpp
[1.971s] -- Installing: /home/prts/RBOT250/install/learning_tf2_cpp/share/ament_index/resource_index/parent_prefix_path/learning_tf2_cpp
[1.972s] -- Up-to-date: /home/prts/RBOT250/install/learning_tf2_cpp/share/learning_tf2_cpp/environment/ament_prefix_path.sh
[1.972s] -- Installing: /home/prts/RBOT250/install/learning_tf2_cpp/share/learning_tf2_cpp/environment/ament_prefix_path.dsv
[1.972s] -- Up-to-date: /home/prts/RBOT250/install/learning_tf2_cpp/share/learning_tf2_cpp/environment/path.sh
[1.972s] -- Installing: /home/prts/RBOT250/install/learning_tf2_cpp/share/learning_tf2_cpp/environment/path.dsv
[1.973s] -- Up-to-date: /home/prts/RBOT250/install/learning_tf2_cpp/share/learning_tf2_cpp/local_setup.bash
[1.973s] -- Up-to-date: /home/prts/RBOT250/install/learning_tf2_cpp/share/learning_tf2_cpp/local_setup.sh
[1.973s] -- Up-to-date: /home/prts/RBOT250/install/learning_tf2_cpp/share/learning_tf2_cpp/local_setup.zsh
[1.973s] -- Installing: /home/prts/RBOT250/install/learning_tf2_cpp/share/learning_tf2_cpp/local_setup.dsv
[1.973s] -- Installing: /home/prts/RBOT250/install/learning_tf2_cpp/share/learning_tf2_cpp/package.dsv
[1.974s] -- Up-to-date: /home/prts/RBOT250/install/learning_tf2_cpp/share/ament_index/resource_index/packages/learning_tf2_cpp
[1.974s] -- Up-to-date: /home/prts/RBOT250/install/learning_tf2_cpp/share/learning_tf2_cpp/cmake/learning_tf2_cppConfig.cmake
[1.974s] -- Up-to-date: /home/prts/RBOT250/install/learning_tf2_cpp/share/learning_tf2_cpp/cmake/learning_tf2_cppConfig-version.cmake
[1.974s] -- Installing: /home/prts/RBOT250/install/learning_tf2_cpp/share/learning_tf2_cpp/package.xml
[1.981s] Invoked command in '/home/prts/RBOT250/build/learning_tf2_cpp' returned '0': CMAKE_PREFIX_PATH=${CMAKE_PREFIX_PATH}:/home/prts/RBOT250/src/install/learning_tf2_py /usr/bin/cmake --install /home/prts/RBOT250/build/learning_tf2_cpp
