[0.339s] DEBUG:colcon:Command line arguments: ['/usr/bin/colcon', 'build']
[0.339s] DEBUG:colcon:Parsed command line arguments: Namespace(ament_cmake_args=None, base_paths=['.'], build_base='build', catkin_cmake_args=None, catkin_skip_building_tests=False, cmake_args=None, cmake_clean_cache=False, cmake_clean_first=False, cmake_force_configure=False, cmake_target=None, cmake_target_skip_unavailable=False, continue_on_error=False, event_handlers=None, executor='parallel', ignore_user_meta=False, install_base='install', log_base=None, log_level=None, main=<bound method BuildVerb.main of <colcon_core.verb.build.BuildVerb object at 0x7fc8746583d0>>, merge_install=False, metas=['./colcon.meta'], packages_above=None, packages_above_and_dependencies=None, packages_above_depth=None, packages_end=None, packages_ignore=None, packages_ignore_regex=None, packages_select=None, packages_select_build_failed=False, packages_select_by_dep=None, packages_select_regex=None, packages_select_test_failures=False, packages_skip=None, packages_skip_build_finished=False, packages_skip_by_dep=None, packages_skip_regex=None, packages_skip_test_passed=False, packages_skip_up_to=None, packages_start=None, packages_up_to=None, packages_up_to_regex=None, parallel_workers=4, paths=None, symlink_install=False, test_result_base=None, verb_extension=<colcon_core.verb.build.BuildVerb object at 0x7fc8746583d0>, verb_name='build', verb_parser=<colcon_defaults.argument_parser.defaults.DefaultArgumentsDecorator object at 0x7fc874658910>)
[0.345s] Level 1:colcon.colcon_core.package_discovery:discover_packages(colcon_meta) check parameters
[0.345s] Level 1:colcon.colcon_core.package_discovery:discover_packages(recursive) check parameters
[0.345s] Level 1:colcon.colcon_core.package_discovery:discover_packages(ignore) check parameters
[0.345s] Level 1:colcon.colcon_core.package_discovery:discover_packages(path) check parameters
[0.345s] Level 1:colcon.colcon_core.package_discovery:discover_packages(colcon_meta) discover
[0.345s] Level 1:colcon.colcon_core.package_discovery:discover_packages(recursive) discover
[0.345s] INFO:colcon.colcon_core.package_discovery:Crawling recursively for packages in '/home/prts/RBOT250'
[0.345s] Level 1:colcon.colcon_core.package_identification:_identify(.) by extensions ['ignore', 'ignore_ament_install']
[0.345s] Level 1:colcon.colcon_core.package_identification:_identify(.) by extension 'ignore'
[0.345s] Level 1:colcon.colcon_core.package_identification:_identify(.) by extension 'ignore_ament_install'
[0.345s] Level 1:colcon.colcon_core.package_identification:_identify(.) by extensions ['colcon_pkg']
[0.345s] Level 1:colcon.colcon_core.package_identification:_identify(.) by extension 'colcon_pkg'
[0.345s] Level 1:colcon.colcon_core.package_identification:_identify(.) by extensions ['colcon_meta']
[0.346s] Level 1:colcon.colcon_core.package_identification:_identify(.) by extension 'colcon_meta'
[0.346s] Level 1:colcon.colcon_core.package_identification:_identify(.) by extensions ['ros']
[0.346s] Level 1:colcon.colcon_core.package_identification:_identify(.) by extension 'ros'
[0.358s] Level 1:colcon.colcon_core.package_identification:_identify(.) by extensions ['cmake', 'python']
[0.358s] Level 1:colcon.colcon_core.package_identification:_identify(.) by extension 'cmake'
[0.358s] Level 1:colcon.colcon_core.package_identification:_identify(.) by extension 'python'
[0.358s] Level 1:colcon.colcon_core.package_identification:_identify(.) by extensions ['python_setup_py']
[0.358s] Level 1:colcon.colcon_core.package_identification:_identify(.) by extension 'python_setup_py'
[0.358s] Level 1:colcon.colcon_core.package_identification:_identify(build) by extensions ['ignore', 'ignore_ament_install']
[0.359s] Level 1:colcon.colcon_core.package_identification:_identify(build) by extension 'ignore'
[0.359s] Level 1:colcon.colcon_core.package_identification:_identify(build) ignored
[0.359s] Level 1:colcon.colcon_core.package_identification:_identify(install) by extensions ['ignore', 'ignore_ament_install']
[0.359s] Level 1:colcon.colcon_core.package_identification:_identify(install) by extension 'ignore'
[0.359s] Level 1:colcon.colcon_core.package_identification:_identify(install) ignored
[0.359s] Level 1:colcon.colcon_core.package_identification:_identify(log) by extensions ['ignore', 'ignore_ament_install']
[0.359s] Level 1:colcon.colcon_core.package_identification:_identify(log) by extension 'ignore'
[0.359s] Level 1:colcon.colcon_core.package_identification:_identify(log) ignored
[0.359s] Level 1:colcon.colcon_core.package_identification:_identify(src) by extensions ['ignore', 'ignore_ament_install']
[0.359s] Level 1:colcon.colcon_core.package_identification:_identify(src) by extension 'ignore'
[0.359s] Level 1:colcon.colcon_core.package_identification:_identify(src) by extension 'ignore_ament_install'
[0.359s] Level 1:colcon.colcon_core.package_identification:_identify(src) by extensions ['colcon_pkg']
[0.359s] Level 1:colcon.colcon_core.package_identification:_identify(src) by extension 'colcon_pkg'
[0.360s] Level 1:colcon.colcon_core.package_identification:_identify(src) by extensions ['colcon_meta']
[0.360s] Level 1:colcon.colcon_core.package_identification:_identify(src) by extension 'colcon_meta'
[0.360s] Level 1:colcon.colcon_core.package_identification:_identify(src) by extensions ['ros']
[0.360s] Level 1:colcon.colcon_core.package_identification:_identify(src) by extension 'ros'
[0.360s] Level 1:colcon.colcon_core.package_identification:_identify(src) by extensions ['cmake', 'python']
[0.360s] Level 1:colcon.colcon_core.package_identification:_identify(src) by extension 'cmake'
[0.360s] Level 1:colcon.colcon_core.package_identification:_identify(src) by extension 'python'
[0.360s] Level 1:colcon.colcon_core.package_identification:_identify(src) by extensions ['python_setup_py']
[0.360s] Level 1:colcon.colcon_core.package_identification:_identify(src) by extension 'python_setup_py'
[0.360s] Level 1:colcon.colcon_core.package_identification:_identify(src/build) by extensions ['ignore', 'ignore_ament_install']
[0.360s] Level 1:colcon.colcon_core.package_identification:_identify(src/build) by extension 'ignore'
[0.360s] Level 1:colcon.colcon_core.package_identification:_identify(src/build) ignored
[0.360s] Level 1:colcon.colcon_core.package_identification:_identify(src/cpp_pubsub) by extensions ['ignore', 'ignore_ament_install']
[0.360s] Level 1:colcon.colcon_core.package_identification:_identify(src/cpp_pubsub) by extension 'ignore'
[0.360s] Level 1:colcon.colcon_core.package_identification:_identify(src/cpp_pubsub) by extension 'ignore_ament_install'
[0.360s] Level 1:colcon.colcon_core.package_identification:_identify(src/cpp_pubsub) by extensions ['colcon_pkg']
[0.360s] Level 1:colcon.colcon_core.package_identification:_identify(src/cpp_pubsub) by extension 'colcon_pkg'
[0.361s] Level 1:colcon.colcon_core.package_identification:_identify(src/cpp_pubsub) by extensions ['colcon_meta']
[0.361s] Level 1:colcon.colcon_core.package_identification:_identify(src/cpp_pubsub) by extension 'colcon_meta'
[0.361s] Level 1:colcon.colcon_core.package_identification:_identify(src/cpp_pubsub) by extensions ['ros']
[0.361s] Level 1:colcon.colcon_core.package_identification:_identify(src/cpp_pubsub) by extension 'ros'
[0.363s] DEBUG:colcon.colcon_core.package_identification:Package 'src/cpp_pubsub' with type 'ros.ament_cmake' and name 'cpp_pubsub'
[0.363s] Level 1:colcon.colcon_core.package_identification:_identify(src/install) by extensions ['ignore', 'ignore_ament_install']
[0.364s] Level 1:colcon.colcon_core.package_identification:_identify(src/install) by extension 'ignore'
[0.364s] Level 1:colcon.colcon_core.package_identification:_identify(src/install) ignored
[0.364s] Level 1:colcon.colcon_core.package_identification:_identify(src/learning_tf2_cpp) by extensions ['ignore', 'ignore_ament_install']
[0.364s] Level 1:colcon.colcon_core.package_identification:_identify(src/learning_tf2_cpp) by extension 'ignore'
[0.364s] Level 1:colcon.colcon_core.package_identification:_identify(src/learning_tf2_cpp) by extension 'ignore_ament_install'
[0.364s] Level 1:colcon.colcon_core.package_identification:_identify(src/learning_tf2_cpp) by extensions ['colcon_pkg']
[0.364s] Level 1:colcon.colcon_core.package_identification:_identify(src/learning_tf2_cpp) by extension 'colcon_pkg'
[0.364s] Level 1:colcon.colcon_core.package_identification:_identify(src/learning_tf2_cpp) by extensions ['colcon_meta']
[0.364s] Level 1:colcon.colcon_core.package_identification:_identify(src/learning_tf2_cpp) by extension 'colcon_meta'
[0.364s] Level 1:colcon.colcon_core.package_identification:_identify(src/learning_tf2_cpp) by extensions ['ros']
[0.364s] Level 1:colcon.colcon_core.package_identification:_identify(src/learning_tf2_cpp) by extension 'ros'
[0.365s] DEBUG:colcon.colcon_core.package_identification:Package 'src/learning_tf2_cpp' with type 'ros.ament_cmake' and name 'learning_tf2_cpp'
[0.365s] Level 1:colcon.colcon_core.package_identification:_identify(src/log) by extensions ['ignore', 'ignore_ament_install']
[0.366s] Level 1:colcon.colcon_core.package_identification:_identify(src/log) by extension 'ignore'
[0.366s] Level 1:colcon.colcon_core.package_identification:_identify(src/log) ignored
[0.366s] Level 1:colcon.colcon_core.package_discovery:discover_packages(recursive) using defaults
[0.366s] Level 1:colcon.colcon_core.package_discovery:discover_packages(ignore) discover
[0.366s] Level 1:colcon.colcon_core.package_discovery:discover_packages(ignore) using defaults
[0.366s] Level 1:colcon.colcon_core.package_discovery:discover_packages(path) discover
[0.366s] Level 1:colcon.colcon_core.package_discovery:discover_packages(path) using defaults
[0.391s] Level 5:colcon.colcon_core.verb:set package 'cpp_pubsub' build argument 'cmake_args' from command line to 'None'
[0.391s] Level 5:colcon.colcon_core.verb:set package 'cpp_pubsub' build argument 'cmake_target' from command line to 'None'
[0.391s] Level 5:colcon.colcon_core.verb:set package 'cpp_pubsub' build argument 'cmake_target_skip_unavailable' from command line to 'False'
[0.391s] Level 5:colcon.colcon_core.verb:set package 'cpp_pubsub' build argument 'cmake_clean_cache' from command line to 'False'
[0.391s] Level 5:colcon.colcon_core.verb:set package 'cpp_pubsub' build argument 'cmake_clean_first' from command line to 'False'
[0.391s] Level 5:colcon.colcon_core.verb:set package 'cpp_pubsub' build argument 'cmake_force_configure' from command line to 'False'
[0.391s] Level 5:colcon.colcon_core.verb:set package 'cpp_pubsub' build argument 'ament_cmake_args' from command line to 'None'
[0.391s] Level 5:colcon.colcon_core.verb:set package 'cpp_pubsub' build argument 'catkin_cmake_args' from command line to 'None'
[0.391s] Level 5:colcon.colcon_core.verb:set package 'cpp_pubsub' build argument 'catkin_skip_building_tests' from command line to 'False'
[0.391s] DEBUG:colcon.colcon_core.verb:Building package 'cpp_pubsub' with the following arguments: {'ament_cmake_args': None, 'build_base': '/home/prts/RBOT250/build/cpp_pubsub', 'catkin_cmake_args': None, 'catkin_skip_building_tests': False, 'cmake_args': None, 'cmake_clean_cache': False, 'cmake_clean_first': False, 'cmake_force_configure': False, 'cmake_target': None, 'cmake_target_skip_unavailable': False, 'install_base': '/home/prts/RBOT250/install/cpp_pubsub', 'merge_install': False, 'path': '/home/prts/RBOT250/src/cpp_pubsub', 'symlink_install': False, 'test_result_base': None}
[0.394s] Level 5:colcon.colcon_core.verb:set package 'learning_tf2_cpp' build argument 'cmake_args' from command line to 'None'
[0.394s] Level 5:colcon.colcon_core.verb:set package 'learning_tf2_cpp' build argument 'cmake_target' from command line to 'None'
[0.394s] Level 5:colcon.colcon_core.verb:set package 'learning_tf2_cpp' build argument 'cmake_target_skip_unavailable' from command line to 'False'
[0.394s] Level 5:colcon.colcon_core.verb:set package 'learning_tf2_cpp' build argument 'cmake_clean_cache' from command line to 'False'
[0.394s] Level 5:colcon.colcon_core.verb:set package 'learning_tf2_cpp' build argument 'cmake_clean_first' from command line to 'False'
[0.394s] Level 5:colcon.colcon_core.verb:set package 'learning_tf2_cpp' build argument 'cmake_force_configure' from command line to 'False'
[0.394s] Level 5:colcon.colcon_core.verb:set package 'learning_tf2_cpp' build argument 'ament_cmake_args' from command line to 'None'
[0.394s] Level 5:colcon.colcon_core.verb:set package 'learning_tf2_cpp' build argument 'catkin_cmake_args' from command line to 'None'
[0.394s] Level 5:colcon.colcon_core.verb:set package 'learning_tf2_cpp' build argument 'catkin_skip_building_tests' from command line to 'False'
[0.395s] DEBUG:colcon.colcon_core.verb:Building package 'learning_tf2_cpp' with the following arguments: {'ament_cmake_args': None, 'build_base': '/home/prts/RBOT250/build/learning_tf2_cpp', 'catkin_cmake_args': None, 'catkin_skip_building_tests': False, 'cmake_args': None, 'cmake_clean_cache': False, 'cmake_clean_first': False, 'cmake_force_configure': False, 'cmake_target': None, 'cmake_target_skip_unavailable': False, 'install_base': '/home/prts/RBOT250/install/learning_tf2_cpp', 'merge_install': False, 'path': '/home/prts/RBOT250/src/learning_tf2_cpp', 'symlink_install': False, 'test_result_base': None}
[0.395s] INFO:colcon.colcon_core.executor:Executing jobs using 'parallel' executor
[0.397s] DEBUG:colcon.colcon_parallel_executor.executor.parallel:run_until_complete
[0.397s] INFO:colcon.colcon_ros.task.ament_cmake.build:Building ROS package in '/home/prts/RBOT250/src/cpp_pubsub' with build type 'ament_cmake'
[0.398s] INFO:colcon.colcon_cmake.task.cmake.build:Building CMake package in '/home/prts/RBOT250/src/cpp_pubsub'
[0.407s] INFO:colcon.colcon_core.plugin_system:Skipping extension 'colcon_core.shell.bat': Not used on non-Windows systems
[0.407s] INFO:colcon.colcon_core.shell:Skip shell extension 'powershell' for command environment: Not usable outside of PowerShell
[0.407s] DEBUG:colcon.colcon_core.shell:Skip shell extension 'dsv' for command environment
[0.420s] INFO:colcon.colcon_ros.task.ament_cmake.build:Building ROS package in '/home/prts/RBOT250/src/learning_tf2_cpp' with build type 'ament_cmake'
[0.420s] INFO:colcon.colcon_cmake.task.cmake.build:Building CMake package in '/home/prts/RBOT250/src/learning_tf2_cpp'
[0.421s] INFO:colcon.colcon_core.shell:Skip shell extension 'powershell' for command environment: Not usable outside of PowerShell
[0.421s] DEBUG:colcon.colcon_core.shell:Skip shell extension 'dsv' for command environment
[0.444s] DEBUG:colcon.colcon_core.event_handler.log_command:Invoking command in '/home/prts/RBOT250/build/cpp_pubsub': /usr/bin/cmake --build /home/prts/RBOT250/build/cpp_pubsub -- -j4 -l4
[0.452s] DEBUG:colcon.colcon_core.event_handler.log_command:Invoking command in '/home/prts/RBOT250/build/learning_tf2_cpp': /usr/bin/cmake --build /home/prts/RBOT250/build/learning_tf2_cpp -- -j4 -l4
[0.542s] DEBUG:colcon.colcon_core.event_handler.log_command:Invoked command in '/home/prts/RBOT250/build/cpp_pubsub' returned '0': /usr/bin/cmake --build /home/prts/RBOT250/build/cpp_pubsub -- -j4 -l4
[0.595s] DEBUG:colcon.colcon_core.event_handler.log_command:Invoking command in '/home/prts/RBOT250/build/cpp_pubsub': /usr/bin/cmake --install /home/prts/RBOT250/build/cpp_pubsub
[0.613s] Level 1:colcon.colcon_core.environment:create_environment_scripts_only(cpp_pubsub)
[0.615s] DEBUG:colcon.colcon_core.event_handler.log_command:Invoked command in '/home/prts/RBOT250/build/cpp_pubsub' returned '0': /usr/bin/cmake --install /home/prts/RBOT250/build/cpp_pubsub
[0.620s] Level 1:colcon.colcon_core.environment:checking '/home/prts/RBOT250/install/cpp_pubsub' for CMake module files
[0.620s] Level 1:colcon.colcon_core.environment:checking '/home/prts/RBOT250/install/cpp_pubsub' for CMake config files
[0.621s] Level 1:colcon.colcon_core.shell:create_environment_hook('cpp_pubsub', 'cmake_prefix_path')
[0.622s] INFO:colcon.colcon_core.shell:Creating environment hook '/home/prts/RBOT250/install/cpp_pubsub/share/cpp_pubsub/hook/cmake_prefix_path.ps1'
[0.623s] INFO:colcon.colcon_core.shell:Creating environment descriptor '/home/prts/RBOT250/install/cpp_pubsub/share/cpp_pubsub/hook/cmake_prefix_path.dsv'
[0.623s] INFO:colcon.colcon_core.shell:Creating environment hook '/home/prts/RBOT250/install/cpp_pubsub/share/cpp_pubsub/hook/cmake_prefix_path.sh'
[0.625s] Level 1:colcon.colcon_core.environment:checking '/home/prts/RBOT250/install/cpp_pubsub/lib'
[0.625s] Level 1:colcon.colcon_core.environment:checking '/home/prts/RBOT250/install/cpp_pubsub/bin'
[0.625s] Level 1:colcon.colcon_core.environment:checking '/home/prts/RBOT250/install/cpp_pubsub/lib/pkgconfig/cpp_pubsub.pc'
[0.625s] Level 1:colcon.colcon_core.environment:checking '/home/prts/RBOT250/install/cpp_pubsub/lib/python3.8/site-packages'
[0.626s] INFO:colcon.colcon_core.shell:Creating package script '/home/prts/RBOT250/install/cpp_pubsub/share/cpp_pubsub/package.ps1'
[0.627s] INFO:colcon.colcon_core.shell:Creating package descriptor '/home/prts/RBOT250/install/cpp_pubsub/share/cpp_pubsub/package.dsv'
[0.627s] INFO:colcon.colcon_core.shell:Creating package script '/home/prts/RBOT250/install/cpp_pubsub/share/cpp_pubsub/package.sh'
[0.628s] INFO:colcon.colcon_core.shell:Creating package script '/home/prts/RBOT250/install/cpp_pubsub/share/cpp_pubsub/package.bash'
[0.629s] INFO:colcon.colcon_core.shell:Creating package script '/home/prts/RBOT250/install/cpp_pubsub/share/cpp_pubsub/package.zsh'
[0.629s] Level 1:colcon.colcon_core.environment:create_file_with_runtime_dependencies(/home/prts/RBOT250/install/cpp_pubsub/share/colcon-core/packages/cpp_pubsub)
[0.670s] Level 1:colcon.colcon_core.environment:create_environment_scripts_only(cpp_pubsub)
[0.673s] Level 1:colcon.colcon_core.environment:checking '/home/prts/RBOT250/install/cpp_pubsub' for CMake module files
[0.674s] Level 1:colcon.colcon_core.environment:checking '/home/prts/RBOT250/install/cpp_pubsub' for CMake config files
[0.674s] Level 1:colcon.colcon_core.shell:create_environment_hook('cpp_pubsub', 'cmake_prefix_path')
[0.675s] INFO:colcon.colcon_core.shell:Creating environment hook '/home/prts/RBOT250/install/cpp_pubsub/share/cpp_pubsub/hook/cmake_prefix_path.ps1'
[0.676s] INFO:colcon.colcon_core.shell:Creating environment descriptor '/home/prts/RBOT250/install/cpp_pubsub/share/cpp_pubsub/hook/cmake_prefix_path.dsv'
[0.677s] INFO:colcon.colcon_core.shell:Creating environment hook '/home/prts/RBOT250/install/cpp_pubsub/share/cpp_pubsub/hook/cmake_prefix_path.sh'
[0.677s] Level 1:colcon.colcon_core.environment:checking '/home/prts/RBOT250/install/cpp_pubsub/lib'
[0.677s] Level 1:colcon.colcon_core.environment:checking '/home/prts/RBOT250/install/cpp_pubsub/bin'
[0.677s] Level 1:colcon.colcon_core.environment:checking '/home/prts/RBOT250/install/cpp_pubsub/lib/pkgconfig/cpp_pubsub.pc'
[0.678s] Level 1:colcon.colcon_core.environment:checking '/home/prts/RBOT250/install/cpp_pubsub/lib/python3.8/site-packages'
[0.679s] INFO:colcon.colcon_core.shell:Creating package script '/home/prts/RBOT250/install/cpp_pubsub/share/cpp_pubsub/package.ps1'
[0.679s] INFO:colcon.colcon_core.shell:Creating package descriptor '/home/prts/RBOT250/install/cpp_pubsub/share/cpp_pubsub/package.dsv'
[0.680s] INFO:colcon.colcon_core.shell:Creating package script '/home/prts/RBOT250/install/cpp_pubsub/share/cpp_pubsub/package.sh'
[0.680s] INFO:colcon.colcon_core.shell:Creating package script '/home/prts/RBOT250/install/cpp_pubsub/share/cpp_pubsub/package.bash'
[0.680s] INFO:colcon.colcon_core.shell:Creating package script '/home/prts/RBOT250/install/cpp_pubsub/share/cpp_pubsub/package.zsh'
[0.681s] Level 1:colcon.colcon_core.environment:create_file_with_runtime_dependencies(/home/prts/RBOT250/install/cpp_pubsub/share/colcon-core/packages/cpp_pubsub)
[1.631s] DEBUG:colcon.colcon_core.event_handler.log_command:Invoked command in '/home/prts/RBOT250/build/learning_tf2_cpp' returned '2': /usr/bin/cmake --build /home/prts/RBOT250/build/learning_tf2_cpp -- -j4 -l4
[1.672s] Level 1:colcon.colcon_core.environment:create_environment_scripts_only(learning_tf2_cpp)
[1.674s] Level 1:colcon.colcon_core.environment:checking '/home/prts/RBOT250/install/learning_tf2_cpp' for CMake module files
[1.676s] Level 1:colcon.colcon_core.environment:checking '/home/prts/RBOT250/install/learning_tf2_cpp' for CMake config files
[1.676s] Level 1:colcon.colcon_core.shell:create_environment_hook('learning_tf2_cpp', 'cmake_prefix_path')
[1.678s] INFO:colcon.colcon_core.shell:Creating environment hook '/home/prts/RBOT250/install/learning_tf2_cpp/share/learning_tf2_cpp/hook/cmake_prefix_path.ps1'
[1.679s] INFO:colcon.colcon_core.shell:Creating environment descriptor '/home/prts/RBOT250/install/learning_tf2_cpp/share/learning_tf2_cpp/hook/cmake_prefix_path.dsv'
[1.679s] INFO:colcon.colcon_core.shell:Creating environment hook '/home/prts/RBOT250/install/learning_tf2_cpp/share/learning_tf2_cpp/hook/cmake_prefix_path.sh'
[1.680s] Level 1:colcon.colcon_core.environment:checking '/home/prts/RBOT250/install/learning_tf2_cpp/lib'
[1.680s] Level 1:colcon.colcon_core.environment:checking '/home/prts/RBOT250/install/learning_tf2_cpp/bin'
[1.680s] Level 1:colcon.colcon_core.environment:checking '/home/prts/RBOT250/install/learning_tf2_cpp/lib/pkgconfig/learning_tf2_cpp.pc'
[1.680s] Level 1:colcon.colcon_core.environment:checking '/home/prts/RBOT250/install/learning_tf2_cpp/lib/python3.8/site-packages'
[1.681s] INFO:colcon.colcon_core.shell:Creating package script '/home/prts/RBOT250/install/learning_tf2_cpp/share/learning_tf2_cpp/package.ps1'
[1.682s] INFO:colcon.colcon_core.shell:Creating package descriptor '/home/prts/RBOT250/install/learning_tf2_cpp/share/learning_tf2_cpp/package.dsv'
[1.682s] INFO:colcon.colcon_core.shell:Creating package script '/home/prts/RBOT250/install/learning_tf2_cpp/share/learning_tf2_cpp/package.sh'
[1.682s] INFO:colcon.colcon_core.shell:Creating package script '/home/prts/RBOT250/install/learning_tf2_cpp/share/learning_tf2_cpp/package.bash'
[1.683s] INFO:colcon.colcon_core.shell:Creating package script '/home/prts/RBOT250/install/learning_tf2_cpp/share/learning_tf2_cpp/package.zsh'
[1.683s] Level 1:colcon.colcon_core.environment:create_file_with_runtime_dependencies(/home/prts/RBOT250/install/learning_tf2_cpp/share/colcon-core/packages/learning_tf2_cpp)
[1.693s] DEBUG:colcon.colcon_parallel_executor.executor.parallel:closing loop
[1.694s] DEBUG:colcon.colcon_parallel_executor.executor.parallel:loop closed
[1.694s] DEBUG:colcon.colcon_parallel_executor.executor.parallel:run_until_complete finished with '2'
[1.694s] DEBUG:colcon.colcon_core.event_reactor:joining thread
[1.705s] INFO:colcon.colcon_core.plugin_system:Skipping extension 'colcon_notification.desktop_notification.terminal_notifier': Not used on non-Darwin systems
[1.705s] INFO:colcon.colcon_core.plugin_system:Skipping extension 'colcon_notification.desktop_notification.win32': Not used on non-Windows systems
[1.705s] INFO:colcon.colcon_notification.desktop_notification:Sending desktop notification using 'notify2'
[1.729s] DEBUG:colcon.colcon_core.event_reactor:joined thread
[1.731s] INFO:colcon.colcon_core.shell:Creating prefix script '/home/prts/RBOT250/install/local_setup.ps1'
[1.733s] INFO:colcon.colcon_core.shell:Creating prefix util module '/home/prts/RBOT250/install/_local_setup_util_ps1.py'
[1.737s] INFO:colcon.colcon_core.shell:Creating prefix chain script '/home/prts/RBOT250/install/setup.ps1'
[1.741s] INFO:colcon.colcon_core.shell:Creating prefix script '/home/prts/RBOT250/install/local_setup.sh'
[1.741s] INFO:colcon.colcon_core.shell:Creating prefix util module '/home/prts/RBOT250/install/_local_setup_util_sh.py'
[1.742s] INFO:colcon.colcon_core.shell:Creating prefix chain script '/home/prts/RBOT250/install/setup.sh'
[1.744s] INFO:colcon.colcon_core.shell:Creating prefix script '/home/prts/RBOT250/install/local_setup.bash'
[1.745s] INFO:colcon.colcon_core.shell:Creating prefix chain script '/home/prts/RBOT250/install/setup.bash'
[1.747s] INFO:colcon.colcon_core.shell:Creating prefix script '/home/prts/RBOT250/install/local_setup.zsh'
[1.748s] INFO:colcon.colcon_core.shell:Creating prefix chain script '/home/prts/RBOT250/install/setup.zsh'
