[0.030s] Invoking command in '/home/prts/RBTO250 Github/RBOT_250_Assignment_3/RBOT250/build/my_cpp_py_pkg': /usr/bin/cmake --build /home/prts/RBTO250 Github/RBOT_250_Assignment_3/RBOT250/build/my_cpp_py_pkg -- -j4 -l4
[0.043s] CMake Error: The current CMakeCache.txt directory /home/prts/RBTO250 Github/RBOT_250_Assignment_3/RBOT250/build/my_cpp_py_pkg/CMakeCache.txt is different than the directory /home/prts/RBOT250/build/my_cpp_py_pkg where CMakeCache.txt was created. This may result in binaries being created in the wrong place. If you are not sure, reedit the CMakeCache.txt
[0.129s] [  0%] Built target ament_cmake_python_symlink_my_cpp_py_pkg
[0.150s] [100%] Built target cpp_executable
[0.451s] running egg_info
[0.451s] writing my_cpp_py_pkg.egg-info/PKG-INFO
[0.452s] writing dependency_links to my_cpp_py_pkg.egg-info/dependency_links.txt
[0.452s] writing top-level names to my_cpp_py_pkg.egg-info/top_level.txt
[0.456s] reading manifest file 'my_cpp_py_pkg.egg-info/SOURCES.txt'
[0.457s] writing manifest file 'my_cpp_py_pkg.egg-info/SOURCES.txt'
[0.493s] [100%] Built target ament_cmake_python_build_my_cpp_py_pkg_egg
[0.506s] Invoked command in '/home/prts/RBTO250 Github/RBOT_250_Assignment_3/RBOT250/build/my_cpp_py_pkg' returned '0': /usr/bin/cmake --build /home/prts/RBTO250 Github/RBOT_250_Assignment_3/RBOT250/build/my_cpp_py_pkg -- -j4 -l4
[0.545s] Invoking command in '/home/prts/RBTO250 Github/RBOT_250_Assignment_3/RBOT250/build/my_cpp_py_pkg': /usr/bin/cmake --install /home/prts/RBTO250 Github/RBOT_250_Assignment_3/RBOT250/build/my_cpp_py_pkg
[0.562s] -- Install configuration: ""
[0.563s] -- Up-to-date: /home/prts/RBOT250/install/my_cpp_py_pkg/lib/my_cpp_py_pkg/cpp_executable
[0.564s] -- Up-to-date: /home/prts/RBOT250/install/my_cpp_py_pkg/share/my_cpp_py_pkg/environment/pythonpath.sh
[0.564s] -- Up-to-date: /home/prts/RBOT250/install/my_cpp_py_pkg/share/my_cpp_py_pkg/environment/pythonpath.dsv
[0.564s] -- Up-to-date: /home/prts/RBOT250/install/my_cpp_py_pkg/lib/python3.8/site-packages//my_cpp_py_pkg.egg-info
[0.565s] -- Installing: /home/prts/RBOT250/install/my_cpp_py_pkg/lib/python3.8/site-packages//my_cpp_py_pkg.egg-info/PKG-INFO
[0.565s] -- Installing: /home/prts/RBOT250/install/my_cpp_py_pkg/lib/python3.8/site-packages//my_cpp_py_pkg.egg-info/dependency_links.txt
[0.565s] -- Installing: /home/prts/RBOT250/install/my_cpp_py_pkg/lib/python3.8/site-packages//my_cpp_py_pkg.egg-info/SOURCES.txt
[0.565s] -- Installing: /home/prts/RBOT250/install/my_cpp_py_pkg/lib/python3.8/site-packages//my_cpp_py_pkg.egg-info/top_level.txt
[0.565s] -- Up-to-date: /home/prts/RBOT250/install/my_cpp_py_pkg/lib/python3.8/site-packages/my_cpp_py_pkg
[0.566s] -- Up-to-date: /home/prts/RBOT250/install/my_cpp_py_pkg/lib/python3.8/site-packages/my_cpp_py_pkg/__init__.py
[0.566s] -- Up-to-date: /home/prts/RBOT250/install/my_cpp_py_pkg/lib/python3.8/site-packages/my_cpp_py_pkg/module_to_import.py
[0.601s] Listing '/home/prts/RBOT250/install/my_cpp_py_pkg/lib/python3.8/site-packages/my_cpp_py_pkg'...
[0.605s] -- Up-to-date: /home/prts/RBOT250/install/my_cpp_py_pkg/lib/my_cpp_py_pkg/py_node.py
[0.605s] -- Up-to-date: /home/prts/RBOT250/install/my_cpp_py_pkg/share/my_cpp_py_pkg//launch
[0.605s] -- Up-to-date: /home/prts/RBOT250/install/my_cpp_py_pkg/share/my_cpp_py_pkg//launch/hw3launch.py
[0.606s] -- Up-to-date: /home/prts/RBOT250/install/my_cpp_py_pkg/share/ament_index/resource_index/package_run_dependencies/my_cpp_py_pkg
[0.607s] -- Up-to-date: /home/prts/RBOT250/install/my_cpp_py_pkg/share/ament_index/resource_index/parent_prefix_path/my_cpp_py_pkg
[0.607s] -- Up-to-date: /home/prts/RBOT250/install/my_cpp_py_pkg/share/my_cpp_py_pkg/environment/ament_prefix_path.sh
[0.607s] -- Up-to-date: /home/prts/RBOT250/install/my_cpp_py_pkg/share/my_cpp_py_pkg/environment/ament_prefix_path.dsv
[0.607s] -- Up-to-date: /home/prts/RBOT250/install/my_cpp_py_pkg/share/my_cpp_py_pkg/environment/path.sh
[0.607s] -- Up-to-date: /home/prts/RBOT250/install/my_cpp_py_pkg/share/my_cpp_py_pkg/environment/path.dsv
[0.607s] -- Up-to-date: /home/prts/RBOT250/install/my_cpp_py_pkg/share/my_cpp_py_pkg/local_setup.bash
[0.607s] -- Up-to-date: /home/prts/RBOT250/install/my_cpp_py_pkg/share/my_cpp_py_pkg/local_setup.sh
[0.608s] -- Up-to-date: /home/prts/RBOT250/install/my_cpp_py_pkg/share/my_cpp_py_pkg/local_setup.zsh
[0.608s] -- Up-to-date: /home/prts/RBOT250/install/my_cpp_py_pkg/share/my_cpp_py_pkg/local_setup.dsv
[0.608s] -- Up-to-date: /home/prts/RBOT250/install/my_cpp_py_pkg/share/my_cpp_py_pkg/package.dsv
[0.608s] -- Up-to-date: /home/prts/RBOT250/install/my_cpp_py_pkg/share/ament_index/resource_index/packages/my_cpp_py_pkg
[0.608s] -- Up-to-date: /home/prts/RBOT250/install/my_cpp_py_pkg/share/my_cpp_py_pkg/cmake/my_cpp_py_pkgConfig.cmake
[0.609s] -- Up-to-date: /home/prts/RBOT250/install/my_cpp_py_pkg/share/my_cpp_py_pkg/cmake/my_cpp_py_pkgConfig-version.cmake
[0.609s] -- Up-to-date: /home/prts/RBOT250/install/my_cpp_py_pkg/share/my_cpp_py_pkg/package.xml
[0.616s] Invoked command in '/home/prts/RBTO250 Github/RBOT_250_Assignment_3/RBOT250/build/my_cpp_py_pkg' returned '0': /usr/bin/cmake --install /home/prts/RBTO250 Github/RBOT_250_Assignment_3/RBOT250/build/my_cpp_py_pkg
