[0.022s] Invoking command in '/home/prts/RBOT250/build/my_cpp_py_pkg': CMAKE_PREFIX_PATH=${CMAKE_PREFIX_PATH}:/home/prts/RBOT250/src/install/learning_tf2_py /usr/bin/cmake --build /home/prts/RBOT250/build/my_cpp_py_pkg -- -j4 -l4
[0.103s] [35m[1mScanning dependencies of target cpp_executable[0m
[0.123s] [  0%] Built target ament_cmake_python_symlink_my_cpp_py_pkg
[0.148s] [ 50%] [32mBuilding CXX object CMakeFiles/cpp_executable.dir/src/cpp_node.cpp.o[0m
[0.407s] running egg_info
[0.407s] writing my_cpp_py_pkg.egg-info/PKG-INFO
[0.408s] writing dependency_links to my_cpp_py_pkg.egg-info/dependency_links.txt
[0.409s] writing top-level names to my_cpp_py_pkg.egg-info/top_level.txt
[0.412s] reading manifest file 'my_cpp_py_pkg.egg-info/SOURCES.txt'
[0.412s] writing manifest file 'my_cpp_py_pkg.egg-info/SOURCES.txt'
[0.456s] [ 50%] Built target ament_cmake_python_build_my_cpp_py_pkg_egg
[5.190s] [100%] [32m[1mLinking CXX executable cpp_executable[0m
[5.486s] [100%] Built target cpp_executable
[5.505s] Invoked command in '/home/prts/RBOT250/build/my_cpp_py_pkg' returned '0': CMAKE_PREFIX_PATH=${CMAKE_PREFIX_PATH}:/home/prts/RBOT250/src/install/learning_tf2_py /usr/bin/cmake --build /home/prts/RBOT250/build/my_cpp_py_pkg -- -j4 -l4
[5.563s] Invoking command in '/home/prts/RBOT250/build/my_cpp_py_pkg': CMAKE_PREFIX_PATH=${CMAKE_PREFIX_PATH}:/home/prts/RBOT250/src/install/learning_tf2_py /usr/bin/cmake --install /home/prts/RBOT250/build/my_cpp_py_pkg
[5.574s] -- Install configuration: ""
[5.574s] -- Installing: /home/prts/RBOT250/install/my_cpp_py_pkg/lib/my_cpp_py_pkg/cpp_executable
[5.576s] -- Set runtime path of "/home/prts/RBOT250/install/my_cpp_py_pkg/lib/my_cpp_py_pkg/cpp_executable" to ""
[5.577s] -- Up-to-date: /home/prts/RBOT250/install/my_cpp_py_pkg/share/my_cpp_py_pkg/environment/pythonpath.sh
[5.577s] -- Up-to-date: /home/prts/RBOT250/install/my_cpp_py_pkg/share/my_cpp_py_pkg/environment/pythonpath.dsv
[5.577s] -- Up-to-date: /home/prts/RBOT250/install/my_cpp_py_pkg/lib/python3.8/site-packages//my_cpp_py_pkg.egg-info
[5.577s] -- Installing: /home/prts/RBOT250/install/my_cpp_py_pkg/lib/python3.8/site-packages//my_cpp_py_pkg.egg-info/PKG-INFO
[5.577s] -- Installing: /home/prts/RBOT250/install/my_cpp_py_pkg/lib/python3.8/site-packages//my_cpp_py_pkg.egg-info/dependency_links.txt
[5.578s] -- Installing: /home/prts/RBOT250/install/my_cpp_py_pkg/lib/python3.8/site-packages//my_cpp_py_pkg.egg-info/SOURCES.txt
[5.578s] -- Installing: /home/prts/RBOT250/install/my_cpp_py_pkg/lib/python3.8/site-packages//my_cpp_py_pkg.egg-info/top_level.txt
[5.578s] -- Up-to-date: /home/prts/RBOT250/install/my_cpp_py_pkg/lib/python3.8/site-packages/my_cpp_py_pkg
[5.578s] -- Up-to-date: /home/prts/RBOT250/install/my_cpp_py_pkg/lib/python3.8/site-packages/my_cpp_py_pkg/__init__.py
[5.578s] -- Up-to-date: /home/prts/RBOT250/install/my_cpp_py_pkg/lib/python3.8/site-packages/my_cpp_py_pkg/module_to_import.py
[5.613s] Listing '/home/prts/RBOT250/install/my_cpp_py_pkg/lib/python3.8/site-packages/my_cpp_py_pkg'...
[5.617s] -- Up-to-date: /home/prts/RBOT250/install/my_cpp_py_pkg/lib/my_cpp_py_pkg/py_node.py
[5.618s] -- Up-to-date: /home/prts/RBOT250/install/my_cpp_py_pkg/share/my_cpp_py_pkg//launch
[5.618s] -- Up-to-date: /home/prts/RBOT250/install/my_cpp_py_pkg/share/my_cpp_py_pkg//launch/hw3launch.py
[5.618s] -- Up-to-date: /home/prts/RBOT250/install/my_cpp_py_pkg/share/ament_index/resource_index/package_run_dependencies/my_cpp_py_pkg
[5.618s] -- Up-to-date: /home/prts/RBOT250/install/my_cpp_py_pkg/share/ament_index/resource_index/parent_prefix_path/my_cpp_py_pkg
[5.619s] -- Up-to-date: /home/prts/RBOT250/install/my_cpp_py_pkg/share/my_cpp_py_pkg/environment/ament_prefix_path.sh
[5.619s] -- Up-to-date: /home/prts/RBOT250/install/my_cpp_py_pkg/share/my_cpp_py_pkg/environment/ament_prefix_path.dsv
[5.619s] -- Up-to-date: /home/prts/RBOT250/install/my_cpp_py_pkg/share/my_cpp_py_pkg/environment/path.sh
[5.619s] -- Up-to-date: /home/prts/RBOT250/install/my_cpp_py_pkg/share/my_cpp_py_pkg/environment/path.dsv
[5.619s] -- Up-to-date: /home/prts/RBOT250/install/my_cpp_py_pkg/share/my_cpp_py_pkg/local_setup.bash
[5.620s] -- Up-to-date: /home/prts/RBOT250/install/my_cpp_py_pkg/share/my_cpp_py_pkg/local_setup.sh
[5.620s] -- Up-to-date: /home/prts/RBOT250/install/my_cpp_py_pkg/share/my_cpp_py_pkg/local_setup.zsh
[5.620s] -- Up-to-date: /home/prts/RBOT250/install/my_cpp_py_pkg/share/my_cpp_py_pkg/local_setup.dsv
[5.620s] -- Installing: /home/prts/RBOT250/install/my_cpp_py_pkg/share/my_cpp_py_pkg/package.dsv
[5.620s] -- Up-to-date: /home/prts/RBOT250/install/my_cpp_py_pkg/share/ament_index/resource_index/packages/my_cpp_py_pkg
[5.621s] -- Up-to-date: /home/prts/RBOT250/install/my_cpp_py_pkg/share/my_cpp_py_pkg/cmake/my_cpp_py_pkgConfig.cmake
[5.621s] -- Up-to-date: /home/prts/RBOT250/install/my_cpp_py_pkg/share/my_cpp_py_pkg/cmake/my_cpp_py_pkgConfig-version.cmake
[5.621s] -- Up-to-date: /home/prts/RBOT250/install/my_cpp_py_pkg/share/my_cpp_py_pkg/package.xml
[5.624s] Invoked command in '/home/prts/RBOT250/build/my_cpp_py_pkg' returned '0': CMAKE_PREFIX_PATH=${CMAKE_PREFIX_PATH}:/home/prts/RBOT250/src/install/learning_tf2_py /usr/bin/cmake --install /home/prts/RBOT250/build/my_cpp_py_pkg
