[0.328s] DEBUG:colcon:Command line arguments: ['/usr/bin/colcon', 'build']
[0.328s] DEBUG:colcon:Parsed command line arguments: Namespace(ament_cmake_args=None, base_paths=['.'], build_base='build', catkin_cmake_args=None, catkin_skip_building_tests=False, cmake_args=None, cmake_clean_cache=False, cmake_clean_first=False, cmake_force_configure=False, cmake_target=None, cmake_target_skip_unavailable=False, continue_on_error=False, event_handlers=None, executor='parallel', ignore_user_meta=False, install_base='install', log_base=None, log_level=None, main=<bound method BuildVerb.main of <colcon_core.verb.build.BuildVerb object at 0x7ff80a6b8370>>, merge_install=False, metas=['./colcon.meta'], packages_above=None, packages_above_and_dependencies=None, packages_above_depth=None, packages_end=None, packages_ignore=None, packages_ignore_regex=None, packages_select=None, packages_select_build_failed=False, packages_select_by_dep=None, packages_select_regex=None, packages_select_test_failures=False, packages_skip=None, packages_skip_build_finished=False, packages_skip_by_dep=None, packages_skip_regex=None, packages_skip_test_passed=False, packages_skip_up_to=None, packages_start=None, packages_up_to=None, packages_up_to_regex=None, parallel_workers=4, paths=None, symlink_install=False, test_result_base=None, verb_extension=<colcon_core.verb.build.BuildVerb object at 0x7ff80a6b8370>, verb_name='build', verb_parser=<colcon_defaults.argument_parser.defaults.DefaultArgumentsDecorator object at 0x7ff80a6b88b0>)
[0.343s] Level 1:colcon.colcon_core.package_discovery:discover_packages(colcon_meta) check parameters
[0.344s] Level 1:colcon.colcon_core.package_discovery:discover_packages(recursive) check parameters
[0.344s] Level 1:colcon.colcon_core.package_discovery:discover_packages(ignore) check parameters
[0.344s] Level 1:colcon.colcon_core.package_discovery:discover_packages(path) check parameters
[0.344s] Level 1:colcon.colcon_core.package_discovery:discover_packages(colcon_meta) discover
[0.344s] Level 1:colcon.colcon_core.package_discovery:discover_packages(recursive) discover
[0.344s] INFO:colcon.colcon_core.package_discovery:Crawling recursively for packages in '/home/prts/RBOT250/src'
[0.344s] Level 1:colcon.colcon_core.package_identification:_identify(.) by extensions ['ignore', 'ignore_ament_install']
[0.345s] Level 1:colcon.colcon_core.package_identification:_identify(.) by extension 'ignore'
[0.345s] Level 1:colcon.colcon_core.package_identification:_identify(.) by extension 'ignore_ament_install'
[0.345s] Level 1:colcon.colcon_core.package_identification:_identify(.) by extensions ['colcon_pkg']
[0.345s] Level 1:colcon.colcon_core.package_identification:_identify(.) by extension 'colcon_pkg'
[0.345s] Level 1:colcon.colcon_core.package_identification:_identify(.) by extensions ['colcon_meta']
[0.345s] Level 1:colcon.colcon_core.package_identification:_identify(.) by extension 'colcon_meta'
[0.345s] Level 1:colcon.colcon_core.package_identification:_identify(.) by extensions ['ros']
[0.345s] Level 1:colcon.colcon_core.package_identification:_identify(.) by extension 'ros'
[0.357s] Level 1:colcon.colcon_core.package_identification:_identify(.) by extensions ['cmake', 'python']
[0.357s] Level 1:colcon.colcon_core.package_identification:_identify(.) by extension 'cmake'
[0.357s] Level 1:colcon.colcon_core.package_identification:_identify(.) by extension 'python'
[0.357s] Level 1:colcon.colcon_core.package_identification:_identify(.) by extensions ['python_setup_py']
[0.357s] Level 1:colcon.colcon_core.package_identification:_identify(.) by extension 'python_setup_py'
[0.358s] Level 1:colcon.colcon_core.package_identification:_identify(build) by extensions ['ignore', 'ignore_ament_install']
[0.358s] Level 1:colcon.colcon_core.package_identification:_identify(build) by extension 'ignore'
[0.358s] Level 1:colcon.colcon_core.package_identification:_identify(build) ignored
[0.358s] Level 1:colcon.colcon_core.package_identification:_identify(cpp_pubsub) by extensions ['ignore', 'ignore_ament_install']
[0.358s] Level 1:colcon.colcon_core.package_identification:_identify(cpp_pubsub) by extension 'ignore'
[0.358s] Level 1:colcon.colcon_core.package_identification:_identify(cpp_pubsub) by extension 'ignore_ament_install'
[0.358s] Level 1:colcon.colcon_core.package_identification:_identify(cpp_pubsub) by extensions ['colcon_pkg']
[0.358s] Level 1:colcon.colcon_core.package_identification:_identify(cpp_pubsub) by extension 'colcon_pkg'
[0.358s] Level 1:colcon.colcon_core.package_identification:_identify(cpp_pubsub) by extensions ['colcon_meta']
[0.358s] Level 1:colcon.colcon_core.package_identification:_identify(cpp_pubsub) by extension 'colcon_meta'
[0.358s] Level 1:colcon.colcon_core.package_identification:_identify(cpp_pubsub) by extensions ['ros']
[0.358s] Level 1:colcon.colcon_core.package_identification:_identify(cpp_pubsub) by extension 'ros'
[0.361s] DEBUG:colcon.colcon_core.package_identification:Package 'cpp_pubsub' with type 'ros.ament_cmake' and name 'cpp_pubsub'
[0.361s] Level 1:colcon.colcon_core.package_identification:_identify(install) by extensions ['ignore', 'ignore_ament_install']
[0.361s] Level 1:colcon.colcon_core.package_identification:_identify(install) by extension 'ignore'
[0.361s] Level 1:colcon.colcon_core.package_identification:_identify(install) ignored
[0.361s] Level 1:colcon.colcon_core.package_identification:_identify(learning_tf2_cpp) by extensions ['ignore', 'ignore_ament_install']
[0.361s] Level 1:colcon.colcon_core.package_identification:_identify(learning_tf2_cpp) by extension 'ignore'
[0.361s] Level 1:colcon.colcon_core.package_identification:_identify(learning_tf2_cpp) by extension 'ignore_ament_install'
[0.361s] Level 1:colcon.colcon_core.package_identification:_identify(learning_tf2_cpp) by extensions ['colcon_pkg']
[0.362s] Level 1:colcon.colcon_core.package_identification:_identify(learning_tf2_cpp) by extension 'colcon_pkg'
[0.362s] Level 1:colcon.colcon_core.package_identification:_identify(learning_tf2_cpp) by extensions ['colcon_meta']
[0.362s] Level 1:colcon.colcon_core.package_identification:_identify(learning_tf2_cpp) by extension 'colcon_meta'
[0.362s] Level 1:colcon.colcon_core.package_identification:_identify(learning_tf2_cpp) by extensions ['ros']
[0.362s] Level 1:colcon.colcon_core.package_identification:_identify(learning_tf2_cpp) by extension 'ros'
[0.363s] DEBUG:colcon.colcon_core.package_identification:Package 'learning_tf2_cpp' with type 'ros.ament_cmake' and name 'learning_tf2_cpp'
[0.363s] Level 1:colcon.colcon_core.package_identification:_identify(learning_tf2_py) by extensions ['ignore', 'ignore_ament_install']
[0.363s] Level 1:colcon.colcon_core.package_identification:_identify(learning_tf2_py) by extension 'ignore'
[0.363s] Level 1:colcon.colcon_core.package_identification:_identify(learning_tf2_py) by extension 'ignore_ament_install'
[0.363s] Level 1:colcon.colcon_core.package_identification:_identify(learning_tf2_py) by extensions ['colcon_pkg']
[0.363s] Level 1:colcon.colcon_core.package_identification:_identify(learning_tf2_py) by extension 'colcon_pkg'
[0.363s] Level 1:colcon.colcon_core.package_identification:_identify(learning_tf2_py) by extensions ['colcon_meta']
[0.363s] Level 1:colcon.colcon_core.package_identification:_identify(learning_tf2_py) by extension 'colcon_meta'
[0.363s] Level 1:colcon.colcon_core.package_identification:_identify(learning_tf2_py) by extensions ['ros']
[0.363s] Level 1:colcon.colcon_core.package_identification:_identify(learning_tf2_py) by extension 'ros'
[0.364s] DEBUG:colcon.colcon_core.package_identification:Package 'learning_tf2_py' with type 'ros.ament_python' and name 'learning_tf2_py'
[0.364s] Level 1:colcon.colcon_core.package_identification:_identify(log) by extensions ['ignore', 'ignore_ament_install']
[0.364s] Level 1:colcon.colcon_core.package_identification:_identify(log) by extension 'ignore'
[0.364s] Level 1:colcon.colcon_core.package_identification:_identify(log) ignored
[0.364s] Level 1:colcon.colcon_core.package_discovery:discover_packages(recursive) using defaults
[0.364s] Level 1:colcon.colcon_core.package_discovery:discover_packages(ignore) discover
[0.364s] Level 1:colcon.colcon_core.package_discovery:discover_packages(ignore) using defaults
[0.364s] Level 1:colcon.colcon_core.package_discovery:discover_packages(path) discover
[0.364s] Level 1:colcon.colcon_core.package_discovery:discover_packages(path) using defaults
[0.389s] Level 5:colcon.colcon_core.verb:set package 'cpp_pubsub' build argument 'cmake_args' from command line to 'None'
[0.389s] Level 5:colcon.colcon_core.verb:set package 'cpp_pubsub' build argument 'cmake_target' from command line to 'None'
[0.389s] Level 5:colcon.colcon_core.verb:set package 'cpp_pubsub' build argument 'cmake_target_skip_unavailable' from command line to 'False'
[0.389s] Level 5:colcon.colcon_core.verb:set package 'cpp_pubsub' build argument 'cmake_clean_cache' from command line to 'False'
[0.389s] Level 5:colcon.colcon_core.verb:set package 'cpp_pubsub' build argument 'cmake_clean_first' from command line to 'False'
[0.389s] Level 5:colcon.colcon_core.verb:set package 'cpp_pubsub' build argument 'cmake_force_configure' from command line to 'False'
[0.389s] Level 5:colcon.colcon_core.verb:set package 'cpp_pubsub' build argument 'ament_cmake_args' from command line to 'None'
[0.389s] Level 5:colcon.colcon_core.verb:set package 'cpp_pubsub' build argument 'catkin_cmake_args' from command line to 'None'
[0.389s] Level 5:colcon.colcon_core.verb:set package 'cpp_pubsub' build argument 'catkin_skip_building_tests' from command line to 'False'
[0.389s] DEBUG:colcon.colcon_core.verb:Building package 'cpp_pubsub' with the following arguments: {'ament_cmake_args': None, 'build_base': '/home/prts/RBOT250/src/build/cpp_pubsub', 'catkin_cmake_args': None, 'catkin_skip_building_tests': False, 'cmake_args': None, 'cmake_clean_cache': False, 'cmake_clean_first': False, 'cmake_force_configure': False, 'cmake_target': None, 'cmake_target_skip_unavailable': False, 'install_base': '/home/prts/RBOT250/src/install/cpp_pubsub', 'merge_install': False, 'path': '/home/prts/RBOT250/src/cpp_pubsub', 'symlink_install': False, 'test_result_base': None}
[0.392s] Level 5:colcon.colcon_core.verb:set package 'learning_tf2_cpp' build argument 'cmake_args' from command line to 'None'
[0.392s] Level 5:colcon.colcon_core.verb:set package 'learning_tf2_cpp' build argument 'cmake_target' from command line to 'None'
[0.392s] Level 5:colcon.colcon_core.verb:set package 'learning_tf2_cpp' build argument 'cmake_target_skip_unavailable' from command line to 'False'
[0.392s] Level 5:colcon.colcon_core.verb:set package 'learning_tf2_cpp' build argument 'cmake_clean_cache' from command line to 'False'
[0.392s] Level 5:colcon.colcon_core.verb:set package 'learning_tf2_cpp' build argument 'cmake_clean_first' from command line to 'False'
[0.392s] Level 5:colcon.colcon_core.verb:set package 'learning_tf2_cpp' build argument 'cmake_force_configure' from command line to 'False'
[0.392s] Level 5:colcon.colcon_core.verb:set package 'learning_tf2_cpp' build argument 'ament_cmake_args' from command line to 'None'
[0.392s] Level 5:colcon.colcon_core.verb:set package 'learning_tf2_cpp' build argument 'catkin_cmake_args' from command line to 'None'
[0.392s] Level 5:colcon.colcon_core.verb:set package 'learning_tf2_cpp' build argument 'catkin_skip_building_tests' from command line to 'False'
[0.392s] DEBUG:colcon.colcon_core.verb:Building package 'learning_tf2_cpp' with the following arguments: {'ament_cmake_args': None, 'build_base': '/home/prts/RBOT250/src/build/learning_tf2_cpp', 'catkin_cmake_args': None, 'catkin_skip_building_tests': False, 'cmake_args': None, 'cmake_clean_cache': False, 'cmake_clean_first': False, 'cmake_force_configure': False, 'cmake_target': None, 'cmake_target_skip_unavailable': False, 'install_base': '/home/prts/RBOT250/src/install/learning_tf2_cpp', 'merge_install': False, 'path': '/home/prts/RBOT250/src/learning_tf2_cpp', 'symlink_install': False, 'test_result_base': None}
[0.396s] Level 5:colcon.colcon_core.verb:set package 'learning_tf2_py' build argument 'cmake_args' from command line to 'None'
[0.396s] Level 5:colcon.colcon_core.verb:set package 'learning_tf2_py' build argument 'cmake_target' from command line to 'None'
[0.396s] Level 5:colcon.colcon_core.verb:set package 'learning_tf2_py' build argument 'cmake_target_skip_unavailable' from command line to 'False'
[0.396s] Level 5:colcon.colcon_core.verb:set package 'learning_tf2_py' build argument 'cmake_clean_cache' from command line to 'False'
[0.396s] Level 5:colcon.colcon_core.verb:set package 'learning_tf2_py' build argument 'cmake_clean_first' from command line to 'False'
[0.396s] Level 5:colcon.colcon_core.verb:set package 'learning_tf2_py' build argument 'cmake_force_configure' from command line to 'False'
[0.396s] Level 5:colcon.colcon_core.verb:set package 'learning_tf2_py' build argument 'ament_cmake_args' from command line to 'None'
[0.396s] Level 5:colcon.colcon_core.verb:set package 'learning_tf2_py' build argument 'catkin_cmake_args' from command line to 'None'
[0.396s] Level 5:colcon.colcon_core.verb:set package 'learning_tf2_py' build argument 'catkin_skip_building_tests' from command line to 'False'
[0.396s] DEBUG:colcon.colcon_core.verb:Building package 'learning_tf2_py' with the following arguments: {'ament_cmake_args': None, 'build_base': '/home/prts/RBOT250/src/build/learning_tf2_py', 'catkin_cmake_args': None, 'catkin_skip_building_tests': False, 'cmake_args': None, 'cmake_clean_cache': False, 'cmake_clean_first': False, 'cmake_force_configure': False, 'cmake_target': None, 'cmake_target_skip_unavailable': False, 'install_base': '/home/prts/RBOT250/src/install/learning_tf2_py', 'merge_install': False, 'path': '/home/prts/RBOT250/src/learning_tf2_py', 'symlink_install': False, 'test_result_base': None}
[0.396s] INFO:colcon.colcon_core.executor:Executing jobs using 'parallel' executor
[0.399s] DEBUG:colcon.colcon_parallel_executor.executor.parallel:run_until_complete
[0.399s] INFO:colcon.colcon_ros.task.ament_cmake.build:Building ROS package in '/home/prts/RBOT250/src/cpp_pubsub' with build type 'ament_cmake'
[0.399s] INFO:colcon.colcon_cmake.task.cmake.build:Building CMake package in '/home/prts/RBOT250/src/cpp_pubsub'
[0.404s] INFO:colcon.colcon_core.plugin_system:Skipping extension 'colcon_core.shell.bat': Not used on non-Windows systems
[0.404s] INFO:colcon.colcon_core.shell:Skip shell extension 'powershell' for command environment: Not usable outside of PowerShell
[0.404s] DEBUG:colcon.colcon_core.shell:Skip shell extension 'dsv' for command environment
[0.413s] INFO:colcon.colcon_ros.task.ament_cmake.build:Building ROS package in '/home/prts/RBOT250/src/learning_tf2_cpp' with build type 'ament_cmake'
[0.414s] INFO:colcon.colcon_cmake.task.cmake.build:Building CMake package in '/home/prts/RBOT250/src/learning_tf2_cpp'
[0.415s] INFO:colcon.colcon_core.shell:Skip shell extension 'powershell' for command environment: Not usable outside of PowerShell
[0.415s] DEBUG:colcon.colcon_core.shell:Skip shell extension 'dsv' for command environment
[0.428s] INFO:colcon.colcon_ros.task.ament_python.build:Building ROS package in '/home/prts/RBOT250/src/learning_tf2_py' with build type 'ament_python'
[0.429s] Level 1:colcon.colcon_core.shell:create_environment_hook('learning_tf2_py', 'ament_prefix_path')
[0.430s] INFO:colcon.colcon_core.shell:Creating environment hook '/home/prts/RBOT250/src/install/learning_tf2_py/share/learning_tf2_py/hook/ament_prefix_path.ps1'
[0.432s] INFO:colcon.colcon_core.shell:Creating environment descriptor '/home/prts/RBOT250/src/install/learning_tf2_py/share/learning_tf2_py/hook/ament_prefix_path.dsv'
[0.432s] INFO:colcon.colcon_core.shell:Creating environment hook '/home/prts/RBOT250/src/install/learning_tf2_py/share/learning_tf2_py/hook/ament_prefix_path.sh'
[0.434s] INFO:colcon.colcon_core.shell:Skip shell extension 'powershell' for command environment: Not usable outside of PowerShell
[0.434s] DEBUG:colcon.colcon_core.shell:Skip shell extension 'dsv' for command environment
[0.450s] DEBUG:colcon.colcon_core.event_handler.log_command:Invoking command in '/home/prts/RBOT250/src/build/cpp_pubsub': /usr/bin/cmake --build /home/prts/RBOT250/src/build/cpp_pubsub -- -j4 -l4
[0.457s] DEBUG:colcon.colcon_core.event_handler.log_command:Invoking command in '/home/prts/RBOT250/src/build/learning_tf2_cpp': /usr/bin/cmake --build /home/prts/RBOT250/src/build/learning_tf2_cpp -- -j4 -l4
[0.768s] INFO:colcon.colcon_core.task.python.build:Building Python package in '/home/prts/RBOT250/src/learning_tf2_py'
[0.770s] INFO:colcon.colcon_core.shell:Skip shell extension 'powershell' for command environment: Not usable outside of PowerShell
[0.770s] DEBUG:colcon.colcon_core.shell:Skip shell extension 'dsv' for command environment
[0.787s] DEBUG:colcon.colcon_core.event_handler.log_command:Invoked command in '/home/prts/RBOT250/src/build/cpp_pubsub' returned '0': /usr/bin/cmake --build /home/prts/RBOT250/src/build/cpp_pubsub -- -j4 -l4
[0.798s] DEBUG:colcon.colcon_core.event_handler.log_command:Invoking command in '/home/prts/RBOT250/src/learning_tf2_py': PYTHONPATH=/home/prts/RBOT250/src/install/learning_tf2_py/lib/python3.8/site-packages:${PYTHONPATH} /usr/bin/python3 setup.py egg_info --egg-base ../build/learning_tf2_py build --build-base /home/prts/RBOT250/src/build/learning_tf2_py/build install --prefix /home/prts/RBOT250/src/install/learning_tf2_py --record /home/prts/RBOT250/src/build/learning_tf2_py/install.log --single-version-externally-managed
[0.852s] DEBUG:colcon.colcon_core.event_handler.log_command:Invoking command in '/home/prts/RBOT250/src/build/cpp_pubsub': /usr/bin/cmake --install /home/prts/RBOT250/src/build/cpp_pubsub
[0.873s] Level 1:colcon.colcon_core.environment:create_environment_scripts_only(cpp_pubsub)
[0.875s] DEBUG:colcon.colcon_core.event_handler.log_command:Invoked command in '/home/prts/RBOT250/src/build/cpp_pubsub' returned '0': /usr/bin/cmake --install /home/prts/RBOT250/src/build/cpp_pubsub
[0.879s] Level 1:colcon.colcon_core.environment:checking '/home/prts/RBOT250/src/install/cpp_pubsub' for CMake module files
[0.879s] Level 1:colcon.colcon_core.environment:checking '/home/prts/RBOT250/src/install/cpp_pubsub' for CMake config files
[0.880s] Level 1:colcon.colcon_core.shell:create_environment_hook('cpp_pubsub', 'cmake_prefix_path')
[0.881s] INFO:colcon.colcon_core.shell:Creating environment hook '/home/prts/RBOT250/src/install/cpp_pubsub/share/cpp_pubsub/hook/cmake_prefix_path.ps1'
[0.881s] INFO:colcon.colcon_core.shell:Creating environment descriptor '/home/prts/RBOT250/src/install/cpp_pubsub/share/cpp_pubsub/hook/cmake_prefix_path.dsv'
[0.882s] INFO:colcon.colcon_core.shell:Creating environment hook '/home/prts/RBOT250/src/install/cpp_pubsub/share/cpp_pubsub/hook/cmake_prefix_path.sh'
[0.882s] Level 1:colcon.colcon_core.environment:checking '/home/prts/RBOT250/src/install/cpp_pubsub/lib'
[0.883s] Level 1:colcon.colcon_core.environment:checking '/home/prts/RBOT250/src/install/cpp_pubsub/bin'
[0.883s] Level 1:colcon.colcon_core.environment:checking '/home/prts/RBOT250/src/install/cpp_pubsub/lib/pkgconfig/cpp_pubsub.pc'
[0.883s] Level 1:colcon.colcon_core.environment:checking '/home/prts/RBOT250/src/install/cpp_pubsub/lib/python3.8/site-packages'
[0.884s] INFO:colcon.colcon_core.shell:Creating package script '/home/prts/RBOT250/src/install/cpp_pubsub/share/cpp_pubsub/package.ps1'
[0.885s] INFO:colcon.colcon_core.shell:Creating package descriptor '/home/prts/RBOT250/src/install/cpp_pubsub/share/cpp_pubsub/package.dsv'
[0.885s] INFO:colcon.colcon_core.shell:Creating package script '/home/prts/RBOT250/src/install/cpp_pubsub/share/cpp_pubsub/package.sh'
[0.886s] INFO:colcon.colcon_core.shell:Creating package script '/home/prts/RBOT250/src/install/cpp_pubsub/share/cpp_pubsub/package.bash'
[0.887s] INFO:colcon.colcon_core.shell:Creating package script '/home/prts/RBOT250/src/install/cpp_pubsub/share/cpp_pubsub/package.zsh'
[0.888s] Level 1:colcon.colcon_core.environment:create_file_with_runtime_dependencies(/home/prts/RBOT250/src/install/cpp_pubsub/share/colcon-core/packages/cpp_pubsub)
[0.930s] Level 1:colcon.colcon_core.environment:create_environment_scripts_only(cpp_pubsub)
[0.933s] Level 1:colcon.colcon_core.environment:checking '/home/prts/RBOT250/src/install/cpp_pubsub' for CMake module files
[0.934s] Level 1:colcon.colcon_core.environment:checking '/home/prts/RBOT250/src/install/cpp_pubsub' for CMake config files
[0.935s] Level 1:colcon.colcon_core.shell:create_environment_hook('cpp_pubsub', 'cmake_prefix_path')
[0.936s] INFO:colcon.colcon_core.shell:Creating environment hook '/home/prts/RBOT250/src/install/cpp_pubsub/share/cpp_pubsub/hook/cmake_prefix_path.ps1'
[0.937s] INFO:colcon.colcon_core.shell:Creating environment descriptor '/home/prts/RBOT250/src/install/cpp_pubsub/share/cpp_pubsub/hook/cmake_prefix_path.dsv'
[0.938s] INFO:colcon.colcon_core.shell:Creating environment hook '/home/prts/RBOT250/src/install/cpp_pubsub/share/cpp_pubsub/hook/cmake_prefix_path.sh'
[0.939s] Level 1:colcon.colcon_core.environment:checking '/home/prts/RBOT250/src/install/cpp_pubsub/lib'
[0.939s] Level 1:colcon.colcon_core.environment:checking '/home/prts/RBOT250/src/install/cpp_pubsub/bin'
[0.939s] Level 1:colcon.colcon_core.environment:checking '/home/prts/RBOT250/src/install/cpp_pubsub/lib/pkgconfig/cpp_pubsub.pc'
[0.939s] Level 1:colcon.colcon_core.environment:checking '/home/prts/RBOT250/src/install/cpp_pubsub/lib/python3.8/site-packages'
[0.940s] INFO:colcon.colcon_core.shell:Creating package script '/home/prts/RBOT250/src/install/cpp_pubsub/share/cpp_pubsub/package.ps1'
[0.941s] INFO:colcon.colcon_core.shell:Creating package descriptor '/home/prts/RBOT250/src/install/cpp_pubsub/share/cpp_pubsub/package.dsv'
[0.942s] INFO:colcon.colcon_core.shell:Creating package script '/home/prts/RBOT250/src/install/cpp_pubsub/share/cpp_pubsub/package.sh'
[0.942s] INFO:colcon.colcon_core.shell:Creating package script '/home/prts/RBOT250/src/install/cpp_pubsub/share/cpp_pubsub/package.bash'
[0.943s] INFO:colcon.colcon_core.shell:Creating package script '/home/prts/RBOT250/src/install/cpp_pubsub/share/cpp_pubsub/package.zsh'
[0.943s] Level 1:colcon.colcon_core.environment:create_file_with_runtime_dependencies(/home/prts/RBOT250/src/install/cpp_pubsub/share/colcon-core/packages/cpp_pubsub)
[1.143s] Level 1:colcon.colcon_core.environment:checking '/home/prts/RBOT250/src/install/learning_tf2_py' for CMake module files
[1.145s] DEBUG:colcon.colcon_core.event_handler.log_command:Invoked command in '/home/prts/RBOT250/src/learning_tf2_py' returned '0': PYTHONPATH=/home/prts/RBOT250/src/install/learning_tf2_py/lib/python3.8/site-packages:${PYTHONPATH} /usr/bin/python3 setup.py egg_info --egg-base ../build/learning_tf2_py build --build-base /home/prts/RBOT250/src/build/learning_tf2_py/build install --prefix /home/prts/RBOT250/src/install/learning_tf2_py --record /home/prts/RBOT250/src/build/learning_tf2_py/install.log --single-version-externally-managed
[1.145s] Level 1:colcon.colcon_core.environment:checking '/home/prts/RBOT250/src/install/learning_tf2_py' for CMake config files
[1.146s] Level 1:colcon.colcon_core.environment:checking '/home/prts/RBOT250/src/install/learning_tf2_py/lib'
[1.146s] Level 1:colcon.colcon_core.environment:checking '/home/prts/RBOT250/src/install/learning_tf2_py/bin'
[1.146s] Level 1:colcon.colcon_core.environment:checking '/home/prts/RBOT250/src/install/learning_tf2_py/lib/pkgconfig/learning_tf2_py.pc'
[1.147s] Level 1:colcon.colcon_core.environment:checking '/home/prts/RBOT250/src/install/learning_tf2_py/lib/python3.8/site-packages'
[1.147s] Level 1:colcon.colcon_core.shell:create_environment_hook('learning_tf2_py', 'pythonpath')
[1.148s] INFO:colcon.colcon_core.shell:Creating environment hook '/home/prts/RBOT250/src/install/learning_tf2_py/share/learning_tf2_py/hook/pythonpath.ps1'
[1.149s] INFO:colcon.colcon_core.shell:Creating environment descriptor '/home/prts/RBOT250/src/install/learning_tf2_py/share/learning_tf2_py/hook/pythonpath.dsv'
[1.150s] INFO:colcon.colcon_core.shell:Creating environment hook '/home/prts/RBOT250/src/install/learning_tf2_py/share/learning_tf2_py/hook/pythonpath.sh'
[1.150s] Level 1:colcon.colcon_core.environment:create_environment_scripts_only(learning_tf2_py)
[1.152s] INFO:colcon.colcon_core.shell:Creating package script '/home/prts/RBOT250/src/install/learning_tf2_py/share/learning_tf2_py/package.ps1'
[1.153s] INFO:colcon.colcon_core.shell:Creating package descriptor '/home/prts/RBOT250/src/install/learning_tf2_py/share/learning_tf2_py/package.dsv'
[1.154s] INFO:colcon.colcon_core.shell:Creating package script '/home/prts/RBOT250/src/install/learning_tf2_py/share/learning_tf2_py/package.sh'
[1.155s] INFO:colcon.colcon_core.shell:Creating package script '/home/prts/RBOT250/src/install/learning_tf2_py/share/learning_tf2_py/package.bash'
[1.155s] INFO:colcon.colcon_core.shell:Creating package script '/home/prts/RBOT250/src/install/learning_tf2_py/share/learning_tf2_py/package.zsh'
[1.156s] Level 1:colcon.colcon_core.environment:create_file_with_runtime_dependencies(/home/prts/RBOT250/src/install/learning_tf2_py/share/colcon-core/packages/learning_tf2_py)
[10.977s] DEBUG:colcon.colcon_core.event_handler.log_command:Invoked command in '/home/prts/RBOT250/src/build/learning_tf2_cpp' returned '0': /usr/bin/cmake --build /home/prts/RBOT250/src/build/learning_tf2_cpp -- -j4 -l4
[11.012s] DEBUG:colcon.colcon_core.event_handler.log_command:Invoking command in '/home/prts/RBOT250/src/build/learning_tf2_cpp': /usr/bin/cmake --install /home/prts/RBOT250/src/build/learning_tf2_cpp
[11.078s] Level 1:colcon.colcon_core.environment:create_environment_scripts_only(learning_tf2_cpp)
[11.081s] Level 1:colcon.colcon_core.environment:checking '/home/prts/RBOT250/src/install/learning_tf2_cpp' for CMake module files
[11.082s] DEBUG:colcon.colcon_core.event_handler.log_command:Invoked command in '/home/prts/RBOT250/src/build/learning_tf2_cpp' returned '0': /usr/bin/cmake --install /home/prts/RBOT250/src/build/learning_tf2_cpp
[11.083s] Level 1:colcon.colcon_core.environment:checking '/home/prts/RBOT250/src/install/learning_tf2_cpp' for CMake config files
[11.084s] Level 1:colcon.colcon_core.shell:create_environment_hook('learning_tf2_cpp', 'cmake_prefix_path')
[11.086s] INFO:colcon.colcon_core.shell:Creating environment hook '/home/prts/RBOT250/src/install/learning_tf2_cpp/share/learning_tf2_cpp/hook/cmake_prefix_path.ps1'
[11.087s] INFO:colcon.colcon_core.shell:Creating environment descriptor '/home/prts/RBOT250/src/install/learning_tf2_cpp/share/learning_tf2_cpp/hook/cmake_prefix_path.dsv'
[11.087s] INFO:colcon.colcon_core.shell:Creating environment hook '/home/prts/RBOT250/src/install/learning_tf2_cpp/share/learning_tf2_cpp/hook/cmake_prefix_path.sh'
[11.089s] Level 1:colcon.colcon_core.environment:checking '/home/prts/RBOT250/src/install/learning_tf2_cpp/lib'
[11.089s] Level 1:colcon.colcon_core.environment:checking '/home/prts/RBOT250/src/install/learning_tf2_cpp/bin'
[11.089s] Level 1:colcon.colcon_core.environment:checking '/home/prts/RBOT250/src/install/learning_tf2_cpp/lib/pkgconfig/learning_tf2_cpp.pc'
[11.089s] Level 1:colcon.colcon_core.environment:checking '/home/prts/RBOT250/src/install/learning_tf2_cpp/lib/python3.8/site-packages'
[11.089s] Level 1:colcon.colcon_core.shell:create_environment_hook('learning_tf2_cpp', 'pythonpath')
[11.091s] INFO:colcon.colcon_core.shell:Creating environment hook '/home/prts/RBOT250/src/install/learning_tf2_cpp/share/learning_tf2_cpp/hook/pythonpath.ps1'
[11.091s] INFO:colcon.colcon_core.shell:Creating environment descriptor '/home/prts/RBOT250/src/install/learning_tf2_cpp/share/learning_tf2_cpp/hook/pythonpath.dsv'
[11.092s] INFO:colcon.colcon_core.shell:Creating environment hook '/home/prts/RBOT250/src/install/learning_tf2_cpp/share/learning_tf2_cpp/hook/pythonpath.sh'
[11.093s] INFO:colcon.colcon_core.shell:Creating package script '/home/prts/RBOT250/src/install/learning_tf2_cpp/share/learning_tf2_cpp/package.ps1'
[11.094s] INFO:colcon.colcon_core.shell:Creating package descriptor '/home/prts/RBOT250/src/install/learning_tf2_cpp/share/learning_tf2_cpp/package.dsv'
[11.094s] INFO:colcon.colcon_core.shell:Creating package script '/home/prts/RBOT250/src/install/learning_tf2_cpp/share/learning_tf2_cpp/package.sh'
[11.095s] INFO:colcon.colcon_core.shell:Creating package script '/home/prts/RBOT250/src/install/learning_tf2_cpp/share/learning_tf2_cpp/package.bash'
[11.095s] INFO:colcon.colcon_core.shell:Creating package script '/home/prts/RBOT250/src/install/learning_tf2_cpp/share/learning_tf2_cpp/package.zsh'
[11.095s] Level 1:colcon.colcon_core.environment:create_file_with_runtime_dependencies(/home/prts/RBOT250/src/install/learning_tf2_cpp/share/colcon-core/packages/learning_tf2_cpp)
[11.131s] Level 1:colcon.colcon_core.environment:create_environment_scripts_only(learning_tf2_cpp)
[11.134s] Level 1:colcon.colcon_core.environment:checking '/home/prts/RBOT250/src/install/learning_tf2_cpp' for CMake module files
[11.135s] Level 1:colcon.colcon_core.environment:checking '/home/prts/RBOT250/src/install/learning_tf2_cpp' for CMake config files
[11.136s] Level 1:colcon.colcon_core.shell:create_environment_hook('learning_tf2_cpp', 'cmake_prefix_path')
[11.138s] INFO:colcon.colcon_core.shell:Creating environment hook '/home/prts/RBOT250/src/install/learning_tf2_cpp/share/learning_tf2_cpp/hook/cmake_prefix_path.ps1'
[11.139s] INFO:colcon.colcon_core.shell:Creating environment descriptor '/home/prts/RBOT250/src/install/learning_tf2_cpp/share/learning_tf2_cpp/hook/cmake_prefix_path.dsv'
[11.139s] INFO:colcon.colcon_core.shell:Creating environment hook '/home/prts/RBOT250/src/install/learning_tf2_cpp/share/learning_tf2_cpp/hook/cmake_prefix_path.sh'
[11.141s] Level 1:colcon.colcon_core.environment:checking '/home/prts/RBOT250/src/install/learning_tf2_cpp/lib'
[11.141s] Level 1:colcon.colcon_core.environment:checking '/home/prts/RBOT250/src/install/learning_tf2_cpp/bin'
[11.141s] Level 1:colcon.colcon_core.environment:checking '/home/prts/RBOT250/src/install/learning_tf2_cpp/lib/pkgconfig/learning_tf2_cpp.pc'
[11.141s] Level 1:colcon.colcon_core.environment:checking '/home/prts/RBOT250/src/install/learning_tf2_cpp/lib/python3.8/site-packages'
[11.141s] Level 1:colcon.colcon_core.shell:create_environment_hook('learning_tf2_cpp', 'pythonpath')
[11.142s] INFO:colcon.colcon_core.shell:Creating environment hook '/home/prts/RBOT250/src/install/learning_tf2_cpp/share/learning_tf2_cpp/hook/pythonpath.ps1'
[11.142s] INFO:colcon.colcon_core.shell:Creating environment descriptor '/home/prts/RBOT250/src/install/learning_tf2_cpp/share/learning_tf2_cpp/hook/pythonpath.dsv'
[11.142s] INFO:colcon.colcon_core.shell:Creating environment hook '/home/prts/RBOT250/src/install/learning_tf2_cpp/share/learning_tf2_cpp/hook/pythonpath.sh'
[11.143s] INFO:colcon.colcon_core.shell:Creating package script '/home/prts/RBOT250/src/install/learning_tf2_cpp/share/learning_tf2_cpp/package.ps1'
[11.144s] INFO:colcon.colcon_core.shell:Creating package descriptor '/home/prts/RBOT250/src/install/learning_tf2_cpp/share/learning_tf2_cpp/package.dsv'
[11.145s] INFO:colcon.colcon_core.shell:Creating package script '/home/prts/RBOT250/src/install/learning_tf2_cpp/share/learning_tf2_cpp/package.sh'
[11.145s] INFO:colcon.colcon_core.shell:Creating package script '/home/prts/RBOT250/src/install/learning_tf2_cpp/share/learning_tf2_cpp/package.bash'
[11.145s] INFO:colcon.colcon_core.shell:Creating package script '/home/prts/RBOT250/src/install/learning_tf2_cpp/share/learning_tf2_cpp/package.zsh'
[11.146s] Level 1:colcon.colcon_core.environment:create_file_with_runtime_dependencies(/home/prts/RBOT250/src/install/learning_tf2_cpp/share/colcon-core/packages/learning_tf2_cpp)
[11.146s] DEBUG:colcon.colcon_parallel_executor.executor.parallel:closing loop
[11.146s] DEBUG:colcon.colcon_parallel_executor.executor.parallel:loop closed
[11.147s] DEBUG:colcon.colcon_parallel_executor.executor.parallel:run_until_complete finished with '0'
[11.147s] DEBUG:colcon.colcon_core.event_reactor:joining thread
[11.154s] INFO:colcon.colcon_core.plugin_system:Skipping extension 'colcon_notification.desktop_notification.terminal_notifier': Not used on non-Darwin systems
[11.154s] INFO:colcon.colcon_core.plugin_system:Skipping extension 'colcon_notification.desktop_notification.win32': Not used on non-Windows systems
[11.154s] INFO:colcon.colcon_notification.desktop_notification:Sending desktop notification using 'notify2'
[11.185s] DEBUG:colcon.colcon_core.event_reactor:joined thread
[11.186s] INFO:colcon.colcon_core.shell:Creating prefix script '/home/prts/RBOT250/src/install/local_setup.ps1'
[11.189s] INFO:colcon.colcon_core.shell:Creating prefix util module '/home/prts/RBOT250/src/install/_local_setup_util_ps1.py'
[11.192s] INFO:colcon.colcon_core.shell:Creating prefix chain script '/home/prts/RBOT250/src/install/setup.ps1'
[11.198s] INFO:colcon.colcon_core.shell:Creating prefix script '/home/prts/RBOT250/src/install/local_setup.sh'
[11.198s] INFO:colcon.colcon_core.shell:Creating prefix util module '/home/prts/RBOT250/src/install/_local_setup_util_sh.py'
[11.199s] INFO:colcon.colcon_core.shell:Creating prefix chain script '/home/prts/RBOT250/src/install/setup.sh'
[11.202s] INFO:colcon.colcon_core.shell:Creating prefix script '/home/prts/RBOT250/src/install/local_setup.bash'
[11.202s] INFO:colcon.colcon_core.shell:Creating prefix chain script '/home/prts/RBOT250/src/install/setup.bash'
[11.206s] INFO:colcon.colcon_core.shell:Creating prefix script '/home/prts/RBOT250/src/install/local_setup.zsh'
[11.207s] INFO:colcon.colcon_core.shell:Creating prefix chain script '/home/prts/RBOT250/src/install/setup.zsh'
