running egg_info
writing ../build/learning_tf2_py/learning_tf2_py.egg-info/PKG-INFO
writing dependency_links to ../build/learning_tf2_py/learning_tf2_py.egg-info/dependency_links.txt
writing entry points to ../build/learning_tf2_py/learning_tf2_py.egg-info/entry_points.txt
writing requirements to ../build/learning_tf2_py/learning_tf2_py.egg-info/requires.txt
writing top-level names to ../build/learning_tf2_py/learning_tf2_py.egg-info/top_level.txt
reading manifest file '../build/learning_tf2_py/learning_tf2_py.egg-info/SOURCES.txt'
writing manifest file '../build/learning_tf2_py/learning_tf2_py.egg-info/SOURCES.txt'
running build
running build_py
copying learning_tf2_py/__init__.py -> /home/prts/RBOT250/src/build/learning_tf2_py/build/lib/learning_tf2_py
copying learning_tf2_py/turtle_tf2_listener.py -> /home/prts/RBOT250/src/build/learning_tf2_py/build/lib/learning_tf2_py
running install
running install_lib
copying /home/prts/RBOT250/src/build/learning_tf2_py/build/lib/learning_tf2_py/__init__.py -> /home/prts/RBOT250/src/install/learning_tf2_py/lib/python3.8/site-packages/learning_tf2_py
copying /home/prts/RBOT250/src/build/learning_tf2_py/build/lib/learning_tf2_py/turtle_tf2_listener.py -> /home/prts/RBOT250/src/install/learning_tf2_py/lib/python3.8/site-packages/learning_tf2_py
byte-compiling /home/prts/RBOT250/src/install/learning_tf2_py/lib/python3.8/site-packages/learning_tf2_py/__init__.py to __init__.cpython-38.pyc
byte-compiling /home/prts/RBOT250/src/install/learning_tf2_py/lib/python3.8/site-packages/learning_tf2_py/turtle_tf2_listener.py to turtle_tf2_listener.cpython-38.pyc
running install_data
copying resource/learning_tf2_py -> /home/prts/RBOT250/src/install/learning_tf2_py/share/ament_index/resource_index/packages
copying package.xml -> /home/prts/RBOT250/src/install/learning_tf2_py/share/learning_tf2_py
running install_egg_info
removing '/home/prts/RBOT250/src/install/learning_tf2_py/lib/python3.8/site-packages/learning_tf2_py-0.0.0-py3.8.egg-info' (and everything under it)
Copying ../build/learning_tf2_py/learning_tf2_py.egg-info to /home/prts/RBOT250/src/install/learning_tf2_py/lib/python3.8/site-packages/learning_tf2_py-0.0.0-py3.8.egg-info
running install_scripts
writing list of installed files to '/home/prts/RBOT250/src/build/learning_tf2_py/install.log'
